<?xml version="1.0" encoding="UTF-8"?>
<!-- Generated by org.testng.reporters.JUnitXMLReporter -->
<testsuite hostname="DESKTOP-NALDS22" ignored="0" name="MyFirstProject" tests="42" failures="0" timestamp="04 Jul 2022 07:51:40 GMT" time="13.512" errors="0">
  <testcase name="@BeforeClass Browser_Launch" time="2.791" classname="com.webdriveruniversity.testcases.Base_Page_Test">
    <failure type="org.openqa.selenium.SessionNotCreatedException" message="session not created: This version of ChromeDriver only supports Chrome version 101
Current browser version is 103.0.5060.66 with binary path C:\Users\sakka\AppData\Local\Google\Chrome\Application\chrome.exe
Build info: version: &amp;apos;3.141.59&amp;apos;, revision: &amp;apos;e82be7d358&amp;apos;, time: &amp;apos;2018-11-14T08:17:03&amp;apos;
System info: host: &amp;apos;DESKTOP-NALDS22&amp;apos;, ip: &amp;apos;192.168.0.107&amp;apos;, os.name: &amp;apos;Windows 10&amp;apos;, os.arch: &amp;apos;amd64&amp;apos;, os.version: &amp;apos;10.0&amp;apos;, java.version: &amp;apos;1.8.0_333&amp;apos;
Driver info: driver.version: ChromeDriver
remote stacktrace: Backtrace:
	Ordinal0 [0x0071B8F3+2406643]
	Ordinal0 [0x006AAF31+1945393]
	Ordinal0 [0x0059C748+837448]
	Ordinal0 [0x005BC8B3+968883]
	Ordinal0 [0x005B84BA+951482]
	Ordinal0 [0x005B5D71+941425]
	Ordinal0 [0x005E8EE0+1150688]
	Ordinal0 [0x005E8B3A+1149754]
	Ordinal0 [0x005E4096+1130646]
	Ordinal0 [0x005BE636+976438]
	Ordinal0 [0x005BF546+980294]
	GetHandleVerifier [0x00989612+2498066]
	GetHandleVerifier [0x0097C920+2445600]
	GetHandleVerifier [0x007B4F2A+579370]
	GetHandleVerifier [0x007B3D36+574774]
	Ordinal0 [0x006B1C0B+1973259]
	Ordinal0 [0x006B6688+1992328]
	Ordinal0 [0x006B6775+1992565]
	Ordinal0 [0x006BF8D1+2029777]
	BaseThreadInitThunk [0x7725FA29+25]
	RtlGetAppContainerNamedObjectPath [0x77777A9E+286]
	RtlGetAppContainerNamedObjectPath [0x77777A6E+238]
">
      <![CDATA[org.openqa.selenium.SessionNotCreatedException: session not created: This version of ChromeDriver only supports Chrome version 101
Current browser version is 103.0.5060.66 with binary path C:\Users\sakka\AppData\Local\Google\Chrome\Application\chrome.exe
Build info: version: '3.141.59', revision: 'e82be7d358', time: '2018-11-14T08:17:03'
System info: host: 'DESKTOP-NALDS22', ip: '192.168.0.107', os.name: 'Windows 10', os.arch: 'amd64', os.version: '10.0', java.version: '1.8.0_333'
Driver info: driver.version: ChromeDriver
remote stacktrace: Backtrace:
Ordinal0 [0x0071B8F3+2406643]
Ordinal0 [0x006AAF31+1945393]
Ordinal0 [0x0059C748+837448]
Ordinal0 [0x005BC8B3+968883]
Ordinal0 [0x005B84BA+951482]
Ordinal0 [0x005B5D71+941425]
Ordinal0 [0x005E8EE0+1150688]
Ordinal0 [0x005E8B3A+1149754]
Ordinal0 [0x005E4096+1130646]
Ordinal0 [0x005BE636+976438]
Ordinal0 [0x005BF546+980294]
GetHandleVerifier [0x00989612+2498066]
GetHandleVerifier [0x0097C920+2445600]
GetHandleVerifier [0x007B4F2A+579370]
GetHandleVerifier [0x007B3D36+574774]
Ordinal0 [0x006B1C0B+1973259]
Ordinal0 [0x006B6688+1992328]
Ordinal0 [0x006B6775+1992565]
Ordinal0 [0x006BF8D1+2029777]
BaseThreadInitThunk [0x7725FA29+25]
RtlGetAppContainerNamedObjectPath [0x77777A9E+286]
RtlGetAppContainerNamedObjectPath [0x77777A6E+238]

at org.openqa.selenium.remote.W3CHandshakeResponse.lambda$errorHandler$0(W3CHandshakeResponse.java:62)
at org.openqa.selenium.remote.HandshakeResponse.lambda$getResponseFunction$0(HandshakeResponse.java:30)
at org.openqa.selenium.remote.ProtocolHandshake.lambda$createSession$0(ProtocolHandshake.java:126)
at java.util.stream.ReferencePipeline$3$1.accept(ReferencePipeline.java:193)
at java.util.Spliterators$ArraySpliterator.tryAdvance(Spliterators.java:958)
at java.util.stream.ReferencePipeline.forEachWithCancel(ReferencePipeline.java:126)
at java.util.stream.AbstractPipeline.copyIntoWithCancel(AbstractPipeline.java:499)
at java.util.stream.AbstractPipeline.copyInto(AbstractPipeline.java:486)
at java.util.stream.AbstractPipeline.wrapAndCopyInto(AbstractPipeline.java:472)
at java.util.stream.FindOps$FindOp.evaluateSequential(FindOps.java:152)
at java.util.stream.AbstractPipeline.evaluate(AbstractPipeline.java:234)
at java.util.stream.ReferencePipeline.findFirst(ReferencePipeline.java:464)
at org.openqa.selenium.remote.ProtocolHandshake.createSession(ProtocolHandshake.java:128)
at org.openqa.selenium.remote.ProtocolHandshake.createSession(ProtocolHandshake.java:74)
at org.openqa.selenium.remote.HttpCommandExecutor.execute(HttpCommandExecutor.java:136)
at org.openqa.selenium.remote.service.DriverCommandExecutor.execute(DriverCommandExecutor.java:83)
at org.openqa.selenium.remote.RemoteWebDriver.execute(RemoteWebDriver.java:552)
at org.openqa.selenium.remote.RemoteWebDriver.startSession(RemoteWebDriver.java:213)
at org.openqa.selenium.remote.RemoteWebDriver.<init>(RemoteWebDriver.java:131)
at org.openqa.selenium.chrome.ChromeDriver.<init>(ChromeDriver.java:181)
at org.openqa.selenium.chrome.ChromeDriver.<init>(ChromeDriver.java:168)
at org.openqa.selenium.chrome.ChromeDriver.<init>(ChromeDriver.java:157)
at com.webdriveruniversity.testcases.Base_Page_Test.Browser_Launch(Base_Page_Test.java:34)
... Removed 34 stack frames]]>
    </failure>
  </testcase> <!-- @BeforeClass Browser_Launch -->
  <testcase name="@AfterClass Browser_Close" time="0.0" classname="com.webdriveruniversity.testcases.Base_Page_Test">
    <skipped/>
  </testcase> <!-- @AfterClass Browser_Close -->
  <testcase name="@BeforeClass Browser_Launch" time="1.912" classname="com.webdriveruniversity.testcases.Base_Page_Test">
    <failure type="org.openqa.selenium.SessionNotCreatedException" message="session not created: This version of ChromeDriver only supports Chrome version 101
Current browser version is 103.0.5060.66 with binary path C:\Users\sakka\AppData\Local\Google\Chrome\Application\chrome.exe
Build info: version: &amp;apos;3.141.59&amp;apos;, revision: &amp;apos;e82be7d358&amp;apos;, time: &amp;apos;2018-11-14T08:17:03&amp;apos;
System info: host: &amp;apos;DESKTOP-NALDS22&amp;apos;, ip: &amp;apos;192.168.0.107&amp;apos;, os.name: &amp;apos;Windows 10&amp;apos;, os.arch: &amp;apos;amd64&amp;apos;, os.version: &amp;apos;10.0&amp;apos;, java.version: &amp;apos;1.8.0_333&amp;apos;
Driver info: driver.version: ChromeDriver
remote stacktrace: Backtrace:
	Ordinal0 [0x0071B8F3+2406643]
	Ordinal0 [0x006AAF31+1945393]
	Ordinal0 [0x0059C748+837448]
	Ordinal0 [0x005BC8B3+968883]
	Ordinal0 [0x005B84BA+951482]
	Ordinal0 [0x005B5D71+941425]
	Ordinal0 [0x005E8EE0+1150688]
	Ordinal0 [0x005E8B3A+1149754]
	Ordinal0 [0x005E4096+1130646]
	Ordinal0 [0x005BE636+976438]
	Ordinal0 [0x005BF546+980294]
	GetHandleVerifier [0x00989612+2498066]
	GetHandleVerifier [0x0097C920+2445600]
	GetHandleVerifier [0x007B4F2A+579370]
	GetHandleVerifier [0x007B3D36+574774]
	Ordinal0 [0x006B1C0B+1973259]
	Ordinal0 [0x006B6688+1992328]
	Ordinal0 [0x006B6775+1992565]
	Ordinal0 [0x006BF8D1+2029777]
	BaseThreadInitThunk [0x7725FA29+25]
	RtlGetAppContainerNamedObjectPath [0x77777A9E+286]
	RtlGetAppContainerNamedObjectPath [0x77777A6E+238]
">
      <![CDATA[org.openqa.selenium.SessionNotCreatedException: session not created: This version of ChromeDriver only supports Chrome version 101
Current browser version is 103.0.5060.66 with binary path C:\Users\sakka\AppData\Local\Google\Chrome\Application\chrome.exe
Build info: version: '3.141.59', revision: 'e82be7d358', time: '2018-11-14T08:17:03'
System info: host: 'DESKTOP-NALDS22', ip: '192.168.0.107', os.name: 'Windows 10', os.arch: 'amd64', os.version: '10.0', java.version: '1.8.0_333'
Driver info: driver.version: ChromeDriver
remote stacktrace: Backtrace:
Ordinal0 [0x0071B8F3+2406643]
Ordinal0 [0x006AAF31+1945393]
Ordinal0 [0x0059C748+837448]
Ordinal0 [0x005BC8B3+968883]
Ordinal0 [0x005B84BA+951482]
Ordinal0 [0x005B5D71+941425]
Ordinal0 [0x005E8EE0+1150688]
Ordinal0 [0x005E8B3A+1149754]
Ordinal0 [0x005E4096+1130646]
Ordinal0 [0x005BE636+976438]
Ordinal0 [0x005BF546+980294]
GetHandleVerifier [0x00989612+2498066]
GetHandleVerifier [0x0097C920+2445600]
GetHandleVerifier [0x007B4F2A+579370]
GetHandleVerifier [0x007B3D36+574774]
Ordinal0 [0x006B1C0B+1973259]
Ordinal0 [0x006B6688+1992328]
Ordinal0 [0x006B6775+1992565]
Ordinal0 [0x006BF8D1+2029777]
BaseThreadInitThunk [0x7725FA29+25]
RtlGetAppContainerNamedObjectPath [0x77777A9E+286]
RtlGetAppContainerNamedObjectPath [0x77777A6E+238]

at org.openqa.selenium.remote.W3CHandshakeResponse.lambda$errorHandler$0(W3CHandshakeResponse.java:62)
at org.openqa.selenium.remote.HandshakeResponse.lambda$getResponseFunction$0(HandshakeResponse.java:30)
at org.openqa.selenium.remote.ProtocolHandshake.lambda$createSession$0(ProtocolHandshake.java:126)
at java.util.stream.ReferencePipeline$3$1.accept(ReferencePipeline.java:193)
at java.util.Spliterators$ArraySpliterator.tryAdvance(Spliterators.java:958)
at java.util.stream.ReferencePipeline.forEachWithCancel(ReferencePipeline.java:126)
at java.util.stream.AbstractPipeline.copyIntoWithCancel(AbstractPipeline.java:499)
at java.util.stream.AbstractPipeline.copyInto(AbstractPipeline.java:486)
at java.util.stream.AbstractPipeline.wrapAndCopyInto(AbstractPipeline.java:472)
at java.util.stream.FindOps$FindOp.evaluateSequential(FindOps.java:152)
at java.util.stream.AbstractPipeline.evaluate(AbstractPipeline.java:234)
at java.util.stream.ReferencePipeline.findFirst(ReferencePipeline.java:464)
at org.openqa.selenium.remote.ProtocolHandshake.createSession(ProtocolHandshake.java:128)
at org.openqa.selenium.remote.ProtocolHandshake.createSession(ProtocolHandshake.java:74)
at org.openqa.selenium.remote.HttpCommandExecutor.execute(HttpCommandExecutor.java:136)
at org.openqa.selenium.remote.service.DriverCommandExecutor.execute(DriverCommandExecutor.java:83)
at org.openqa.selenium.remote.RemoteWebDriver.execute(RemoteWebDriver.java:552)
at org.openqa.selenium.remote.RemoteWebDriver.startSession(RemoteWebDriver.java:213)
at org.openqa.selenium.remote.RemoteWebDriver.<init>(RemoteWebDriver.java:131)
at org.openqa.selenium.chrome.ChromeDriver.<init>(ChromeDriver.java:181)
at org.openqa.selenium.chrome.ChromeDriver.<init>(ChromeDriver.java:168)
at org.openqa.selenium.chrome.ChromeDriver.<init>(ChromeDriver.java:157)
at com.webdriveruniversity.testcases.Base_Page_Test.Browser_Launch(Base_Page_Test.java:34)
... Removed 34 stack frames]]>
    </failure>
  </testcase> <!-- @BeforeClass Browser_Launch -->
  <testcase name="@AfterClass Browser_Close" time="0.0" classname="com.webdriveruniversity.testcases.Base_Page_Test">
    <skipped/>
  </testcase> <!-- @AfterClass Browser_Close -->
  <testcase name="@BeforeClass Browser_Launch" time="1.756" classname="com.webdriveruniversity.testcases.Base_Page_Test">
    <failure type="org.openqa.selenium.SessionNotCreatedException" message="session not created: This version of ChromeDriver only supports Chrome version 101
Current browser version is 103.0.5060.66 with binary path C:\Users\sakka\AppData\Local\Google\Chrome\Application\chrome.exe
Build info: version: &amp;apos;3.141.59&amp;apos;, revision: &amp;apos;e82be7d358&amp;apos;, time: &amp;apos;2018-11-14T08:17:03&amp;apos;
System info: host: &amp;apos;DESKTOP-NALDS22&amp;apos;, ip: &amp;apos;192.168.0.107&amp;apos;, os.name: &amp;apos;Windows 10&amp;apos;, os.arch: &amp;apos;amd64&amp;apos;, os.version: &amp;apos;10.0&amp;apos;, java.version: &amp;apos;1.8.0_333&amp;apos;
Driver info: driver.version: ChromeDriver
remote stacktrace: Backtrace:
	Ordinal0 [0x0071B8F3+2406643]
	Ordinal0 [0x006AAF31+1945393]
	Ordinal0 [0x0059C748+837448]
	Ordinal0 [0x005BC8B3+968883]
	Ordinal0 [0x005B84BA+951482]
	Ordinal0 [0x005B5D71+941425]
	Ordinal0 [0x005E8EE0+1150688]
	Ordinal0 [0x005E8B3A+1149754]
	Ordinal0 [0x005E4096+1130646]
	Ordinal0 [0x005BE636+976438]
	Ordinal0 [0x005BF546+980294]
	GetHandleVerifier [0x00989612+2498066]
	GetHandleVerifier [0x0097C920+2445600]
	GetHandleVerifier [0x007B4F2A+579370]
	GetHandleVerifier [0x007B3D36+574774]
	Ordinal0 [0x006B1C0B+1973259]
	Ordinal0 [0x006B6688+1992328]
	Ordinal0 [0x006B6775+1992565]
	Ordinal0 [0x006BF8D1+2029777]
	BaseThreadInitThunk [0x7725FA29+25]
	RtlGetAppContainerNamedObjectPath [0x77777A9E+286]
	RtlGetAppContainerNamedObjectPath [0x77777A6E+238]
">
      <![CDATA[org.openqa.selenium.SessionNotCreatedException: session not created: This version of ChromeDriver only supports Chrome version 101
Current browser version is 103.0.5060.66 with binary path C:\Users\sakka\AppData\Local\Google\Chrome\Application\chrome.exe
Build info: version: '3.141.59', revision: 'e82be7d358', time: '2018-11-14T08:17:03'
System info: host: 'DESKTOP-NALDS22', ip: '192.168.0.107', os.name: 'Windows 10', os.arch: 'amd64', os.version: '10.0', java.version: '1.8.0_333'
Driver info: driver.version: ChromeDriver
remote stacktrace: Backtrace:
Ordinal0 [0x0071B8F3+2406643]
Ordinal0 [0x006AAF31+1945393]
Ordinal0 [0x0059C748+837448]
Ordinal0 [0x005BC8B3+968883]
Ordinal0 [0x005B84BA+951482]
Ordinal0 [0x005B5D71+941425]
Ordinal0 [0x005E8EE0+1150688]
Ordinal0 [0x005E8B3A+1149754]
Ordinal0 [0x005E4096+1130646]
Ordinal0 [0x005BE636+976438]
Ordinal0 [0x005BF546+980294]
GetHandleVerifier [0x00989612+2498066]
GetHandleVerifier [0x0097C920+2445600]
GetHandleVerifier [0x007B4F2A+579370]
GetHandleVerifier [0x007B3D36+574774]
Ordinal0 [0x006B1C0B+1973259]
Ordinal0 [0x006B6688+1992328]
Ordinal0 [0x006B6775+1992565]
Ordinal0 [0x006BF8D1+2029777]
BaseThreadInitThunk [0x7725FA29+25]
RtlGetAppContainerNamedObjectPath [0x77777A9E+286]
RtlGetAppContainerNamedObjectPath [0x77777A6E+238]

at org.openqa.selenium.remote.W3CHandshakeResponse.lambda$errorHandler$0(W3CHandshakeResponse.java:62)
at org.openqa.selenium.remote.HandshakeResponse.lambda$getResponseFunction$0(HandshakeResponse.java:30)
at org.openqa.selenium.remote.ProtocolHandshake.lambda$createSession$0(ProtocolHandshake.java:126)
at java.util.stream.ReferencePipeline$3$1.accept(ReferencePipeline.java:193)
at java.util.Spliterators$ArraySpliterator.tryAdvance(Spliterators.java:958)
at java.util.stream.ReferencePipeline.forEachWithCancel(ReferencePipeline.java:126)
at java.util.stream.AbstractPipeline.copyIntoWithCancel(AbstractPipeline.java:499)
at java.util.stream.AbstractPipeline.copyInto(AbstractPipeline.java:486)
at java.util.stream.AbstractPipeline.wrapAndCopyInto(AbstractPipeline.java:472)
at java.util.stream.FindOps$FindOp.evaluateSequential(FindOps.java:152)
at java.util.stream.AbstractPipeline.evaluate(AbstractPipeline.java:234)
at java.util.stream.ReferencePipeline.findFirst(ReferencePipeline.java:464)
at org.openqa.selenium.remote.ProtocolHandshake.createSession(ProtocolHandshake.java:128)
at org.openqa.selenium.remote.ProtocolHandshake.createSession(ProtocolHandshake.java:74)
at org.openqa.selenium.remote.HttpCommandExecutor.execute(HttpCommandExecutor.java:136)
at org.openqa.selenium.remote.service.DriverCommandExecutor.execute(DriverCommandExecutor.java:83)
at org.openqa.selenium.remote.RemoteWebDriver.execute(RemoteWebDriver.java:552)
at org.openqa.selenium.remote.RemoteWebDriver.startSession(RemoteWebDriver.java:213)
at org.openqa.selenium.remote.RemoteWebDriver.<init>(RemoteWebDriver.java:131)
at org.openqa.selenium.chrome.ChromeDriver.<init>(ChromeDriver.java:181)
at org.openqa.selenium.chrome.ChromeDriver.<init>(ChromeDriver.java:168)
at org.openqa.selenium.chrome.ChromeDriver.<init>(ChromeDriver.java:157)
at com.webdriveruniversity.testcases.Base_Page_Test.Browser_Launch(Base_Page_Test.java:34)
... Removed 34 stack frames]]>
    </failure>
  </testcase> <!-- @BeforeClass Browser_Launch -->
  <testcase name="@AfterClass Browser_Close" time="0.0" classname="com.webdriveruniversity.testcases.Base_Page_Test">
    <skipped/>
  </testcase> <!-- @AfterClass Browser_Close -->
  <testcase name="@BeforeClass Browser_Launch" time="1.817" classname="com.webdriveruniversity.testcases.Base_Page_Test">
    <failure type="org.openqa.selenium.SessionNotCreatedException" message="session not created: This version of ChromeDriver only supports Chrome version 101
Current browser version is 103.0.5060.66 with binary path C:\Users\sakka\AppData\Local\Google\Chrome\Application\chrome.exe
Build info: version: &amp;apos;3.141.59&amp;apos;, revision: &amp;apos;e82be7d358&amp;apos;, time: &amp;apos;2018-11-14T08:17:03&amp;apos;
System info: host: &amp;apos;DESKTOP-NALDS22&amp;apos;, ip: &amp;apos;192.168.0.107&amp;apos;, os.name: &amp;apos;Windows 10&amp;apos;, os.arch: &amp;apos;amd64&amp;apos;, os.version: &amp;apos;10.0&amp;apos;, java.version: &amp;apos;1.8.0_333&amp;apos;
Driver info: driver.version: ChromeDriver
remote stacktrace: Backtrace:
	Ordinal0 [0x0071B8F3+2406643]
	Ordinal0 [0x006AAF31+1945393]
	Ordinal0 [0x0059C748+837448]
	Ordinal0 [0x005BC8B3+968883]
	Ordinal0 [0x005B84BA+951482]
	Ordinal0 [0x005B5D71+941425]
	Ordinal0 [0x005E8EE0+1150688]
	Ordinal0 [0x005E8B3A+1149754]
	Ordinal0 [0x005E4096+1130646]
	Ordinal0 [0x005BE636+976438]
	Ordinal0 [0x005BF546+980294]
	GetHandleVerifier [0x00989612+2498066]
	GetHandleVerifier [0x0097C920+2445600]
	GetHandleVerifier [0x007B4F2A+579370]
	GetHandleVerifier [0x007B3D36+574774]
	Ordinal0 [0x006B1C0B+1973259]
	Ordinal0 [0x006B6688+1992328]
	Ordinal0 [0x006B6775+1992565]
	Ordinal0 [0x006BF8D1+2029777]
	BaseThreadInitThunk [0x7725FA29+25]
	RtlGetAppContainerNamedObjectPath [0x77777A9E+286]
	RtlGetAppContainerNamedObjectPath [0x77777A6E+238]
">
      <![CDATA[org.openqa.selenium.SessionNotCreatedException: session not created: This version of ChromeDriver only supports Chrome version 101
Current browser version is 103.0.5060.66 with binary path C:\Users\sakka\AppData\Local\Google\Chrome\Application\chrome.exe
Build info: version: '3.141.59', revision: 'e82be7d358', time: '2018-11-14T08:17:03'
System info: host: 'DESKTOP-NALDS22', ip: '192.168.0.107', os.name: 'Windows 10', os.arch: 'amd64', os.version: '10.0', java.version: '1.8.0_333'
Driver info: driver.version: ChromeDriver
remote stacktrace: Backtrace:
Ordinal0 [0x0071B8F3+2406643]
Ordinal0 [0x006AAF31+1945393]
Ordinal0 [0x0059C748+837448]
Ordinal0 [0x005BC8B3+968883]
Ordinal0 [0x005B84BA+951482]
Ordinal0 [0x005B5D71+941425]
Ordinal0 [0x005E8EE0+1150688]
Ordinal0 [0x005E8B3A+1149754]
Ordinal0 [0x005E4096+1130646]
Ordinal0 [0x005BE636+976438]
Ordinal0 [0x005BF546+980294]
GetHandleVerifier [0x00989612+2498066]
GetHandleVerifier [0x0097C920+2445600]
GetHandleVerifier [0x007B4F2A+579370]
GetHandleVerifier [0x007B3D36+574774]
Ordinal0 [0x006B1C0B+1973259]
Ordinal0 [0x006B6688+1992328]
Ordinal0 [0x006B6775+1992565]
Ordinal0 [0x006BF8D1+2029777]
BaseThreadInitThunk [0x7725FA29+25]
RtlGetAppContainerNamedObjectPath [0x77777A9E+286]
RtlGetAppContainerNamedObjectPath [0x77777A6E+238]

at org.openqa.selenium.remote.W3CHandshakeResponse.lambda$errorHandler$0(W3CHandshakeResponse.java:62)
at org.openqa.selenium.remote.HandshakeResponse.lambda$getResponseFunction$0(HandshakeResponse.java:30)
at org.openqa.selenium.remote.ProtocolHandshake.lambda$createSession$0(ProtocolHandshake.java:126)
at java.util.stream.ReferencePipeline$3$1.accept(ReferencePipeline.java:193)
at java.util.Spliterators$ArraySpliterator.tryAdvance(Spliterators.java:958)
at java.util.stream.ReferencePipeline.forEachWithCancel(ReferencePipeline.java:126)
at java.util.stream.AbstractPipeline.copyIntoWithCancel(AbstractPipeline.java:499)
at java.util.stream.AbstractPipeline.copyInto(AbstractPipeline.java:486)
at java.util.stream.AbstractPipeline.wrapAndCopyInto(AbstractPipeline.java:472)
at java.util.stream.FindOps$FindOp.evaluateSequential(FindOps.java:152)
at java.util.stream.AbstractPipeline.evaluate(AbstractPipeline.java:234)
at java.util.stream.ReferencePipeline.findFirst(ReferencePipeline.java:464)
at org.openqa.selenium.remote.ProtocolHandshake.createSession(ProtocolHandshake.java:128)
at org.openqa.selenium.remote.ProtocolHandshake.createSession(ProtocolHandshake.java:74)
at org.openqa.selenium.remote.HttpCommandExecutor.execute(HttpCommandExecutor.java:136)
at org.openqa.selenium.remote.service.DriverCommandExecutor.execute(DriverCommandExecutor.java:83)
at org.openqa.selenium.remote.RemoteWebDriver.execute(RemoteWebDriver.java:552)
at org.openqa.selenium.remote.RemoteWebDriver.startSession(RemoteWebDriver.java:213)
at org.openqa.selenium.remote.RemoteWebDriver.<init>(RemoteWebDriver.java:131)
at org.openqa.selenium.chrome.ChromeDriver.<init>(ChromeDriver.java:181)
at org.openqa.selenium.chrome.ChromeDriver.<init>(ChromeDriver.java:168)
at org.openqa.selenium.chrome.ChromeDriver.<init>(ChromeDriver.java:157)
at com.webdriveruniversity.testcases.Base_Page_Test.Browser_Launch(Base_Page_Test.java:34)
... Removed 34 stack frames]]>
    </failure>
  </testcase> <!-- @BeforeClass Browser_Launch -->
  <testcase name="@AfterClass Browser_Close" time="0.0" classname="com.webdriveruniversity.testcases.Base_Page_Test">
    <skipped/>
  </testcase> <!-- @AfterClass Browser_Close -->
  <testcase name="@BeforeClass Browser_Launch" time="1.559" classname="com.webdriveruniversity.testcases.Base_Page_Test">
    <failure type="org.openqa.selenium.SessionNotCreatedException" message="session not created: This version of ChromeDriver only supports Chrome version 101
Current browser version is 103.0.5060.66 with binary path C:\Users\sakka\AppData\Local\Google\Chrome\Application\chrome.exe
Build info: version: &amp;apos;3.141.59&amp;apos;, revision: &amp;apos;e82be7d358&amp;apos;, time: &amp;apos;2018-11-14T08:17:03&amp;apos;
System info: host: &amp;apos;DESKTOP-NALDS22&amp;apos;, ip: &amp;apos;192.168.0.107&amp;apos;, os.name: &amp;apos;Windows 10&amp;apos;, os.arch: &amp;apos;amd64&amp;apos;, os.version: &amp;apos;10.0&amp;apos;, java.version: &amp;apos;1.8.0_333&amp;apos;
Driver info: driver.version: ChromeDriver
remote stacktrace: Backtrace:
	Ordinal0 [0x0071B8F3+2406643]
	Ordinal0 [0x006AAF31+1945393]
	Ordinal0 [0x0059C748+837448]
	Ordinal0 [0x005BC8B3+968883]
	Ordinal0 [0x005B84BA+951482]
	Ordinal0 [0x005B5D71+941425]
	Ordinal0 [0x005E8EE0+1150688]
	Ordinal0 [0x005E8B3A+1149754]
	Ordinal0 [0x005E4096+1130646]
	Ordinal0 [0x005BE636+976438]
	Ordinal0 [0x005BF546+980294]
	GetHandleVerifier [0x00989612+2498066]
	GetHandleVerifier [0x0097C920+2445600]
	GetHandleVerifier [0x007B4F2A+579370]
	GetHandleVerifier [0x007B3D36+574774]
	Ordinal0 [0x006B1C0B+1973259]
	Ordinal0 [0x006B6688+1992328]
	Ordinal0 [0x006B6775+1992565]
	Ordinal0 [0x006BF8D1+2029777]
	BaseThreadInitThunk [0x7725FA29+25]
	RtlGetAppContainerNamedObjectPath [0x77777A9E+286]
	RtlGetAppContainerNamedObjectPath [0x77777A6E+238]
">
      <![CDATA[org.openqa.selenium.SessionNotCreatedException: session not created: This version of ChromeDriver only supports Chrome version 101
Current browser version is 103.0.5060.66 with binary path C:\Users\sakka\AppData\Local\Google\Chrome\Application\chrome.exe
Build info: version: '3.141.59', revision: 'e82be7d358', time: '2018-11-14T08:17:03'
System info: host: 'DESKTOP-NALDS22', ip: '192.168.0.107', os.name: 'Windows 10', os.arch: 'amd64', os.version: '10.0', java.version: '1.8.0_333'
Driver info: driver.version: ChromeDriver
remote stacktrace: Backtrace:
Ordinal0 [0x0071B8F3+2406643]
Ordinal0 [0x006AAF31+1945393]
Ordinal0 [0x0059C748+837448]
Ordinal0 [0x005BC8B3+968883]
Ordinal0 [0x005B84BA+951482]
Ordinal0 [0x005B5D71+941425]
Ordinal0 [0x005E8EE0+1150688]
Ordinal0 [0x005E8B3A+1149754]
Ordinal0 [0x005E4096+1130646]
Ordinal0 [0x005BE636+976438]
Ordinal0 [0x005BF546+980294]
GetHandleVerifier [0x00989612+2498066]
GetHandleVerifier [0x0097C920+2445600]
GetHandleVerifier [0x007B4F2A+579370]
GetHandleVerifier [0x007B3D36+574774]
Ordinal0 [0x006B1C0B+1973259]
Ordinal0 [0x006B6688+1992328]
Ordinal0 [0x006B6775+1992565]
Ordinal0 [0x006BF8D1+2029777]
BaseThreadInitThunk [0x7725FA29+25]
RtlGetAppContainerNamedObjectPath [0x77777A9E+286]
RtlGetAppContainerNamedObjectPath [0x77777A6E+238]

at org.openqa.selenium.remote.W3CHandshakeResponse.lambda$errorHandler$0(W3CHandshakeResponse.java:62)
at org.openqa.selenium.remote.HandshakeResponse.lambda$getResponseFunction$0(HandshakeResponse.java:30)
at org.openqa.selenium.remote.ProtocolHandshake.lambda$createSession$0(ProtocolHandshake.java:126)
at java.util.stream.ReferencePipeline$3$1.accept(ReferencePipeline.java:193)
at java.util.Spliterators$ArraySpliterator.tryAdvance(Spliterators.java:958)
at java.util.stream.ReferencePipeline.forEachWithCancel(ReferencePipeline.java:126)
at java.util.stream.AbstractPipeline.copyIntoWithCancel(AbstractPipeline.java:499)
at java.util.stream.AbstractPipeline.copyInto(AbstractPipeline.java:486)
at java.util.stream.AbstractPipeline.wrapAndCopyInto(AbstractPipeline.java:472)
at java.util.stream.FindOps$FindOp.evaluateSequential(FindOps.java:152)
at java.util.stream.AbstractPipeline.evaluate(AbstractPipeline.java:234)
at java.util.stream.ReferencePipeline.findFirst(ReferencePipeline.java:464)
at org.openqa.selenium.remote.ProtocolHandshake.createSession(ProtocolHandshake.java:128)
at org.openqa.selenium.remote.ProtocolHandshake.createSession(ProtocolHandshake.java:74)
at org.openqa.selenium.remote.HttpCommandExecutor.execute(HttpCommandExecutor.java:136)
at org.openqa.selenium.remote.service.DriverCommandExecutor.execute(DriverCommandExecutor.java:83)
at org.openqa.selenium.remote.RemoteWebDriver.execute(RemoteWebDriver.java:552)
at org.openqa.selenium.remote.RemoteWebDriver.startSession(RemoteWebDriver.java:213)
at org.openqa.selenium.remote.RemoteWebDriver.<init>(RemoteWebDriver.java:131)
at org.openqa.selenium.chrome.ChromeDriver.<init>(ChromeDriver.java:181)
at org.openqa.selenium.chrome.ChromeDriver.<init>(ChromeDriver.java:168)
at org.openqa.selenium.chrome.ChromeDriver.<init>(ChromeDriver.java:157)
at com.webdriveruniversity.testcases.Base_Page_Test.Browser_Launch(Base_Page_Test.java:34)
... Removed 34 stack frames]]>
    </failure>
  </testcase> <!-- @BeforeClass Browser_Launch -->
  <testcase name="@AfterClass Browser_Close" time="0.0" classname="com.webdriveruniversity.testcases.Base_Page_Test">
    <skipped/>
  </testcase> <!-- @AfterClass Browser_Close -->
  <testcase name="@BeforeClass Browser_Launch" time="1.793" classname="com.webdriveruniversity.testcases.Base_Page_Test">
    <failure type="org.openqa.selenium.SessionNotCreatedException" message="session not created: This version of ChromeDriver only supports Chrome version 101
Current browser version is 103.0.5060.66 with binary path C:\Users\sakka\AppData\Local\Google\Chrome\Application\chrome.exe
Build info: version: &amp;apos;3.141.59&amp;apos;, revision: &amp;apos;e82be7d358&amp;apos;, time: &amp;apos;2018-11-14T08:17:03&amp;apos;
System info: host: &amp;apos;DESKTOP-NALDS22&amp;apos;, ip: &amp;apos;192.168.0.107&amp;apos;, os.name: &amp;apos;Windows 10&amp;apos;, os.arch: &amp;apos;amd64&amp;apos;, os.version: &amp;apos;10.0&amp;apos;, java.version: &amp;apos;1.8.0_333&amp;apos;
Driver info: driver.version: ChromeDriver
remote stacktrace: Backtrace:
	Ordinal0 [0x0071B8F3+2406643]
	Ordinal0 [0x006AAF31+1945393]
	Ordinal0 [0x0059C748+837448]
	Ordinal0 [0x005BC8B3+968883]
	Ordinal0 [0x005B84BA+951482]
	Ordinal0 [0x005B5D71+941425]
	Ordinal0 [0x005E8EE0+1150688]
	Ordinal0 [0x005E8B3A+1149754]
	Ordinal0 [0x005E4096+1130646]
	Ordinal0 [0x005BE636+976438]
	Ordinal0 [0x005BF546+980294]
	GetHandleVerifier [0x00989612+2498066]
	GetHandleVerifier [0x0097C920+2445600]
	GetHandleVerifier [0x007B4F2A+579370]
	GetHandleVerifier [0x007B3D36+574774]
	Ordinal0 [0x006B1C0B+1973259]
	Ordinal0 [0x006B6688+1992328]
	Ordinal0 [0x006B6775+1992565]
	Ordinal0 [0x006BF8D1+2029777]
	BaseThreadInitThunk [0x7725FA29+25]
	RtlGetAppContainerNamedObjectPath [0x77777A9E+286]
	RtlGetAppContainerNamedObjectPath [0x77777A6E+238]
">
      <![CDATA[org.openqa.selenium.SessionNotCreatedException: session not created: This version of ChromeDriver only supports Chrome version 101
Current browser version is 103.0.5060.66 with binary path C:\Users\sakka\AppData\Local\Google\Chrome\Application\chrome.exe
Build info: version: '3.141.59', revision: 'e82be7d358', time: '2018-11-14T08:17:03'
System info: host: 'DESKTOP-NALDS22', ip: '192.168.0.107', os.name: 'Windows 10', os.arch: 'amd64', os.version: '10.0', java.version: '1.8.0_333'
Driver info: driver.version: ChromeDriver
remote stacktrace: Backtrace:
Ordinal0 [0x0071B8F3+2406643]
Ordinal0 [0x006AAF31+1945393]
Ordinal0 [0x0059C748+837448]
Ordinal0 [0x005BC8B3+968883]
Ordinal0 [0x005B84BA+951482]
Ordinal0 [0x005B5D71+941425]
Ordinal0 [0x005E8EE0+1150688]
Ordinal0 [0x005E8B3A+1149754]
Ordinal0 [0x005E4096+1130646]
Ordinal0 [0x005BE636+976438]
Ordinal0 [0x005BF546+980294]
GetHandleVerifier [0x00989612+2498066]
GetHandleVerifier [0x0097C920+2445600]
GetHandleVerifier [0x007B4F2A+579370]
GetHandleVerifier [0x007B3D36+574774]
Ordinal0 [0x006B1C0B+1973259]
Ordinal0 [0x006B6688+1992328]
Ordinal0 [0x006B6775+1992565]
Ordinal0 [0x006BF8D1+2029777]
BaseThreadInitThunk [0x7725FA29+25]
RtlGetAppContainerNamedObjectPath [0x77777A9E+286]
RtlGetAppContainerNamedObjectPath [0x77777A6E+238]

at org.openqa.selenium.remote.W3CHandshakeResponse.lambda$errorHandler$0(W3CHandshakeResponse.java:62)
at org.openqa.selenium.remote.HandshakeResponse.lambda$getResponseFunction$0(HandshakeResponse.java:30)
at org.openqa.selenium.remote.ProtocolHandshake.lambda$createSession$0(ProtocolHandshake.java:126)
at java.util.stream.ReferencePipeline$3$1.accept(ReferencePipeline.java:193)
at java.util.Spliterators$ArraySpliterator.tryAdvance(Spliterators.java:958)
at java.util.stream.ReferencePipeline.forEachWithCancel(ReferencePipeline.java:126)
at java.util.stream.AbstractPipeline.copyIntoWithCancel(AbstractPipeline.java:499)
at java.util.stream.AbstractPipeline.copyInto(AbstractPipeline.java:486)
at java.util.stream.AbstractPipeline.wrapAndCopyInto(AbstractPipeline.java:472)
at java.util.stream.FindOps$FindOp.evaluateSequential(FindOps.java:152)
at java.util.stream.AbstractPipeline.evaluate(AbstractPipeline.java:234)
at java.util.stream.ReferencePipeline.findFirst(ReferencePipeline.java:464)
at org.openqa.selenium.remote.ProtocolHandshake.createSession(ProtocolHandshake.java:128)
at org.openqa.selenium.remote.ProtocolHandshake.createSession(ProtocolHandshake.java:74)
at org.openqa.selenium.remote.HttpCommandExecutor.execute(HttpCommandExecutor.java:136)
at org.openqa.selenium.remote.service.DriverCommandExecutor.execute(DriverCommandExecutor.java:83)
at org.openqa.selenium.remote.RemoteWebDriver.execute(RemoteWebDriver.java:552)
at org.openqa.selenium.remote.RemoteWebDriver.startSession(RemoteWebDriver.java:213)
at org.openqa.selenium.remote.RemoteWebDriver.<init>(RemoteWebDriver.java:131)
at org.openqa.selenium.chrome.ChromeDriver.<init>(ChromeDriver.java:181)
at org.openqa.selenium.chrome.ChromeDriver.<init>(ChromeDriver.java:168)
at org.openqa.selenium.chrome.ChromeDriver.<init>(ChromeDriver.java:157)
at com.webdriveruniversity.testcases.Base_Page_Test.Browser_Launch(Base_Page_Test.java:34)
... Removed 34 stack frames]]>
    </failure>
  </testcase> <!-- @BeforeClass Browser_Launch -->
  <testcase name="@AfterClass Browser_Close" time="0.0" classname="com.webdriveruniversity.testcases.Base_Page_Test">
    <skipped/>
  </testcase> <!-- @AfterClass Browser_Close -->
  <testcase name="@BeforeClass Browser_Launch" time="1.79" classname="com.webdriveruniversity.testcases.Base_Page_Test">
    <failure type="org.openqa.selenium.SessionNotCreatedException" message="session not created: This version of ChromeDriver only supports Chrome version 101
Current browser version is 103.0.5060.66 with binary path C:\Users\sakka\AppData\Local\Google\Chrome\Application\chrome.exe
Build info: version: &amp;apos;3.141.59&amp;apos;, revision: &amp;apos;e82be7d358&amp;apos;, time: &amp;apos;2018-11-14T08:17:03&amp;apos;
System info: host: &amp;apos;DESKTOP-NALDS22&amp;apos;, ip: &amp;apos;192.168.0.107&amp;apos;, os.name: &amp;apos;Windows 10&amp;apos;, os.arch: &amp;apos;amd64&amp;apos;, os.version: &amp;apos;10.0&amp;apos;, java.version: &amp;apos;1.8.0_333&amp;apos;
Driver info: driver.version: ChromeDriver
remote stacktrace: Backtrace:
	Ordinal0 [0x0071B8F3+2406643]
	Ordinal0 [0x006AAF31+1945393]
	Ordinal0 [0x0059C748+837448]
	Ordinal0 [0x005BC8B3+968883]
	Ordinal0 [0x005B84BA+951482]
	Ordinal0 [0x005B5D71+941425]
	Ordinal0 [0x005E8EE0+1150688]
	Ordinal0 [0x005E8B3A+1149754]
	Ordinal0 [0x005E4096+1130646]
	Ordinal0 [0x005BE636+976438]
	Ordinal0 [0x005BF546+980294]
	GetHandleVerifier [0x00989612+2498066]
	GetHandleVerifier [0x0097C920+2445600]
	GetHandleVerifier [0x007B4F2A+579370]
	GetHandleVerifier [0x007B3D36+574774]
	Ordinal0 [0x006B1C0B+1973259]
	Ordinal0 [0x006B6688+1992328]
	Ordinal0 [0x006B6775+1992565]
	Ordinal0 [0x006BF8D1+2029777]
	BaseThreadInitThunk [0x7725FA29+25]
	RtlGetAppContainerNamedObjectPath [0x77777A9E+286]
	RtlGetAppContainerNamedObjectPath [0x77777A6E+238]
">
      <![CDATA[org.openqa.selenium.SessionNotCreatedException: session not created: This version of ChromeDriver only supports Chrome version 101
Current browser version is 103.0.5060.66 with binary path C:\Users\sakka\AppData\Local\Google\Chrome\Application\chrome.exe
Build info: version: '3.141.59', revision: 'e82be7d358', time: '2018-11-14T08:17:03'
System info: host: 'DESKTOP-NALDS22', ip: '192.168.0.107', os.name: 'Windows 10', os.arch: 'amd64', os.version: '10.0', java.version: '1.8.0_333'
Driver info: driver.version: ChromeDriver
remote stacktrace: Backtrace:
Ordinal0 [0x0071B8F3+2406643]
Ordinal0 [0x006AAF31+1945393]
Ordinal0 [0x0059C748+837448]
Ordinal0 [0x005BC8B3+968883]
Ordinal0 [0x005B84BA+951482]
Ordinal0 [0x005B5D71+941425]
Ordinal0 [0x005E8EE0+1150688]
Ordinal0 [0x005E8B3A+1149754]
Ordinal0 [0x005E4096+1130646]
Ordinal0 [0x005BE636+976438]
Ordinal0 [0x005BF546+980294]
GetHandleVerifier [0x00989612+2498066]
GetHandleVerifier [0x0097C920+2445600]
GetHandleVerifier [0x007B4F2A+579370]
GetHandleVerifier [0x007B3D36+574774]
Ordinal0 [0x006B1C0B+1973259]
Ordinal0 [0x006B6688+1992328]
Ordinal0 [0x006B6775+1992565]
Ordinal0 [0x006BF8D1+2029777]
BaseThreadInitThunk [0x7725FA29+25]
RtlGetAppContainerNamedObjectPath [0x77777A9E+286]
RtlGetAppContainerNamedObjectPath [0x77777A6E+238]

at org.openqa.selenium.remote.W3CHandshakeResponse.lambda$errorHandler$0(W3CHandshakeResponse.java:62)
at org.openqa.selenium.remote.HandshakeResponse.lambda$getResponseFunction$0(HandshakeResponse.java:30)
at org.openqa.selenium.remote.ProtocolHandshake.lambda$createSession$0(ProtocolHandshake.java:126)
at java.util.stream.ReferencePipeline$3$1.accept(ReferencePipeline.java:193)
at java.util.Spliterators$ArraySpliterator.tryAdvance(Spliterators.java:958)
at java.util.stream.ReferencePipeline.forEachWithCancel(ReferencePipeline.java:126)
at java.util.stream.AbstractPipeline.copyIntoWithCancel(AbstractPipeline.java:499)
at java.util.stream.AbstractPipeline.copyInto(AbstractPipeline.java:486)
at java.util.stream.AbstractPipeline.wrapAndCopyInto(AbstractPipeline.java:472)
at java.util.stream.FindOps$FindOp.evaluateSequential(FindOps.java:152)
at java.util.stream.AbstractPipeline.evaluate(AbstractPipeline.java:234)
at java.util.stream.ReferencePipeline.findFirst(ReferencePipeline.java:464)
at org.openqa.selenium.remote.ProtocolHandshake.createSession(ProtocolHandshake.java:128)
at org.openqa.selenium.remote.ProtocolHandshake.createSession(ProtocolHandshake.java:74)
at org.openqa.selenium.remote.HttpCommandExecutor.execute(HttpCommandExecutor.java:136)
at org.openqa.selenium.remote.service.DriverCommandExecutor.execute(DriverCommandExecutor.java:83)
at org.openqa.selenium.remote.RemoteWebDriver.execute(RemoteWebDriver.java:552)
at org.openqa.selenium.remote.RemoteWebDriver.startSession(RemoteWebDriver.java:213)
at org.openqa.selenium.remote.RemoteWebDriver.<init>(RemoteWebDriver.java:131)
at org.openqa.selenium.chrome.ChromeDriver.<init>(ChromeDriver.java:181)
at org.openqa.selenium.chrome.ChromeDriver.<init>(ChromeDriver.java:168)
at org.openqa.selenium.chrome.ChromeDriver.<init>(ChromeDriver.java:157)
at com.webdriveruniversity.testcases.Base_Page_Test.Browser_Launch(Base_Page_Test.java:34)
... Removed 34 stack frames]]>
    </failure>
  </testcase> <!-- @BeforeClass Browser_Launch -->
  <testcase name="@AfterClass Browser_Close" time="0.0" classname="com.webdriveruniversity.testcases.Base_Page_Test">
    <skipped/>
  </testcase> <!-- @AfterClass Browser_Close -->
  <testcase name="TestCase_001" time="0.0" classname="com.webdriveruniversity.testcases.Login_Page_Test">
    <skipped/>
  </testcase> <!-- TestCase_001 -->
  <testcase name="TestCase_002" time="0.0" classname="com.webdriveruniversity.testcases.Login_Page_Test">
    <skipped/>
  </testcase> <!-- TestCase_002 -->
  <testcase name="TestCase_003" time="0.0" classname="com.webdriveruniversity.testcases.Login_Page_Test">
    <skipped/>
  </testcase> <!-- TestCase_003 -->
  <testcase name="TestCase_004" time="0.0" classname="com.webdriveruniversity.testcases.Login_Page_Test">
    <skipped/>
  </testcase> <!-- TestCase_004 -->
  <testcase name="TestCase_005" time="0.0" classname="com.webdriveruniversity.testcases.Login_Page_Test">
    <skipped/>
  </testcase> <!-- TestCase_005 -->
  <testcase name="TestCase_006" time="0.0" classname="com.webdriveruniversity.testcases.Buttons_Page_Test">
    <skipped/>
  </testcase> <!-- TestCase_006 -->
  <testcase name="TestCase_007" time="0.0" classname="com.webdriveruniversity.testcases.Buttons_Page_Test">
    <skipped/>
  </testcase> <!-- TestCase_007 -->
  <testcase name="TestCase_008" time="0.0" classname="com.webdriveruniversity.testcases.Buttons_Page_Test">
    <skipped/>
  </testcase> <!-- TestCase_008 -->
  <testcase name="TestCase_009" time="0.0" classname="com.webdriveruniversity.testcases.Buttons_Page_Test">
    <skipped/>
  </testcase> <!-- TestCase_009 -->
  <testcase name="Test_Case_010" time="0.0" classname="com.webdriveruniversity.testcases.To_do_List_Test">
    <skipped/>
  </testcase> <!-- Test_Case_010 -->
  <testcase name="Test_Case_011" time="0.0" classname="com.webdriveruniversity.testcases.To_do_List_Test">
    <skipped/>
  </testcase> <!-- Test_Case_011 -->
  <testcase name="Test_Case_012" time="0.0" classname="com.webdriveruniversity.testcases.To_do_List_Test">
    <skipped/>
  </testcase> <!-- Test_Case_012 -->
  <testcase name="Test_Case_013" time="0.0" classname="com.webdriveruniversity.testcases.To_do_List_Test">
    <skipped/>
  </testcase> <!-- Test_Case_013 -->
  <testcase name="Test_Case_014" time="0.0" classname="com.webdriveruniversity.testcases.To_do_List_Test">
    <skipped/>
  </testcase> <!-- Test_Case_014 -->
  <testcase name="Test_Case_015" time="0.0" classname="com.webdriveruniversity.testcases.To_do_List_Test">
    <skipped/>
  </testcase> <!-- Test_Case_015 -->
  <testcase name="Test_Case_016" time="0.0" classname="com.webdriveruniversity.testcases.To_do_List_Test">
    <skipped/>
  </testcase> <!-- Test_Case_016 -->
  <testcase name="Test_Case_017" time="0.0" classname="com.webdriveruniversity.testcases.To_do_List_Test">
    <skipped/>
  </testcase> <!-- Test_Case_017 -->
  <testcase name="Test_Case_018" time="0.0" classname="com.webdriveruniversity.testcases.To_do_List_Test">
    <skipped/>
  </testcase> <!-- Test_Case_018 -->
  <testcase name="Test_Case_019" time="0.0" classname="com.webdriveruniversity.testcases.DCR_Page_Test">
    <skipped/>
  </testcase> <!-- Test_Case_019 -->
  <testcase name="Test_Case_020" time="0.0" classname="com.webdriveruniversity.testcases.DCR_Page_Test">
    <skipped/>
  </testcase> <!-- Test_Case_020 -->
  <testcase name="Test_Case_021" time="0.0" classname="com.webdriveruniversity.testcases.DCR_Page_Test">
    <skipped/>
  </testcase> <!-- Test_Case_021 -->
  <testcase name="Test_Case_022" time="0.0" classname="com.webdriveruniversity.testcases.DCR_Page_Test">
    <skipped/>
  </testcase> <!-- Test_Case_022 -->
  <testcase name="Test_Case_023" time="0.0" classname="com.webdriveruniversity.testcases.DCR_Page_Test">
    <skipped/>
  </testcase> <!-- Test_Case_023 -->
  <testcase name="Test_Case_024" time="0.0" classname="com.webdriveruniversity.testcases.DCR_Page_Test">
    <skipped/>
  </testcase> <!-- Test_Case_024 -->
  <testcase name="Test_Case_025" time="0.0" classname="com.webdriveruniversity.testcases.DCR_Page_Test">
    <skipped/>
  </testcase> <!-- Test_Case_025 -->
  <testcase name="Test_Case_026" time="0.0" classname="com.webdriveruniversity.testcases.DCR_Page_Test">
    <skipped/>
  </testcase> <!-- Test_Case_026 -->
  <testcase name="Test_Case_027" time="0.0" classname="com.webdriveruniversity.testcases.DCR_Page_Test">
    <skipped/>
  </testcase> <!-- Test_Case_027 -->
  <testcase name="Test_Case_028" time="0.0" classname="com.webdriveruniversity.testcases.Ajax_Loader_Page_Test">
    <skipped/>
  </testcase> <!-- Test_Case_028 -->
  <testcase name="Test_Case_029" time="0.0" classname="com.webdriveruniversity.testcases.Ajax_Loader_Page_Test">
    <skipped/>
  </testcase> <!-- Test_Case_029 -->
  <testcase name="Test_Case_030" time="0.0" classname="com.webdriveruniversity.testcases.Actions_Page_Test">
    <skipped/>
  </testcase> <!-- Test_Case_030 -->
  <testcase name="Test_Case_031" time="0.0" classname="com.webdriveruniversity.testcases.Actions_Page_Test">
    <skipped/>
  </testcase> <!-- Test_Case_031 -->
  <testcase name="Test_Case_032" time="0.0" classname="com.webdriveruniversity.testcases.Actions_Page_Test">
    <skipped/>
  </testcase> <!-- Test_Case_032 -->
  <testcase name="Test_Case_033" time="0.0" classname="com.webdriveruniversity.testcases.Actions_Page_Test">
    <skipped/>
  </testcase> <!-- Test_Case_033 -->
  <testcase name="Test_Case_034" time="0.0" classname="com.webdriveruniversity.testcases.Actions_Page_Test">
    <skipped/>
  </testcase> <!-- Test_Case_034 -->
  <testcase name="Test_Case_035" time="0.0" classname="com.webdriveruniversity.testcases.Actions_Page_Test">
    <skipped/>
  </testcase> <!-- Test_Case_035 -->
  <testcase name="Test_Case_036" time="0.0" classname="com.webdriveruniversity.testcases.Actions_Page_Test">
    <skipped/>
  </testcase> <!-- Test_Case_036 -->
  <testcase name="Test_Case_037" time="0.0" classname="com.webdriveruniversity.testcases.Actions_Page_Test">
    <skipped/>
  </testcase> <!-- Test_Case_037 -->
  <testcase name="Test_Case_038" time="0.0" classname="com.webdriveruniversity.testcases.Scrolling_Page_Test">
    <skipped/>
  </testcase> <!-- Test_Case_038 -->
  <testcase name="Test_Case_039" time="0.0" classname="com.webdriveruniversity.testcases.Scrolling_Page_Test">
    <skipped/>
  </testcase> <!-- Test_Case_039 -->
  <testcase name="Test_Case_040" time="0.0" classname="com.webdriveruniversity.testcases.Scrolling_Page_Test">
    <skipped/>
  </testcase> <!-- Test_Case_040 -->
  <testcase name="Test_Case_041" time="0.0" classname="com.webdriveruniversity.testcases.Scrolling_Page_Test">
    <skipped/>
  </testcase> <!-- Test_Case_041 -->
  <testcase name="Test_Case_042" time="0.0" classname="com.webdriveruniversity.testcases.Scrolling_Page_Test">
    <skipped/>
  </testcase> <!-- Test_Case_042 -->
</testsuite> <!-- MyFirstProject -->
