<?xml version="1.0" encoding="UTF-8"?>
<!-- Generated by org.testng.reporters.JUnitXMLReporter -->
<testsuite hostname="DESKTOP-NALDS22" ignored="0" name="Command line test" tests="27" failures="0" timestamp="15 Jun 2022 05:35:55 GMT" time="0.071" errors="0">
  <testcase name="@BeforeClass Browser_Launch" time="0.0" classname="com.webdriveruniversity.testcases.Base_Page_Test">
    <failure type="org.testng.TestNGException" message="
Parameter &amp;apos;Browser&amp;apos; is required by BeforeClass on method Browser_Launch but has not been marked @Optional or defined
">
      <![CDATA[org.testng.TestNGException: 
Parameter 'Browser' is required by BeforeClass on method Browser_Launch but has not been marked @Optional or defined

... Removed 33 stack frames]]>
    </failure>
  </testcase> <!-- @BeforeClass Browser_Launch -->
  <testcase name="@BeforeClass Browser_Launch" time="0.0" classname="com.webdriveruniversity.testcases.Base_Page_Test">
    <failure type="org.testng.TestNGException" message="
Parameter &amp;apos;Browser&amp;apos; is required by BeforeClass on method Browser_Launch but has not been marked @Optional or defined
">
      <![CDATA[org.testng.TestNGException: 
Parameter 'Browser' is required by BeforeClass on method Browser_Launch but has not been marked @Optional or defined

... Removed 33 stack frames]]>
    </failure>
  </testcase> <!-- @BeforeClass Browser_Launch -->
  <testcase name="@AfterClass Browser_Close" time="0.0" classname="com.webdriveruniversity.testcases.Base_Page_Test">
    <skipped/>
  </testcase> <!-- @AfterClass Browser_Close -->
  <testcase name="@AfterClass Browser_Close" time="0.0" classname="com.webdriveruniversity.testcases.Base_Page_Test">
    <skipped/>
  </testcase> <!-- @AfterClass Browser_Close -->
  <testcase name="@BeforeClass Browser_Launch" time="0.0" classname="com.webdriveruniversity.testcases.Base_Page_Test">
    <failure type="org.testng.TestNGException" message="
Parameter &amp;apos;Browser&amp;apos; is required by BeforeClass on method Browser_Launch but has not been marked @Optional or defined
">
      <![CDATA[org.testng.TestNGException: 
Parameter 'Browser' is required by BeforeClass on method Browser_Launch but has not been marked @Optional or defined

... Removed 33 stack frames]]>
    </failure>
  </testcase> <!-- @BeforeClass Browser_Launch -->
  <testcase name="@AfterClass Browser_Close" time="0.0" classname="com.webdriveruniversity.testcases.Base_Page_Test">
    <skipped/>
  </testcase> <!-- @AfterClass Browser_Close -->
  <testcase name="@BeforeClass Browser_Launch" time="0.0" classname="com.webdriveruniversity.testcases.Base_Page_Test">
    <failure type="org.testng.TestNGException" message="
Parameter &amp;apos;Browser&amp;apos; is required by BeforeClass on method Browser_Launch but has not been marked @Optional or defined
">
      <![CDATA[org.testng.TestNGException: 
Parameter 'Browser' is required by BeforeClass on method Browser_Launch but has not been marked @Optional or defined

... Removed 33 stack frames]]>
    </failure>
  </testcase> <!-- @BeforeClass Browser_Launch -->
  <testcase name="@AfterClass Browser_Close" time="0.0" classname="com.webdriveruniversity.testcases.Base_Page_Test">
    <skipped/>
  </testcase> <!-- @AfterClass Browser_Close -->
  <testcase name="TestCase_006" time="0.0" classname="com.webdriveruniversity.testcases.Buttons_Page_Test">
    <skipped/>
  </testcase> <!-- TestCase_006 -->
  <testcase name="Test_Case_019" time="0.0" classname="com.webdriveruniversity.testcases.DCR_Page_Test">
    <skipped/>
  </testcase> <!-- Test_Case_019 -->
  <testcase name="Test_Case_020" time="0.0" classname="com.webdriveruniversity.testcases.DCR_Page_Test">
    <skipped/>
  </testcase> <!-- Test_Case_020 -->
  <testcase name="Test_Case_021" time="0.0" classname="com.webdriveruniversity.testcases.DCR_Page_Test">
    <skipped/>
  </testcase> <!-- Test_Case_021 -->
  <testcase name="Test_Case_022" time="0.0" classname="com.webdriveruniversity.testcases.DCR_Page_Test">
    <skipped/>
  </testcase> <!-- Test_Case_022 -->
  <testcase name="Test_Case_023" time="0.0" classname="com.webdriveruniversity.testcases.DCR_Page_Test">
    <skipped/>
  </testcase> <!-- Test_Case_023 -->
  <testcase name="Test_Case_024" time="0.0" classname="com.webdriveruniversity.testcases.DCR_Page_Test">
    <skipped/>
  </testcase> <!-- Test_Case_024 -->
  <testcase name="Test_Case_025" time="0.0" classname="com.webdriveruniversity.testcases.DCR_Page_Test">
    <skipped/>
  </testcase> <!-- Test_Case_025 -->
  <testcase name="Test_Case_026" time="0.0" classname="com.webdriveruniversity.testcases.DCR_Page_Test">
    <skipped/>
  </testcase> <!-- Test_Case_026 -->
  <testcase name="Test_Case_027" time="0.0" classname="com.webdriveruniversity.testcases.DCR_Page_Test">
    <skipped/>
  </testcase> <!-- Test_Case_027 -->
  <testcase name="TestCase_007" time="0.0" classname="com.webdriveruniversity.testcases.Buttons_Page_Test">
    <skipped/>
  </testcase> <!-- TestCase_007 -->
  <testcase name="TestCase_008" time="0.0" classname="com.webdriveruniversity.testcases.Buttons_Page_Test">
    <skipped/>
  </testcase> <!-- TestCase_008 -->
  <testcase name="TestCase_009" time="0.0" classname="com.webdriveruniversity.testcases.Buttons_Page_Test">
    <skipped/>
  </testcase> <!-- TestCase_009 -->
  <testcase name="TestCase_001" time="0.0" classname="com.webdriveruniversity.testcases.Login_Page_Test">
    <skipped/>
  </testcase> <!-- TestCase_001 -->
  <testcase name="TestCase_002" time="0.0" classname="com.webdriveruniversity.testcases.Login_Page_Test">
    <skipped/>
  </testcase> <!-- TestCase_002 -->
  <testcase name="TestCase_003" time="0.0" classname="com.webdriveruniversity.testcases.Login_Page_Test">
    <skipped/>
  </testcase> <!-- TestCase_003 -->
  <testcase name="TestCase_004" time="0.0" classname="com.webdriveruniversity.testcases.Login_Page_Test">
    <skipped/>
  </testcase> <!-- TestCase_004 -->
  <testcase name="TestCase_005" time="0.0" classname="com.webdriveruniversity.testcases.Login_Page_Test">
    <skipped/>
  </testcase> <!-- TestCase_005 -->
  <testcase name="Test_Case_010" time="0.0" classname="com.webdriveruniversity.testcases.To_do_List_Test">
    <skipped/>
  </testcase> <!-- Test_Case_010 -->
  <testcase name="Test_Case_011" time="0.0" classname="com.webdriveruniversity.testcases.To_do_List_Test">
    <skipped/>
  </testcase> <!-- Test_Case_011 -->
  <testcase name="Test_Case_012" time="0.0" classname="com.webdriveruniversity.testcases.To_do_List_Test">
    <skipped/>
  </testcase> <!-- Test_Case_012 -->
  <testcase name="Test_Case_013" time="0.0" classname="com.webdriveruniversity.testcases.To_do_List_Test">
    <skipped/>
  </testcase> <!-- Test_Case_013 -->
  <testcase name="Test_Case_014" time="0.0" classname="com.webdriveruniversity.testcases.To_do_List_Test">
    <skipped/>
  </testcase> <!-- Test_Case_014 -->
  <testcase name="Test_Case_015" time="0.0" classname="com.webdriveruniversity.testcases.To_do_List_Test">
    <skipped/>
  </testcase> <!-- Test_Case_015 -->
  <testcase name="Test_Case_016" time="0.0" classname="com.webdriveruniversity.testcases.To_do_List_Test">
    <skipped/>
  </testcase> <!-- Test_Case_016 -->
  <testcase name="Test_Case_017" time="0.0" classname="com.webdriveruniversity.testcases.To_do_List_Test">
    <skipped/>
  </testcase> <!-- Test_Case_017 -->
  <testcase name="Test_Case_018" time="0.0" classname="com.webdriveruniversity.testcases.To_do_List_Test">
    <skipped/>
  </testcase> <!-- Test_Case_018 -->
</testsuite> <!-- Command line test -->
