<!DOCTYPE html PUBLIC "-//W3C//DTD XHTML 1.1//EN" "http://www.w3.org/TR/xhtml11/DTD/xhtml11.dtd">
<html xmlns="http://www.w3.org/1999/xhtml">
<head>
<meta http-equiv="content-type" content="text/html; charset=UTF-8"/>
<title>TestNG Report</title>
<style type="text/css">table {margin-bottom:10px;border-collapse:collapse;empty-cells:show}th,td {border:1px solid #009;padding:.25em .5em}th {vertical-align:bottom}td {vertical-align:top}table a {font-weight:bold}.stripe td {background-color: #E6EBF9}.num {text-align:right}.passedodd td {background-color: #3F3}.passedeven td {background-color: #0A0}.skippedodd td {background-color: #DDD}.skippedeven td {background-color: #CCC}.failedodd td,.attn {background-color: #F33}.failedeven td,.stripe .attn {background-color: #D00}.stacktrace {white-space:pre;font-family:monospace}.totop {font-size:85%;text-align:center;border-bottom:2px solid #000}.invisible {display:none}</style>
</head>
<body>
<table>
<tr><th>Test</th><th># Passed</th><th># Skipped</th><th># Failed</th><th>Time (ms)</th><th>Included Groups</th><th>Excluded Groups</th></tr>
<tr><th colspan="7">MyFirstProject</th></tr>
<tr><td><a href="#t0">MyFirstProject</a></td><td class="num">0</td><td class="num attn">42</td><td class="num">0</td><td class="num">13,512</td><td></td><td></td></tr>
</table>
<table id='summary'><thead><tr><th>Class</th><th>Method</th><th>Start</th><th>Time (ms)</th></tr></thead><tbody><tr><th colspan="4">MyFirstProject</th></tr></tbody><tbody id="t0"><tr><th colspan="4">MyFirstProject &#8212; failed (configuration methods)</th></tr><tr class="failedeven"><td rowspan="1">com.webdriveruniversity.testcases.Actions_Page_Test</td><td><a href="#m0">Browser_Launch</a></td><td rowspan="1">1656921097125</td><td rowspan="1">1793</td></tr><tr class="failedodd"><td rowspan="1">com.webdriveruniversity.testcases.Ajax_Loader_Page_Test</td><td><a href="#m1">Browser_Launch</a></td><td rowspan="1">1656921095566</td><td rowspan="1">1559</td></tr><tr class="failedeven"><td rowspan="1">com.webdriveruniversity.testcases.Buttons_Page_Test</td><td><a href="#m2">Browser_Launch</a></td><td rowspan="1">1656921090018</td><td rowspan="1">1912</td></tr><tr class="failedodd"><td rowspan="1">com.webdriveruniversity.testcases.DCR_Page_Test</td><td><a href="#m3">Browser_Launch</a></td><td rowspan="1">1656921093717</td><td rowspan="1">1817</td></tr><tr class="failedeven"><td rowspan="1">com.webdriveruniversity.testcases.Login_Page_Test</td><td><a href="#m4">Browser_Launch</a></td><td rowspan="1">1656921087211</td><td rowspan="1">2791</td></tr><tr class="failedodd"><td rowspan="1">com.webdriveruniversity.testcases.Scrolling_Page_Test</td><td><a href="#m5">Browser_Launch</a></td><td rowspan="1">1656921098918</td><td rowspan="1">1790</td></tr><tr class="failedeven"><td rowspan="1">com.webdriveruniversity.testcases.To_do_List_Test</td><td><a href="#m6">Browser_Launch</a></td><td rowspan="1">1656921091930</td><td rowspan="1">1756</td></tr><tr><th colspan="4">MyFirstProject &#8212; skipped (configuration methods)</th></tr><tr class="skippedeven"><td rowspan="1">com.webdriveruniversity.testcases.Actions_Page_Test</td><td><a href="#m7">Browser_Close</a></td><td rowspan="1">1656921098918</td><td rowspan="1">0</td></tr><tr class="skippedodd"><td rowspan="1">com.webdriveruniversity.testcases.Ajax_Loader_Page_Test</td><td><a href="#m8">Browser_Close</a></td><td rowspan="1">1656921097125</td><td rowspan="1">0</td></tr><tr class="skippedeven"><td rowspan="1">com.webdriveruniversity.testcases.Buttons_Page_Test</td><td><a href="#m9">Browser_Close</a></td><td rowspan="1">1656921091930</td><td rowspan="1">0</td></tr><tr class="skippedodd"><td rowspan="1">com.webdriveruniversity.testcases.DCR_Page_Test</td><td><a href="#m10">Browser_Close</a></td><td rowspan="1">1656921095566</td><td rowspan="1">0</td></tr><tr class="skippedeven"><td rowspan="1">com.webdriveruniversity.testcases.Login_Page_Test</td><td><a href="#m11">Browser_Close</a></td><td rowspan="1">1656921090018</td><td rowspan="1">0</td></tr><tr class="skippedodd"><td rowspan="1">com.webdriveruniversity.testcases.Scrolling_Page_Test</td><td><a href="#m12">Browser_Close</a></td><td rowspan="1">1656921100708</td><td rowspan="1">0</td></tr><tr class="skippedeven"><td rowspan="1">com.webdriveruniversity.testcases.To_do_List_Test</td><td><a href="#m13">Browser_Close</a></td><td rowspan="1">1656921093701</td><td rowspan="1">0</td></tr><tr><th colspan="4">MyFirstProject &#8212; skipped</th></tr><tr class="skippedeven"><td rowspan="8">com.webdriveruniversity.testcases.Actions_Page_Test</td><td><a href="#m14">Test_Case_030</a></td><td rowspan="1">1656921098918</td><td rowspan="1">0</td></tr><tr class="skippedeven"><td><a href="#m15">Test_Case_031</a></td><td rowspan="1">1656921098918</td><td rowspan="1">0</td></tr><tr class="skippedeven"><td><a href="#m16">Test_Case_032</a></td><td rowspan="1">1656921098918</td><td rowspan="1">0</td></tr><tr class="skippedeven"><td><a href="#m17">Test_Case_033</a></td><td rowspan="1">1656921098918</td><td rowspan="1">0</td></tr><tr class="skippedeven"><td><a href="#m18">Test_Case_034</a></td><td rowspan="1">1656921098918</td><td rowspan="1">0</td></tr><tr class="skippedeven"><td><a href="#m19">Test_Case_035</a></td><td rowspan="1">1656921098918</td><td rowspan="1">0</td></tr><tr class="skippedeven"><td><a href="#m20">Test_Case_036</a></td><td rowspan="1">1656921098918</td><td rowspan="1">0</td></tr><tr class="skippedeven"><td><a href="#m21">Test_Case_037</a></td><td rowspan="1">1656921098918</td><td rowspan="1">0</td></tr><tr class="skippedodd"><td rowspan="2">com.webdriveruniversity.testcases.Ajax_Loader_Page_Test</td><td><a href="#m22">Test_Case_028</a></td><td rowspan="1">1656921097125</td><td rowspan="1">0</td></tr><tr class="skippedodd"><td><a href="#m23">Test_Case_029</a></td><td rowspan="1">1656921097125</td><td rowspan="1">0</td></tr><tr class="skippedeven"><td rowspan="4">com.webdriveruniversity.testcases.Buttons_Page_Test</td><td><a href="#m24">TestCase_006</a></td><td rowspan="1">1656921091930</td><td rowspan="1">0</td></tr><tr class="skippedeven"><td><a href="#m25">TestCase_007</a></td><td rowspan="1">1656921091930</td><td rowspan="1">0</td></tr><tr class="skippedeven"><td><a href="#m26">TestCase_008</a></td><td rowspan="1">1656921091930</td><td rowspan="1">0</td></tr><tr class="skippedeven"><td><a href="#m27">TestCase_009</a></td><td rowspan="1">1656921091930</td><td rowspan="1">0</td></tr><tr class="skippedodd"><td rowspan="9">com.webdriveruniversity.testcases.DCR_Page_Test</td><td><a href="#m28">Test_Case_019</a></td><td rowspan="1">1656921095550</td><td rowspan="1">0</td></tr><tr class="skippedodd"><td><a href="#m29">Test_Case_020</a></td><td rowspan="1">1656921095550</td><td rowspan="1">0</td></tr><tr class="skippedodd"><td><a href="#m30">Test_Case_021</a></td><td rowspan="1">1656921095550</td><td rowspan="1">0</td></tr><tr class="skippedodd"><td><a href="#m31">Test_Case_022</a></td><td rowspan="1">1656921095550</td><td rowspan="1">0</td></tr><tr class="skippedodd"><td><a href="#m32">Test_Case_023</a></td><td rowspan="1">1656921095550</td><td rowspan="1">0</td></tr><tr class="skippedodd"><td><a href="#m33">Test_Case_024</a></td><td rowspan="1">1656921095566</td><td rowspan="1">0</td></tr><tr class="skippedodd"><td><a href="#m34">Test_Case_025</a></td><td rowspan="1">1656921095566</td><td rowspan="1">0</td></tr><tr class="skippedodd"><td><a href="#m35">Test_Case_026</a></td><td rowspan="1">1656921095566</td><td rowspan="1">0</td></tr><tr class="skippedodd"><td><a href="#m36">Test_Case_027</a></td><td rowspan="1">1656921095566</td><td rowspan="1">0</td></tr><tr class="skippedeven"><td rowspan="5">com.webdriveruniversity.testcases.Login_Page_Test</td><td><a href="#m37">TestCase_001</a></td><td rowspan="1">1656921090018</td><td rowspan="1">0</td></tr><tr class="skippedeven"><td><a href="#m38">TestCase_002</a></td><td rowspan="1">1656921090018</td><td rowspan="1">0</td></tr><tr class="skippedeven"><td><a href="#m39">TestCase_003</a></td><td rowspan="1">1656921090018</td><td rowspan="1">0</td></tr><tr class="skippedeven"><td><a href="#m40">TestCase_004</a></td><td rowspan="1">1656921090018</td><td rowspan="1">0</td></tr><tr class="skippedeven"><td><a href="#m41">TestCase_005</a></td><td rowspan="1">1656921090018</td><td rowspan="1">0</td></tr><tr class="skippedodd"><td rowspan="5">com.webdriveruniversity.testcases.Scrolling_Page_Test</td><td><a href="#m42">Test_Case_038</a></td><td rowspan="1">1656921100708</td><td rowspan="1">0</td></tr><tr class="skippedodd"><td><a href="#m43">Test_Case_039</a></td><td rowspan="1">1656921100708</td><td rowspan="1">0</td></tr><tr class="skippedodd"><td><a href="#m44">Test_Case_040</a></td><td rowspan="1">1656921100708</td><td rowspan="1">0</td></tr><tr class="skippedodd"><td><a href="#m45">Test_Case_041</a></td><td rowspan="1">1656921100708</td><td rowspan="1">0</td></tr><tr class="skippedodd"><td><a href="#m46">Test_Case_042</a></td><td rowspan="1">1656921100708</td><td rowspan="1">0</td></tr><tr class="skippedeven"><td rowspan="9">com.webdriveruniversity.testcases.To_do_List_Test</td><td><a href="#m47">Test_Case_010</a></td><td rowspan="1">1656921093686</td><td rowspan="1">0</td></tr><tr class="skippedeven"><td><a href="#m48">Test_Case_011</a></td><td rowspan="1">1656921093686</td><td rowspan="1">0</td></tr><tr class="skippedeven"><td><a href="#m49">Test_Case_012</a></td><td rowspan="1">1656921093701</td><td rowspan="1">0</td></tr><tr class="skippedeven"><td><a href="#m50">Test_Case_013</a></td><td rowspan="1">1656921093701</td><td rowspan="1">0</td></tr><tr class="skippedeven"><td><a href="#m51">Test_Case_014</a></td><td rowspan="1">1656921093701</td><td rowspan="1">0</td></tr><tr class="skippedeven"><td><a href="#m52">Test_Case_015</a></td><td rowspan="1">1656921093701</td><td rowspan="1">0</td></tr><tr class="skippedeven"><td><a href="#m53">Test_Case_016</a></td><td rowspan="1">1656921093701</td><td rowspan="1">0</td></tr><tr class="skippedeven"><td><a href="#m54">Test_Case_017</a></td><td rowspan="1">1656921093701</td><td rowspan="1">0</td></tr><tr class="skippedeven"><td><a href="#m55">Test_Case_018</a></td><td rowspan="1">1656921093701</td><td rowspan="1">0</td></tr></tbody>
</table>
<h2>MyFirstProject</h2><h3 id="m0">com.webdriveruniversity.testcases.Actions_Page_Test#Browser_Launch</h3><table class="result"><tr class="param"><th>Parameter #1</th></tr><tr class="param stripe"><td>Chrome</td></tr><tr><th>Exception</th></tr><tr><td><div class="stacktrace">org.openqa.selenium.SessionNotCreatedException: session not created: This version of ChromeDriver only supports Chrome version 101
Current browser version is 103.0.5060.66 with binary path C:\Users\sakka\AppData\Local\Google\Chrome\Application\chrome.exe
Build info: version: &apos;3.141.59&apos;, revision: &apos;e82be7d358&apos;, time: &apos;2018-11-14T08:17:03&apos;
System info: host: &apos;DESKTOP-NALDS22&apos;, ip: &apos;192.168.0.107&apos;, os.name: &apos;Windows 10&apos;, os.arch: &apos;amd64&apos;, os.version: &apos;10.0&apos;, java.version: &apos;1.8.0_333&apos;
Driver info: driver.version: ChromeDriver
remote stacktrace: Backtrace:
	Ordinal0 [0x0071B8F3+2406643]
	Ordinal0 [0x006AAF31+1945393]
	Ordinal0 [0x0059C748+837448]
	Ordinal0 [0x005BC8B3+968883]
	Ordinal0 [0x005B84BA+951482]
	Ordinal0 [0x005B5D71+941425]
	Ordinal0 [0x005E8EE0+1150688]
	Ordinal0 [0x005E8B3A+1149754]
	Ordinal0 [0x005E4096+1130646]
	Ordinal0 [0x005BE636+976438]
	Ordinal0 [0x005BF546+980294]
	GetHandleVerifier [0x00989612+2498066]
	GetHandleVerifier [0x0097C920+2445600]
	GetHandleVerifier [0x007B4F2A+579370]
	GetHandleVerifier [0x007B3D36+574774]
	Ordinal0 [0x006B1C0B+1973259]
	Ordinal0 [0x006B6688+1992328]
	Ordinal0 [0x006B6775+1992565]
	Ordinal0 [0x006BF8D1+2029777]
	BaseThreadInitThunk [0x7725FA29+25]
	RtlGetAppContainerNamedObjectPath [0x77777A9E+286]
	RtlGetAppContainerNamedObjectPath [0x77777A6E+238]

	at org.openqa.selenium.remote.W3CHandshakeResponse.lambda$errorHandler$0(W3CHandshakeResponse.java:62)
	at org.openqa.selenium.remote.HandshakeResponse.lambda$getResponseFunction$0(HandshakeResponse.java:30)
	at org.openqa.selenium.remote.ProtocolHandshake.lambda$createSession$0(ProtocolHandshake.java:126)
	at java.util.stream.ReferencePipeline$3$1.accept(ReferencePipeline.java:193)
	at java.util.Spliterators$ArraySpliterator.tryAdvance(Spliterators.java:958)
	at java.util.stream.ReferencePipeline.forEachWithCancel(ReferencePipeline.java:126)
	at java.util.stream.AbstractPipeline.copyIntoWithCancel(AbstractPipeline.java:499)
	at java.util.stream.AbstractPipeline.copyInto(AbstractPipeline.java:486)
	at java.util.stream.AbstractPipeline.wrapAndCopyInto(AbstractPipeline.java:472)
	at java.util.stream.FindOps$FindOp.evaluateSequential(FindOps.java:152)
	at java.util.stream.AbstractPipeline.evaluate(AbstractPipeline.java:234)
	at java.util.stream.ReferencePipeline.findFirst(ReferencePipeline.java:464)
	at org.openqa.selenium.remote.ProtocolHandshake.createSession(ProtocolHandshake.java:128)
	at org.openqa.selenium.remote.ProtocolHandshake.createSession(ProtocolHandshake.java:74)
	at org.openqa.selenium.remote.HttpCommandExecutor.execute(HttpCommandExecutor.java:136)
	at org.openqa.selenium.remote.service.DriverCommandExecutor.execute(DriverCommandExecutor.java:83)
	at org.openqa.selenium.remote.RemoteWebDriver.execute(RemoteWebDriver.java:552)
	at org.openqa.selenium.remote.RemoteWebDriver.startSession(RemoteWebDriver.java:213)
	at org.openqa.selenium.remote.RemoteWebDriver.&lt;init&gt;(RemoteWebDriver.java:131)
	at org.openqa.selenium.chrome.ChromeDriver.&lt;init&gt;(ChromeDriver.java:181)
	at org.openqa.selenium.chrome.ChromeDriver.&lt;init&gt;(ChromeDriver.java:168)
	at org.openqa.selenium.chrome.ChromeDriver.&lt;init&gt;(ChromeDriver.java:157)
	at com.webdriveruniversity.testcases.Base_Page_Test.Browser_Launch(Base_Page_Test.java:34)
... Removed 34 stack frames</div></td></tr></table><p class="totop"><a href="#summary">back to summary</a></p>
<h3 id="m1">com.webdriveruniversity.testcases.Ajax_Loader_Page_Test#Browser_Launch</h3><table class="result"><tr class="param"><th>Parameter #1</th></tr><tr class="param stripe"><td>Chrome</td></tr><tr><th>Exception</th></tr><tr><td><div class="stacktrace">org.openqa.selenium.SessionNotCreatedException: session not created: This version of ChromeDriver only supports Chrome version 101
Current browser version is 103.0.5060.66 with binary path C:\Users\sakka\AppData\Local\Google\Chrome\Application\chrome.exe
Build info: version: &apos;3.141.59&apos;, revision: &apos;e82be7d358&apos;, time: &apos;2018-11-14T08:17:03&apos;
System info: host: &apos;DESKTOP-NALDS22&apos;, ip: &apos;192.168.0.107&apos;, os.name: &apos;Windows 10&apos;, os.arch: &apos;amd64&apos;, os.version: &apos;10.0&apos;, java.version: &apos;1.8.0_333&apos;
Driver info: driver.version: ChromeDriver
remote stacktrace: Backtrace:
	Ordinal0 [0x0071B8F3+2406643]
	Ordinal0 [0x006AAF31+1945393]
	Ordinal0 [0x0059C748+837448]
	Ordinal0 [0x005BC8B3+968883]
	Ordinal0 [0x005B84BA+951482]
	Ordinal0 [0x005B5D71+941425]
	Ordinal0 [0x005E8EE0+1150688]
	Ordinal0 [0x005E8B3A+1149754]
	Ordinal0 [0x005E4096+1130646]
	Ordinal0 [0x005BE636+976438]
	Ordinal0 [0x005BF546+980294]
	GetHandleVerifier [0x00989612+2498066]
	GetHandleVerifier [0x0097C920+2445600]
	GetHandleVerifier [0x007B4F2A+579370]
	GetHandleVerifier [0x007B3D36+574774]
	Ordinal0 [0x006B1C0B+1973259]
	Ordinal0 [0x006B6688+1992328]
	Ordinal0 [0x006B6775+1992565]
	Ordinal0 [0x006BF8D1+2029777]
	BaseThreadInitThunk [0x7725FA29+25]
	RtlGetAppContainerNamedObjectPath [0x77777A9E+286]
	RtlGetAppContainerNamedObjectPath [0x77777A6E+238]

	at org.openqa.selenium.remote.W3CHandshakeResponse.lambda$errorHandler$0(W3CHandshakeResponse.java:62)
	at org.openqa.selenium.remote.HandshakeResponse.lambda$getResponseFunction$0(HandshakeResponse.java:30)
	at org.openqa.selenium.remote.ProtocolHandshake.lambda$createSession$0(ProtocolHandshake.java:126)
	at java.util.stream.ReferencePipeline$3$1.accept(ReferencePipeline.java:193)
	at java.util.Spliterators$ArraySpliterator.tryAdvance(Spliterators.java:958)
	at java.util.stream.ReferencePipeline.forEachWithCancel(ReferencePipeline.java:126)
	at java.util.stream.AbstractPipeline.copyIntoWithCancel(AbstractPipeline.java:499)
	at java.util.stream.AbstractPipeline.copyInto(AbstractPipeline.java:486)
	at java.util.stream.AbstractPipeline.wrapAndCopyInto(AbstractPipeline.java:472)
	at java.util.stream.FindOps$FindOp.evaluateSequential(FindOps.java:152)
	at java.util.stream.AbstractPipeline.evaluate(AbstractPipeline.java:234)
	at java.util.stream.ReferencePipeline.findFirst(ReferencePipeline.java:464)
	at org.openqa.selenium.remote.ProtocolHandshake.createSession(ProtocolHandshake.java:128)
	at org.openqa.selenium.remote.ProtocolHandshake.createSession(ProtocolHandshake.java:74)
	at org.openqa.selenium.remote.HttpCommandExecutor.execute(HttpCommandExecutor.java:136)
	at org.openqa.selenium.remote.service.DriverCommandExecutor.execute(DriverCommandExecutor.java:83)
	at org.openqa.selenium.remote.RemoteWebDriver.execute(RemoteWebDriver.java:552)
	at org.openqa.selenium.remote.RemoteWebDriver.startSession(RemoteWebDriver.java:213)
	at org.openqa.selenium.remote.RemoteWebDriver.&lt;init&gt;(RemoteWebDriver.java:131)
	at org.openqa.selenium.chrome.ChromeDriver.&lt;init&gt;(ChromeDriver.java:181)
	at org.openqa.selenium.chrome.ChromeDriver.&lt;init&gt;(ChromeDriver.java:168)
	at org.openqa.selenium.chrome.ChromeDriver.&lt;init&gt;(ChromeDriver.java:157)
	at com.webdriveruniversity.testcases.Base_Page_Test.Browser_Launch(Base_Page_Test.java:34)
... Removed 34 stack frames</div></td></tr></table><p class="totop"><a href="#summary">back to summary</a></p>
<h3 id="m2">com.webdriveruniversity.testcases.Buttons_Page_Test#Browser_Launch</h3><table class="result"><tr class="param"><th>Parameter #1</th></tr><tr class="param stripe"><td>Chrome</td></tr><tr><th>Exception</th></tr><tr><td><div class="stacktrace">org.openqa.selenium.SessionNotCreatedException: session not created: This version of ChromeDriver only supports Chrome version 101
Current browser version is 103.0.5060.66 with binary path C:\Users\sakka\AppData\Local\Google\Chrome\Application\chrome.exe
Build info: version: &apos;3.141.59&apos;, revision: &apos;e82be7d358&apos;, time: &apos;2018-11-14T08:17:03&apos;
System info: host: &apos;DESKTOP-NALDS22&apos;, ip: &apos;192.168.0.107&apos;, os.name: &apos;Windows 10&apos;, os.arch: &apos;amd64&apos;, os.version: &apos;10.0&apos;, java.version: &apos;1.8.0_333&apos;
Driver info: driver.version: ChromeDriver
remote stacktrace: Backtrace:
	Ordinal0 [0x0071B8F3+2406643]
	Ordinal0 [0x006AAF31+1945393]
	Ordinal0 [0x0059C748+837448]
	Ordinal0 [0x005BC8B3+968883]
	Ordinal0 [0x005B84BA+951482]
	Ordinal0 [0x005B5D71+941425]
	Ordinal0 [0x005E8EE0+1150688]
	Ordinal0 [0x005E8B3A+1149754]
	Ordinal0 [0x005E4096+1130646]
	Ordinal0 [0x005BE636+976438]
	Ordinal0 [0x005BF546+980294]
	GetHandleVerifier [0x00989612+2498066]
	GetHandleVerifier [0x0097C920+2445600]
	GetHandleVerifier [0x007B4F2A+579370]
	GetHandleVerifier [0x007B3D36+574774]
	Ordinal0 [0x006B1C0B+1973259]
	Ordinal0 [0x006B6688+1992328]
	Ordinal0 [0x006B6775+1992565]
	Ordinal0 [0x006BF8D1+2029777]
	BaseThreadInitThunk [0x7725FA29+25]
	RtlGetAppContainerNamedObjectPath [0x77777A9E+286]
	RtlGetAppContainerNamedObjectPath [0x77777A6E+238]

	at org.openqa.selenium.remote.W3CHandshakeResponse.lambda$errorHandler$0(W3CHandshakeResponse.java:62)
	at org.openqa.selenium.remote.HandshakeResponse.lambda$getResponseFunction$0(HandshakeResponse.java:30)
	at org.openqa.selenium.remote.ProtocolHandshake.lambda$createSession$0(ProtocolHandshake.java:126)
	at java.util.stream.ReferencePipeline$3$1.accept(ReferencePipeline.java:193)
	at java.util.Spliterators$ArraySpliterator.tryAdvance(Spliterators.java:958)
	at java.util.stream.ReferencePipeline.forEachWithCancel(ReferencePipeline.java:126)
	at java.util.stream.AbstractPipeline.copyIntoWithCancel(AbstractPipeline.java:499)
	at java.util.stream.AbstractPipeline.copyInto(AbstractPipeline.java:486)
	at java.util.stream.AbstractPipeline.wrapAndCopyInto(AbstractPipeline.java:472)
	at java.util.stream.FindOps$FindOp.evaluateSequential(FindOps.java:152)
	at java.util.stream.AbstractPipeline.evaluate(AbstractPipeline.java:234)
	at java.util.stream.ReferencePipeline.findFirst(ReferencePipeline.java:464)
	at org.openqa.selenium.remote.ProtocolHandshake.createSession(ProtocolHandshake.java:128)
	at org.openqa.selenium.remote.ProtocolHandshake.createSession(ProtocolHandshake.java:74)
	at org.openqa.selenium.remote.HttpCommandExecutor.execute(HttpCommandExecutor.java:136)
	at org.openqa.selenium.remote.service.DriverCommandExecutor.execute(DriverCommandExecutor.java:83)
	at org.openqa.selenium.remote.RemoteWebDriver.execute(RemoteWebDriver.java:552)
	at org.openqa.selenium.remote.RemoteWebDriver.startSession(RemoteWebDriver.java:213)
	at org.openqa.selenium.remote.RemoteWebDriver.&lt;init&gt;(RemoteWebDriver.java:131)
	at org.openqa.selenium.chrome.ChromeDriver.&lt;init&gt;(ChromeDriver.java:181)
	at org.openqa.selenium.chrome.ChromeDriver.&lt;init&gt;(ChromeDriver.java:168)
	at org.openqa.selenium.chrome.ChromeDriver.&lt;init&gt;(ChromeDriver.java:157)
	at com.webdriveruniversity.testcases.Base_Page_Test.Browser_Launch(Base_Page_Test.java:34)
... Removed 34 stack frames</div></td></tr></table><p class="totop"><a href="#summary">back to summary</a></p>
<h3 id="m3">com.webdriveruniversity.testcases.DCR_Page_Test#Browser_Launch</h3><table class="result"><tr class="param"><th>Parameter #1</th></tr><tr class="param stripe"><td>Chrome</td></tr><tr><th>Exception</th></tr><tr><td><div class="stacktrace">org.openqa.selenium.SessionNotCreatedException: session not created: This version of ChromeDriver only supports Chrome version 101
Current browser version is 103.0.5060.66 with binary path C:\Users\sakka\AppData\Local\Google\Chrome\Application\chrome.exe
Build info: version: &apos;3.141.59&apos;, revision: &apos;e82be7d358&apos;, time: &apos;2018-11-14T08:17:03&apos;
System info: host: &apos;DESKTOP-NALDS22&apos;, ip: &apos;192.168.0.107&apos;, os.name: &apos;Windows 10&apos;, os.arch: &apos;amd64&apos;, os.version: &apos;10.0&apos;, java.version: &apos;1.8.0_333&apos;
Driver info: driver.version: ChromeDriver
remote stacktrace: Backtrace:
	Ordinal0 [0x0071B8F3+2406643]
	Ordinal0 [0x006AAF31+1945393]
	Ordinal0 [0x0059C748+837448]
	Ordinal0 [0x005BC8B3+968883]
	Ordinal0 [0x005B84BA+951482]
	Ordinal0 [0x005B5D71+941425]
	Ordinal0 [0x005E8EE0+1150688]
	Ordinal0 [0x005E8B3A+1149754]
	Ordinal0 [0x005E4096+1130646]
	Ordinal0 [0x005BE636+976438]
	Ordinal0 [0x005BF546+980294]
	GetHandleVerifier [0x00989612+2498066]
	GetHandleVerifier [0x0097C920+2445600]
	GetHandleVerifier [0x007B4F2A+579370]
	GetHandleVerifier [0x007B3D36+574774]
	Ordinal0 [0x006B1C0B+1973259]
	Ordinal0 [0x006B6688+1992328]
	Ordinal0 [0x006B6775+1992565]
	Ordinal0 [0x006BF8D1+2029777]
	BaseThreadInitThunk [0x7725FA29+25]
	RtlGetAppContainerNamedObjectPath [0x77777A9E+286]
	RtlGetAppContainerNamedObjectPath [0x77777A6E+238]

	at org.openqa.selenium.remote.W3CHandshakeResponse.lambda$errorHandler$0(W3CHandshakeResponse.java:62)
	at org.openqa.selenium.remote.HandshakeResponse.lambda$getResponseFunction$0(HandshakeResponse.java:30)
	at org.openqa.selenium.remote.ProtocolHandshake.lambda$createSession$0(ProtocolHandshake.java:126)
	at java.util.stream.ReferencePipeline$3$1.accept(ReferencePipeline.java:193)
	at java.util.Spliterators$ArraySpliterator.tryAdvance(Spliterators.java:958)
	at java.util.stream.ReferencePipeline.forEachWithCancel(ReferencePipeline.java:126)
	at java.util.stream.AbstractPipeline.copyIntoWithCancel(AbstractPipeline.java:499)
	at java.util.stream.AbstractPipeline.copyInto(AbstractPipeline.java:486)
	at java.util.stream.AbstractPipeline.wrapAndCopyInto(AbstractPipeline.java:472)
	at java.util.stream.FindOps$FindOp.evaluateSequential(FindOps.java:152)
	at java.util.stream.AbstractPipeline.evaluate(AbstractPipeline.java:234)
	at java.util.stream.ReferencePipeline.findFirst(ReferencePipeline.java:464)
	at org.openqa.selenium.remote.ProtocolHandshake.createSession(ProtocolHandshake.java:128)
	at org.openqa.selenium.remote.ProtocolHandshake.createSession(ProtocolHandshake.java:74)
	at org.openqa.selenium.remote.HttpCommandExecutor.execute(HttpCommandExecutor.java:136)
	at org.openqa.selenium.remote.service.DriverCommandExecutor.execute(DriverCommandExecutor.java:83)
	at org.openqa.selenium.remote.RemoteWebDriver.execute(RemoteWebDriver.java:552)
	at org.openqa.selenium.remote.RemoteWebDriver.startSession(RemoteWebDriver.java:213)
	at org.openqa.selenium.remote.RemoteWebDriver.&lt;init&gt;(RemoteWebDriver.java:131)
	at org.openqa.selenium.chrome.ChromeDriver.&lt;init&gt;(ChromeDriver.java:181)
	at org.openqa.selenium.chrome.ChromeDriver.&lt;init&gt;(ChromeDriver.java:168)
	at org.openqa.selenium.chrome.ChromeDriver.&lt;init&gt;(ChromeDriver.java:157)
	at com.webdriveruniversity.testcases.Base_Page_Test.Browser_Launch(Base_Page_Test.java:34)
... Removed 34 stack frames</div></td></tr></table><p class="totop"><a href="#summary">back to summary</a></p>
<h3 id="m4">com.webdriveruniversity.testcases.Login_Page_Test#Browser_Launch</h3><table class="result"><tr class="param"><th>Parameter #1</th></tr><tr class="param stripe"><td>Chrome</td></tr><tr><th>Exception</th></tr><tr><td><div class="stacktrace">org.openqa.selenium.SessionNotCreatedException: session not created: This version of ChromeDriver only supports Chrome version 101
Current browser version is 103.0.5060.66 with binary path C:\Users\sakka\AppData\Local\Google\Chrome\Application\chrome.exe
Build info: version: &apos;3.141.59&apos;, revision: &apos;e82be7d358&apos;, time: &apos;2018-11-14T08:17:03&apos;
System info: host: &apos;DESKTOP-NALDS22&apos;, ip: &apos;192.168.0.107&apos;, os.name: &apos;Windows 10&apos;, os.arch: &apos;amd64&apos;, os.version: &apos;10.0&apos;, java.version: &apos;1.8.0_333&apos;
Driver info: driver.version: ChromeDriver
remote stacktrace: Backtrace:
	Ordinal0 [0x0071B8F3+2406643]
	Ordinal0 [0x006AAF31+1945393]
	Ordinal0 [0x0059C748+837448]
	Ordinal0 [0x005BC8B3+968883]
	Ordinal0 [0x005B84BA+951482]
	Ordinal0 [0x005B5D71+941425]
	Ordinal0 [0x005E8EE0+1150688]
	Ordinal0 [0x005E8B3A+1149754]
	Ordinal0 [0x005E4096+1130646]
	Ordinal0 [0x005BE636+976438]
	Ordinal0 [0x005BF546+980294]
	GetHandleVerifier [0x00989612+2498066]
	GetHandleVerifier [0x0097C920+2445600]
	GetHandleVerifier [0x007B4F2A+579370]
	GetHandleVerifier [0x007B3D36+574774]
	Ordinal0 [0x006B1C0B+1973259]
	Ordinal0 [0x006B6688+1992328]
	Ordinal0 [0x006B6775+1992565]
	Ordinal0 [0x006BF8D1+2029777]
	BaseThreadInitThunk [0x7725FA29+25]
	RtlGetAppContainerNamedObjectPath [0x77777A9E+286]
	RtlGetAppContainerNamedObjectPath [0x77777A6E+238]

	at org.openqa.selenium.remote.W3CHandshakeResponse.lambda$errorHandler$0(W3CHandshakeResponse.java:62)
	at org.openqa.selenium.remote.HandshakeResponse.lambda$getResponseFunction$0(HandshakeResponse.java:30)
	at org.openqa.selenium.remote.ProtocolHandshake.lambda$createSession$0(ProtocolHandshake.java:126)
	at java.util.stream.ReferencePipeline$3$1.accept(ReferencePipeline.java:193)
	at java.util.Spliterators$ArraySpliterator.tryAdvance(Spliterators.java:958)
	at java.util.stream.ReferencePipeline.forEachWithCancel(ReferencePipeline.java:126)
	at java.util.stream.AbstractPipeline.copyIntoWithCancel(AbstractPipeline.java:499)
	at java.util.stream.AbstractPipeline.copyInto(AbstractPipeline.java:486)
	at java.util.stream.AbstractPipeline.wrapAndCopyInto(AbstractPipeline.java:472)
	at java.util.stream.FindOps$FindOp.evaluateSequential(FindOps.java:152)
	at java.util.stream.AbstractPipeline.evaluate(AbstractPipeline.java:234)
	at java.util.stream.ReferencePipeline.findFirst(ReferencePipeline.java:464)
	at org.openqa.selenium.remote.ProtocolHandshake.createSession(ProtocolHandshake.java:128)
	at org.openqa.selenium.remote.ProtocolHandshake.createSession(ProtocolHandshake.java:74)
	at org.openqa.selenium.remote.HttpCommandExecutor.execute(HttpCommandExecutor.java:136)
	at org.openqa.selenium.remote.service.DriverCommandExecutor.execute(DriverCommandExecutor.java:83)
	at org.openqa.selenium.remote.RemoteWebDriver.execute(RemoteWebDriver.java:552)
	at org.openqa.selenium.remote.RemoteWebDriver.startSession(RemoteWebDriver.java:213)
	at org.openqa.selenium.remote.RemoteWebDriver.&lt;init&gt;(RemoteWebDriver.java:131)
	at org.openqa.selenium.chrome.ChromeDriver.&lt;init&gt;(ChromeDriver.java:181)
	at org.openqa.selenium.chrome.ChromeDriver.&lt;init&gt;(ChromeDriver.java:168)
	at org.openqa.selenium.chrome.ChromeDriver.&lt;init&gt;(ChromeDriver.java:157)
	at com.webdriveruniversity.testcases.Base_Page_Test.Browser_Launch(Base_Page_Test.java:34)
... Removed 34 stack frames</div></td></tr></table><p class="totop"><a href="#summary">back to summary</a></p>
<h3 id="m5">com.webdriveruniversity.testcases.Scrolling_Page_Test#Browser_Launch</h3><table class="result"><tr class="param"><th>Parameter #1</th></tr><tr class="param stripe"><td>Chrome</td></tr><tr><th>Exception</th></tr><tr><td><div class="stacktrace">org.openqa.selenium.SessionNotCreatedException: session not created: This version of ChromeDriver only supports Chrome version 101
Current browser version is 103.0.5060.66 with binary path C:\Users\sakka\AppData\Local\Google\Chrome\Application\chrome.exe
Build info: version: &apos;3.141.59&apos;, revision: &apos;e82be7d358&apos;, time: &apos;2018-11-14T08:17:03&apos;
System info: host: &apos;DESKTOP-NALDS22&apos;, ip: &apos;192.168.0.107&apos;, os.name: &apos;Windows 10&apos;, os.arch: &apos;amd64&apos;, os.version: &apos;10.0&apos;, java.version: &apos;1.8.0_333&apos;
Driver info: driver.version: ChromeDriver
remote stacktrace: Backtrace:
	Ordinal0 [0x0071B8F3+2406643]
	Ordinal0 [0x006AAF31+1945393]
	Ordinal0 [0x0059C748+837448]
	Ordinal0 [0x005BC8B3+968883]
	Ordinal0 [0x005B84BA+951482]
	Ordinal0 [0x005B5D71+941425]
	Ordinal0 [0x005E8EE0+1150688]
	Ordinal0 [0x005E8B3A+1149754]
	Ordinal0 [0x005E4096+1130646]
	Ordinal0 [0x005BE636+976438]
	Ordinal0 [0x005BF546+980294]
	GetHandleVerifier [0x00989612+2498066]
	GetHandleVerifier [0x0097C920+2445600]
	GetHandleVerifier [0x007B4F2A+579370]
	GetHandleVerifier [0x007B3D36+574774]
	Ordinal0 [0x006B1C0B+1973259]
	Ordinal0 [0x006B6688+1992328]
	Ordinal0 [0x006B6775+1992565]
	Ordinal0 [0x006BF8D1+2029777]
	BaseThreadInitThunk [0x7725FA29+25]
	RtlGetAppContainerNamedObjectPath [0x77777A9E+286]
	RtlGetAppContainerNamedObjectPath [0x77777A6E+238]

	at org.openqa.selenium.remote.W3CHandshakeResponse.lambda$errorHandler$0(W3CHandshakeResponse.java:62)
	at org.openqa.selenium.remote.HandshakeResponse.lambda$getResponseFunction$0(HandshakeResponse.java:30)
	at org.openqa.selenium.remote.ProtocolHandshake.lambda$createSession$0(ProtocolHandshake.java:126)
	at java.util.stream.ReferencePipeline$3$1.accept(ReferencePipeline.java:193)
	at java.util.Spliterators$ArraySpliterator.tryAdvance(Spliterators.java:958)
	at java.util.stream.ReferencePipeline.forEachWithCancel(ReferencePipeline.java:126)
	at java.util.stream.AbstractPipeline.copyIntoWithCancel(AbstractPipeline.java:499)
	at java.util.stream.AbstractPipeline.copyInto(AbstractPipeline.java:486)
	at java.util.stream.AbstractPipeline.wrapAndCopyInto(AbstractPipeline.java:472)
	at java.util.stream.FindOps$FindOp.evaluateSequential(FindOps.java:152)
	at java.util.stream.AbstractPipeline.evaluate(AbstractPipeline.java:234)
	at java.util.stream.ReferencePipeline.findFirst(ReferencePipeline.java:464)
	at org.openqa.selenium.remote.ProtocolHandshake.createSession(ProtocolHandshake.java:128)
	at org.openqa.selenium.remote.ProtocolHandshake.createSession(ProtocolHandshake.java:74)
	at org.openqa.selenium.remote.HttpCommandExecutor.execute(HttpCommandExecutor.java:136)
	at org.openqa.selenium.remote.service.DriverCommandExecutor.execute(DriverCommandExecutor.java:83)
	at org.openqa.selenium.remote.RemoteWebDriver.execute(RemoteWebDriver.java:552)
	at org.openqa.selenium.remote.RemoteWebDriver.startSession(RemoteWebDriver.java:213)
	at org.openqa.selenium.remote.RemoteWebDriver.&lt;init&gt;(RemoteWebDriver.java:131)
	at org.openqa.selenium.chrome.ChromeDriver.&lt;init&gt;(ChromeDriver.java:181)
	at org.openqa.selenium.chrome.ChromeDriver.&lt;init&gt;(ChromeDriver.java:168)
	at org.openqa.selenium.chrome.ChromeDriver.&lt;init&gt;(ChromeDriver.java:157)
	at com.webdriveruniversity.testcases.Base_Page_Test.Browser_Launch(Base_Page_Test.java:34)
... Removed 34 stack frames</div></td></tr></table><p class="totop"><a href="#summary">back to summary</a></p>
<h3 id="m6">com.webdriveruniversity.testcases.To_do_List_Test#Browser_Launch</h3><table class="result"><tr class="param"><th>Parameter #1</th></tr><tr class="param stripe"><td>Chrome</td></tr><tr><th>Exception</th></tr><tr><td><div class="stacktrace">org.openqa.selenium.SessionNotCreatedException: session not created: This version of ChromeDriver only supports Chrome version 101
Current browser version is 103.0.5060.66 with binary path C:\Users\sakka\AppData\Local\Google\Chrome\Application\chrome.exe
Build info: version: &apos;3.141.59&apos;, revision: &apos;e82be7d358&apos;, time: &apos;2018-11-14T08:17:03&apos;
System info: host: &apos;DESKTOP-NALDS22&apos;, ip: &apos;192.168.0.107&apos;, os.name: &apos;Windows 10&apos;, os.arch: &apos;amd64&apos;, os.version: &apos;10.0&apos;, java.version: &apos;1.8.0_333&apos;
Driver info: driver.version: ChromeDriver
remote stacktrace: Backtrace:
	Ordinal0 [0x0071B8F3+2406643]
	Ordinal0 [0x006AAF31+1945393]
	Ordinal0 [0x0059C748+837448]
	Ordinal0 [0x005BC8B3+968883]
	Ordinal0 [0x005B84BA+951482]
	Ordinal0 [0x005B5D71+941425]
	Ordinal0 [0x005E8EE0+1150688]
	Ordinal0 [0x005E8B3A+1149754]
	Ordinal0 [0x005E4096+1130646]
	Ordinal0 [0x005BE636+976438]
	Ordinal0 [0x005BF546+980294]
	GetHandleVerifier [0x00989612+2498066]
	GetHandleVerifier [0x0097C920+2445600]
	GetHandleVerifier [0x007B4F2A+579370]
	GetHandleVerifier [0x007B3D36+574774]
	Ordinal0 [0x006B1C0B+1973259]
	Ordinal0 [0x006B6688+1992328]
	Ordinal0 [0x006B6775+1992565]
	Ordinal0 [0x006BF8D1+2029777]
	BaseThreadInitThunk [0x7725FA29+25]
	RtlGetAppContainerNamedObjectPath [0x77777A9E+286]
	RtlGetAppContainerNamedObjectPath [0x77777A6E+238]

	at org.openqa.selenium.remote.W3CHandshakeResponse.lambda$errorHandler$0(W3CHandshakeResponse.java:62)
	at org.openqa.selenium.remote.HandshakeResponse.lambda$getResponseFunction$0(HandshakeResponse.java:30)
	at org.openqa.selenium.remote.ProtocolHandshake.lambda$createSession$0(ProtocolHandshake.java:126)
	at java.util.stream.ReferencePipeline$3$1.accept(ReferencePipeline.java:193)
	at java.util.Spliterators$ArraySpliterator.tryAdvance(Spliterators.java:958)
	at java.util.stream.ReferencePipeline.forEachWithCancel(ReferencePipeline.java:126)
	at java.util.stream.AbstractPipeline.copyIntoWithCancel(AbstractPipeline.java:499)
	at java.util.stream.AbstractPipeline.copyInto(AbstractPipeline.java:486)
	at java.util.stream.AbstractPipeline.wrapAndCopyInto(AbstractPipeline.java:472)
	at java.util.stream.FindOps$FindOp.evaluateSequential(FindOps.java:152)
	at java.util.stream.AbstractPipeline.evaluate(AbstractPipeline.java:234)
	at java.util.stream.ReferencePipeline.findFirst(ReferencePipeline.java:464)
	at org.openqa.selenium.remote.ProtocolHandshake.createSession(ProtocolHandshake.java:128)
	at org.openqa.selenium.remote.ProtocolHandshake.createSession(ProtocolHandshake.java:74)
	at org.openqa.selenium.remote.HttpCommandExecutor.execute(HttpCommandExecutor.java:136)
	at org.openqa.selenium.remote.service.DriverCommandExecutor.execute(DriverCommandExecutor.java:83)
	at org.openqa.selenium.remote.RemoteWebDriver.execute(RemoteWebDriver.java:552)
	at org.openqa.selenium.remote.RemoteWebDriver.startSession(RemoteWebDriver.java:213)
	at org.openqa.selenium.remote.RemoteWebDriver.&lt;init&gt;(RemoteWebDriver.java:131)
	at org.openqa.selenium.chrome.ChromeDriver.&lt;init&gt;(ChromeDriver.java:181)
	at org.openqa.selenium.chrome.ChromeDriver.&lt;init&gt;(ChromeDriver.java:168)
	at org.openqa.selenium.chrome.ChromeDriver.&lt;init&gt;(ChromeDriver.java:157)
	at com.webdriveruniversity.testcases.Base_Page_Test.Browser_Launch(Base_Page_Test.java:34)
... Removed 34 stack frames</div></td></tr></table><p class="totop"><a href="#summary">back to summary</a></p>
<h3 id="m7">com.webdriveruniversity.testcases.Actions_Page_Test#Browser_Close</h3><table class="result"><tr><th class="invisible"/></tr></table><p class="totop"><a href="#summary">back to summary</a></p>
<h3 id="m8">com.webdriveruniversity.testcases.Ajax_Loader_Page_Test#Browser_Close</h3><table class="result"><tr><th class="invisible"/></tr></table><p class="totop"><a href="#summary">back to summary</a></p>
<h3 id="m9">com.webdriveruniversity.testcases.Buttons_Page_Test#Browser_Close</h3><table class="result"><tr><th class="invisible"/></tr></table><p class="totop"><a href="#summary">back to summary</a></p>
<h3 id="m10">com.webdriveruniversity.testcases.DCR_Page_Test#Browser_Close</h3><table class="result"><tr><th class="invisible"/></tr></table><p class="totop"><a href="#summary">back to summary</a></p>
<h3 id="m11">com.webdriveruniversity.testcases.Login_Page_Test#Browser_Close</h3><table class="result"><tr><th class="invisible"/></tr></table><p class="totop"><a href="#summary">back to summary</a></p>
<h3 id="m12">com.webdriveruniversity.testcases.Scrolling_Page_Test#Browser_Close</h3><table class="result"><tr><th class="invisible"/></tr></table><p class="totop"><a href="#summary">back to summary</a></p>
<h3 id="m13">com.webdriveruniversity.testcases.To_do_List_Test#Browser_Close</h3><table class="result"><tr><th class="invisible"/></tr></table><p class="totop"><a href="#summary">back to summary</a></p>
<h3 id="m14">com.webdriveruniversity.testcases.Actions_Page_Test#Test_Case_030</h3><table class="result"><tr><th>Exception</th></tr><tr><td><div class="stacktrace">org.openqa.selenium.SessionNotCreatedException: session not created: This version of ChromeDriver only supports Chrome version 101
Current browser version is 103.0.5060.66 with binary path C:\Users\sakka\AppData\Local\Google\Chrome\Application\chrome.exe
Build info: version: &apos;3.141.59&apos;, revision: &apos;e82be7d358&apos;, time: &apos;2018-11-14T08:17:03&apos;
System info: host: &apos;DESKTOP-NALDS22&apos;, ip: &apos;192.168.0.107&apos;, os.name: &apos;Windows 10&apos;, os.arch: &apos;amd64&apos;, os.version: &apos;10.0&apos;, java.version: &apos;1.8.0_333&apos;
Driver info: driver.version: ChromeDriver
remote stacktrace: Backtrace:
	Ordinal0 [0x0071B8F3+2406643]
	Ordinal0 [0x006AAF31+1945393]
	Ordinal0 [0x0059C748+837448]
	Ordinal0 [0x005BC8B3+968883]
	Ordinal0 [0x005B84BA+951482]
	Ordinal0 [0x005B5D71+941425]
	Ordinal0 [0x005E8EE0+1150688]
	Ordinal0 [0x005E8B3A+1149754]
	Ordinal0 [0x005E4096+1130646]
	Ordinal0 [0x005BE636+976438]
	Ordinal0 [0x005BF546+980294]
	GetHandleVerifier [0x00989612+2498066]
	GetHandleVerifier [0x0097C920+2445600]
	GetHandleVerifier [0x007B4F2A+579370]
	GetHandleVerifier [0x007B3D36+574774]
	Ordinal0 [0x006B1C0B+1973259]
	Ordinal0 [0x006B6688+1992328]
	Ordinal0 [0x006B6775+1992565]
	Ordinal0 [0x006BF8D1+2029777]
	BaseThreadInitThunk [0x7725FA29+25]
	RtlGetAppContainerNamedObjectPath [0x77777A9E+286]
	RtlGetAppContainerNamedObjectPath [0x77777A6E+238]

	at org.openqa.selenium.remote.W3CHandshakeResponse.lambda$errorHandler$0(W3CHandshakeResponse.java:62)
	at org.openqa.selenium.remote.HandshakeResponse.lambda$getResponseFunction$0(HandshakeResponse.java:30)
	at org.openqa.selenium.remote.ProtocolHandshake.lambda$createSession$0(ProtocolHandshake.java:126)
	at java.util.stream.ReferencePipeline$3$1.accept(ReferencePipeline.java:193)
	at java.util.Spliterators$ArraySpliterator.tryAdvance(Spliterators.java:958)
	at java.util.stream.ReferencePipeline.forEachWithCancel(ReferencePipeline.java:126)
	at java.util.stream.AbstractPipeline.copyIntoWithCancel(AbstractPipeline.java:499)
	at java.util.stream.AbstractPipeline.copyInto(AbstractPipeline.java:486)
	at java.util.stream.AbstractPipeline.wrapAndCopyInto(AbstractPipeline.java:472)
	at java.util.stream.FindOps$FindOp.evaluateSequential(FindOps.java:152)
	at java.util.stream.AbstractPipeline.evaluate(AbstractPipeline.java:234)
	at java.util.stream.ReferencePipeline.findFirst(ReferencePipeline.java:464)
	at org.openqa.selenium.remote.ProtocolHandshake.createSession(ProtocolHandshake.java:128)
	at org.openqa.selenium.remote.ProtocolHandshake.createSession(ProtocolHandshake.java:74)
	at org.openqa.selenium.remote.HttpCommandExecutor.execute(HttpCommandExecutor.java:136)
	at org.openqa.selenium.remote.service.DriverCommandExecutor.execute(DriverCommandExecutor.java:83)
	at org.openqa.selenium.remote.RemoteWebDriver.execute(RemoteWebDriver.java:552)
	at org.openqa.selenium.remote.RemoteWebDriver.startSession(RemoteWebDriver.java:213)
	at org.openqa.selenium.remote.RemoteWebDriver.&lt;init&gt;(RemoteWebDriver.java:131)
	at org.openqa.selenium.chrome.ChromeDriver.&lt;init&gt;(ChromeDriver.java:181)
	at org.openqa.selenium.chrome.ChromeDriver.&lt;init&gt;(ChromeDriver.java:168)
	at org.openqa.selenium.chrome.ChromeDriver.&lt;init&gt;(ChromeDriver.java:157)
	at com.webdriveruniversity.testcases.Base_Page_Test.Browser_Launch(Base_Page_Test.java:34)
... Removed 34 stack frames</div></td></tr></table><p class="totop"><a href="#summary">back to summary</a></p>
<h3 id="m15">com.webdriveruniversity.testcases.Actions_Page_Test#Test_Case_031</h3><table class="result"><tr><th>Exception</th></tr><tr><td><div class="stacktrace">org.openqa.selenium.SessionNotCreatedException: session not created: This version of ChromeDriver only supports Chrome version 101
Current browser version is 103.0.5060.66 with binary path C:\Users\sakka\AppData\Local\Google\Chrome\Application\chrome.exe
Build info: version: &apos;3.141.59&apos;, revision: &apos;e82be7d358&apos;, time: &apos;2018-11-14T08:17:03&apos;
System info: host: &apos;DESKTOP-NALDS22&apos;, ip: &apos;192.168.0.107&apos;, os.name: &apos;Windows 10&apos;, os.arch: &apos;amd64&apos;, os.version: &apos;10.0&apos;, java.version: &apos;1.8.0_333&apos;
Driver info: driver.version: ChromeDriver
remote stacktrace: Backtrace:
	Ordinal0 [0x0071B8F3+2406643]
	Ordinal0 [0x006AAF31+1945393]
	Ordinal0 [0x0059C748+837448]
	Ordinal0 [0x005BC8B3+968883]
	Ordinal0 [0x005B84BA+951482]
	Ordinal0 [0x005B5D71+941425]
	Ordinal0 [0x005E8EE0+1150688]
	Ordinal0 [0x005E8B3A+1149754]
	Ordinal0 [0x005E4096+1130646]
	Ordinal0 [0x005BE636+976438]
	Ordinal0 [0x005BF546+980294]
	GetHandleVerifier [0x00989612+2498066]
	GetHandleVerifier [0x0097C920+2445600]
	GetHandleVerifier [0x007B4F2A+579370]
	GetHandleVerifier [0x007B3D36+574774]
	Ordinal0 [0x006B1C0B+1973259]
	Ordinal0 [0x006B6688+1992328]
	Ordinal0 [0x006B6775+1992565]
	Ordinal0 [0x006BF8D1+2029777]
	BaseThreadInitThunk [0x7725FA29+25]
	RtlGetAppContainerNamedObjectPath [0x77777A9E+286]
	RtlGetAppContainerNamedObjectPath [0x77777A6E+238]

	at org.openqa.selenium.remote.W3CHandshakeResponse.lambda$errorHandler$0(W3CHandshakeResponse.java:62)
	at org.openqa.selenium.remote.HandshakeResponse.lambda$getResponseFunction$0(HandshakeResponse.java:30)
	at org.openqa.selenium.remote.ProtocolHandshake.lambda$createSession$0(ProtocolHandshake.java:126)
	at java.util.stream.ReferencePipeline$3$1.accept(ReferencePipeline.java:193)
	at java.util.Spliterators$ArraySpliterator.tryAdvance(Spliterators.java:958)
	at java.util.stream.ReferencePipeline.forEachWithCancel(ReferencePipeline.java:126)
	at java.util.stream.AbstractPipeline.copyIntoWithCancel(AbstractPipeline.java:499)
	at java.util.stream.AbstractPipeline.copyInto(AbstractPipeline.java:486)
	at java.util.stream.AbstractPipeline.wrapAndCopyInto(AbstractPipeline.java:472)
	at java.util.stream.FindOps$FindOp.evaluateSequential(FindOps.java:152)
	at java.util.stream.AbstractPipeline.evaluate(AbstractPipeline.java:234)
	at java.util.stream.ReferencePipeline.findFirst(ReferencePipeline.java:464)
	at org.openqa.selenium.remote.ProtocolHandshake.createSession(ProtocolHandshake.java:128)
	at org.openqa.selenium.remote.ProtocolHandshake.createSession(ProtocolHandshake.java:74)
	at org.openqa.selenium.remote.HttpCommandExecutor.execute(HttpCommandExecutor.java:136)
	at org.openqa.selenium.remote.service.DriverCommandExecutor.execute(DriverCommandExecutor.java:83)
	at org.openqa.selenium.remote.RemoteWebDriver.execute(RemoteWebDriver.java:552)
	at org.openqa.selenium.remote.RemoteWebDriver.startSession(RemoteWebDriver.java:213)
	at org.openqa.selenium.remote.RemoteWebDriver.&lt;init&gt;(RemoteWebDriver.java:131)
	at org.openqa.selenium.chrome.ChromeDriver.&lt;init&gt;(ChromeDriver.java:181)
	at org.openqa.selenium.chrome.ChromeDriver.&lt;init&gt;(ChromeDriver.java:168)
	at org.openqa.selenium.chrome.ChromeDriver.&lt;init&gt;(ChromeDriver.java:157)
	at com.webdriveruniversity.testcases.Base_Page_Test.Browser_Launch(Base_Page_Test.java:34)
... Removed 34 stack frames</div></td></tr></table><p class="totop"><a href="#summary">back to summary</a></p>
<h3 id="m16">com.webdriveruniversity.testcases.Actions_Page_Test#Test_Case_032</h3><table class="result"><tr><th>Exception</th></tr><tr><td><div class="stacktrace">org.openqa.selenium.SessionNotCreatedException: session not created: This version of ChromeDriver only supports Chrome version 101
Current browser version is 103.0.5060.66 with binary path C:\Users\sakka\AppData\Local\Google\Chrome\Application\chrome.exe
Build info: version: &apos;3.141.59&apos;, revision: &apos;e82be7d358&apos;, time: &apos;2018-11-14T08:17:03&apos;
System info: host: &apos;DESKTOP-NALDS22&apos;, ip: &apos;192.168.0.107&apos;, os.name: &apos;Windows 10&apos;, os.arch: &apos;amd64&apos;, os.version: &apos;10.0&apos;, java.version: &apos;1.8.0_333&apos;
Driver info: driver.version: ChromeDriver
remote stacktrace: Backtrace:
	Ordinal0 [0x0071B8F3+2406643]
	Ordinal0 [0x006AAF31+1945393]
	Ordinal0 [0x0059C748+837448]
	Ordinal0 [0x005BC8B3+968883]
	Ordinal0 [0x005B84BA+951482]
	Ordinal0 [0x005B5D71+941425]
	Ordinal0 [0x005E8EE0+1150688]
	Ordinal0 [0x005E8B3A+1149754]
	Ordinal0 [0x005E4096+1130646]
	Ordinal0 [0x005BE636+976438]
	Ordinal0 [0x005BF546+980294]
	GetHandleVerifier [0x00989612+2498066]
	GetHandleVerifier [0x0097C920+2445600]
	GetHandleVerifier [0x007B4F2A+579370]
	GetHandleVerifier [0x007B3D36+574774]
	Ordinal0 [0x006B1C0B+1973259]
	Ordinal0 [0x006B6688+1992328]
	Ordinal0 [0x006B6775+1992565]
	Ordinal0 [0x006BF8D1+2029777]
	BaseThreadInitThunk [0x7725FA29+25]
	RtlGetAppContainerNamedObjectPath [0x77777A9E+286]
	RtlGetAppContainerNamedObjectPath [0x77777A6E+238]

	at org.openqa.selenium.remote.W3CHandshakeResponse.lambda$errorHandler$0(W3CHandshakeResponse.java:62)
	at org.openqa.selenium.remote.HandshakeResponse.lambda$getResponseFunction$0(HandshakeResponse.java:30)
	at org.openqa.selenium.remote.ProtocolHandshake.lambda$createSession$0(ProtocolHandshake.java:126)
	at java.util.stream.ReferencePipeline$3$1.accept(ReferencePipeline.java:193)
	at java.util.Spliterators$ArraySpliterator.tryAdvance(Spliterators.java:958)
	at java.util.stream.ReferencePipeline.forEachWithCancel(ReferencePipeline.java:126)
	at java.util.stream.AbstractPipeline.copyIntoWithCancel(AbstractPipeline.java:499)
	at java.util.stream.AbstractPipeline.copyInto(AbstractPipeline.java:486)
	at java.util.stream.AbstractPipeline.wrapAndCopyInto(AbstractPipeline.java:472)
	at java.util.stream.FindOps$FindOp.evaluateSequential(FindOps.java:152)
	at java.util.stream.AbstractPipeline.evaluate(AbstractPipeline.java:234)
	at java.util.stream.ReferencePipeline.findFirst(ReferencePipeline.java:464)
	at org.openqa.selenium.remote.ProtocolHandshake.createSession(ProtocolHandshake.java:128)
	at org.openqa.selenium.remote.ProtocolHandshake.createSession(ProtocolHandshake.java:74)
	at org.openqa.selenium.remote.HttpCommandExecutor.execute(HttpCommandExecutor.java:136)
	at org.openqa.selenium.remote.service.DriverCommandExecutor.execute(DriverCommandExecutor.java:83)
	at org.openqa.selenium.remote.RemoteWebDriver.execute(RemoteWebDriver.java:552)
	at org.openqa.selenium.remote.RemoteWebDriver.startSession(RemoteWebDriver.java:213)
	at org.openqa.selenium.remote.RemoteWebDriver.&lt;init&gt;(RemoteWebDriver.java:131)
	at org.openqa.selenium.chrome.ChromeDriver.&lt;init&gt;(ChromeDriver.java:181)
	at org.openqa.selenium.chrome.ChromeDriver.&lt;init&gt;(ChromeDriver.java:168)
	at org.openqa.selenium.chrome.ChromeDriver.&lt;init&gt;(ChromeDriver.java:157)
	at com.webdriveruniversity.testcases.Base_Page_Test.Browser_Launch(Base_Page_Test.java:34)
... Removed 34 stack frames</div></td></tr></table><p class="totop"><a href="#summary">back to summary</a></p>
<h3 id="m17">com.webdriveruniversity.testcases.Actions_Page_Test#Test_Case_033</h3><table class="result"><tr><th>Exception</th></tr><tr><td><div class="stacktrace">org.openqa.selenium.SessionNotCreatedException: session not created: This version of ChromeDriver only supports Chrome version 101
Current browser version is 103.0.5060.66 with binary path C:\Users\sakka\AppData\Local\Google\Chrome\Application\chrome.exe
Build info: version: &apos;3.141.59&apos;, revision: &apos;e82be7d358&apos;, time: &apos;2018-11-14T08:17:03&apos;
System info: host: &apos;DESKTOP-NALDS22&apos;, ip: &apos;192.168.0.107&apos;, os.name: &apos;Windows 10&apos;, os.arch: &apos;amd64&apos;, os.version: &apos;10.0&apos;, java.version: &apos;1.8.0_333&apos;
Driver info: driver.version: ChromeDriver
remote stacktrace: Backtrace:
	Ordinal0 [0x0071B8F3+2406643]
	Ordinal0 [0x006AAF31+1945393]
	Ordinal0 [0x0059C748+837448]
	Ordinal0 [0x005BC8B3+968883]
	Ordinal0 [0x005B84BA+951482]
	Ordinal0 [0x005B5D71+941425]
	Ordinal0 [0x005E8EE0+1150688]
	Ordinal0 [0x005E8B3A+1149754]
	Ordinal0 [0x005E4096+1130646]
	Ordinal0 [0x005BE636+976438]
	Ordinal0 [0x005BF546+980294]
	GetHandleVerifier [0x00989612+2498066]
	GetHandleVerifier [0x0097C920+2445600]
	GetHandleVerifier [0x007B4F2A+579370]
	GetHandleVerifier [0x007B3D36+574774]
	Ordinal0 [0x006B1C0B+1973259]
	Ordinal0 [0x006B6688+1992328]
	Ordinal0 [0x006B6775+1992565]
	Ordinal0 [0x006BF8D1+2029777]
	BaseThreadInitThunk [0x7725FA29+25]
	RtlGetAppContainerNamedObjectPath [0x77777A9E+286]
	RtlGetAppContainerNamedObjectPath [0x77777A6E+238]

	at org.openqa.selenium.remote.W3CHandshakeResponse.lambda$errorHandler$0(W3CHandshakeResponse.java:62)
	at org.openqa.selenium.remote.HandshakeResponse.lambda$getResponseFunction$0(HandshakeResponse.java:30)
	at org.openqa.selenium.remote.ProtocolHandshake.lambda$createSession$0(ProtocolHandshake.java:126)
	at java.util.stream.ReferencePipeline$3$1.accept(ReferencePipeline.java:193)
	at java.util.Spliterators$ArraySpliterator.tryAdvance(Spliterators.java:958)
	at java.util.stream.ReferencePipeline.forEachWithCancel(ReferencePipeline.java:126)
	at java.util.stream.AbstractPipeline.copyIntoWithCancel(AbstractPipeline.java:499)
	at java.util.stream.AbstractPipeline.copyInto(AbstractPipeline.java:486)
	at java.util.stream.AbstractPipeline.wrapAndCopyInto(AbstractPipeline.java:472)
	at java.util.stream.FindOps$FindOp.evaluateSequential(FindOps.java:152)
	at java.util.stream.AbstractPipeline.evaluate(AbstractPipeline.java:234)
	at java.util.stream.ReferencePipeline.findFirst(ReferencePipeline.java:464)
	at org.openqa.selenium.remote.ProtocolHandshake.createSession(ProtocolHandshake.java:128)
	at org.openqa.selenium.remote.ProtocolHandshake.createSession(ProtocolHandshake.java:74)
	at org.openqa.selenium.remote.HttpCommandExecutor.execute(HttpCommandExecutor.java:136)
	at org.openqa.selenium.remote.service.DriverCommandExecutor.execute(DriverCommandExecutor.java:83)
	at org.openqa.selenium.remote.RemoteWebDriver.execute(RemoteWebDriver.java:552)
	at org.openqa.selenium.remote.RemoteWebDriver.startSession(RemoteWebDriver.java:213)
	at org.openqa.selenium.remote.RemoteWebDriver.&lt;init&gt;(RemoteWebDriver.java:131)
	at org.openqa.selenium.chrome.ChromeDriver.&lt;init&gt;(ChromeDriver.java:181)
	at org.openqa.selenium.chrome.ChromeDriver.&lt;init&gt;(ChromeDriver.java:168)
	at org.openqa.selenium.chrome.ChromeDriver.&lt;init&gt;(ChromeDriver.java:157)
	at com.webdriveruniversity.testcases.Base_Page_Test.Browser_Launch(Base_Page_Test.java:34)
... Removed 34 stack frames</div></td></tr></table><p class="totop"><a href="#summary">back to summary</a></p>
<h3 id="m18">com.webdriveruniversity.testcases.Actions_Page_Test#Test_Case_034</h3><table class="result"><tr><th>Exception</th></tr><tr><td><div class="stacktrace">org.openqa.selenium.SessionNotCreatedException: session not created: This version of ChromeDriver only supports Chrome version 101
Current browser version is 103.0.5060.66 with binary path C:\Users\sakka\AppData\Local\Google\Chrome\Application\chrome.exe
Build info: version: &apos;3.141.59&apos;, revision: &apos;e82be7d358&apos;, time: &apos;2018-11-14T08:17:03&apos;
System info: host: &apos;DESKTOP-NALDS22&apos;, ip: &apos;192.168.0.107&apos;, os.name: &apos;Windows 10&apos;, os.arch: &apos;amd64&apos;, os.version: &apos;10.0&apos;, java.version: &apos;1.8.0_333&apos;
Driver info: driver.version: ChromeDriver
remote stacktrace: Backtrace:
	Ordinal0 [0x0071B8F3+2406643]
	Ordinal0 [0x006AAF31+1945393]
	Ordinal0 [0x0059C748+837448]
	Ordinal0 [0x005BC8B3+968883]
	Ordinal0 [0x005B84BA+951482]
	Ordinal0 [0x005B5D71+941425]
	Ordinal0 [0x005E8EE0+1150688]
	Ordinal0 [0x005E8B3A+1149754]
	Ordinal0 [0x005E4096+1130646]
	Ordinal0 [0x005BE636+976438]
	Ordinal0 [0x005BF546+980294]
	GetHandleVerifier [0x00989612+2498066]
	GetHandleVerifier [0x0097C920+2445600]
	GetHandleVerifier [0x007B4F2A+579370]
	GetHandleVerifier [0x007B3D36+574774]
	Ordinal0 [0x006B1C0B+1973259]
	Ordinal0 [0x006B6688+1992328]
	Ordinal0 [0x006B6775+1992565]
	Ordinal0 [0x006BF8D1+2029777]
	BaseThreadInitThunk [0x7725FA29+25]
	RtlGetAppContainerNamedObjectPath [0x77777A9E+286]
	RtlGetAppContainerNamedObjectPath [0x77777A6E+238]

	at org.openqa.selenium.remote.W3CHandshakeResponse.lambda$errorHandler$0(W3CHandshakeResponse.java:62)
	at org.openqa.selenium.remote.HandshakeResponse.lambda$getResponseFunction$0(HandshakeResponse.java:30)
	at org.openqa.selenium.remote.ProtocolHandshake.lambda$createSession$0(ProtocolHandshake.java:126)
	at java.util.stream.ReferencePipeline$3$1.accept(ReferencePipeline.java:193)
	at java.util.Spliterators$ArraySpliterator.tryAdvance(Spliterators.java:958)
	at java.util.stream.ReferencePipeline.forEachWithCancel(ReferencePipeline.java:126)
	at java.util.stream.AbstractPipeline.copyIntoWithCancel(AbstractPipeline.java:499)
	at java.util.stream.AbstractPipeline.copyInto(AbstractPipeline.java:486)
	at java.util.stream.AbstractPipeline.wrapAndCopyInto(AbstractPipeline.java:472)
	at java.util.stream.FindOps$FindOp.evaluateSequential(FindOps.java:152)
	at java.util.stream.AbstractPipeline.evaluate(AbstractPipeline.java:234)
	at java.util.stream.ReferencePipeline.findFirst(ReferencePipeline.java:464)
	at org.openqa.selenium.remote.ProtocolHandshake.createSession(ProtocolHandshake.java:128)
	at org.openqa.selenium.remote.ProtocolHandshake.createSession(ProtocolHandshake.java:74)
	at org.openqa.selenium.remote.HttpCommandExecutor.execute(HttpCommandExecutor.java:136)
	at org.openqa.selenium.remote.service.DriverCommandExecutor.execute(DriverCommandExecutor.java:83)
	at org.openqa.selenium.remote.RemoteWebDriver.execute(RemoteWebDriver.java:552)
	at org.openqa.selenium.remote.RemoteWebDriver.startSession(RemoteWebDriver.java:213)
	at org.openqa.selenium.remote.RemoteWebDriver.&lt;init&gt;(RemoteWebDriver.java:131)
	at org.openqa.selenium.chrome.ChromeDriver.&lt;init&gt;(ChromeDriver.java:181)
	at org.openqa.selenium.chrome.ChromeDriver.&lt;init&gt;(ChromeDriver.java:168)
	at org.openqa.selenium.chrome.ChromeDriver.&lt;init&gt;(ChromeDriver.java:157)
	at com.webdriveruniversity.testcases.Base_Page_Test.Browser_Launch(Base_Page_Test.java:34)
... Removed 34 stack frames</div></td></tr></table><p class="totop"><a href="#summary">back to summary</a></p>
<h3 id="m19">com.webdriveruniversity.testcases.Actions_Page_Test#Test_Case_035</h3><table class="result"><tr><th>Exception</th></tr><tr><td><div class="stacktrace">org.openqa.selenium.SessionNotCreatedException: session not created: This version of ChromeDriver only supports Chrome version 101
Current browser version is 103.0.5060.66 with binary path C:\Users\sakka\AppData\Local\Google\Chrome\Application\chrome.exe
Build info: version: &apos;3.141.59&apos;, revision: &apos;e82be7d358&apos;, time: &apos;2018-11-14T08:17:03&apos;
System info: host: &apos;DESKTOP-NALDS22&apos;, ip: &apos;192.168.0.107&apos;, os.name: &apos;Windows 10&apos;, os.arch: &apos;amd64&apos;, os.version: &apos;10.0&apos;, java.version: &apos;1.8.0_333&apos;
Driver info: driver.version: ChromeDriver
remote stacktrace: Backtrace:
	Ordinal0 [0x0071B8F3+2406643]
	Ordinal0 [0x006AAF31+1945393]
	Ordinal0 [0x0059C748+837448]
	Ordinal0 [0x005BC8B3+968883]
	Ordinal0 [0x005B84BA+951482]
	Ordinal0 [0x005B5D71+941425]
	Ordinal0 [0x005E8EE0+1150688]
	Ordinal0 [0x005E8B3A+1149754]
	Ordinal0 [0x005E4096+1130646]
	Ordinal0 [0x005BE636+976438]
	Ordinal0 [0x005BF546+980294]
	GetHandleVerifier [0x00989612+2498066]
	GetHandleVerifier [0x0097C920+2445600]
	GetHandleVerifier [0x007B4F2A+579370]
	GetHandleVerifier [0x007B3D36+574774]
	Ordinal0 [0x006B1C0B+1973259]
	Ordinal0 [0x006B6688+1992328]
	Ordinal0 [0x006B6775+1992565]
	Ordinal0 [0x006BF8D1+2029777]
	BaseThreadInitThunk [0x7725FA29+25]
	RtlGetAppContainerNamedObjectPath [0x77777A9E+286]
	RtlGetAppContainerNamedObjectPath [0x77777A6E+238]

	at org.openqa.selenium.remote.W3CHandshakeResponse.lambda$errorHandler$0(W3CHandshakeResponse.java:62)
	at org.openqa.selenium.remote.HandshakeResponse.lambda$getResponseFunction$0(HandshakeResponse.java:30)
	at org.openqa.selenium.remote.ProtocolHandshake.lambda$createSession$0(ProtocolHandshake.java:126)
	at java.util.stream.ReferencePipeline$3$1.accept(ReferencePipeline.java:193)
	at java.util.Spliterators$ArraySpliterator.tryAdvance(Spliterators.java:958)
	at java.util.stream.ReferencePipeline.forEachWithCancel(ReferencePipeline.java:126)
	at java.util.stream.AbstractPipeline.copyIntoWithCancel(AbstractPipeline.java:499)
	at java.util.stream.AbstractPipeline.copyInto(AbstractPipeline.java:486)
	at java.util.stream.AbstractPipeline.wrapAndCopyInto(AbstractPipeline.java:472)
	at java.util.stream.FindOps$FindOp.evaluateSequential(FindOps.java:152)
	at java.util.stream.AbstractPipeline.evaluate(AbstractPipeline.java:234)
	at java.util.stream.ReferencePipeline.findFirst(ReferencePipeline.java:464)
	at org.openqa.selenium.remote.ProtocolHandshake.createSession(ProtocolHandshake.java:128)
	at org.openqa.selenium.remote.ProtocolHandshake.createSession(ProtocolHandshake.java:74)
	at org.openqa.selenium.remote.HttpCommandExecutor.execute(HttpCommandExecutor.java:136)
	at org.openqa.selenium.remote.service.DriverCommandExecutor.execute(DriverCommandExecutor.java:83)
	at org.openqa.selenium.remote.RemoteWebDriver.execute(RemoteWebDriver.java:552)
	at org.openqa.selenium.remote.RemoteWebDriver.startSession(RemoteWebDriver.java:213)
	at org.openqa.selenium.remote.RemoteWebDriver.&lt;init&gt;(RemoteWebDriver.java:131)
	at org.openqa.selenium.chrome.ChromeDriver.&lt;init&gt;(ChromeDriver.java:181)
	at org.openqa.selenium.chrome.ChromeDriver.&lt;init&gt;(ChromeDriver.java:168)
	at org.openqa.selenium.chrome.ChromeDriver.&lt;init&gt;(ChromeDriver.java:157)
	at com.webdriveruniversity.testcases.Base_Page_Test.Browser_Launch(Base_Page_Test.java:34)
... Removed 34 stack frames</div></td></tr></table><p class="totop"><a href="#summary">back to summary</a></p>
<h3 id="m20">com.webdriveruniversity.testcases.Actions_Page_Test#Test_Case_036</h3><table class="result"><tr><th>Exception</th></tr><tr><td><div class="stacktrace">org.openqa.selenium.SessionNotCreatedException: session not created: This version of ChromeDriver only supports Chrome version 101
Current browser version is 103.0.5060.66 with binary path C:\Users\sakka\AppData\Local\Google\Chrome\Application\chrome.exe
Build info: version: &apos;3.141.59&apos;, revision: &apos;e82be7d358&apos;, time: &apos;2018-11-14T08:17:03&apos;
System info: host: &apos;DESKTOP-NALDS22&apos;, ip: &apos;192.168.0.107&apos;, os.name: &apos;Windows 10&apos;, os.arch: &apos;amd64&apos;, os.version: &apos;10.0&apos;, java.version: &apos;1.8.0_333&apos;
Driver info: driver.version: ChromeDriver
remote stacktrace: Backtrace:
	Ordinal0 [0x0071B8F3+2406643]
	Ordinal0 [0x006AAF31+1945393]
	Ordinal0 [0x0059C748+837448]
	Ordinal0 [0x005BC8B3+968883]
	Ordinal0 [0x005B84BA+951482]
	Ordinal0 [0x005B5D71+941425]
	Ordinal0 [0x005E8EE0+1150688]
	Ordinal0 [0x005E8B3A+1149754]
	Ordinal0 [0x005E4096+1130646]
	Ordinal0 [0x005BE636+976438]
	Ordinal0 [0x005BF546+980294]
	GetHandleVerifier [0x00989612+2498066]
	GetHandleVerifier [0x0097C920+2445600]
	GetHandleVerifier [0x007B4F2A+579370]
	GetHandleVerifier [0x007B3D36+574774]
	Ordinal0 [0x006B1C0B+1973259]
	Ordinal0 [0x006B6688+1992328]
	Ordinal0 [0x006B6775+1992565]
	Ordinal0 [0x006BF8D1+2029777]
	BaseThreadInitThunk [0x7725FA29+25]
	RtlGetAppContainerNamedObjectPath [0x77777A9E+286]
	RtlGetAppContainerNamedObjectPath [0x77777A6E+238]

	at org.openqa.selenium.remote.W3CHandshakeResponse.lambda$errorHandler$0(W3CHandshakeResponse.java:62)
	at org.openqa.selenium.remote.HandshakeResponse.lambda$getResponseFunction$0(HandshakeResponse.java:30)
	at org.openqa.selenium.remote.ProtocolHandshake.lambda$createSession$0(ProtocolHandshake.java:126)
	at java.util.stream.ReferencePipeline$3$1.accept(ReferencePipeline.java:193)
	at java.util.Spliterators$ArraySpliterator.tryAdvance(Spliterators.java:958)
	at java.util.stream.ReferencePipeline.forEachWithCancel(ReferencePipeline.java:126)
	at java.util.stream.AbstractPipeline.copyIntoWithCancel(AbstractPipeline.java:499)
	at java.util.stream.AbstractPipeline.copyInto(AbstractPipeline.java:486)
	at java.util.stream.AbstractPipeline.wrapAndCopyInto(AbstractPipeline.java:472)
	at java.util.stream.FindOps$FindOp.evaluateSequential(FindOps.java:152)
	at java.util.stream.AbstractPipeline.evaluate(AbstractPipeline.java:234)
	at java.util.stream.ReferencePipeline.findFirst(ReferencePipeline.java:464)
	at org.openqa.selenium.remote.ProtocolHandshake.createSession(ProtocolHandshake.java:128)
	at org.openqa.selenium.remote.ProtocolHandshake.createSession(ProtocolHandshake.java:74)
	at org.openqa.selenium.remote.HttpCommandExecutor.execute(HttpCommandExecutor.java:136)
	at org.openqa.selenium.remote.service.DriverCommandExecutor.execute(DriverCommandExecutor.java:83)
	at org.openqa.selenium.remote.RemoteWebDriver.execute(RemoteWebDriver.java:552)
	at org.openqa.selenium.remote.RemoteWebDriver.startSession(RemoteWebDriver.java:213)
	at org.openqa.selenium.remote.RemoteWebDriver.&lt;init&gt;(RemoteWebDriver.java:131)
	at org.openqa.selenium.chrome.ChromeDriver.&lt;init&gt;(ChromeDriver.java:181)
	at org.openqa.selenium.chrome.ChromeDriver.&lt;init&gt;(ChromeDriver.java:168)
	at org.openqa.selenium.chrome.ChromeDriver.&lt;init&gt;(ChromeDriver.java:157)
	at com.webdriveruniversity.testcases.Base_Page_Test.Browser_Launch(Base_Page_Test.java:34)
... Removed 34 stack frames</div></td></tr></table><p class="totop"><a href="#summary">back to summary</a></p>
<h3 id="m21">com.webdriveruniversity.testcases.Actions_Page_Test#Test_Case_037</h3><table class="result"><tr><th>Exception</th></tr><tr><td><div class="stacktrace">org.openqa.selenium.SessionNotCreatedException: session not created: This version of ChromeDriver only supports Chrome version 101
Current browser version is 103.0.5060.66 with binary path C:\Users\sakka\AppData\Local\Google\Chrome\Application\chrome.exe
Build info: version: &apos;3.141.59&apos;, revision: &apos;e82be7d358&apos;, time: &apos;2018-11-14T08:17:03&apos;
System info: host: &apos;DESKTOP-NALDS22&apos;, ip: &apos;192.168.0.107&apos;, os.name: &apos;Windows 10&apos;, os.arch: &apos;amd64&apos;, os.version: &apos;10.0&apos;, java.version: &apos;1.8.0_333&apos;
Driver info: driver.version: ChromeDriver
remote stacktrace: Backtrace:
	Ordinal0 [0x0071B8F3+2406643]
	Ordinal0 [0x006AAF31+1945393]
	Ordinal0 [0x0059C748+837448]
	Ordinal0 [0x005BC8B3+968883]
	Ordinal0 [0x005B84BA+951482]
	Ordinal0 [0x005B5D71+941425]
	Ordinal0 [0x005E8EE0+1150688]
	Ordinal0 [0x005E8B3A+1149754]
	Ordinal0 [0x005E4096+1130646]
	Ordinal0 [0x005BE636+976438]
	Ordinal0 [0x005BF546+980294]
	GetHandleVerifier [0x00989612+2498066]
	GetHandleVerifier [0x0097C920+2445600]
	GetHandleVerifier [0x007B4F2A+579370]
	GetHandleVerifier [0x007B3D36+574774]
	Ordinal0 [0x006B1C0B+1973259]
	Ordinal0 [0x006B6688+1992328]
	Ordinal0 [0x006B6775+1992565]
	Ordinal0 [0x006BF8D1+2029777]
	BaseThreadInitThunk [0x7725FA29+25]
	RtlGetAppContainerNamedObjectPath [0x77777A9E+286]
	RtlGetAppContainerNamedObjectPath [0x77777A6E+238]

	at org.openqa.selenium.remote.W3CHandshakeResponse.lambda$errorHandler$0(W3CHandshakeResponse.java:62)
	at org.openqa.selenium.remote.HandshakeResponse.lambda$getResponseFunction$0(HandshakeResponse.java:30)
	at org.openqa.selenium.remote.ProtocolHandshake.lambda$createSession$0(ProtocolHandshake.java:126)
	at java.util.stream.ReferencePipeline$3$1.accept(ReferencePipeline.java:193)
	at java.util.Spliterators$ArraySpliterator.tryAdvance(Spliterators.java:958)
	at java.util.stream.ReferencePipeline.forEachWithCancel(ReferencePipeline.java:126)
	at java.util.stream.AbstractPipeline.copyIntoWithCancel(AbstractPipeline.java:499)
	at java.util.stream.AbstractPipeline.copyInto(AbstractPipeline.java:486)
	at java.util.stream.AbstractPipeline.wrapAndCopyInto(AbstractPipeline.java:472)
	at java.util.stream.FindOps$FindOp.evaluateSequential(FindOps.java:152)
	at java.util.stream.AbstractPipeline.evaluate(AbstractPipeline.java:234)
	at java.util.stream.ReferencePipeline.findFirst(ReferencePipeline.java:464)
	at org.openqa.selenium.remote.ProtocolHandshake.createSession(ProtocolHandshake.java:128)
	at org.openqa.selenium.remote.ProtocolHandshake.createSession(ProtocolHandshake.java:74)
	at org.openqa.selenium.remote.HttpCommandExecutor.execute(HttpCommandExecutor.java:136)
	at org.openqa.selenium.remote.service.DriverCommandExecutor.execute(DriverCommandExecutor.java:83)
	at org.openqa.selenium.remote.RemoteWebDriver.execute(RemoteWebDriver.java:552)
	at org.openqa.selenium.remote.RemoteWebDriver.startSession(RemoteWebDriver.java:213)
	at org.openqa.selenium.remote.RemoteWebDriver.&lt;init&gt;(RemoteWebDriver.java:131)
	at org.openqa.selenium.chrome.ChromeDriver.&lt;init&gt;(ChromeDriver.java:181)
	at org.openqa.selenium.chrome.ChromeDriver.&lt;init&gt;(ChromeDriver.java:168)
	at org.openqa.selenium.chrome.ChromeDriver.&lt;init&gt;(ChromeDriver.java:157)
	at com.webdriveruniversity.testcases.Base_Page_Test.Browser_Launch(Base_Page_Test.java:34)
... Removed 34 stack frames</div></td></tr></table><p class="totop"><a href="#summary">back to summary</a></p>
<h3 id="m22">com.webdriveruniversity.testcases.Ajax_Loader_Page_Test#Test_Case_028</h3><table class="result"><tr><th>Exception</th></tr><tr><td><div class="stacktrace">org.openqa.selenium.SessionNotCreatedException: session not created: This version of ChromeDriver only supports Chrome version 101
Current browser version is 103.0.5060.66 with binary path C:\Users\sakka\AppData\Local\Google\Chrome\Application\chrome.exe
Build info: version: &apos;3.141.59&apos;, revision: &apos;e82be7d358&apos;, time: &apos;2018-11-14T08:17:03&apos;
System info: host: &apos;DESKTOP-NALDS22&apos;, ip: &apos;192.168.0.107&apos;, os.name: &apos;Windows 10&apos;, os.arch: &apos;amd64&apos;, os.version: &apos;10.0&apos;, java.version: &apos;1.8.0_333&apos;
Driver info: driver.version: ChromeDriver
remote stacktrace: Backtrace:
	Ordinal0 [0x0071B8F3+2406643]
	Ordinal0 [0x006AAF31+1945393]
	Ordinal0 [0x0059C748+837448]
	Ordinal0 [0x005BC8B3+968883]
	Ordinal0 [0x005B84BA+951482]
	Ordinal0 [0x005B5D71+941425]
	Ordinal0 [0x005E8EE0+1150688]
	Ordinal0 [0x005E8B3A+1149754]
	Ordinal0 [0x005E4096+1130646]
	Ordinal0 [0x005BE636+976438]
	Ordinal0 [0x005BF546+980294]
	GetHandleVerifier [0x00989612+2498066]
	GetHandleVerifier [0x0097C920+2445600]
	GetHandleVerifier [0x007B4F2A+579370]
	GetHandleVerifier [0x007B3D36+574774]
	Ordinal0 [0x006B1C0B+1973259]
	Ordinal0 [0x006B6688+1992328]
	Ordinal0 [0x006B6775+1992565]
	Ordinal0 [0x006BF8D1+2029777]
	BaseThreadInitThunk [0x7725FA29+25]
	RtlGetAppContainerNamedObjectPath [0x77777A9E+286]
	RtlGetAppContainerNamedObjectPath [0x77777A6E+238]

	at org.openqa.selenium.remote.W3CHandshakeResponse.lambda$errorHandler$0(W3CHandshakeResponse.java:62)
	at org.openqa.selenium.remote.HandshakeResponse.lambda$getResponseFunction$0(HandshakeResponse.java:30)
	at org.openqa.selenium.remote.ProtocolHandshake.lambda$createSession$0(ProtocolHandshake.java:126)
	at java.util.stream.ReferencePipeline$3$1.accept(ReferencePipeline.java:193)
	at java.util.Spliterators$ArraySpliterator.tryAdvance(Spliterators.java:958)
	at java.util.stream.ReferencePipeline.forEachWithCancel(ReferencePipeline.java:126)
	at java.util.stream.AbstractPipeline.copyIntoWithCancel(AbstractPipeline.java:499)
	at java.util.stream.AbstractPipeline.copyInto(AbstractPipeline.java:486)
	at java.util.stream.AbstractPipeline.wrapAndCopyInto(AbstractPipeline.java:472)
	at java.util.stream.FindOps$FindOp.evaluateSequential(FindOps.java:152)
	at java.util.stream.AbstractPipeline.evaluate(AbstractPipeline.java:234)
	at java.util.stream.ReferencePipeline.findFirst(ReferencePipeline.java:464)
	at org.openqa.selenium.remote.ProtocolHandshake.createSession(ProtocolHandshake.java:128)
	at org.openqa.selenium.remote.ProtocolHandshake.createSession(ProtocolHandshake.java:74)
	at org.openqa.selenium.remote.HttpCommandExecutor.execute(HttpCommandExecutor.java:136)
	at org.openqa.selenium.remote.service.DriverCommandExecutor.execute(DriverCommandExecutor.java:83)
	at org.openqa.selenium.remote.RemoteWebDriver.execute(RemoteWebDriver.java:552)
	at org.openqa.selenium.remote.RemoteWebDriver.startSession(RemoteWebDriver.java:213)
	at org.openqa.selenium.remote.RemoteWebDriver.&lt;init&gt;(RemoteWebDriver.java:131)
	at org.openqa.selenium.chrome.ChromeDriver.&lt;init&gt;(ChromeDriver.java:181)
	at org.openqa.selenium.chrome.ChromeDriver.&lt;init&gt;(ChromeDriver.java:168)
	at org.openqa.selenium.chrome.ChromeDriver.&lt;init&gt;(ChromeDriver.java:157)
	at com.webdriveruniversity.testcases.Base_Page_Test.Browser_Launch(Base_Page_Test.java:34)
... Removed 34 stack frames</div></td></tr></table><p class="totop"><a href="#summary">back to summary</a></p>
<h3 id="m23">com.webdriveruniversity.testcases.Ajax_Loader_Page_Test#Test_Case_029</h3><table class="result"><tr><th>Exception</th></tr><tr><td><div class="stacktrace">org.openqa.selenium.SessionNotCreatedException: session not created: This version of ChromeDriver only supports Chrome version 101
Current browser version is 103.0.5060.66 with binary path C:\Users\sakka\AppData\Local\Google\Chrome\Application\chrome.exe
Build info: version: &apos;3.141.59&apos;, revision: &apos;e82be7d358&apos;, time: &apos;2018-11-14T08:17:03&apos;
System info: host: &apos;DESKTOP-NALDS22&apos;, ip: &apos;192.168.0.107&apos;, os.name: &apos;Windows 10&apos;, os.arch: &apos;amd64&apos;, os.version: &apos;10.0&apos;, java.version: &apos;1.8.0_333&apos;
Driver info: driver.version: ChromeDriver
remote stacktrace: Backtrace:
	Ordinal0 [0x0071B8F3+2406643]
	Ordinal0 [0x006AAF31+1945393]
	Ordinal0 [0x0059C748+837448]
	Ordinal0 [0x005BC8B3+968883]
	Ordinal0 [0x005B84BA+951482]
	Ordinal0 [0x005B5D71+941425]
	Ordinal0 [0x005E8EE0+1150688]
	Ordinal0 [0x005E8B3A+1149754]
	Ordinal0 [0x005E4096+1130646]
	Ordinal0 [0x005BE636+976438]
	Ordinal0 [0x005BF546+980294]
	GetHandleVerifier [0x00989612+2498066]
	GetHandleVerifier [0x0097C920+2445600]
	GetHandleVerifier [0x007B4F2A+579370]
	GetHandleVerifier [0x007B3D36+574774]
	Ordinal0 [0x006B1C0B+1973259]
	Ordinal0 [0x006B6688+1992328]
	Ordinal0 [0x006B6775+1992565]
	Ordinal0 [0x006BF8D1+2029777]
	BaseThreadInitThunk [0x7725FA29+25]
	RtlGetAppContainerNamedObjectPath [0x77777A9E+286]
	RtlGetAppContainerNamedObjectPath [0x77777A6E+238]

	at org.openqa.selenium.remote.W3CHandshakeResponse.lambda$errorHandler$0(W3CHandshakeResponse.java:62)
	at org.openqa.selenium.remote.HandshakeResponse.lambda$getResponseFunction$0(HandshakeResponse.java:30)
	at org.openqa.selenium.remote.ProtocolHandshake.lambda$createSession$0(ProtocolHandshake.java:126)
	at java.util.stream.ReferencePipeline$3$1.accept(ReferencePipeline.java:193)
	at java.util.Spliterators$ArraySpliterator.tryAdvance(Spliterators.java:958)
	at java.util.stream.ReferencePipeline.forEachWithCancel(ReferencePipeline.java:126)
	at java.util.stream.AbstractPipeline.copyIntoWithCancel(AbstractPipeline.java:499)
	at java.util.stream.AbstractPipeline.copyInto(AbstractPipeline.java:486)
	at java.util.stream.AbstractPipeline.wrapAndCopyInto(AbstractPipeline.java:472)
	at java.util.stream.FindOps$FindOp.evaluateSequential(FindOps.java:152)
	at java.util.stream.AbstractPipeline.evaluate(AbstractPipeline.java:234)
	at java.util.stream.ReferencePipeline.findFirst(ReferencePipeline.java:464)
	at org.openqa.selenium.remote.ProtocolHandshake.createSession(ProtocolHandshake.java:128)
	at org.openqa.selenium.remote.ProtocolHandshake.createSession(ProtocolHandshake.java:74)
	at org.openqa.selenium.remote.HttpCommandExecutor.execute(HttpCommandExecutor.java:136)
	at org.openqa.selenium.remote.service.DriverCommandExecutor.execute(DriverCommandExecutor.java:83)
	at org.openqa.selenium.remote.RemoteWebDriver.execute(RemoteWebDriver.java:552)
	at org.openqa.selenium.remote.RemoteWebDriver.startSession(RemoteWebDriver.java:213)
	at org.openqa.selenium.remote.RemoteWebDriver.&lt;init&gt;(RemoteWebDriver.java:131)
	at org.openqa.selenium.chrome.ChromeDriver.&lt;init&gt;(ChromeDriver.java:181)
	at org.openqa.selenium.chrome.ChromeDriver.&lt;init&gt;(ChromeDriver.java:168)
	at org.openqa.selenium.chrome.ChromeDriver.&lt;init&gt;(ChromeDriver.java:157)
	at com.webdriveruniversity.testcases.Base_Page_Test.Browser_Launch(Base_Page_Test.java:34)
... Removed 34 stack frames</div></td></tr></table><p class="totop"><a href="#summary">back to summary</a></p>
<h3 id="m24">com.webdriveruniversity.testcases.Buttons_Page_Test#TestCase_006</h3><table class="result"><tr><th>Exception</th></tr><tr><td><div class="stacktrace">org.openqa.selenium.SessionNotCreatedException: session not created: This version of ChromeDriver only supports Chrome version 101
Current browser version is 103.0.5060.66 with binary path C:\Users\sakka\AppData\Local\Google\Chrome\Application\chrome.exe
Build info: version: &apos;3.141.59&apos;, revision: &apos;e82be7d358&apos;, time: &apos;2018-11-14T08:17:03&apos;
System info: host: &apos;DESKTOP-NALDS22&apos;, ip: &apos;192.168.0.107&apos;, os.name: &apos;Windows 10&apos;, os.arch: &apos;amd64&apos;, os.version: &apos;10.0&apos;, java.version: &apos;1.8.0_333&apos;
Driver info: driver.version: ChromeDriver
remote stacktrace: Backtrace:
	Ordinal0 [0x0071B8F3+2406643]
	Ordinal0 [0x006AAF31+1945393]
	Ordinal0 [0x0059C748+837448]
	Ordinal0 [0x005BC8B3+968883]
	Ordinal0 [0x005B84BA+951482]
	Ordinal0 [0x005B5D71+941425]
	Ordinal0 [0x005E8EE0+1150688]
	Ordinal0 [0x005E8B3A+1149754]
	Ordinal0 [0x005E4096+1130646]
	Ordinal0 [0x005BE636+976438]
	Ordinal0 [0x005BF546+980294]
	GetHandleVerifier [0x00989612+2498066]
	GetHandleVerifier [0x0097C920+2445600]
	GetHandleVerifier [0x007B4F2A+579370]
	GetHandleVerifier [0x007B3D36+574774]
	Ordinal0 [0x006B1C0B+1973259]
	Ordinal0 [0x006B6688+1992328]
	Ordinal0 [0x006B6775+1992565]
	Ordinal0 [0x006BF8D1+2029777]
	BaseThreadInitThunk [0x7725FA29+25]
	RtlGetAppContainerNamedObjectPath [0x77777A9E+286]
	RtlGetAppContainerNamedObjectPath [0x77777A6E+238]

	at org.openqa.selenium.remote.W3CHandshakeResponse.lambda$errorHandler$0(W3CHandshakeResponse.java:62)
	at org.openqa.selenium.remote.HandshakeResponse.lambda$getResponseFunction$0(HandshakeResponse.java:30)
	at org.openqa.selenium.remote.ProtocolHandshake.lambda$createSession$0(ProtocolHandshake.java:126)
	at java.util.stream.ReferencePipeline$3$1.accept(ReferencePipeline.java:193)
	at java.util.Spliterators$ArraySpliterator.tryAdvance(Spliterators.java:958)
	at java.util.stream.ReferencePipeline.forEachWithCancel(ReferencePipeline.java:126)
	at java.util.stream.AbstractPipeline.copyIntoWithCancel(AbstractPipeline.java:499)
	at java.util.stream.AbstractPipeline.copyInto(AbstractPipeline.java:486)
	at java.util.stream.AbstractPipeline.wrapAndCopyInto(AbstractPipeline.java:472)
	at java.util.stream.FindOps$FindOp.evaluateSequential(FindOps.java:152)
	at java.util.stream.AbstractPipeline.evaluate(AbstractPipeline.java:234)
	at java.util.stream.ReferencePipeline.findFirst(ReferencePipeline.java:464)
	at org.openqa.selenium.remote.ProtocolHandshake.createSession(ProtocolHandshake.java:128)
	at org.openqa.selenium.remote.ProtocolHandshake.createSession(ProtocolHandshake.java:74)
	at org.openqa.selenium.remote.HttpCommandExecutor.execute(HttpCommandExecutor.java:136)
	at org.openqa.selenium.remote.service.DriverCommandExecutor.execute(DriverCommandExecutor.java:83)
	at org.openqa.selenium.remote.RemoteWebDriver.execute(RemoteWebDriver.java:552)
	at org.openqa.selenium.remote.RemoteWebDriver.startSession(RemoteWebDriver.java:213)
	at org.openqa.selenium.remote.RemoteWebDriver.&lt;init&gt;(RemoteWebDriver.java:131)
	at org.openqa.selenium.chrome.ChromeDriver.&lt;init&gt;(ChromeDriver.java:181)
	at org.openqa.selenium.chrome.ChromeDriver.&lt;init&gt;(ChromeDriver.java:168)
	at org.openqa.selenium.chrome.ChromeDriver.&lt;init&gt;(ChromeDriver.java:157)
	at com.webdriveruniversity.testcases.Base_Page_Test.Browser_Launch(Base_Page_Test.java:34)
... Removed 34 stack frames</div></td></tr></table><p class="totop"><a href="#summary">back to summary</a></p>
<h3 id="m25">com.webdriveruniversity.testcases.Buttons_Page_Test#TestCase_007</h3><table class="result"><tr><th>Exception</th></tr><tr><td><div class="stacktrace">java.lang.Throwable: Method Buttons_Page_Test.TestCase_007()[pri:0, instance:com.webdriveruniversity.testcases.Buttons_Page_Test@1936f0f5] depends on not successfully finished methods
... Removed 22 stack frames</div></td></tr></table><p class="totop"><a href="#summary">back to summary</a></p>
<h3 id="m26">com.webdriveruniversity.testcases.Buttons_Page_Test#TestCase_008</h3><table class="result"><tr><th>Exception</th></tr><tr><td><div class="stacktrace">java.lang.Throwable: Method Buttons_Page_Test.TestCase_008()[pri:0, instance:com.webdriveruniversity.testcases.Buttons_Page_Test@1936f0f5] depends on not successfully finished methods
... Removed 22 stack frames</div></td></tr></table><p class="totop"><a href="#summary">back to summary</a></p>
<h3 id="m27">com.webdriveruniversity.testcases.Buttons_Page_Test#TestCase_009</h3><table class="result"><tr><th>Exception</th></tr><tr><td><div class="stacktrace">java.lang.Throwable: Method Buttons_Page_Test.TestCase_009()[pri:0, instance:com.webdriveruniversity.testcases.Buttons_Page_Test@1936f0f5] depends on not successfully finished methods
... Removed 22 stack frames</div></td></tr></table><p class="totop"><a href="#summary">back to summary</a></p>
<h3 id="m28">com.webdriveruniversity.testcases.DCR_Page_Test#Test_Case_019</h3><table class="result"><tr><th>Exception</th></tr><tr><td><div class="stacktrace">org.openqa.selenium.SessionNotCreatedException: session not created: This version of ChromeDriver only supports Chrome version 101
Current browser version is 103.0.5060.66 with binary path C:\Users\sakka\AppData\Local\Google\Chrome\Application\chrome.exe
Build info: version: &apos;3.141.59&apos;, revision: &apos;e82be7d358&apos;, time: &apos;2018-11-14T08:17:03&apos;
System info: host: &apos;DESKTOP-NALDS22&apos;, ip: &apos;192.168.0.107&apos;, os.name: &apos;Windows 10&apos;, os.arch: &apos;amd64&apos;, os.version: &apos;10.0&apos;, java.version: &apos;1.8.0_333&apos;
Driver info: driver.version: ChromeDriver
remote stacktrace: Backtrace:
	Ordinal0 [0x0071B8F3+2406643]
	Ordinal0 [0x006AAF31+1945393]
	Ordinal0 [0x0059C748+837448]
	Ordinal0 [0x005BC8B3+968883]
	Ordinal0 [0x005B84BA+951482]
	Ordinal0 [0x005B5D71+941425]
	Ordinal0 [0x005E8EE0+1150688]
	Ordinal0 [0x005E8B3A+1149754]
	Ordinal0 [0x005E4096+1130646]
	Ordinal0 [0x005BE636+976438]
	Ordinal0 [0x005BF546+980294]
	GetHandleVerifier [0x00989612+2498066]
	GetHandleVerifier [0x0097C920+2445600]
	GetHandleVerifier [0x007B4F2A+579370]
	GetHandleVerifier [0x007B3D36+574774]
	Ordinal0 [0x006B1C0B+1973259]
	Ordinal0 [0x006B6688+1992328]
	Ordinal0 [0x006B6775+1992565]
	Ordinal0 [0x006BF8D1+2029777]
	BaseThreadInitThunk [0x7725FA29+25]
	RtlGetAppContainerNamedObjectPath [0x77777A9E+286]
	RtlGetAppContainerNamedObjectPath [0x77777A6E+238]

	at org.openqa.selenium.remote.W3CHandshakeResponse.lambda$errorHandler$0(W3CHandshakeResponse.java:62)
	at org.openqa.selenium.remote.HandshakeResponse.lambda$getResponseFunction$0(HandshakeResponse.java:30)
	at org.openqa.selenium.remote.ProtocolHandshake.lambda$createSession$0(ProtocolHandshake.java:126)
	at java.util.stream.ReferencePipeline$3$1.accept(ReferencePipeline.java:193)
	at java.util.Spliterators$ArraySpliterator.tryAdvance(Spliterators.java:958)
	at java.util.stream.ReferencePipeline.forEachWithCancel(ReferencePipeline.java:126)
	at java.util.stream.AbstractPipeline.copyIntoWithCancel(AbstractPipeline.java:499)
	at java.util.stream.AbstractPipeline.copyInto(AbstractPipeline.java:486)
	at java.util.stream.AbstractPipeline.wrapAndCopyInto(AbstractPipeline.java:472)
	at java.util.stream.FindOps$FindOp.evaluateSequential(FindOps.java:152)
	at java.util.stream.AbstractPipeline.evaluate(AbstractPipeline.java:234)
	at java.util.stream.ReferencePipeline.findFirst(ReferencePipeline.java:464)
	at org.openqa.selenium.remote.ProtocolHandshake.createSession(ProtocolHandshake.java:128)
	at org.openqa.selenium.remote.ProtocolHandshake.createSession(ProtocolHandshake.java:74)
	at org.openqa.selenium.remote.HttpCommandExecutor.execute(HttpCommandExecutor.java:136)
	at org.openqa.selenium.remote.service.DriverCommandExecutor.execute(DriverCommandExecutor.java:83)
	at org.openqa.selenium.remote.RemoteWebDriver.execute(RemoteWebDriver.java:552)
	at org.openqa.selenium.remote.RemoteWebDriver.startSession(RemoteWebDriver.java:213)
	at org.openqa.selenium.remote.RemoteWebDriver.&lt;init&gt;(RemoteWebDriver.java:131)
	at org.openqa.selenium.chrome.ChromeDriver.&lt;init&gt;(ChromeDriver.java:181)
	at org.openqa.selenium.chrome.ChromeDriver.&lt;init&gt;(ChromeDriver.java:168)
	at org.openqa.selenium.chrome.ChromeDriver.&lt;init&gt;(ChromeDriver.java:157)
	at com.webdriveruniversity.testcases.Base_Page_Test.Browser_Launch(Base_Page_Test.java:34)
... Removed 34 stack frames</div></td></tr></table><p class="totop"><a href="#summary">back to summary</a></p>
<h3 id="m29">com.webdriveruniversity.testcases.DCR_Page_Test#Test_Case_020</h3><table class="result"><tr><th>Exception</th></tr><tr><td><div class="stacktrace">org.openqa.selenium.SessionNotCreatedException: session not created: This version of ChromeDriver only supports Chrome version 101
Current browser version is 103.0.5060.66 with binary path C:\Users\sakka\AppData\Local\Google\Chrome\Application\chrome.exe
Build info: version: &apos;3.141.59&apos;, revision: &apos;e82be7d358&apos;, time: &apos;2018-11-14T08:17:03&apos;
System info: host: &apos;DESKTOP-NALDS22&apos;, ip: &apos;192.168.0.107&apos;, os.name: &apos;Windows 10&apos;, os.arch: &apos;amd64&apos;, os.version: &apos;10.0&apos;, java.version: &apos;1.8.0_333&apos;
Driver info: driver.version: ChromeDriver
remote stacktrace: Backtrace:
	Ordinal0 [0x0071B8F3+2406643]
	Ordinal0 [0x006AAF31+1945393]
	Ordinal0 [0x0059C748+837448]
	Ordinal0 [0x005BC8B3+968883]
	Ordinal0 [0x005B84BA+951482]
	Ordinal0 [0x005B5D71+941425]
	Ordinal0 [0x005E8EE0+1150688]
	Ordinal0 [0x005E8B3A+1149754]
	Ordinal0 [0x005E4096+1130646]
	Ordinal0 [0x005BE636+976438]
	Ordinal0 [0x005BF546+980294]
	GetHandleVerifier [0x00989612+2498066]
	GetHandleVerifier [0x0097C920+2445600]
	GetHandleVerifier [0x007B4F2A+579370]
	GetHandleVerifier [0x007B3D36+574774]
	Ordinal0 [0x006B1C0B+1973259]
	Ordinal0 [0x006B6688+1992328]
	Ordinal0 [0x006B6775+1992565]
	Ordinal0 [0x006BF8D1+2029777]
	BaseThreadInitThunk [0x7725FA29+25]
	RtlGetAppContainerNamedObjectPath [0x77777A9E+286]
	RtlGetAppContainerNamedObjectPath [0x77777A6E+238]

	at org.openqa.selenium.remote.W3CHandshakeResponse.lambda$errorHandler$0(W3CHandshakeResponse.java:62)
	at org.openqa.selenium.remote.HandshakeResponse.lambda$getResponseFunction$0(HandshakeResponse.java:30)
	at org.openqa.selenium.remote.ProtocolHandshake.lambda$createSession$0(ProtocolHandshake.java:126)
	at java.util.stream.ReferencePipeline$3$1.accept(ReferencePipeline.java:193)
	at java.util.Spliterators$ArraySpliterator.tryAdvance(Spliterators.java:958)
	at java.util.stream.ReferencePipeline.forEachWithCancel(ReferencePipeline.java:126)
	at java.util.stream.AbstractPipeline.copyIntoWithCancel(AbstractPipeline.java:499)
	at java.util.stream.AbstractPipeline.copyInto(AbstractPipeline.java:486)
	at java.util.stream.AbstractPipeline.wrapAndCopyInto(AbstractPipeline.java:472)
	at java.util.stream.FindOps$FindOp.evaluateSequential(FindOps.java:152)
	at java.util.stream.AbstractPipeline.evaluate(AbstractPipeline.java:234)
	at java.util.stream.ReferencePipeline.findFirst(ReferencePipeline.java:464)
	at org.openqa.selenium.remote.ProtocolHandshake.createSession(ProtocolHandshake.java:128)
	at org.openqa.selenium.remote.ProtocolHandshake.createSession(ProtocolHandshake.java:74)
	at org.openqa.selenium.remote.HttpCommandExecutor.execute(HttpCommandExecutor.java:136)
	at org.openqa.selenium.remote.service.DriverCommandExecutor.execute(DriverCommandExecutor.java:83)
	at org.openqa.selenium.remote.RemoteWebDriver.execute(RemoteWebDriver.java:552)
	at org.openqa.selenium.remote.RemoteWebDriver.startSession(RemoteWebDriver.java:213)
	at org.openqa.selenium.remote.RemoteWebDriver.&lt;init&gt;(RemoteWebDriver.java:131)
	at org.openqa.selenium.chrome.ChromeDriver.&lt;init&gt;(ChromeDriver.java:181)
	at org.openqa.selenium.chrome.ChromeDriver.&lt;init&gt;(ChromeDriver.java:168)
	at org.openqa.selenium.chrome.ChromeDriver.&lt;init&gt;(ChromeDriver.java:157)
	at com.webdriveruniversity.testcases.Base_Page_Test.Browser_Launch(Base_Page_Test.java:34)
... Removed 34 stack frames</div></td></tr></table><p class="totop"><a href="#summary">back to summary</a></p>
<h3 id="m30">com.webdriveruniversity.testcases.DCR_Page_Test#Test_Case_021</h3><table class="result"><tr><th>Exception</th></tr><tr><td><div class="stacktrace">org.openqa.selenium.SessionNotCreatedException: session not created: This version of ChromeDriver only supports Chrome version 101
Current browser version is 103.0.5060.66 with binary path C:\Users\sakka\AppData\Local\Google\Chrome\Application\chrome.exe
Build info: version: &apos;3.141.59&apos;, revision: &apos;e82be7d358&apos;, time: &apos;2018-11-14T08:17:03&apos;
System info: host: &apos;DESKTOP-NALDS22&apos;, ip: &apos;192.168.0.107&apos;, os.name: &apos;Windows 10&apos;, os.arch: &apos;amd64&apos;, os.version: &apos;10.0&apos;, java.version: &apos;1.8.0_333&apos;
Driver info: driver.version: ChromeDriver
remote stacktrace: Backtrace:
	Ordinal0 [0x0071B8F3+2406643]
	Ordinal0 [0x006AAF31+1945393]
	Ordinal0 [0x0059C748+837448]
	Ordinal0 [0x005BC8B3+968883]
	Ordinal0 [0x005B84BA+951482]
	Ordinal0 [0x005B5D71+941425]
	Ordinal0 [0x005E8EE0+1150688]
	Ordinal0 [0x005E8B3A+1149754]
	Ordinal0 [0x005E4096+1130646]
	Ordinal0 [0x005BE636+976438]
	Ordinal0 [0x005BF546+980294]
	GetHandleVerifier [0x00989612+2498066]
	GetHandleVerifier [0x0097C920+2445600]
	GetHandleVerifier [0x007B4F2A+579370]
	GetHandleVerifier [0x007B3D36+574774]
	Ordinal0 [0x006B1C0B+1973259]
	Ordinal0 [0x006B6688+1992328]
	Ordinal0 [0x006B6775+1992565]
	Ordinal0 [0x006BF8D1+2029777]
	BaseThreadInitThunk [0x7725FA29+25]
	RtlGetAppContainerNamedObjectPath [0x77777A9E+286]
	RtlGetAppContainerNamedObjectPath [0x77777A6E+238]

	at org.openqa.selenium.remote.W3CHandshakeResponse.lambda$errorHandler$0(W3CHandshakeResponse.java:62)
	at org.openqa.selenium.remote.HandshakeResponse.lambda$getResponseFunction$0(HandshakeResponse.java:30)
	at org.openqa.selenium.remote.ProtocolHandshake.lambda$createSession$0(ProtocolHandshake.java:126)
	at java.util.stream.ReferencePipeline$3$1.accept(ReferencePipeline.java:193)
	at java.util.Spliterators$ArraySpliterator.tryAdvance(Spliterators.java:958)
	at java.util.stream.ReferencePipeline.forEachWithCancel(ReferencePipeline.java:126)
	at java.util.stream.AbstractPipeline.copyIntoWithCancel(AbstractPipeline.java:499)
	at java.util.stream.AbstractPipeline.copyInto(AbstractPipeline.java:486)
	at java.util.stream.AbstractPipeline.wrapAndCopyInto(AbstractPipeline.java:472)
	at java.util.stream.FindOps$FindOp.evaluateSequential(FindOps.java:152)
	at java.util.stream.AbstractPipeline.evaluate(AbstractPipeline.java:234)
	at java.util.stream.ReferencePipeline.findFirst(ReferencePipeline.java:464)
	at org.openqa.selenium.remote.ProtocolHandshake.createSession(ProtocolHandshake.java:128)
	at org.openqa.selenium.remote.ProtocolHandshake.createSession(ProtocolHandshake.java:74)
	at org.openqa.selenium.remote.HttpCommandExecutor.execute(HttpCommandExecutor.java:136)
	at org.openqa.selenium.remote.service.DriverCommandExecutor.execute(DriverCommandExecutor.java:83)
	at org.openqa.selenium.remote.RemoteWebDriver.execute(RemoteWebDriver.java:552)
	at org.openqa.selenium.remote.RemoteWebDriver.startSession(RemoteWebDriver.java:213)
	at org.openqa.selenium.remote.RemoteWebDriver.&lt;init&gt;(RemoteWebDriver.java:131)
	at org.openqa.selenium.chrome.ChromeDriver.&lt;init&gt;(ChromeDriver.java:181)
	at org.openqa.selenium.chrome.ChromeDriver.&lt;init&gt;(ChromeDriver.java:168)
	at org.openqa.selenium.chrome.ChromeDriver.&lt;init&gt;(ChromeDriver.java:157)
	at com.webdriveruniversity.testcases.Base_Page_Test.Browser_Launch(Base_Page_Test.java:34)
... Removed 34 stack frames</div></td></tr></table><p class="totop"><a href="#summary">back to summary</a></p>
<h3 id="m31">com.webdriveruniversity.testcases.DCR_Page_Test#Test_Case_022</h3><table class="result"><tr><th>Exception</th></tr><tr><td><div class="stacktrace">org.openqa.selenium.SessionNotCreatedException: session not created: This version of ChromeDriver only supports Chrome version 101
Current browser version is 103.0.5060.66 with binary path C:\Users\sakka\AppData\Local\Google\Chrome\Application\chrome.exe
Build info: version: &apos;3.141.59&apos;, revision: &apos;e82be7d358&apos;, time: &apos;2018-11-14T08:17:03&apos;
System info: host: &apos;DESKTOP-NALDS22&apos;, ip: &apos;192.168.0.107&apos;, os.name: &apos;Windows 10&apos;, os.arch: &apos;amd64&apos;, os.version: &apos;10.0&apos;, java.version: &apos;1.8.0_333&apos;
Driver info: driver.version: ChromeDriver
remote stacktrace: Backtrace:
	Ordinal0 [0x0071B8F3+2406643]
	Ordinal0 [0x006AAF31+1945393]
	Ordinal0 [0x0059C748+837448]
	Ordinal0 [0x005BC8B3+968883]
	Ordinal0 [0x005B84BA+951482]
	Ordinal0 [0x005B5D71+941425]
	Ordinal0 [0x005E8EE0+1150688]
	Ordinal0 [0x005E8B3A+1149754]
	Ordinal0 [0x005E4096+1130646]
	Ordinal0 [0x005BE636+976438]
	Ordinal0 [0x005BF546+980294]
	GetHandleVerifier [0x00989612+2498066]
	GetHandleVerifier [0x0097C920+2445600]
	GetHandleVerifier [0x007B4F2A+579370]
	GetHandleVerifier [0x007B3D36+574774]
	Ordinal0 [0x006B1C0B+1973259]
	Ordinal0 [0x006B6688+1992328]
	Ordinal0 [0x006B6775+1992565]
	Ordinal0 [0x006BF8D1+2029777]
	BaseThreadInitThunk [0x7725FA29+25]
	RtlGetAppContainerNamedObjectPath [0x77777A9E+286]
	RtlGetAppContainerNamedObjectPath [0x77777A6E+238]

	at org.openqa.selenium.remote.W3CHandshakeResponse.lambda$errorHandler$0(W3CHandshakeResponse.java:62)
	at org.openqa.selenium.remote.HandshakeResponse.lambda$getResponseFunction$0(HandshakeResponse.java:30)
	at org.openqa.selenium.remote.ProtocolHandshake.lambda$createSession$0(ProtocolHandshake.java:126)
	at java.util.stream.ReferencePipeline$3$1.accept(ReferencePipeline.java:193)
	at java.util.Spliterators$ArraySpliterator.tryAdvance(Spliterators.java:958)
	at java.util.stream.ReferencePipeline.forEachWithCancel(ReferencePipeline.java:126)
	at java.util.stream.AbstractPipeline.copyIntoWithCancel(AbstractPipeline.java:499)
	at java.util.stream.AbstractPipeline.copyInto(AbstractPipeline.java:486)
	at java.util.stream.AbstractPipeline.wrapAndCopyInto(AbstractPipeline.java:472)
	at java.util.stream.FindOps$FindOp.evaluateSequential(FindOps.java:152)
	at java.util.stream.AbstractPipeline.evaluate(AbstractPipeline.java:234)
	at java.util.stream.ReferencePipeline.findFirst(ReferencePipeline.java:464)
	at org.openqa.selenium.remote.ProtocolHandshake.createSession(ProtocolHandshake.java:128)
	at org.openqa.selenium.remote.ProtocolHandshake.createSession(ProtocolHandshake.java:74)
	at org.openqa.selenium.remote.HttpCommandExecutor.execute(HttpCommandExecutor.java:136)
	at org.openqa.selenium.remote.service.DriverCommandExecutor.execute(DriverCommandExecutor.java:83)
	at org.openqa.selenium.remote.RemoteWebDriver.execute(RemoteWebDriver.java:552)
	at org.openqa.selenium.remote.RemoteWebDriver.startSession(RemoteWebDriver.java:213)
	at org.openqa.selenium.remote.RemoteWebDriver.&lt;init&gt;(RemoteWebDriver.java:131)
	at org.openqa.selenium.chrome.ChromeDriver.&lt;init&gt;(ChromeDriver.java:181)
	at org.openqa.selenium.chrome.ChromeDriver.&lt;init&gt;(ChromeDriver.java:168)
	at org.openqa.selenium.chrome.ChromeDriver.&lt;init&gt;(ChromeDriver.java:157)
	at com.webdriveruniversity.testcases.Base_Page_Test.Browser_Launch(Base_Page_Test.java:34)
... Removed 34 stack frames</div></td></tr></table><p class="totop"><a href="#summary">back to summary</a></p>
<h3 id="m32">com.webdriveruniversity.testcases.DCR_Page_Test#Test_Case_023</h3><table class="result"><tr><th>Exception</th></tr><tr><td><div class="stacktrace">org.openqa.selenium.SessionNotCreatedException: session not created: This version of ChromeDriver only supports Chrome version 101
Current browser version is 103.0.5060.66 with binary path C:\Users\sakka\AppData\Local\Google\Chrome\Application\chrome.exe
Build info: version: &apos;3.141.59&apos;, revision: &apos;e82be7d358&apos;, time: &apos;2018-11-14T08:17:03&apos;
System info: host: &apos;DESKTOP-NALDS22&apos;, ip: &apos;192.168.0.107&apos;, os.name: &apos;Windows 10&apos;, os.arch: &apos;amd64&apos;, os.version: &apos;10.0&apos;, java.version: &apos;1.8.0_333&apos;
Driver info: driver.version: ChromeDriver
remote stacktrace: Backtrace:
	Ordinal0 [0x0071B8F3+2406643]
	Ordinal0 [0x006AAF31+1945393]
	Ordinal0 [0x0059C748+837448]
	Ordinal0 [0x005BC8B3+968883]
	Ordinal0 [0x005B84BA+951482]
	Ordinal0 [0x005B5D71+941425]
	Ordinal0 [0x005E8EE0+1150688]
	Ordinal0 [0x005E8B3A+1149754]
	Ordinal0 [0x005E4096+1130646]
	Ordinal0 [0x005BE636+976438]
	Ordinal0 [0x005BF546+980294]
	GetHandleVerifier [0x00989612+2498066]
	GetHandleVerifier [0x0097C920+2445600]
	GetHandleVerifier [0x007B4F2A+579370]
	GetHandleVerifier [0x007B3D36+574774]
	Ordinal0 [0x006B1C0B+1973259]
	Ordinal0 [0x006B6688+1992328]
	Ordinal0 [0x006B6775+1992565]
	Ordinal0 [0x006BF8D1+2029777]
	BaseThreadInitThunk [0x7725FA29+25]
	RtlGetAppContainerNamedObjectPath [0x77777A9E+286]
	RtlGetAppContainerNamedObjectPath [0x77777A6E+238]

	at org.openqa.selenium.remote.W3CHandshakeResponse.lambda$errorHandler$0(W3CHandshakeResponse.java:62)
	at org.openqa.selenium.remote.HandshakeResponse.lambda$getResponseFunction$0(HandshakeResponse.java:30)
	at org.openqa.selenium.remote.ProtocolHandshake.lambda$createSession$0(ProtocolHandshake.java:126)
	at java.util.stream.ReferencePipeline$3$1.accept(ReferencePipeline.java:193)
	at java.util.Spliterators$ArraySpliterator.tryAdvance(Spliterators.java:958)
	at java.util.stream.ReferencePipeline.forEachWithCancel(ReferencePipeline.java:126)
	at java.util.stream.AbstractPipeline.copyIntoWithCancel(AbstractPipeline.java:499)
	at java.util.stream.AbstractPipeline.copyInto(AbstractPipeline.java:486)
	at java.util.stream.AbstractPipeline.wrapAndCopyInto(AbstractPipeline.java:472)
	at java.util.stream.FindOps$FindOp.evaluateSequential(FindOps.java:152)
	at java.util.stream.AbstractPipeline.evaluate(AbstractPipeline.java:234)
	at java.util.stream.ReferencePipeline.findFirst(ReferencePipeline.java:464)
	at org.openqa.selenium.remote.ProtocolHandshake.createSession(ProtocolHandshake.java:128)
	at org.openqa.selenium.remote.ProtocolHandshake.createSession(ProtocolHandshake.java:74)
	at org.openqa.selenium.remote.HttpCommandExecutor.execute(HttpCommandExecutor.java:136)
	at org.openqa.selenium.remote.service.DriverCommandExecutor.execute(DriverCommandExecutor.java:83)
	at org.openqa.selenium.remote.RemoteWebDriver.execute(RemoteWebDriver.java:552)
	at org.openqa.selenium.remote.RemoteWebDriver.startSession(RemoteWebDriver.java:213)
	at org.openqa.selenium.remote.RemoteWebDriver.&lt;init&gt;(RemoteWebDriver.java:131)
	at org.openqa.selenium.chrome.ChromeDriver.&lt;init&gt;(ChromeDriver.java:181)
	at org.openqa.selenium.chrome.ChromeDriver.&lt;init&gt;(ChromeDriver.java:168)
	at org.openqa.selenium.chrome.ChromeDriver.&lt;init&gt;(ChromeDriver.java:157)
	at com.webdriveruniversity.testcases.Base_Page_Test.Browser_Launch(Base_Page_Test.java:34)
... Removed 34 stack frames</div></td></tr></table><p class="totop"><a href="#summary">back to summary</a></p>
<h3 id="m33">com.webdriveruniversity.testcases.DCR_Page_Test#Test_Case_024</h3><table class="result"><tr><th>Exception</th></tr><tr><td><div class="stacktrace">org.openqa.selenium.SessionNotCreatedException: session not created: This version of ChromeDriver only supports Chrome version 101
Current browser version is 103.0.5060.66 with binary path C:\Users\sakka\AppData\Local\Google\Chrome\Application\chrome.exe
Build info: version: &apos;3.141.59&apos;, revision: &apos;e82be7d358&apos;, time: &apos;2018-11-14T08:17:03&apos;
System info: host: &apos;DESKTOP-NALDS22&apos;, ip: &apos;192.168.0.107&apos;, os.name: &apos;Windows 10&apos;, os.arch: &apos;amd64&apos;, os.version: &apos;10.0&apos;, java.version: &apos;1.8.0_333&apos;
Driver info: driver.version: ChromeDriver
remote stacktrace: Backtrace:
	Ordinal0 [0x0071B8F3+2406643]
	Ordinal0 [0x006AAF31+1945393]
	Ordinal0 [0x0059C748+837448]
	Ordinal0 [0x005BC8B3+968883]
	Ordinal0 [0x005B84BA+951482]
	Ordinal0 [0x005B5D71+941425]
	Ordinal0 [0x005E8EE0+1150688]
	Ordinal0 [0x005E8B3A+1149754]
	Ordinal0 [0x005E4096+1130646]
	Ordinal0 [0x005BE636+976438]
	Ordinal0 [0x005BF546+980294]
	GetHandleVerifier [0x00989612+2498066]
	GetHandleVerifier [0x0097C920+2445600]
	GetHandleVerifier [0x007B4F2A+579370]
	GetHandleVerifier [0x007B3D36+574774]
	Ordinal0 [0x006B1C0B+1973259]
	Ordinal0 [0x006B6688+1992328]
	Ordinal0 [0x006B6775+1992565]
	Ordinal0 [0x006BF8D1+2029777]
	BaseThreadInitThunk [0x7725FA29+25]
	RtlGetAppContainerNamedObjectPath [0x77777A9E+286]
	RtlGetAppContainerNamedObjectPath [0x77777A6E+238]

	at org.openqa.selenium.remote.W3CHandshakeResponse.lambda$errorHandler$0(W3CHandshakeResponse.java:62)
	at org.openqa.selenium.remote.HandshakeResponse.lambda$getResponseFunction$0(HandshakeResponse.java:30)
	at org.openqa.selenium.remote.ProtocolHandshake.lambda$createSession$0(ProtocolHandshake.java:126)
	at java.util.stream.ReferencePipeline$3$1.accept(ReferencePipeline.java:193)
	at java.util.Spliterators$ArraySpliterator.tryAdvance(Spliterators.java:958)
	at java.util.stream.ReferencePipeline.forEachWithCancel(ReferencePipeline.java:126)
	at java.util.stream.AbstractPipeline.copyIntoWithCancel(AbstractPipeline.java:499)
	at java.util.stream.AbstractPipeline.copyInto(AbstractPipeline.java:486)
	at java.util.stream.AbstractPipeline.wrapAndCopyInto(AbstractPipeline.java:472)
	at java.util.stream.FindOps$FindOp.evaluateSequential(FindOps.java:152)
	at java.util.stream.AbstractPipeline.evaluate(AbstractPipeline.java:234)
	at java.util.stream.ReferencePipeline.findFirst(ReferencePipeline.java:464)
	at org.openqa.selenium.remote.ProtocolHandshake.createSession(ProtocolHandshake.java:128)
	at org.openqa.selenium.remote.ProtocolHandshake.createSession(ProtocolHandshake.java:74)
	at org.openqa.selenium.remote.HttpCommandExecutor.execute(HttpCommandExecutor.java:136)
	at org.openqa.selenium.remote.service.DriverCommandExecutor.execute(DriverCommandExecutor.java:83)
	at org.openqa.selenium.remote.RemoteWebDriver.execute(RemoteWebDriver.java:552)
	at org.openqa.selenium.remote.RemoteWebDriver.startSession(RemoteWebDriver.java:213)
	at org.openqa.selenium.remote.RemoteWebDriver.&lt;init&gt;(RemoteWebDriver.java:131)
	at org.openqa.selenium.chrome.ChromeDriver.&lt;init&gt;(ChromeDriver.java:181)
	at org.openqa.selenium.chrome.ChromeDriver.&lt;init&gt;(ChromeDriver.java:168)
	at org.openqa.selenium.chrome.ChromeDriver.&lt;init&gt;(ChromeDriver.java:157)
	at com.webdriveruniversity.testcases.Base_Page_Test.Browser_Launch(Base_Page_Test.java:34)
... Removed 34 stack frames</div></td></tr></table><p class="totop"><a href="#summary">back to summary</a></p>
<h3 id="m34">com.webdriveruniversity.testcases.DCR_Page_Test#Test_Case_025</h3><table class="result"><tr><th>Exception</th></tr><tr><td><div class="stacktrace">org.openqa.selenium.SessionNotCreatedException: session not created: This version of ChromeDriver only supports Chrome version 101
Current browser version is 103.0.5060.66 with binary path C:\Users\sakka\AppData\Local\Google\Chrome\Application\chrome.exe
Build info: version: &apos;3.141.59&apos;, revision: &apos;e82be7d358&apos;, time: &apos;2018-11-14T08:17:03&apos;
System info: host: &apos;DESKTOP-NALDS22&apos;, ip: &apos;192.168.0.107&apos;, os.name: &apos;Windows 10&apos;, os.arch: &apos;amd64&apos;, os.version: &apos;10.0&apos;, java.version: &apos;1.8.0_333&apos;
Driver info: driver.version: ChromeDriver
remote stacktrace: Backtrace:
	Ordinal0 [0x0071B8F3+2406643]
	Ordinal0 [0x006AAF31+1945393]
	Ordinal0 [0x0059C748+837448]
	Ordinal0 [0x005BC8B3+968883]
	Ordinal0 [0x005B84BA+951482]
	Ordinal0 [0x005B5D71+941425]
	Ordinal0 [0x005E8EE0+1150688]
	Ordinal0 [0x005E8B3A+1149754]
	Ordinal0 [0x005E4096+1130646]
	Ordinal0 [0x005BE636+976438]
	Ordinal0 [0x005BF546+980294]
	GetHandleVerifier [0x00989612+2498066]
	GetHandleVerifier [0x0097C920+2445600]
	GetHandleVerifier [0x007B4F2A+579370]
	GetHandleVerifier [0x007B3D36+574774]
	Ordinal0 [0x006B1C0B+1973259]
	Ordinal0 [0x006B6688+1992328]
	Ordinal0 [0x006B6775+1992565]
	Ordinal0 [0x006BF8D1+2029777]
	BaseThreadInitThunk [0x7725FA29+25]
	RtlGetAppContainerNamedObjectPath [0x77777A9E+286]
	RtlGetAppContainerNamedObjectPath [0x77777A6E+238]

	at org.openqa.selenium.remote.W3CHandshakeResponse.lambda$errorHandler$0(W3CHandshakeResponse.java:62)
	at org.openqa.selenium.remote.HandshakeResponse.lambda$getResponseFunction$0(HandshakeResponse.java:30)
	at org.openqa.selenium.remote.ProtocolHandshake.lambda$createSession$0(ProtocolHandshake.java:126)
	at java.util.stream.ReferencePipeline$3$1.accept(ReferencePipeline.java:193)
	at java.util.Spliterators$ArraySpliterator.tryAdvance(Spliterators.java:958)
	at java.util.stream.ReferencePipeline.forEachWithCancel(ReferencePipeline.java:126)
	at java.util.stream.AbstractPipeline.copyIntoWithCancel(AbstractPipeline.java:499)
	at java.util.stream.AbstractPipeline.copyInto(AbstractPipeline.java:486)
	at java.util.stream.AbstractPipeline.wrapAndCopyInto(AbstractPipeline.java:472)
	at java.util.stream.FindOps$FindOp.evaluateSequential(FindOps.java:152)
	at java.util.stream.AbstractPipeline.evaluate(AbstractPipeline.java:234)
	at java.util.stream.ReferencePipeline.findFirst(ReferencePipeline.java:464)
	at org.openqa.selenium.remote.ProtocolHandshake.createSession(ProtocolHandshake.java:128)
	at org.openqa.selenium.remote.ProtocolHandshake.createSession(ProtocolHandshake.java:74)
	at org.openqa.selenium.remote.HttpCommandExecutor.execute(HttpCommandExecutor.java:136)
	at org.openqa.selenium.remote.service.DriverCommandExecutor.execute(DriverCommandExecutor.java:83)
	at org.openqa.selenium.remote.RemoteWebDriver.execute(RemoteWebDriver.java:552)
	at org.openqa.selenium.remote.RemoteWebDriver.startSession(RemoteWebDriver.java:213)
	at org.openqa.selenium.remote.RemoteWebDriver.&lt;init&gt;(RemoteWebDriver.java:131)
	at org.openqa.selenium.chrome.ChromeDriver.&lt;init&gt;(ChromeDriver.java:181)
	at org.openqa.selenium.chrome.ChromeDriver.&lt;init&gt;(ChromeDriver.java:168)
	at org.openqa.selenium.chrome.ChromeDriver.&lt;init&gt;(ChromeDriver.java:157)
	at com.webdriveruniversity.testcases.Base_Page_Test.Browser_Launch(Base_Page_Test.java:34)
... Removed 34 stack frames</div></td></tr></table><p class="totop"><a href="#summary">back to summary</a></p>
<h3 id="m35">com.webdriveruniversity.testcases.DCR_Page_Test#Test_Case_026</h3><table class="result"><tr><th>Exception</th></tr><tr><td><div class="stacktrace">org.openqa.selenium.SessionNotCreatedException: session not created: This version of ChromeDriver only supports Chrome version 101
Current browser version is 103.0.5060.66 with binary path C:\Users\sakka\AppData\Local\Google\Chrome\Application\chrome.exe
Build info: version: &apos;3.141.59&apos;, revision: &apos;e82be7d358&apos;, time: &apos;2018-11-14T08:17:03&apos;
System info: host: &apos;DESKTOP-NALDS22&apos;, ip: &apos;192.168.0.107&apos;, os.name: &apos;Windows 10&apos;, os.arch: &apos;amd64&apos;, os.version: &apos;10.0&apos;, java.version: &apos;1.8.0_333&apos;
Driver info: driver.version: ChromeDriver
remote stacktrace: Backtrace:
	Ordinal0 [0x0071B8F3+2406643]
	Ordinal0 [0x006AAF31+1945393]
	Ordinal0 [0x0059C748+837448]
	Ordinal0 [0x005BC8B3+968883]
	Ordinal0 [0x005B84BA+951482]
	Ordinal0 [0x005B5D71+941425]
	Ordinal0 [0x005E8EE0+1150688]
	Ordinal0 [0x005E8B3A+1149754]
	Ordinal0 [0x005E4096+1130646]
	Ordinal0 [0x005BE636+976438]
	Ordinal0 [0x005BF546+980294]
	GetHandleVerifier [0x00989612+2498066]
	GetHandleVerifier [0x0097C920+2445600]
	GetHandleVerifier [0x007B4F2A+579370]
	GetHandleVerifier [0x007B3D36+574774]
	Ordinal0 [0x006B1C0B+1973259]
	Ordinal0 [0x006B6688+1992328]
	Ordinal0 [0x006B6775+1992565]
	Ordinal0 [0x006BF8D1+2029777]
	BaseThreadInitThunk [0x7725FA29+25]
	RtlGetAppContainerNamedObjectPath [0x77777A9E+286]
	RtlGetAppContainerNamedObjectPath [0x77777A6E+238]

	at org.openqa.selenium.remote.W3CHandshakeResponse.lambda$errorHandler$0(W3CHandshakeResponse.java:62)
	at org.openqa.selenium.remote.HandshakeResponse.lambda$getResponseFunction$0(HandshakeResponse.java:30)
	at org.openqa.selenium.remote.ProtocolHandshake.lambda$createSession$0(ProtocolHandshake.java:126)
	at java.util.stream.ReferencePipeline$3$1.accept(ReferencePipeline.java:193)
	at java.util.Spliterators$ArraySpliterator.tryAdvance(Spliterators.java:958)
	at java.util.stream.ReferencePipeline.forEachWithCancel(ReferencePipeline.java:126)
	at java.util.stream.AbstractPipeline.copyIntoWithCancel(AbstractPipeline.java:499)
	at java.util.stream.AbstractPipeline.copyInto(AbstractPipeline.java:486)
	at java.util.stream.AbstractPipeline.wrapAndCopyInto(AbstractPipeline.java:472)
	at java.util.stream.FindOps$FindOp.evaluateSequential(FindOps.java:152)
	at java.util.stream.AbstractPipeline.evaluate(AbstractPipeline.java:234)
	at java.util.stream.ReferencePipeline.findFirst(ReferencePipeline.java:464)
	at org.openqa.selenium.remote.ProtocolHandshake.createSession(ProtocolHandshake.java:128)
	at org.openqa.selenium.remote.ProtocolHandshake.createSession(ProtocolHandshake.java:74)
	at org.openqa.selenium.remote.HttpCommandExecutor.execute(HttpCommandExecutor.java:136)
	at org.openqa.selenium.remote.service.DriverCommandExecutor.execute(DriverCommandExecutor.java:83)
	at org.openqa.selenium.remote.RemoteWebDriver.execute(RemoteWebDriver.java:552)
	at org.openqa.selenium.remote.RemoteWebDriver.startSession(RemoteWebDriver.java:213)
	at org.openqa.selenium.remote.RemoteWebDriver.&lt;init&gt;(RemoteWebDriver.java:131)
	at org.openqa.selenium.chrome.ChromeDriver.&lt;init&gt;(ChromeDriver.java:181)
	at org.openqa.selenium.chrome.ChromeDriver.&lt;init&gt;(ChromeDriver.java:168)
	at org.openqa.selenium.chrome.ChromeDriver.&lt;init&gt;(ChromeDriver.java:157)
	at com.webdriveruniversity.testcases.Base_Page_Test.Browser_Launch(Base_Page_Test.java:34)
... Removed 34 stack frames</div></td></tr></table><p class="totop"><a href="#summary">back to summary</a></p>
<h3 id="m36">com.webdriveruniversity.testcases.DCR_Page_Test#Test_Case_027</h3><table class="result"><tr><th>Exception</th></tr><tr><td><div class="stacktrace">org.openqa.selenium.SessionNotCreatedException: session not created: This version of ChromeDriver only supports Chrome version 101
Current browser version is 103.0.5060.66 with binary path C:\Users\sakka\AppData\Local\Google\Chrome\Application\chrome.exe
Build info: version: &apos;3.141.59&apos;, revision: &apos;e82be7d358&apos;, time: &apos;2018-11-14T08:17:03&apos;
System info: host: &apos;DESKTOP-NALDS22&apos;, ip: &apos;192.168.0.107&apos;, os.name: &apos;Windows 10&apos;, os.arch: &apos;amd64&apos;, os.version: &apos;10.0&apos;, java.version: &apos;1.8.0_333&apos;
Driver info: driver.version: ChromeDriver
remote stacktrace: Backtrace:
	Ordinal0 [0x0071B8F3+2406643]
	Ordinal0 [0x006AAF31+1945393]
	Ordinal0 [0x0059C748+837448]
	Ordinal0 [0x005BC8B3+968883]
	Ordinal0 [0x005B84BA+951482]
	Ordinal0 [0x005B5D71+941425]
	Ordinal0 [0x005E8EE0+1150688]
	Ordinal0 [0x005E8B3A+1149754]
	Ordinal0 [0x005E4096+1130646]
	Ordinal0 [0x005BE636+976438]
	Ordinal0 [0x005BF546+980294]
	GetHandleVerifier [0x00989612+2498066]
	GetHandleVerifier [0x0097C920+2445600]
	GetHandleVerifier [0x007B4F2A+579370]
	GetHandleVerifier [0x007B3D36+574774]
	Ordinal0 [0x006B1C0B+1973259]
	Ordinal0 [0x006B6688+1992328]
	Ordinal0 [0x006B6775+1992565]
	Ordinal0 [0x006BF8D1+2029777]
	BaseThreadInitThunk [0x7725FA29+25]
	RtlGetAppContainerNamedObjectPath [0x77777A9E+286]
	RtlGetAppContainerNamedObjectPath [0x77777A6E+238]

	at org.openqa.selenium.remote.W3CHandshakeResponse.lambda$errorHandler$0(W3CHandshakeResponse.java:62)
	at org.openqa.selenium.remote.HandshakeResponse.lambda$getResponseFunction$0(HandshakeResponse.java:30)
	at org.openqa.selenium.remote.ProtocolHandshake.lambda$createSession$0(ProtocolHandshake.java:126)
	at java.util.stream.ReferencePipeline$3$1.accept(ReferencePipeline.java:193)
	at java.util.Spliterators$ArraySpliterator.tryAdvance(Spliterators.java:958)
	at java.util.stream.ReferencePipeline.forEachWithCancel(ReferencePipeline.java:126)
	at java.util.stream.AbstractPipeline.copyIntoWithCancel(AbstractPipeline.java:499)
	at java.util.stream.AbstractPipeline.copyInto(AbstractPipeline.java:486)
	at java.util.stream.AbstractPipeline.wrapAndCopyInto(AbstractPipeline.java:472)
	at java.util.stream.FindOps$FindOp.evaluateSequential(FindOps.java:152)
	at java.util.stream.AbstractPipeline.evaluate(AbstractPipeline.java:234)
	at java.util.stream.ReferencePipeline.findFirst(ReferencePipeline.java:464)
	at org.openqa.selenium.remote.ProtocolHandshake.createSession(ProtocolHandshake.java:128)
	at org.openqa.selenium.remote.ProtocolHandshake.createSession(ProtocolHandshake.java:74)
	at org.openqa.selenium.remote.HttpCommandExecutor.execute(HttpCommandExecutor.java:136)
	at org.openqa.selenium.remote.service.DriverCommandExecutor.execute(DriverCommandExecutor.java:83)
	at org.openqa.selenium.remote.RemoteWebDriver.execute(RemoteWebDriver.java:552)
	at org.openqa.selenium.remote.RemoteWebDriver.startSession(RemoteWebDriver.java:213)
	at org.openqa.selenium.remote.RemoteWebDriver.&lt;init&gt;(RemoteWebDriver.java:131)
	at org.openqa.selenium.chrome.ChromeDriver.&lt;init&gt;(ChromeDriver.java:181)
	at org.openqa.selenium.chrome.ChromeDriver.&lt;init&gt;(ChromeDriver.java:168)
	at org.openqa.selenium.chrome.ChromeDriver.&lt;init&gt;(ChromeDriver.java:157)
	at com.webdriveruniversity.testcases.Base_Page_Test.Browser_Launch(Base_Page_Test.java:34)
... Removed 34 stack frames</div></td></tr></table><p class="totop"><a href="#summary">back to summary</a></p>
<h3 id="m37">com.webdriveruniversity.testcases.Login_Page_Test#TestCase_001</h3><table class="result"><tr><th>Exception</th></tr><tr><td><div class="stacktrace">org.openqa.selenium.SessionNotCreatedException: session not created: This version of ChromeDriver only supports Chrome version 101
Current browser version is 103.0.5060.66 with binary path C:\Users\sakka\AppData\Local\Google\Chrome\Application\chrome.exe
Build info: version: &apos;3.141.59&apos;, revision: &apos;e82be7d358&apos;, time: &apos;2018-11-14T08:17:03&apos;
System info: host: &apos;DESKTOP-NALDS22&apos;, ip: &apos;192.168.0.107&apos;, os.name: &apos;Windows 10&apos;, os.arch: &apos;amd64&apos;, os.version: &apos;10.0&apos;, java.version: &apos;1.8.0_333&apos;
Driver info: driver.version: ChromeDriver
remote stacktrace: Backtrace:
	Ordinal0 [0x0071B8F3+2406643]
	Ordinal0 [0x006AAF31+1945393]
	Ordinal0 [0x0059C748+837448]
	Ordinal0 [0x005BC8B3+968883]
	Ordinal0 [0x005B84BA+951482]
	Ordinal0 [0x005B5D71+941425]
	Ordinal0 [0x005E8EE0+1150688]
	Ordinal0 [0x005E8B3A+1149754]
	Ordinal0 [0x005E4096+1130646]
	Ordinal0 [0x005BE636+976438]
	Ordinal0 [0x005BF546+980294]
	GetHandleVerifier [0x00989612+2498066]
	GetHandleVerifier [0x0097C920+2445600]
	GetHandleVerifier [0x007B4F2A+579370]
	GetHandleVerifier [0x007B3D36+574774]
	Ordinal0 [0x006B1C0B+1973259]
	Ordinal0 [0x006B6688+1992328]
	Ordinal0 [0x006B6775+1992565]
	Ordinal0 [0x006BF8D1+2029777]
	BaseThreadInitThunk [0x7725FA29+25]
	RtlGetAppContainerNamedObjectPath [0x77777A9E+286]
	RtlGetAppContainerNamedObjectPath [0x77777A6E+238]

	at org.openqa.selenium.remote.W3CHandshakeResponse.lambda$errorHandler$0(W3CHandshakeResponse.java:62)
	at org.openqa.selenium.remote.HandshakeResponse.lambda$getResponseFunction$0(HandshakeResponse.java:30)
	at org.openqa.selenium.remote.ProtocolHandshake.lambda$createSession$0(ProtocolHandshake.java:126)
	at java.util.stream.ReferencePipeline$3$1.accept(ReferencePipeline.java:193)
	at java.util.Spliterators$ArraySpliterator.tryAdvance(Spliterators.java:958)
	at java.util.stream.ReferencePipeline.forEachWithCancel(ReferencePipeline.java:126)
	at java.util.stream.AbstractPipeline.copyIntoWithCancel(AbstractPipeline.java:499)
	at java.util.stream.AbstractPipeline.copyInto(AbstractPipeline.java:486)
	at java.util.stream.AbstractPipeline.wrapAndCopyInto(AbstractPipeline.java:472)
	at java.util.stream.FindOps$FindOp.evaluateSequential(FindOps.java:152)
	at java.util.stream.AbstractPipeline.evaluate(AbstractPipeline.java:234)
	at java.util.stream.ReferencePipeline.findFirst(ReferencePipeline.java:464)
	at org.openqa.selenium.remote.ProtocolHandshake.createSession(ProtocolHandshake.java:128)
	at org.openqa.selenium.remote.ProtocolHandshake.createSession(ProtocolHandshake.java:74)
	at org.openqa.selenium.remote.HttpCommandExecutor.execute(HttpCommandExecutor.java:136)
	at org.openqa.selenium.remote.service.DriverCommandExecutor.execute(DriverCommandExecutor.java:83)
	at org.openqa.selenium.remote.RemoteWebDriver.execute(RemoteWebDriver.java:552)
	at org.openqa.selenium.remote.RemoteWebDriver.startSession(RemoteWebDriver.java:213)
	at org.openqa.selenium.remote.RemoteWebDriver.&lt;init&gt;(RemoteWebDriver.java:131)
	at org.openqa.selenium.chrome.ChromeDriver.&lt;init&gt;(ChromeDriver.java:181)
	at org.openqa.selenium.chrome.ChromeDriver.&lt;init&gt;(ChromeDriver.java:168)
	at org.openqa.selenium.chrome.ChromeDriver.&lt;init&gt;(ChromeDriver.java:157)
	at com.webdriveruniversity.testcases.Base_Page_Test.Browser_Launch(Base_Page_Test.java:34)
... Removed 34 stack frames</div></td></tr></table><p class="totop"><a href="#summary">back to summary</a></p>
<h3 id="m38">com.webdriveruniversity.testcases.Login_Page_Test#TestCase_002</h3><table class="result"><tr><th>Exception</th></tr><tr><td><div class="stacktrace">java.lang.Throwable: Method Login_Page_Test.TestCase_002()[pri:0, instance:com.webdriveruniversity.testcases.Login_Page_Test@6b143ee9] depends on not successfully finished methods
... Removed 22 stack frames</div></td></tr></table><p class="totop"><a href="#summary">back to summary</a></p>
<h3 id="m39">com.webdriveruniversity.testcases.Login_Page_Test#TestCase_003</h3><table class="result"><tr><th>Exception</th></tr><tr><td><div class="stacktrace">java.lang.Throwable: Method Login_Page_Test.TestCase_003()[pri:0, instance:com.webdriveruniversity.testcases.Login_Page_Test@6b143ee9] depends on not successfully finished methods
... Removed 22 stack frames</div></td></tr></table><p class="totop"><a href="#summary">back to summary</a></p>
<h3 id="m40">com.webdriveruniversity.testcases.Login_Page_Test#TestCase_004</h3><table class="result"><tr><th>Exception</th></tr><tr><td><div class="stacktrace">java.lang.Throwable: Method Login_Page_Test.TestCase_004()[pri:0, instance:com.webdriveruniversity.testcases.Login_Page_Test@6b143ee9] depends on not successfully finished methods
... Removed 22 stack frames</div></td></tr></table><p class="totop"><a href="#summary">back to summary</a></p>
<h3 id="m41">com.webdriveruniversity.testcases.Login_Page_Test#TestCase_005</h3><table class="result"><tr><th>Exception</th></tr><tr><td><div class="stacktrace">java.lang.Throwable: Method Login_Page_Test.TestCase_005()[pri:0, instance:com.webdriveruniversity.testcases.Login_Page_Test@6b143ee9] depends on not successfully finished methods
... Removed 22 stack frames</div></td></tr></table><p class="totop"><a href="#summary">back to summary</a></p>
<h3 id="m42">com.webdriveruniversity.testcases.Scrolling_Page_Test#Test_Case_038</h3><table class="result"><tr><th>Exception</th></tr><tr><td><div class="stacktrace">org.openqa.selenium.SessionNotCreatedException: session not created: This version of ChromeDriver only supports Chrome version 101
Current browser version is 103.0.5060.66 with binary path C:\Users\sakka\AppData\Local\Google\Chrome\Application\chrome.exe
Build info: version: &apos;3.141.59&apos;, revision: &apos;e82be7d358&apos;, time: &apos;2018-11-14T08:17:03&apos;
System info: host: &apos;DESKTOP-NALDS22&apos;, ip: &apos;192.168.0.107&apos;, os.name: &apos;Windows 10&apos;, os.arch: &apos;amd64&apos;, os.version: &apos;10.0&apos;, java.version: &apos;1.8.0_333&apos;
Driver info: driver.version: ChromeDriver
remote stacktrace: Backtrace:
	Ordinal0 [0x0071B8F3+2406643]
	Ordinal0 [0x006AAF31+1945393]
	Ordinal0 [0x0059C748+837448]
	Ordinal0 [0x005BC8B3+968883]
	Ordinal0 [0x005B84BA+951482]
	Ordinal0 [0x005B5D71+941425]
	Ordinal0 [0x005E8EE0+1150688]
	Ordinal0 [0x005E8B3A+1149754]
	Ordinal0 [0x005E4096+1130646]
	Ordinal0 [0x005BE636+976438]
	Ordinal0 [0x005BF546+980294]
	GetHandleVerifier [0x00989612+2498066]
	GetHandleVerifier [0x0097C920+2445600]
	GetHandleVerifier [0x007B4F2A+579370]
	GetHandleVerifier [0x007B3D36+574774]
	Ordinal0 [0x006B1C0B+1973259]
	Ordinal0 [0x006B6688+1992328]
	Ordinal0 [0x006B6775+1992565]
	Ordinal0 [0x006BF8D1+2029777]
	BaseThreadInitThunk [0x7725FA29+25]
	RtlGetAppContainerNamedObjectPath [0x77777A9E+286]
	RtlGetAppContainerNamedObjectPath [0x77777A6E+238]

	at org.openqa.selenium.remote.W3CHandshakeResponse.lambda$errorHandler$0(W3CHandshakeResponse.java:62)
	at org.openqa.selenium.remote.HandshakeResponse.lambda$getResponseFunction$0(HandshakeResponse.java:30)
	at org.openqa.selenium.remote.ProtocolHandshake.lambda$createSession$0(ProtocolHandshake.java:126)
	at java.util.stream.ReferencePipeline$3$1.accept(ReferencePipeline.java:193)
	at java.util.Spliterators$ArraySpliterator.tryAdvance(Spliterators.java:958)
	at java.util.stream.ReferencePipeline.forEachWithCancel(ReferencePipeline.java:126)
	at java.util.stream.AbstractPipeline.copyIntoWithCancel(AbstractPipeline.java:499)
	at java.util.stream.AbstractPipeline.copyInto(AbstractPipeline.java:486)
	at java.util.stream.AbstractPipeline.wrapAndCopyInto(AbstractPipeline.java:472)
	at java.util.stream.FindOps$FindOp.evaluateSequential(FindOps.java:152)
	at java.util.stream.AbstractPipeline.evaluate(AbstractPipeline.java:234)
	at java.util.stream.ReferencePipeline.findFirst(ReferencePipeline.java:464)
	at org.openqa.selenium.remote.ProtocolHandshake.createSession(ProtocolHandshake.java:128)
	at org.openqa.selenium.remote.ProtocolHandshake.createSession(ProtocolHandshake.java:74)
	at org.openqa.selenium.remote.HttpCommandExecutor.execute(HttpCommandExecutor.java:136)
	at org.openqa.selenium.remote.service.DriverCommandExecutor.execute(DriverCommandExecutor.java:83)
	at org.openqa.selenium.remote.RemoteWebDriver.execute(RemoteWebDriver.java:552)
	at org.openqa.selenium.remote.RemoteWebDriver.startSession(RemoteWebDriver.java:213)
	at org.openqa.selenium.remote.RemoteWebDriver.&lt;init&gt;(RemoteWebDriver.java:131)
	at org.openqa.selenium.chrome.ChromeDriver.&lt;init&gt;(ChromeDriver.java:181)
	at org.openqa.selenium.chrome.ChromeDriver.&lt;init&gt;(ChromeDriver.java:168)
	at org.openqa.selenium.chrome.ChromeDriver.&lt;init&gt;(ChromeDriver.java:157)
	at com.webdriveruniversity.testcases.Base_Page_Test.Browser_Launch(Base_Page_Test.java:34)
... Removed 34 stack frames</div></td></tr></table><p class="totop"><a href="#summary">back to summary</a></p>
<h3 id="m43">com.webdriveruniversity.testcases.Scrolling_Page_Test#Test_Case_039</h3><table class="result"><tr><th>Exception</th></tr><tr><td><div class="stacktrace">org.openqa.selenium.SessionNotCreatedException: session not created: This version of ChromeDriver only supports Chrome version 101
Current browser version is 103.0.5060.66 with binary path C:\Users\sakka\AppData\Local\Google\Chrome\Application\chrome.exe
Build info: version: &apos;3.141.59&apos;, revision: &apos;e82be7d358&apos;, time: &apos;2018-11-14T08:17:03&apos;
System info: host: &apos;DESKTOP-NALDS22&apos;, ip: &apos;192.168.0.107&apos;, os.name: &apos;Windows 10&apos;, os.arch: &apos;amd64&apos;, os.version: &apos;10.0&apos;, java.version: &apos;1.8.0_333&apos;
Driver info: driver.version: ChromeDriver
remote stacktrace: Backtrace:
	Ordinal0 [0x0071B8F3+2406643]
	Ordinal0 [0x006AAF31+1945393]
	Ordinal0 [0x0059C748+837448]
	Ordinal0 [0x005BC8B3+968883]
	Ordinal0 [0x005B84BA+951482]
	Ordinal0 [0x005B5D71+941425]
	Ordinal0 [0x005E8EE0+1150688]
	Ordinal0 [0x005E8B3A+1149754]
	Ordinal0 [0x005E4096+1130646]
	Ordinal0 [0x005BE636+976438]
	Ordinal0 [0x005BF546+980294]
	GetHandleVerifier [0x00989612+2498066]
	GetHandleVerifier [0x0097C920+2445600]
	GetHandleVerifier [0x007B4F2A+579370]
	GetHandleVerifier [0x007B3D36+574774]
	Ordinal0 [0x006B1C0B+1973259]
	Ordinal0 [0x006B6688+1992328]
	Ordinal0 [0x006B6775+1992565]
	Ordinal0 [0x006BF8D1+2029777]
	BaseThreadInitThunk [0x7725FA29+25]
	RtlGetAppContainerNamedObjectPath [0x77777A9E+286]
	RtlGetAppContainerNamedObjectPath [0x77777A6E+238]

	at org.openqa.selenium.remote.W3CHandshakeResponse.lambda$errorHandler$0(W3CHandshakeResponse.java:62)
	at org.openqa.selenium.remote.HandshakeResponse.lambda$getResponseFunction$0(HandshakeResponse.java:30)
	at org.openqa.selenium.remote.ProtocolHandshake.lambda$createSession$0(ProtocolHandshake.java:126)
	at java.util.stream.ReferencePipeline$3$1.accept(ReferencePipeline.java:193)
	at java.util.Spliterators$ArraySpliterator.tryAdvance(Spliterators.java:958)
	at java.util.stream.ReferencePipeline.forEachWithCancel(ReferencePipeline.java:126)
	at java.util.stream.AbstractPipeline.copyIntoWithCancel(AbstractPipeline.java:499)
	at java.util.stream.AbstractPipeline.copyInto(AbstractPipeline.java:486)
	at java.util.stream.AbstractPipeline.wrapAndCopyInto(AbstractPipeline.java:472)
	at java.util.stream.FindOps$FindOp.evaluateSequential(FindOps.java:152)
	at java.util.stream.AbstractPipeline.evaluate(AbstractPipeline.java:234)
	at java.util.stream.ReferencePipeline.findFirst(ReferencePipeline.java:464)
	at org.openqa.selenium.remote.ProtocolHandshake.createSession(ProtocolHandshake.java:128)
	at org.openqa.selenium.remote.ProtocolHandshake.createSession(ProtocolHandshake.java:74)
	at org.openqa.selenium.remote.HttpCommandExecutor.execute(HttpCommandExecutor.java:136)
	at org.openqa.selenium.remote.service.DriverCommandExecutor.execute(DriverCommandExecutor.java:83)
	at org.openqa.selenium.remote.RemoteWebDriver.execute(RemoteWebDriver.java:552)
	at org.openqa.selenium.remote.RemoteWebDriver.startSession(RemoteWebDriver.java:213)
	at org.openqa.selenium.remote.RemoteWebDriver.&lt;init&gt;(RemoteWebDriver.java:131)
	at org.openqa.selenium.chrome.ChromeDriver.&lt;init&gt;(ChromeDriver.java:181)
	at org.openqa.selenium.chrome.ChromeDriver.&lt;init&gt;(ChromeDriver.java:168)
	at org.openqa.selenium.chrome.ChromeDriver.&lt;init&gt;(ChromeDriver.java:157)
	at com.webdriveruniversity.testcases.Base_Page_Test.Browser_Launch(Base_Page_Test.java:34)
... Removed 34 stack frames</div></td></tr></table><p class="totop"><a href="#summary">back to summary</a></p>
<h3 id="m44">com.webdriveruniversity.testcases.Scrolling_Page_Test#Test_Case_040</h3><table class="result"><tr><th>Exception</th></tr><tr><td><div class="stacktrace">org.openqa.selenium.SessionNotCreatedException: session not created: This version of ChromeDriver only supports Chrome version 101
Current browser version is 103.0.5060.66 with binary path C:\Users\sakka\AppData\Local\Google\Chrome\Application\chrome.exe
Build info: version: &apos;3.141.59&apos;, revision: &apos;e82be7d358&apos;, time: &apos;2018-11-14T08:17:03&apos;
System info: host: &apos;DESKTOP-NALDS22&apos;, ip: &apos;192.168.0.107&apos;, os.name: &apos;Windows 10&apos;, os.arch: &apos;amd64&apos;, os.version: &apos;10.0&apos;, java.version: &apos;1.8.0_333&apos;
Driver info: driver.version: ChromeDriver
remote stacktrace: Backtrace:
	Ordinal0 [0x0071B8F3+2406643]
	Ordinal0 [0x006AAF31+1945393]
	Ordinal0 [0x0059C748+837448]
	Ordinal0 [0x005BC8B3+968883]
	Ordinal0 [0x005B84BA+951482]
	Ordinal0 [0x005B5D71+941425]
	Ordinal0 [0x005E8EE0+1150688]
	Ordinal0 [0x005E8B3A+1149754]
	Ordinal0 [0x005E4096+1130646]
	Ordinal0 [0x005BE636+976438]
	Ordinal0 [0x005BF546+980294]
	GetHandleVerifier [0x00989612+2498066]
	GetHandleVerifier [0x0097C920+2445600]
	GetHandleVerifier [0x007B4F2A+579370]
	GetHandleVerifier [0x007B3D36+574774]
	Ordinal0 [0x006B1C0B+1973259]
	Ordinal0 [0x006B6688+1992328]
	Ordinal0 [0x006B6775+1992565]
	Ordinal0 [0x006BF8D1+2029777]
	BaseThreadInitThunk [0x7725FA29+25]
	RtlGetAppContainerNamedObjectPath [0x77777A9E+286]
	RtlGetAppContainerNamedObjectPath [0x77777A6E+238]

	at org.openqa.selenium.remote.W3CHandshakeResponse.lambda$errorHandler$0(W3CHandshakeResponse.java:62)
	at org.openqa.selenium.remote.HandshakeResponse.lambda$getResponseFunction$0(HandshakeResponse.java:30)
	at org.openqa.selenium.remote.ProtocolHandshake.lambda$createSession$0(ProtocolHandshake.java:126)
	at java.util.stream.ReferencePipeline$3$1.accept(ReferencePipeline.java:193)
	at java.util.Spliterators$ArraySpliterator.tryAdvance(Spliterators.java:958)
	at java.util.stream.ReferencePipeline.forEachWithCancel(ReferencePipeline.java:126)
	at java.util.stream.AbstractPipeline.copyIntoWithCancel(AbstractPipeline.java:499)
	at java.util.stream.AbstractPipeline.copyInto(AbstractPipeline.java:486)
	at java.util.stream.AbstractPipeline.wrapAndCopyInto(AbstractPipeline.java:472)
	at java.util.stream.FindOps$FindOp.evaluateSequential(FindOps.java:152)
	at java.util.stream.AbstractPipeline.evaluate(AbstractPipeline.java:234)
	at java.util.stream.ReferencePipeline.findFirst(ReferencePipeline.java:464)
	at org.openqa.selenium.remote.ProtocolHandshake.createSession(ProtocolHandshake.java:128)
	at org.openqa.selenium.remote.ProtocolHandshake.createSession(ProtocolHandshake.java:74)
	at org.openqa.selenium.remote.HttpCommandExecutor.execute(HttpCommandExecutor.java:136)
	at org.openqa.selenium.remote.service.DriverCommandExecutor.execute(DriverCommandExecutor.java:83)
	at org.openqa.selenium.remote.RemoteWebDriver.execute(RemoteWebDriver.java:552)
	at org.openqa.selenium.remote.RemoteWebDriver.startSession(RemoteWebDriver.java:213)
	at org.openqa.selenium.remote.RemoteWebDriver.&lt;init&gt;(RemoteWebDriver.java:131)
	at org.openqa.selenium.chrome.ChromeDriver.&lt;init&gt;(ChromeDriver.java:181)
	at org.openqa.selenium.chrome.ChromeDriver.&lt;init&gt;(ChromeDriver.java:168)
	at org.openqa.selenium.chrome.ChromeDriver.&lt;init&gt;(ChromeDriver.java:157)
	at com.webdriveruniversity.testcases.Base_Page_Test.Browser_Launch(Base_Page_Test.java:34)
... Removed 34 stack frames</div></td></tr></table><p class="totop"><a href="#summary">back to summary</a></p>
<h3 id="m45">com.webdriveruniversity.testcases.Scrolling_Page_Test#Test_Case_041</h3><table class="result"><tr><th>Exception</th></tr><tr><td><div class="stacktrace">org.openqa.selenium.SessionNotCreatedException: session not created: This version of ChromeDriver only supports Chrome version 101
Current browser version is 103.0.5060.66 with binary path C:\Users\sakka\AppData\Local\Google\Chrome\Application\chrome.exe
Build info: version: &apos;3.141.59&apos;, revision: &apos;e82be7d358&apos;, time: &apos;2018-11-14T08:17:03&apos;
System info: host: &apos;DESKTOP-NALDS22&apos;, ip: &apos;192.168.0.107&apos;, os.name: &apos;Windows 10&apos;, os.arch: &apos;amd64&apos;, os.version: &apos;10.0&apos;, java.version: &apos;1.8.0_333&apos;
Driver info: driver.version: ChromeDriver
remote stacktrace: Backtrace:
	Ordinal0 [0x0071B8F3+2406643]
	Ordinal0 [0x006AAF31+1945393]
	Ordinal0 [0x0059C748+837448]
	Ordinal0 [0x005BC8B3+968883]
	Ordinal0 [0x005B84BA+951482]
	Ordinal0 [0x005B5D71+941425]
	Ordinal0 [0x005E8EE0+1150688]
	Ordinal0 [0x005E8B3A+1149754]
	Ordinal0 [0x005E4096+1130646]
	Ordinal0 [0x005BE636+976438]
	Ordinal0 [0x005BF546+980294]
	GetHandleVerifier [0x00989612+2498066]
	GetHandleVerifier [0x0097C920+2445600]
	GetHandleVerifier [0x007B4F2A+579370]
	GetHandleVerifier [0x007B3D36+574774]
	Ordinal0 [0x006B1C0B+1973259]
	Ordinal0 [0x006B6688+1992328]
	Ordinal0 [0x006B6775+1992565]
	Ordinal0 [0x006BF8D1+2029777]
	BaseThreadInitThunk [0x7725FA29+25]
	RtlGetAppContainerNamedObjectPath [0x77777A9E+286]
	RtlGetAppContainerNamedObjectPath [0x77777A6E+238]

	at org.openqa.selenium.remote.W3CHandshakeResponse.lambda$errorHandler$0(W3CHandshakeResponse.java:62)
	at org.openqa.selenium.remote.HandshakeResponse.lambda$getResponseFunction$0(HandshakeResponse.java:30)
	at org.openqa.selenium.remote.ProtocolHandshake.lambda$createSession$0(ProtocolHandshake.java:126)
	at java.util.stream.ReferencePipeline$3$1.accept(ReferencePipeline.java:193)
	at java.util.Spliterators$ArraySpliterator.tryAdvance(Spliterators.java:958)
	at java.util.stream.ReferencePipeline.forEachWithCancel(ReferencePipeline.java:126)
	at java.util.stream.AbstractPipeline.copyIntoWithCancel(AbstractPipeline.java:499)
	at java.util.stream.AbstractPipeline.copyInto(AbstractPipeline.java:486)
	at java.util.stream.AbstractPipeline.wrapAndCopyInto(AbstractPipeline.java:472)
	at java.util.stream.FindOps$FindOp.evaluateSequential(FindOps.java:152)
	at java.util.stream.AbstractPipeline.evaluate(AbstractPipeline.java:234)
	at java.util.stream.ReferencePipeline.findFirst(ReferencePipeline.java:464)
	at org.openqa.selenium.remote.ProtocolHandshake.createSession(ProtocolHandshake.java:128)
	at org.openqa.selenium.remote.ProtocolHandshake.createSession(ProtocolHandshake.java:74)
	at org.openqa.selenium.remote.HttpCommandExecutor.execute(HttpCommandExecutor.java:136)
	at org.openqa.selenium.remote.service.DriverCommandExecutor.execute(DriverCommandExecutor.java:83)
	at org.openqa.selenium.remote.RemoteWebDriver.execute(RemoteWebDriver.java:552)
	at org.openqa.selenium.remote.RemoteWebDriver.startSession(RemoteWebDriver.java:213)
	at org.openqa.selenium.remote.RemoteWebDriver.&lt;init&gt;(RemoteWebDriver.java:131)
	at org.openqa.selenium.chrome.ChromeDriver.&lt;init&gt;(ChromeDriver.java:181)
	at org.openqa.selenium.chrome.ChromeDriver.&lt;init&gt;(ChromeDriver.java:168)
	at org.openqa.selenium.chrome.ChromeDriver.&lt;init&gt;(ChromeDriver.java:157)
	at com.webdriveruniversity.testcases.Base_Page_Test.Browser_Launch(Base_Page_Test.java:34)
... Removed 34 stack frames</div></td></tr></table><p class="totop"><a href="#summary">back to summary</a></p>
<h3 id="m46">com.webdriveruniversity.testcases.Scrolling_Page_Test#Test_Case_042</h3><table class="result"><tr><th>Exception</th></tr><tr><td><div class="stacktrace">java.lang.Throwable: Method Scrolling_Page_Test.Test_Case_042()[pri:0, instance:com.webdriveruniversity.testcases.Scrolling_Page_Test@617c74e5] depends on not successfully finished methods
... Removed 22 stack frames</div></td></tr></table><p class="totop"><a href="#summary">back to summary</a></p>
<h3 id="m47">com.webdriveruniversity.testcases.To_do_List_Test#Test_Case_010</h3><table class="result"><tr><th>Exception</th></tr><tr><td><div class="stacktrace">org.openqa.selenium.SessionNotCreatedException: session not created: This version of ChromeDriver only supports Chrome version 101
Current browser version is 103.0.5060.66 with binary path C:\Users\sakka\AppData\Local\Google\Chrome\Application\chrome.exe
Build info: version: &apos;3.141.59&apos;, revision: &apos;e82be7d358&apos;, time: &apos;2018-11-14T08:17:03&apos;
System info: host: &apos;DESKTOP-NALDS22&apos;, ip: &apos;192.168.0.107&apos;, os.name: &apos;Windows 10&apos;, os.arch: &apos;amd64&apos;, os.version: &apos;10.0&apos;, java.version: &apos;1.8.0_333&apos;
Driver info: driver.version: ChromeDriver
remote stacktrace: Backtrace:
	Ordinal0 [0x0071B8F3+2406643]
	Ordinal0 [0x006AAF31+1945393]
	Ordinal0 [0x0059C748+837448]
	Ordinal0 [0x005BC8B3+968883]
	Ordinal0 [0x005B84BA+951482]
	Ordinal0 [0x005B5D71+941425]
	Ordinal0 [0x005E8EE0+1150688]
	Ordinal0 [0x005E8B3A+1149754]
	Ordinal0 [0x005E4096+1130646]
	Ordinal0 [0x005BE636+976438]
	Ordinal0 [0x005BF546+980294]
	GetHandleVerifier [0x00989612+2498066]
	GetHandleVerifier [0x0097C920+2445600]
	GetHandleVerifier [0x007B4F2A+579370]
	GetHandleVerifier [0x007B3D36+574774]
	Ordinal0 [0x006B1C0B+1973259]
	Ordinal0 [0x006B6688+1992328]
	Ordinal0 [0x006B6775+1992565]
	Ordinal0 [0x006BF8D1+2029777]
	BaseThreadInitThunk [0x7725FA29+25]
	RtlGetAppContainerNamedObjectPath [0x77777A9E+286]
	RtlGetAppContainerNamedObjectPath [0x77777A6E+238]

	at org.openqa.selenium.remote.W3CHandshakeResponse.lambda$errorHandler$0(W3CHandshakeResponse.java:62)
	at org.openqa.selenium.remote.HandshakeResponse.lambda$getResponseFunction$0(HandshakeResponse.java:30)
	at org.openqa.selenium.remote.ProtocolHandshake.lambda$createSession$0(ProtocolHandshake.java:126)
	at java.util.stream.ReferencePipeline$3$1.accept(ReferencePipeline.java:193)
	at java.util.Spliterators$ArraySpliterator.tryAdvance(Spliterators.java:958)
	at java.util.stream.ReferencePipeline.forEachWithCancel(ReferencePipeline.java:126)
	at java.util.stream.AbstractPipeline.copyIntoWithCancel(AbstractPipeline.java:499)
	at java.util.stream.AbstractPipeline.copyInto(AbstractPipeline.java:486)
	at java.util.stream.AbstractPipeline.wrapAndCopyInto(AbstractPipeline.java:472)
	at java.util.stream.FindOps$FindOp.evaluateSequential(FindOps.java:152)
	at java.util.stream.AbstractPipeline.evaluate(AbstractPipeline.java:234)
	at java.util.stream.ReferencePipeline.findFirst(ReferencePipeline.java:464)
	at org.openqa.selenium.remote.ProtocolHandshake.createSession(ProtocolHandshake.java:128)
	at org.openqa.selenium.remote.ProtocolHandshake.createSession(ProtocolHandshake.java:74)
	at org.openqa.selenium.remote.HttpCommandExecutor.execute(HttpCommandExecutor.java:136)
	at org.openqa.selenium.remote.service.DriverCommandExecutor.execute(DriverCommandExecutor.java:83)
	at org.openqa.selenium.remote.RemoteWebDriver.execute(RemoteWebDriver.java:552)
	at org.openqa.selenium.remote.RemoteWebDriver.startSession(RemoteWebDriver.java:213)
	at org.openqa.selenium.remote.RemoteWebDriver.&lt;init&gt;(RemoteWebDriver.java:131)
	at org.openqa.selenium.chrome.ChromeDriver.&lt;init&gt;(ChromeDriver.java:181)
	at org.openqa.selenium.chrome.ChromeDriver.&lt;init&gt;(ChromeDriver.java:168)
	at org.openqa.selenium.chrome.ChromeDriver.&lt;init&gt;(ChromeDriver.java:157)
	at com.webdriveruniversity.testcases.Base_Page_Test.Browser_Launch(Base_Page_Test.java:34)
... Removed 34 stack frames</div></td></tr></table><p class="totop"><a href="#summary">back to summary</a></p>
<h3 id="m48">com.webdriveruniversity.testcases.To_do_List_Test#Test_Case_011</h3><table class="result"><tr><th>Exception</th></tr><tr><td><div class="stacktrace">org.openqa.selenium.SessionNotCreatedException: session not created: This version of ChromeDriver only supports Chrome version 101
Current browser version is 103.0.5060.66 with binary path C:\Users\sakka\AppData\Local\Google\Chrome\Application\chrome.exe
Build info: version: &apos;3.141.59&apos;, revision: &apos;e82be7d358&apos;, time: &apos;2018-11-14T08:17:03&apos;
System info: host: &apos;DESKTOP-NALDS22&apos;, ip: &apos;192.168.0.107&apos;, os.name: &apos;Windows 10&apos;, os.arch: &apos;amd64&apos;, os.version: &apos;10.0&apos;, java.version: &apos;1.8.0_333&apos;
Driver info: driver.version: ChromeDriver
remote stacktrace: Backtrace:
	Ordinal0 [0x0071B8F3+2406643]
	Ordinal0 [0x006AAF31+1945393]
	Ordinal0 [0x0059C748+837448]
	Ordinal0 [0x005BC8B3+968883]
	Ordinal0 [0x005B84BA+951482]
	Ordinal0 [0x005B5D71+941425]
	Ordinal0 [0x005E8EE0+1150688]
	Ordinal0 [0x005E8B3A+1149754]
	Ordinal0 [0x005E4096+1130646]
	Ordinal0 [0x005BE636+976438]
	Ordinal0 [0x005BF546+980294]
	GetHandleVerifier [0x00989612+2498066]
	GetHandleVerifier [0x0097C920+2445600]
	GetHandleVerifier [0x007B4F2A+579370]
	GetHandleVerifier [0x007B3D36+574774]
	Ordinal0 [0x006B1C0B+1973259]
	Ordinal0 [0x006B6688+1992328]
	Ordinal0 [0x006B6775+1992565]
	Ordinal0 [0x006BF8D1+2029777]
	BaseThreadInitThunk [0x7725FA29+25]
	RtlGetAppContainerNamedObjectPath [0x77777A9E+286]
	RtlGetAppContainerNamedObjectPath [0x77777A6E+238]

	at org.openqa.selenium.remote.W3CHandshakeResponse.lambda$errorHandler$0(W3CHandshakeResponse.java:62)
	at org.openqa.selenium.remote.HandshakeResponse.lambda$getResponseFunction$0(HandshakeResponse.java:30)
	at org.openqa.selenium.remote.ProtocolHandshake.lambda$createSession$0(ProtocolHandshake.java:126)
	at java.util.stream.ReferencePipeline$3$1.accept(ReferencePipeline.java:193)
	at java.util.Spliterators$ArraySpliterator.tryAdvance(Spliterators.java:958)
	at java.util.stream.ReferencePipeline.forEachWithCancel(ReferencePipeline.java:126)
	at java.util.stream.AbstractPipeline.copyIntoWithCancel(AbstractPipeline.java:499)
	at java.util.stream.AbstractPipeline.copyInto(AbstractPipeline.java:486)
	at java.util.stream.AbstractPipeline.wrapAndCopyInto(AbstractPipeline.java:472)
	at java.util.stream.FindOps$FindOp.evaluateSequential(FindOps.java:152)
	at java.util.stream.AbstractPipeline.evaluate(AbstractPipeline.java:234)
	at java.util.stream.ReferencePipeline.findFirst(ReferencePipeline.java:464)
	at org.openqa.selenium.remote.ProtocolHandshake.createSession(ProtocolHandshake.java:128)
	at org.openqa.selenium.remote.ProtocolHandshake.createSession(ProtocolHandshake.java:74)
	at org.openqa.selenium.remote.HttpCommandExecutor.execute(HttpCommandExecutor.java:136)
	at org.openqa.selenium.remote.service.DriverCommandExecutor.execute(DriverCommandExecutor.java:83)
	at org.openqa.selenium.remote.RemoteWebDriver.execute(RemoteWebDriver.java:552)
	at org.openqa.selenium.remote.RemoteWebDriver.startSession(RemoteWebDriver.java:213)
	at org.openqa.selenium.remote.RemoteWebDriver.&lt;init&gt;(RemoteWebDriver.java:131)
	at org.openqa.selenium.chrome.ChromeDriver.&lt;init&gt;(ChromeDriver.java:181)
	at org.openqa.selenium.chrome.ChromeDriver.&lt;init&gt;(ChromeDriver.java:168)
	at org.openqa.selenium.chrome.ChromeDriver.&lt;init&gt;(ChromeDriver.java:157)
	at com.webdriveruniversity.testcases.Base_Page_Test.Browser_Launch(Base_Page_Test.java:34)
... Removed 34 stack frames</div></td></tr></table><p class="totop"><a href="#summary">back to summary</a></p>
<h3 id="m49">com.webdriveruniversity.testcases.To_do_List_Test#Test_Case_012</h3><table class="result"><tr><th>Exception</th></tr><tr><td><div class="stacktrace">org.openqa.selenium.SessionNotCreatedException: session not created: This version of ChromeDriver only supports Chrome version 101
Current browser version is 103.0.5060.66 with binary path C:\Users\sakka\AppData\Local\Google\Chrome\Application\chrome.exe
Build info: version: &apos;3.141.59&apos;, revision: &apos;e82be7d358&apos;, time: &apos;2018-11-14T08:17:03&apos;
System info: host: &apos;DESKTOP-NALDS22&apos;, ip: &apos;192.168.0.107&apos;, os.name: &apos;Windows 10&apos;, os.arch: &apos;amd64&apos;, os.version: &apos;10.0&apos;, java.version: &apos;1.8.0_333&apos;
Driver info: driver.version: ChromeDriver
remote stacktrace: Backtrace:
	Ordinal0 [0x0071B8F3+2406643]
	Ordinal0 [0x006AAF31+1945393]
	Ordinal0 [0x0059C748+837448]
	Ordinal0 [0x005BC8B3+968883]
	Ordinal0 [0x005B84BA+951482]
	Ordinal0 [0x005B5D71+941425]
	Ordinal0 [0x005E8EE0+1150688]
	Ordinal0 [0x005E8B3A+1149754]
	Ordinal0 [0x005E4096+1130646]
	Ordinal0 [0x005BE636+976438]
	Ordinal0 [0x005BF546+980294]
	GetHandleVerifier [0x00989612+2498066]
	GetHandleVerifier [0x0097C920+2445600]
	GetHandleVerifier [0x007B4F2A+579370]
	GetHandleVerifier [0x007B3D36+574774]
	Ordinal0 [0x006B1C0B+1973259]
	Ordinal0 [0x006B6688+1992328]
	Ordinal0 [0x006B6775+1992565]
	Ordinal0 [0x006BF8D1+2029777]
	BaseThreadInitThunk [0x7725FA29+25]
	RtlGetAppContainerNamedObjectPath [0x77777A9E+286]
	RtlGetAppContainerNamedObjectPath [0x77777A6E+238]

	at org.openqa.selenium.remote.W3CHandshakeResponse.lambda$errorHandler$0(W3CHandshakeResponse.java:62)
	at org.openqa.selenium.remote.HandshakeResponse.lambda$getResponseFunction$0(HandshakeResponse.java:30)
	at org.openqa.selenium.remote.ProtocolHandshake.lambda$createSession$0(ProtocolHandshake.java:126)
	at java.util.stream.ReferencePipeline$3$1.accept(ReferencePipeline.java:193)
	at java.util.Spliterators$ArraySpliterator.tryAdvance(Spliterators.java:958)
	at java.util.stream.ReferencePipeline.forEachWithCancel(ReferencePipeline.java:126)
	at java.util.stream.AbstractPipeline.copyIntoWithCancel(AbstractPipeline.java:499)
	at java.util.stream.AbstractPipeline.copyInto(AbstractPipeline.java:486)
	at java.util.stream.AbstractPipeline.wrapAndCopyInto(AbstractPipeline.java:472)
	at java.util.stream.FindOps$FindOp.evaluateSequential(FindOps.java:152)
	at java.util.stream.AbstractPipeline.evaluate(AbstractPipeline.java:234)
	at java.util.stream.ReferencePipeline.findFirst(ReferencePipeline.java:464)
	at org.openqa.selenium.remote.ProtocolHandshake.createSession(ProtocolHandshake.java:128)
	at org.openqa.selenium.remote.ProtocolHandshake.createSession(ProtocolHandshake.java:74)
	at org.openqa.selenium.remote.HttpCommandExecutor.execute(HttpCommandExecutor.java:136)
	at org.openqa.selenium.remote.service.DriverCommandExecutor.execute(DriverCommandExecutor.java:83)
	at org.openqa.selenium.remote.RemoteWebDriver.execute(RemoteWebDriver.java:552)
	at org.openqa.selenium.remote.RemoteWebDriver.startSession(RemoteWebDriver.java:213)
	at org.openqa.selenium.remote.RemoteWebDriver.&lt;init&gt;(RemoteWebDriver.java:131)
	at org.openqa.selenium.chrome.ChromeDriver.&lt;init&gt;(ChromeDriver.java:181)
	at org.openqa.selenium.chrome.ChromeDriver.&lt;init&gt;(ChromeDriver.java:168)
	at org.openqa.selenium.chrome.ChromeDriver.&lt;init&gt;(ChromeDriver.java:157)
	at com.webdriveruniversity.testcases.Base_Page_Test.Browser_Launch(Base_Page_Test.java:34)
... Removed 34 stack frames</div></td></tr></table><p class="totop"><a href="#summary">back to summary</a></p>
<h3 id="m50">com.webdriveruniversity.testcases.To_do_List_Test#Test_Case_013</h3><table class="result"><tr><th>Exception</th></tr><tr><td><div class="stacktrace">org.openqa.selenium.SessionNotCreatedException: session not created: This version of ChromeDriver only supports Chrome version 101
Current browser version is 103.0.5060.66 with binary path C:\Users\sakka\AppData\Local\Google\Chrome\Application\chrome.exe
Build info: version: &apos;3.141.59&apos;, revision: &apos;e82be7d358&apos;, time: &apos;2018-11-14T08:17:03&apos;
System info: host: &apos;DESKTOP-NALDS22&apos;, ip: &apos;192.168.0.107&apos;, os.name: &apos;Windows 10&apos;, os.arch: &apos;amd64&apos;, os.version: &apos;10.0&apos;, java.version: &apos;1.8.0_333&apos;
Driver info: driver.version: ChromeDriver
remote stacktrace: Backtrace:
	Ordinal0 [0x0071B8F3+2406643]
	Ordinal0 [0x006AAF31+1945393]
	Ordinal0 [0x0059C748+837448]
	Ordinal0 [0x005BC8B3+968883]
	Ordinal0 [0x005B84BA+951482]
	Ordinal0 [0x005B5D71+941425]
	Ordinal0 [0x005E8EE0+1150688]
	Ordinal0 [0x005E8B3A+1149754]
	Ordinal0 [0x005E4096+1130646]
	Ordinal0 [0x005BE636+976438]
	Ordinal0 [0x005BF546+980294]
	GetHandleVerifier [0x00989612+2498066]
	GetHandleVerifier [0x0097C920+2445600]
	GetHandleVerifier [0x007B4F2A+579370]
	GetHandleVerifier [0x007B3D36+574774]
	Ordinal0 [0x006B1C0B+1973259]
	Ordinal0 [0x006B6688+1992328]
	Ordinal0 [0x006B6775+1992565]
	Ordinal0 [0x006BF8D1+2029777]
	BaseThreadInitThunk [0x7725FA29+25]
	RtlGetAppContainerNamedObjectPath [0x77777A9E+286]
	RtlGetAppContainerNamedObjectPath [0x77777A6E+238]

	at org.openqa.selenium.remote.W3CHandshakeResponse.lambda$errorHandler$0(W3CHandshakeResponse.java:62)
	at org.openqa.selenium.remote.HandshakeResponse.lambda$getResponseFunction$0(HandshakeResponse.java:30)
	at org.openqa.selenium.remote.ProtocolHandshake.lambda$createSession$0(ProtocolHandshake.java:126)
	at java.util.stream.ReferencePipeline$3$1.accept(ReferencePipeline.java:193)
	at java.util.Spliterators$ArraySpliterator.tryAdvance(Spliterators.java:958)
	at java.util.stream.ReferencePipeline.forEachWithCancel(ReferencePipeline.java:126)
	at java.util.stream.AbstractPipeline.copyIntoWithCancel(AbstractPipeline.java:499)
	at java.util.stream.AbstractPipeline.copyInto(AbstractPipeline.java:486)
	at java.util.stream.AbstractPipeline.wrapAndCopyInto(AbstractPipeline.java:472)
	at java.util.stream.FindOps$FindOp.evaluateSequential(FindOps.java:152)
	at java.util.stream.AbstractPipeline.evaluate(AbstractPipeline.java:234)
	at java.util.stream.ReferencePipeline.findFirst(ReferencePipeline.java:464)
	at org.openqa.selenium.remote.ProtocolHandshake.createSession(ProtocolHandshake.java:128)
	at org.openqa.selenium.remote.ProtocolHandshake.createSession(ProtocolHandshake.java:74)
	at org.openqa.selenium.remote.HttpCommandExecutor.execute(HttpCommandExecutor.java:136)
	at org.openqa.selenium.remote.service.DriverCommandExecutor.execute(DriverCommandExecutor.java:83)
	at org.openqa.selenium.remote.RemoteWebDriver.execute(RemoteWebDriver.java:552)
	at org.openqa.selenium.remote.RemoteWebDriver.startSession(RemoteWebDriver.java:213)
	at org.openqa.selenium.remote.RemoteWebDriver.&lt;init&gt;(RemoteWebDriver.java:131)
	at org.openqa.selenium.chrome.ChromeDriver.&lt;init&gt;(ChromeDriver.java:181)
	at org.openqa.selenium.chrome.ChromeDriver.&lt;init&gt;(ChromeDriver.java:168)
	at org.openqa.selenium.chrome.ChromeDriver.&lt;init&gt;(ChromeDriver.java:157)
	at com.webdriveruniversity.testcases.Base_Page_Test.Browser_Launch(Base_Page_Test.java:34)
... Removed 34 stack frames</div></td></tr></table><p class="totop"><a href="#summary">back to summary</a></p>
<h3 id="m51">com.webdriveruniversity.testcases.To_do_List_Test#Test_Case_014</h3><table class="result"><tr><th>Exception</th></tr><tr><td><div class="stacktrace">org.openqa.selenium.SessionNotCreatedException: session not created: This version of ChromeDriver only supports Chrome version 101
Current browser version is 103.0.5060.66 with binary path C:\Users\sakka\AppData\Local\Google\Chrome\Application\chrome.exe
Build info: version: &apos;3.141.59&apos;, revision: &apos;e82be7d358&apos;, time: &apos;2018-11-14T08:17:03&apos;
System info: host: &apos;DESKTOP-NALDS22&apos;, ip: &apos;192.168.0.107&apos;, os.name: &apos;Windows 10&apos;, os.arch: &apos;amd64&apos;, os.version: &apos;10.0&apos;, java.version: &apos;1.8.0_333&apos;
Driver info: driver.version: ChromeDriver
remote stacktrace: Backtrace:
	Ordinal0 [0x0071B8F3+2406643]
	Ordinal0 [0x006AAF31+1945393]
	Ordinal0 [0x0059C748+837448]
	Ordinal0 [0x005BC8B3+968883]
	Ordinal0 [0x005B84BA+951482]
	Ordinal0 [0x005B5D71+941425]
	Ordinal0 [0x005E8EE0+1150688]
	Ordinal0 [0x005E8B3A+1149754]
	Ordinal0 [0x005E4096+1130646]
	Ordinal0 [0x005BE636+976438]
	Ordinal0 [0x005BF546+980294]
	GetHandleVerifier [0x00989612+2498066]
	GetHandleVerifier [0x0097C920+2445600]
	GetHandleVerifier [0x007B4F2A+579370]
	GetHandleVerifier [0x007B3D36+574774]
	Ordinal0 [0x006B1C0B+1973259]
	Ordinal0 [0x006B6688+1992328]
	Ordinal0 [0x006B6775+1992565]
	Ordinal0 [0x006BF8D1+2029777]
	BaseThreadInitThunk [0x7725FA29+25]
	RtlGetAppContainerNamedObjectPath [0x77777A9E+286]
	RtlGetAppContainerNamedObjectPath [0x77777A6E+238]

	at org.openqa.selenium.remote.W3CHandshakeResponse.lambda$errorHandler$0(W3CHandshakeResponse.java:62)
	at org.openqa.selenium.remote.HandshakeResponse.lambda$getResponseFunction$0(HandshakeResponse.java:30)
	at org.openqa.selenium.remote.ProtocolHandshake.lambda$createSession$0(ProtocolHandshake.java:126)
	at java.util.stream.ReferencePipeline$3$1.accept(ReferencePipeline.java:193)
	at java.util.Spliterators$ArraySpliterator.tryAdvance(Spliterators.java:958)
	at java.util.stream.ReferencePipeline.forEachWithCancel(ReferencePipeline.java:126)
	at java.util.stream.AbstractPipeline.copyIntoWithCancel(AbstractPipeline.java:499)
	at java.util.stream.AbstractPipeline.copyInto(AbstractPipeline.java:486)
	at java.util.stream.AbstractPipeline.wrapAndCopyInto(AbstractPipeline.java:472)
	at java.util.stream.FindOps$FindOp.evaluateSequential(FindOps.java:152)
	at java.util.stream.AbstractPipeline.evaluate(AbstractPipeline.java:234)
	at java.util.stream.ReferencePipeline.findFirst(ReferencePipeline.java:464)
	at org.openqa.selenium.remote.ProtocolHandshake.createSession(ProtocolHandshake.java:128)
	at org.openqa.selenium.remote.ProtocolHandshake.createSession(ProtocolHandshake.java:74)
	at org.openqa.selenium.remote.HttpCommandExecutor.execute(HttpCommandExecutor.java:136)
	at org.openqa.selenium.remote.service.DriverCommandExecutor.execute(DriverCommandExecutor.java:83)
	at org.openqa.selenium.remote.RemoteWebDriver.execute(RemoteWebDriver.java:552)
	at org.openqa.selenium.remote.RemoteWebDriver.startSession(RemoteWebDriver.java:213)
	at org.openqa.selenium.remote.RemoteWebDriver.&lt;init&gt;(RemoteWebDriver.java:131)
	at org.openqa.selenium.chrome.ChromeDriver.&lt;init&gt;(ChromeDriver.java:181)
	at org.openqa.selenium.chrome.ChromeDriver.&lt;init&gt;(ChromeDriver.java:168)
	at org.openqa.selenium.chrome.ChromeDriver.&lt;init&gt;(ChromeDriver.java:157)
	at com.webdriveruniversity.testcases.Base_Page_Test.Browser_Launch(Base_Page_Test.java:34)
... Removed 34 stack frames</div></td></tr></table><p class="totop"><a href="#summary">back to summary</a></p>
<h3 id="m52">com.webdriveruniversity.testcases.To_do_List_Test#Test_Case_015</h3><table class="result"><tr><th>Exception</th></tr><tr><td><div class="stacktrace">org.openqa.selenium.SessionNotCreatedException: session not created: This version of ChromeDriver only supports Chrome version 101
Current browser version is 103.0.5060.66 with binary path C:\Users\sakka\AppData\Local\Google\Chrome\Application\chrome.exe
Build info: version: &apos;3.141.59&apos;, revision: &apos;e82be7d358&apos;, time: &apos;2018-11-14T08:17:03&apos;
System info: host: &apos;DESKTOP-NALDS22&apos;, ip: &apos;192.168.0.107&apos;, os.name: &apos;Windows 10&apos;, os.arch: &apos;amd64&apos;, os.version: &apos;10.0&apos;, java.version: &apos;1.8.0_333&apos;
Driver info: driver.version: ChromeDriver
remote stacktrace: Backtrace:
	Ordinal0 [0x0071B8F3+2406643]
	Ordinal0 [0x006AAF31+1945393]
	Ordinal0 [0x0059C748+837448]
	Ordinal0 [0x005BC8B3+968883]
	Ordinal0 [0x005B84BA+951482]
	Ordinal0 [0x005B5D71+941425]
	Ordinal0 [0x005E8EE0+1150688]
	Ordinal0 [0x005E8B3A+1149754]
	Ordinal0 [0x005E4096+1130646]
	Ordinal0 [0x005BE636+976438]
	Ordinal0 [0x005BF546+980294]
	GetHandleVerifier [0x00989612+2498066]
	GetHandleVerifier [0x0097C920+2445600]
	GetHandleVerifier [0x007B4F2A+579370]
	GetHandleVerifier [0x007B3D36+574774]
	Ordinal0 [0x006B1C0B+1973259]
	Ordinal0 [0x006B6688+1992328]
	Ordinal0 [0x006B6775+1992565]
	Ordinal0 [0x006BF8D1+2029777]
	BaseThreadInitThunk [0x7725FA29+25]
	RtlGetAppContainerNamedObjectPath [0x77777A9E+286]
	RtlGetAppContainerNamedObjectPath [0x77777A6E+238]

	at org.openqa.selenium.remote.W3CHandshakeResponse.lambda$errorHandler$0(W3CHandshakeResponse.java:62)
	at org.openqa.selenium.remote.HandshakeResponse.lambda$getResponseFunction$0(HandshakeResponse.java:30)
	at org.openqa.selenium.remote.ProtocolHandshake.lambda$createSession$0(ProtocolHandshake.java:126)
	at java.util.stream.ReferencePipeline$3$1.accept(ReferencePipeline.java:193)
	at java.util.Spliterators$ArraySpliterator.tryAdvance(Spliterators.java:958)
	at java.util.stream.ReferencePipeline.forEachWithCancel(ReferencePipeline.java:126)
	at java.util.stream.AbstractPipeline.copyIntoWithCancel(AbstractPipeline.java:499)
	at java.util.stream.AbstractPipeline.copyInto(AbstractPipeline.java:486)
	at java.util.stream.AbstractPipeline.wrapAndCopyInto(AbstractPipeline.java:472)
	at java.util.stream.FindOps$FindOp.evaluateSequential(FindOps.java:152)
	at java.util.stream.AbstractPipeline.evaluate(AbstractPipeline.java:234)
	at java.util.stream.ReferencePipeline.findFirst(ReferencePipeline.java:464)
	at org.openqa.selenium.remote.ProtocolHandshake.createSession(ProtocolHandshake.java:128)
	at org.openqa.selenium.remote.ProtocolHandshake.createSession(ProtocolHandshake.java:74)
	at org.openqa.selenium.remote.HttpCommandExecutor.execute(HttpCommandExecutor.java:136)
	at org.openqa.selenium.remote.service.DriverCommandExecutor.execute(DriverCommandExecutor.java:83)
	at org.openqa.selenium.remote.RemoteWebDriver.execute(RemoteWebDriver.java:552)
	at org.openqa.selenium.remote.RemoteWebDriver.startSession(RemoteWebDriver.java:213)
	at org.openqa.selenium.remote.RemoteWebDriver.&lt;init&gt;(RemoteWebDriver.java:131)
	at org.openqa.selenium.chrome.ChromeDriver.&lt;init&gt;(ChromeDriver.java:181)
	at org.openqa.selenium.chrome.ChromeDriver.&lt;init&gt;(ChromeDriver.java:168)
	at org.openqa.selenium.chrome.ChromeDriver.&lt;init&gt;(ChromeDriver.java:157)
	at com.webdriveruniversity.testcases.Base_Page_Test.Browser_Launch(Base_Page_Test.java:34)
... Removed 34 stack frames</div></td></tr></table><p class="totop"><a href="#summary">back to summary</a></p>
<h3 id="m53">com.webdriveruniversity.testcases.To_do_List_Test#Test_Case_016</h3><table class="result"><tr><th>Exception</th></tr><tr><td><div class="stacktrace">org.openqa.selenium.SessionNotCreatedException: session not created: This version of ChromeDriver only supports Chrome version 101
Current browser version is 103.0.5060.66 with binary path C:\Users\sakka\AppData\Local\Google\Chrome\Application\chrome.exe
Build info: version: &apos;3.141.59&apos;, revision: &apos;e82be7d358&apos;, time: &apos;2018-11-14T08:17:03&apos;
System info: host: &apos;DESKTOP-NALDS22&apos;, ip: &apos;192.168.0.107&apos;, os.name: &apos;Windows 10&apos;, os.arch: &apos;amd64&apos;, os.version: &apos;10.0&apos;, java.version: &apos;1.8.0_333&apos;
Driver info: driver.version: ChromeDriver
remote stacktrace: Backtrace:
	Ordinal0 [0x0071B8F3+2406643]
	Ordinal0 [0x006AAF31+1945393]
	Ordinal0 [0x0059C748+837448]
	Ordinal0 [0x005BC8B3+968883]
	Ordinal0 [0x005B84BA+951482]
	Ordinal0 [0x005B5D71+941425]
	Ordinal0 [0x005E8EE0+1150688]
	Ordinal0 [0x005E8B3A+1149754]
	Ordinal0 [0x005E4096+1130646]
	Ordinal0 [0x005BE636+976438]
	Ordinal0 [0x005BF546+980294]
	GetHandleVerifier [0x00989612+2498066]
	GetHandleVerifier [0x0097C920+2445600]
	GetHandleVerifier [0x007B4F2A+579370]
	GetHandleVerifier [0x007B3D36+574774]
	Ordinal0 [0x006B1C0B+1973259]
	Ordinal0 [0x006B6688+1992328]
	Ordinal0 [0x006B6775+1992565]
	Ordinal0 [0x006BF8D1+2029777]
	BaseThreadInitThunk [0x7725FA29+25]
	RtlGetAppContainerNamedObjectPath [0x77777A9E+286]
	RtlGetAppContainerNamedObjectPath [0x77777A6E+238]

	at org.openqa.selenium.remote.W3CHandshakeResponse.lambda$errorHandler$0(W3CHandshakeResponse.java:62)
	at org.openqa.selenium.remote.HandshakeResponse.lambda$getResponseFunction$0(HandshakeResponse.java:30)
	at org.openqa.selenium.remote.ProtocolHandshake.lambda$createSession$0(ProtocolHandshake.java:126)
	at java.util.stream.ReferencePipeline$3$1.accept(ReferencePipeline.java:193)
	at java.util.Spliterators$ArraySpliterator.tryAdvance(Spliterators.java:958)
	at java.util.stream.ReferencePipeline.forEachWithCancel(ReferencePipeline.java:126)
	at java.util.stream.AbstractPipeline.copyIntoWithCancel(AbstractPipeline.java:499)
	at java.util.stream.AbstractPipeline.copyInto(AbstractPipeline.java:486)
	at java.util.stream.AbstractPipeline.wrapAndCopyInto(AbstractPipeline.java:472)
	at java.util.stream.FindOps$FindOp.evaluateSequential(FindOps.java:152)
	at java.util.stream.AbstractPipeline.evaluate(AbstractPipeline.java:234)
	at java.util.stream.ReferencePipeline.findFirst(ReferencePipeline.java:464)
	at org.openqa.selenium.remote.ProtocolHandshake.createSession(ProtocolHandshake.java:128)
	at org.openqa.selenium.remote.ProtocolHandshake.createSession(ProtocolHandshake.java:74)
	at org.openqa.selenium.remote.HttpCommandExecutor.execute(HttpCommandExecutor.java:136)
	at org.openqa.selenium.remote.service.DriverCommandExecutor.execute(DriverCommandExecutor.java:83)
	at org.openqa.selenium.remote.RemoteWebDriver.execute(RemoteWebDriver.java:552)
	at org.openqa.selenium.remote.RemoteWebDriver.startSession(RemoteWebDriver.java:213)
	at org.openqa.selenium.remote.RemoteWebDriver.&lt;init&gt;(RemoteWebDriver.java:131)
	at org.openqa.selenium.chrome.ChromeDriver.&lt;init&gt;(ChromeDriver.java:181)
	at org.openqa.selenium.chrome.ChromeDriver.&lt;init&gt;(ChromeDriver.java:168)
	at org.openqa.selenium.chrome.ChromeDriver.&lt;init&gt;(ChromeDriver.java:157)
	at com.webdriveruniversity.testcases.Base_Page_Test.Browser_Launch(Base_Page_Test.java:34)
... Removed 34 stack frames</div></td></tr></table><p class="totop"><a href="#summary">back to summary</a></p>
<h3 id="m54">com.webdriveruniversity.testcases.To_do_List_Test#Test_Case_017</h3><table class="result"><tr><th>Exception</th></tr><tr><td><div class="stacktrace">org.openqa.selenium.SessionNotCreatedException: session not created: This version of ChromeDriver only supports Chrome version 101
Current browser version is 103.0.5060.66 with binary path C:\Users\sakka\AppData\Local\Google\Chrome\Application\chrome.exe
Build info: version: &apos;3.141.59&apos;, revision: &apos;e82be7d358&apos;, time: &apos;2018-11-14T08:17:03&apos;
System info: host: &apos;DESKTOP-NALDS22&apos;, ip: &apos;192.168.0.107&apos;, os.name: &apos;Windows 10&apos;, os.arch: &apos;amd64&apos;, os.version: &apos;10.0&apos;, java.version: &apos;1.8.0_333&apos;
Driver info: driver.version: ChromeDriver
remote stacktrace: Backtrace:
	Ordinal0 [0x0071B8F3+2406643]
	Ordinal0 [0x006AAF31+1945393]
	Ordinal0 [0x0059C748+837448]
	Ordinal0 [0x005BC8B3+968883]
	Ordinal0 [0x005B84BA+951482]
	Ordinal0 [0x005B5D71+941425]
	Ordinal0 [0x005E8EE0+1150688]
	Ordinal0 [0x005E8B3A+1149754]
	Ordinal0 [0x005E4096+1130646]
	Ordinal0 [0x005BE636+976438]
	Ordinal0 [0x005BF546+980294]
	GetHandleVerifier [0x00989612+2498066]
	GetHandleVerifier [0x0097C920+2445600]
	GetHandleVerifier [0x007B4F2A+579370]
	GetHandleVerifier [0x007B3D36+574774]
	Ordinal0 [0x006B1C0B+1973259]
	Ordinal0 [0x006B6688+1992328]
	Ordinal0 [0x006B6775+1992565]
	Ordinal0 [0x006BF8D1+2029777]
	BaseThreadInitThunk [0x7725FA29+25]
	RtlGetAppContainerNamedObjectPath [0x77777A9E+286]
	RtlGetAppContainerNamedObjectPath [0x77777A6E+238]

	at org.openqa.selenium.remote.W3CHandshakeResponse.lambda$errorHandler$0(W3CHandshakeResponse.java:62)
	at org.openqa.selenium.remote.HandshakeResponse.lambda$getResponseFunction$0(HandshakeResponse.java:30)
	at org.openqa.selenium.remote.ProtocolHandshake.lambda$createSession$0(ProtocolHandshake.java:126)
	at java.util.stream.ReferencePipeline$3$1.accept(ReferencePipeline.java:193)
	at java.util.Spliterators$ArraySpliterator.tryAdvance(Spliterators.java:958)
	at java.util.stream.ReferencePipeline.forEachWithCancel(ReferencePipeline.java:126)
	at java.util.stream.AbstractPipeline.copyIntoWithCancel(AbstractPipeline.java:499)
	at java.util.stream.AbstractPipeline.copyInto(AbstractPipeline.java:486)
	at java.util.stream.AbstractPipeline.wrapAndCopyInto(AbstractPipeline.java:472)
	at java.util.stream.FindOps$FindOp.evaluateSequential(FindOps.java:152)
	at java.util.stream.AbstractPipeline.evaluate(AbstractPipeline.java:234)
	at java.util.stream.ReferencePipeline.findFirst(ReferencePipeline.java:464)
	at org.openqa.selenium.remote.ProtocolHandshake.createSession(ProtocolHandshake.java:128)
	at org.openqa.selenium.remote.ProtocolHandshake.createSession(ProtocolHandshake.java:74)
	at org.openqa.selenium.remote.HttpCommandExecutor.execute(HttpCommandExecutor.java:136)
	at org.openqa.selenium.remote.service.DriverCommandExecutor.execute(DriverCommandExecutor.java:83)
	at org.openqa.selenium.remote.RemoteWebDriver.execute(RemoteWebDriver.java:552)
	at org.openqa.selenium.remote.RemoteWebDriver.startSession(RemoteWebDriver.java:213)
	at org.openqa.selenium.remote.RemoteWebDriver.&lt;init&gt;(RemoteWebDriver.java:131)
	at org.openqa.selenium.chrome.ChromeDriver.&lt;init&gt;(ChromeDriver.java:181)
	at org.openqa.selenium.chrome.ChromeDriver.&lt;init&gt;(ChromeDriver.java:168)
	at org.openqa.selenium.chrome.ChromeDriver.&lt;init&gt;(ChromeDriver.java:157)
	at com.webdriveruniversity.testcases.Base_Page_Test.Browser_Launch(Base_Page_Test.java:34)
... Removed 34 stack frames</div></td></tr></table><p class="totop"><a href="#summary">back to summary</a></p>
<h3 id="m55">com.webdriveruniversity.testcases.To_do_List_Test#Test_Case_018</h3><table class="result"><tr><th>Exception</th></tr><tr><td><div class="stacktrace">org.openqa.selenium.SessionNotCreatedException: session not created: This version of ChromeDriver only supports Chrome version 101
Current browser version is 103.0.5060.66 with binary path C:\Users\sakka\AppData\Local\Google\Chrome\Application\chrome.exe
Build info: version: &apos;3.141.59&apos;, revision: &apos;e82be7d358&apos;, time: &apos;2018-11-14T08:17:03&apos;
System info: host: &apos;DESKTOP-NALDS22&apos;, ip: &apos;192.168.0.107&apos;, os.name: &apos;Windows 10&apos;, os.arch: &apos;amd64&apos;, os.version: &apos;10.0&apos;, java.version: &apos;1.8.0_333&apos;
Driver info: driver.version: ChromeDriver
remote stacktrace: Backtrace:
	Ordinal0 [0x0071B8F3+2406643]
	Ordinal0 [0x006AAF31+1945393]
	Ordinal0 [0x0059C748+837448]
	Ordinal0 [0x005BC8B3+968883]
	Ordinal0 [0x005B84BA+951482]
	Ordinal0 [0x005B5D71+941425]
	Ordinal0 [0x005E8EE0+1150688]
	Ordinal0 [0x005E8B3A+1149754]
	Ordinal0 [0x005E4096+1130646]
	Ordinal0 [0x005BE636+976438]
	Ordinal0 [0x005BF546+980294]
	GetHandleVerifier [0x00989612+2498066]
	GetHandleVerifier [0x0097C920+2445600]
	GetHandleVerifier [0x007B4F2A+579370]
	GetHandleVerifier [0x007B3D36+574774]
	Ordinal0 [0x006B1C0B+1973259]
	Ordinal0 [0x006B6688+1992328]
	Ordinal0 [0x006B6775+1992565]
	Ordinal0 [0x006BF8D1+2029777]
	BaseThreadInitThunk [0x7725FA29+25]
	RtlGetAppContainerNamedObjectPath [0x77777A9E+286]
	RtlGetAppContainerNamedObjectPath [0x77777A6E+238]

	at org.openqa.selenium.remote.W3CHandshakeResponse.lambda$errorHandler$0(W3CHandshakeResponse.java:62)
	at org.openqa.selenium.remote.HandshakeResponse.lambda$getResponseFunction$0(HandshakeResponse.java:30)
	at org.openqa.selenium.remote.ProtocolHandshake.lambda$createSession$0(ProtocolHandshake.java:126)
	at java.util.stream.ReferencePipeline$3$1.accept(ReferencePipeline.java:193)
	at java.util.Spliterators$ArraySpliterator.tryAdvance(Spliterators.java:958)
	at java.util.stream.ReferencePipeline.forEachWithCancel(ReferencePipeline.java:126)
	at java.util.stream.AbstractPipeline.copyIntoWithCancel(AbstractPipeline.java:499)
	at java.util.stream.AbstractPipeline.copyInto(AbstractPipeline.java:486)
	at java.util.stream.AbstractPipeline.wrapAndCopyInto(AbstractPipeline.java:472)
	at java.util.stream.FindOps$FindOp.evaluateSequential(FindOps.java:152)
	at java.util.stream.AbstractPipeline.evaluate(AbstractPipeline.java:234)
	at java.util.stream.ReferencePipeline.findFirst(ReferencePipeline.java:464)
	at org.openqa.selenium.remote.ProtocolHandshake.createSession(ProtocolHandshake.java:128)
	at org.openqa.selenium.remote.ProtocolHandshake.createSession(ProtocolHandshake.java:74)
	at org.openqa.selenium.remote.HttpCommandExecutor.execute(HttpCommandExecutor.java:136)
	at org.openqa.selenium.remote.service.DriverCommandExecutor.execute(DriverCommandExecutor.java:83)
	at org.openqa.selenium.remote.RemoteWebDriver.execute(RemoteWebDriver.java:552)
	at org.openqa.selenium.remote.RemoteWebDriver.startSession(RemoteWebDriver.java:213)
	at org.openqa.selenium.remote.RemoteWebDriver.&lt;init&gt;(RemoteWebDriver.java:131)
	at org.openqa.selenium.chrome.ChromeDriver.&lt;init&gt;(ChromeDriver.java:181)
	at org.openqa.selenium.chrome.ChromeDriver.&lt;init&gt;(ChromeDriver.java:168)
	at org.openqa.selenium.chrome.ChromeDriver.&lt;init&gt;(ChromeDriver.java:157)
	at com.webdriveruniversity.testcases.Base_Page_Test.Browser_Launch(Base_Page_Test.java:34)
... Removed 34 stack frames</div></td></tr></table><p class="totop"><a href="#summary">back to summary</a></p>
</body>
</html>
