<?xml version="1.0" encoding="UTF-8"?>
<testsuite xmlns:xsi="http://www.w3.org/2001/XMLSchema-instance" xsi:noNamespaceSchemaLocation="https://maven.apache.org/surefire/maven-surefire-plugin/xsd/surefire-test-report-3.0.xsd" version="3.0" name="TestSuite" time="14.559" tests="56" errors="0" skipped="49" failures="7">
  <properties>
    <property name="sun.desktop" value="windows"/>
    <property name="awt.toolkit" value="sun.awt.windows.WToolkit"/>
    <property name="file.encoding.pkg" value="sun.io"/>
    <property name="java.specification.version" value="1.8"/>
    <property name="sun.cpu.isalist" value="amd64"/>
    <property name="sun.jnu.encoding" value="Cp1252"/>
    <property name="java.class.path" value="E:\PROFESSIONAL\eclipse workspace\MyFirstProject\target\test-classes;E:\PROFESSIONAL\eclipse workspace\MyFirstProject\target\classes;C:\Users\sakka\.m2\repository\org\testng\testng\6.14.3\testng-6.14.3.jar;C:\Users\sakka\.m2\repository\com\beust\jcommander\1.72\jcommander-1.72.jar;C:\Users\sakka\.m2\repository\org\apache-extras\beanshell\bsh\2.0b6\bsh-2.0b6.jar;C:\Users\sakka\.m2\repository\org\seleniumhq\selenium\selenium-java\3.141.59\selenium-java-3.141.59.jar;C:\Users\sakka\.m2\repository\org\seleniumhq\selenium\selenium-api\3.141.59\selenium-api-3.141.59.jar;C:\Users\sakka\.m2\repository\org\seleniumhq\selenium\selenium-chrome-driver\3.141.59\selenium-chrome-driver-3.141.59.jar;C:\Users\sakka\.m2\repository\org\seleniumhq\selenium\selenium-edge-driver\3.141.59\selenium-edge-driver-3.141.59.jar;C:\Users\sakka\.m2\repository\org\seleniumhq\selenium\selenium-firefox-driver\3.141.59\selenium-firefox-driver-3.141.59.jar;C:\Users\sakka\.m2\repository\org\seleniumhq\selenium\selenium-ie-driver\3.141.59\selenium-ie-driver-3.141.59.jar;C:\Users\sakka\.m2\repository\org\seleniumhq\selenium\selenium-opera-driver\3.141.59\selenium-opera-driver-3.141.59.jar;C:\Users\sakka\.m2\repository\org\seleniumhq\selenium\selenium-remote-driver\3.141.59\selenium-remote-driver-3.141.59.jar;C:\Users\sakka\.m2\repository\org\seleniumhq\selenium\selenium-safari-driver\3.141.59\selenium-safari-driver-3.141.59.jar;C:\Users\sakka\.m2\repository\org\seleniumhq\selenium\selenium-support\3.141.59\selenium-support-3.141.59.jar;C:\Users\sakka\.m2\repository\net\bytebuddy\byte-buddy\1.8.15\byte-buddy-1.8.15.jar;C:\Users\sakka\.m2\repository\org\apache\commons\commons-exec\1.3\commons-exec-1.3.jar;C:\Users\sakka\.m2\repository\com\google\guava\guava\25.0-jre\guava-25.0-jre.jar;C:\Users\sakka\.m2\repository\com\google\code\findbugs\jsr305\1.3.9\jsr305-1.3.9.jar;C:\Users\sakka\.m2\repository\org\checkerframework\checker-compat-qual\2.0.0\checker-compat-qual-2.0.0.jar;C:\Users\sakka\.m2\repository\com\google\errorprone\error_prone_annotations\2.1.3\error_prone_annotations-2.1.3.jar;C:\Users\sakka\.m2\repository\com\google\j2objc\j2objc-annotations\1.1\j2objc-annotations-1.1.jar;C:\Users\sakka\.m2\repository\org\codehaus\mojo\animal-sniffer-annotations\1.14\animal-sniffer-annotations-1.14.jar;C:\Users\sakka\.m2\repository\com\squareup\okhttp3\okhttp\3.11.0\okhttp-3.11.0.jar;C:\Users\sakka\.m2\repository\com\squareup\okio\okio\1.14.0\okio-1.14.0.jar;C:\Users\sakka\.m2\repository\org\apache\poi\poi\3.17\poi-3.17.jar;C:\Users\sakka\.m2\repository\commons-codec\commons-codec\1.10\commons-codec-1.10.jar;C:\Users\sakka\.m2\repository\org\apache\commons\commons-collections4\4.1\commons-collections4-4.1.jar;C:\Users\sakka\.m2\repository\org\apache\poi\poi-ooxml\3.17\poi-ooxml-3.17.jar;C:\Users\sakka\.m2\repository\org\apache\poi\poi-ooxml-schemas\3.17\poi-ooxml-schemas-3.17.jar;C:\Users\sakka\.m2\repository\org\apache\xmlbeans\xmlbeans\2.6.0\xmlbeans-2.6.0.jar;C:\Users\sakka\.m2\repository\stax\stax-api\1.0.1\stax-api-1.0.1.jar;C:\Users\sakka\.m2\repository\com\github\virtuald\curvesapi\1.04\curvesapi-1.04.jar;"/>
    <property name="java.vm.vendor" value="Oracle Corporation"/>
    <property name="sun.arch.data.model" value="64"/>
    <property name="user.variant" value=""/>
    <property name="java.vendor.url" value="http://java.oracle.com/"/>
    <property name="user.timezone" value="Asia/Calcutta"/>
    <property name="java.vm.specification.version" value="1.8"/>
    <property name="os.name" value="Windows 10"/>
    <property name="user.country" value="IN"/>
    <property name="sun.java.launcher" value="SUN_STANDARD"/>
    <property name="sun.boot.library.path" value="C:\Program Files\Java\jdk1.8.0_333\jre\bin"/>
    <property name="sun.java.command" value="C:\Users\sakka\AppData\Local\Temp\surefire7415923719396998138\surefirebooter2082666525814442925.jar C:\Users\sakka\AppData\Local\Temp\surefire7415923719396998138 2022-07-04T13-21-25_412-jvmRun1 surefire3459128475062450870tmp surefire_02067567441668894715tmp"/>
    <property name="surefire.test.class.path" value="E:\PROFESSIONAL\eclipse workspace\MyFirstProject\target\test-classes;E:\PROFESSIONAL\eclipse workspace\MyFirstProject\target\classes;C:\Users\sakka\.m2\repository\org\testng\testng\6.14.3\testng-6.14.3.jar;C:\Users\sakka\.m2\repository\com\beust\jcommander\1.72\jcommander-1.72.jar;C:\Users\sakka\.m2\repository\org\apache-extras\beanshell\bsh\2.0b6\bsh-2.0b6.jar;C:\Users\sakka\.m2\repository\org\seleniumhq\selenium\selenium-java\3.141.59\selenium-java-3.141.59.jar;C:\Users\sakka\.m2\repository\org\seleniumhq\selenium\selenium-api\3.141.59\selenium-api-3.141.59.jar;C:\Users\sakka\.m2\repository\org\seleniumhq\selenium\selenium-chrome-driver\3.141.59\selenium-chrome-driver-3.141.59.jar;C:\Users\sakka\.m2\repository\org\seleniumhq\selenium\selenium-edge-driver\3.141.59\selenium-edge-driver-3.141.59.jar;C:\Users\sakka\.m2\repository\org\seleniumhq\selenium\selenium-firefox-driver\3.141.59\selenium-firefox-driver-3.141.59.jar;C:\Users\sakka\.m2\repository\org\seleniumhq\selenium\selenium-ie-driver\3.141.59\selenium-ie-driver-3.141.59.jar;C:\Users\sakka\.m2\repository\org\seleniumhq\selenium\selenium-opera-driver\3.141.59\selenium-opera-driver-3.141.59.jar;C:\Users\sakka\.m2\repository\org\seleniumhq\selenium\selenium-remote-driver\3.141.59\selenium-remote-driver-3.141.59.jar;C:\Users\sakka\.m2\repository\org\seleniumhq\selenium\selenium-safari-driver\3.141.59\selenium-safari-driver-3.141.59.jar;C:\Users\sakka\.m2\repository\org\seleniumhq\selenium\selenium-support\3.141.59\selenium-support-3.141.59.jar;C:\Users\sakka\.m2\repository\net\bytebuddy\byte-buddy\1.8.15\byte-buddy-1.8.15.jar;C:\Users\sakka\.m2\repository\org\apache\commons\commons-exec\1.3\commons-exec-1.3.jar;C:\Users\sakka\.m2\repository\com\google\guava\guava\25.0-jre\guava-25.0-jre.jar;C:\Users\sakka\.m2\repository\com\google\code\findbugs\jsr305\1.3.9\jsr305-1.3.9.jar;C:\Users\sakka\.m2\repository\org\checkerframework\checker-compat-qual\2.0.0\checker-compat-qual-2.0.0.jar;C:\Users\sakka\.m2\repository\com\google\errorprone\error_prone_annotations\2.1.3\error_prone_annotations-2.1.3.jar;C:\Users\sakka\.m2\repository\com\google\j2objc\j2objc-annotations\1.1\j2objc-annotations-1.1.jar;C:\Users\sakka\.m2\repository\org\codehaus\mojo\animal-sniffer-annotations\1.14\animal-sniffer-annotations-1.14.jar;C:\Users\sakka\.m2\repository\com\squareup\okhttp3\okhttp\3.11.0\okhttp-3.11.0.jar;C:\Users\sakka\.m2\repository\com\squareup\okio\okio\1.14.0\okio-1.14.0.jar;C:\Users\sakka\.m2\repository\org\apache\poi\poi\3.17\poi-3.17.jar;C:\Users\sakka\.m2\repository\commons-codec\commons-codec\1.10\commons-codec-1.10.jar;C:\Users\sakka\.m2\repository\org\apache\commons\commons-collections4\4.1\commons-collections4-4.1.jar;C:\Users\sakka\.m2\repository\org\apache\poi\poi-ooxml\3.17\poi-ooxml-3.17.jar;C:\Users\sakka\.m2\repository\org\apache\poi\poi-ooxml-schemas\3.17\poi-ooxml-schemas-3.17.jar;C:\Users\sakka\.m2\repository\org\apache\xmlbeans\xmlbeans\2.6.0\xmlbeans-2.6.0.jar;C:\Users\sakka\.m2\repository\stax\stax-api\1.0.1\stax-api-1.0.1.jar;C:\Users\sakka\.m2\repository\com\github\virtuald\curvesapi\1.04\curvesapi-1.04.jar;"/>
    <property name="sun.cpu.endian" value="little"/>
    <property name="user.home" value="C:\Users\sakka"/>
    <property name="user.language" value="en"/>
    <property name="java.specification.vendor" value="Oracle Corporation"/>
    <property name="java.home" value="C:\Program Files\Java\jdk1.8.0_333\jre"/>
    <property name="basedir" value="E:\PROFESSIONAL\eclipse workspace\MyFirstProject"/>
    <property name="file.separator" value="\"/>
    <property name="line.separator" value="&#10;"/>
    <property name="java.vm.specification.vendor" value="Oracle Corporation"/>
    <property name="java.specification.name" value="Java Platform API Specification"/>
    <property name="java.awt.graphicsenv" value="sun.awt.Win32GraphicsEnvironment"/>
    <property name="surefire.real.class.path" value="C:\Users\sakka\AppData\Local\Temp\surefire7415923719396998138\surefirebooter2082666525814442925.jar"/>
    <property name="sun.boot.class.path" value="C:\Program Files\Java\jdk1.8.0_333\jre\lib\resources.jar;C:\Program Files\Java\jdk1.8.0_333\jre\lib\rt.jar;C:\Program Files\Java\jdk1.8.0_333\jre\lib\sunrsasign.jar;C:\Program Files\Java\jdk1.8.0_333\jre\lib\jsse.jar;C:\Program Files\Java\jdk1.8.0_333\jre\lib\jce.jar;C:\Program Files\Java\jdk1.8.0_333\jre\lib\charsets.jar;C:\Program Files\Java\jdk1.8.0_333\jre\lib\jfr.jar;C:\Program Files\Java\jdk1.8.0_333\jre\classes"/>
    <property name="user.script" value=""/>
    <property name="sun.management.compiler" value="HotSpot 64-Bit Tiered Compilers"/>
    <property name="java.runtime.version" value="1.8.0_333-b02"/>
    <property name="user.name" value="sakka"/>
    <property name="path.separator" value=";"/>
    <property name="os.version" value="10.0"/>
    <property name="java.endorsed.dirs" value="C:\Program Files\Java\jdk1.8.0_333\jre\lib\endorsed"/>
    <property name="java.runtime.name" value="Java(TM) SE Runtime Environment"/>
    <property name="file.encoding" value="Cp1252"/>
    <property name="java.vm.name" value="Java HotSpot(TM) 64-Bit Server VM"/>
    <property name="localRepository" value="C:\Users\sakka\.m2\repository"/>
    <property name="java.vendor.url.bug" value="http://bugreport.sun.com/bugreport/"/>
    <property name="java.io.tmpdir" value="C:\Users\sakka\AppData\Local\Temp\"/>
    <property name="java.version" value="1.8.0_333"/>
    <property name="user.dir" value="E:\PROFESSIONAL\eclipse workspace\MyFirstProject"/>
    <property name="os.arch" value="amd64"/>
    <property name="java.vm.specification.name" value="Java Virtual Machine Specification"/>
    <property name="java.awt.printerjob" value="sun.awt.windows.WPrinterJob"/>
    <property name="sun.os.patch.level" value=""/>
    <property name="java.library.path" value="C:\Program Files\Java\jdk1.8.0_333\jre\bin;C:\Windows\Sun\Java\bin;C:\Windows\system32;C:\Windows;C:\Program Files\Java\jdk1.8.0_333\bin;C:\Program Files\Java\jre1.8.0_333\bin;E:\PROFESSIONAL\selenium-jars&amp;drivers\Maven\apache-maven-3.8.6\bin;C:\Windows\system32;C:\Windows;C:\Windows\System32\Wbem;C:\Windows\System32\WindowsPowerShell\v1.0\;C:\Windows\System32\OpenSSH\;C:\Program Files\MySQL\MySQL Server 8.0\bin;C:\Program Files\MySQL\MySQL Shell 8.0\bin\;C:\Users\sakka\AppData\Local\Programs\Python\Python39\Scripts\;C:\Users\sakka\AppData\Local\Programs\Python\Python39\;E:\python installation\Scripts\;E:\python installation\;C:\Users\sakka\AppData\Local\Microsoft\WindowsApps;C:\Program Files\CodeBlocks\MinGW\bin;;E:\pycharm installation\PyCharm Community Edition 2020.3.3\bin;;."/>
    <property name="java.vm.info" value="mixed mode"/>
    <property name="java.vendor" value="Oracle Corporation"/>
    <property name="java.vm.version" value="25.333-b02"/>
    <property name="java.ext.dirs" value="C:\Program Files\Java\jdk1.8.0_333\jre\lib\ext;C:\Windows\Sun\Java\lib\ext"/>
    <property name="sun.io.unicode.encoding" value="UnicodeLittle"/>
    <property name="java.class.version" value="52.0"/>
  </properties>
  <testcase name="Browser_Launch" classname="com.webdriveruniversity.testcases.Login_Page_Test" time="3.416">
    <failure message="session not created: This version of ChromeDriver only supports Chrome version 101&#10;Current browser version is 103.0.5060.66 with binary path C:\Users\sakka\AppData\Local\Google\Chrome\Application\chrome.exe&#10;Build info: version: &apos;3.141.59&apos;, revision: &apos;e82be7d358&apos;, time: &apos;2018-11-14T08:17:03&apos;&#10;System info: host: &apos;DESKTOP-NALDS22&apos;, ip: &apos;192.168.0.107&apos;, os.name: &apos;Windows 10&apos;, os.arch: &apos;amd64&apos;, os.version: &apos;10.0&apos;, java.version: &apos;1.8.0_333&apos;&#10;Driver info: driver.version: ChromeDriver&#10;remote stacktrace: Backtrace:&#10;	Ordinal0 [0x0071B8F3+2406643]&#10;	Ordinal0 [0x006AAF31+1945393]&#10;	Ordinal0 [0x0059C748+837448]&#10;	Ordinal0 [0x005BC8B3+968883]&#10;	Ordinal0 [0x005B84BA+951482]&#10;	Ordinal0 [0x005B5D71+941425]&#10;	Ordinal0 [0x005E8EE0+1150688]&#10;	Ordinal0 [0x005E8B3A+1149754]&#10;	Ordinal0 [0x005E4096+1130646]&#10;	Ordinal0 [0x005BE636+976438]&#10;	Ordinal0 [0x005BF546+980294]&#10;	GetHandleVerifier [0x00989612+2498066]&#10;	GetHandleVerifier [0x0097C920+2445600]&#10;	GetHandleVerifier [0x007B4F2A+579370]&#10;	GetHandleVerifier [0x007B3D36+574774]&#10;	Ordinal0 [0x006B1C0B+1973259]&#10;	Ordinal0 [0x006B6688+1992328]&#10;	Ordinal0 [0x006B6775+1992565]&#10;	Ordinal0 [0x006BF8D1+2029777]&#10;	BaseThreadInitThunk [0x7725FA29+25]&#10;	RtlGetAppContainerNamedObjectPath [0x77777A9E+286]&#10;	RtlGetAppContainerNamedObjectPath [0x77777A6E+238]&#10;" type="org.openqa.selenium.SessionNotCreatedException">org.openqa.selenium.SessionNotCreatedException: 
session not created: This version of ChromeDriver only supports Chrome version 101
Current browser version is 103.0.5060.66 with binary path C:\Users\sakka\AppData\Local\Google\Chrome\Application\chrome.exe
Build info: version: '3.141.59', revision: 'e82be7d358', time: '2018-11-14T08:17:03'
System info: host: 'DESKTOP-NALDS22', ip: '192.168.0.107', os.name: 'Windows 10', os.arch: 'amd64', os.version: '10.0', java.version: '1.8.0_333'
Driver info: driver.version: ChromeDriver
remote stacktrace: Backtrace:
	Ordinal0 [0x0071B8F3+2406643]
	Ordinal0 [0x006AAF31+1945393]
	Ordinal0 [0x0059C748+837448]
	Ordinal0 [0x005BC8B3+968883]
	Ordinal0 [0x005B84BA+951482]
	Ordinal0 [0x005B5D71+941425]
	Ordinal0 [0x005E8EE0+1150688]
	Ordinal0 [0x005E8B3A+1149754]
	Ordinal0 [0x005E4096+1130646]
	Ordinal0 [0x005BE636+976438]
	Ordinal0 [0x005BF546+980294]
	GetHandleVerifier [0x00989612+2498066]
	GetHandleVerifier [0x0097C920+2445600]
	GetHandleVerifier [0x007B4F2A+579370]
	GetHandleVerifier [0x007B3D36+574774]
	Ordinal0 [0x006B1C0B+1973259]
	Ordinal0 [0x006B6688+1992328]
	Ordinal0 [0x006B6775+1992565]
	Ordinal0 [0x006BF8D1+2029777]
	BaseThreadInitThunk [0x7725FA29+25]
	RtlGetAppContainerNamedObjectPath [0x77777A9E+286]
	RtlGetAppContainerNamedObjectPath [0x77777A6E+238]

</failure>
    <system-err><![CDATA[Starting ChromeDriver 101.0.4951.41 (93c720db8323b3ec10d056025ab95c23a31997c9-refs/branch-heads/4951@{#904}) on port 6106
Only local connections are allowed.
Please see https://chromedriver.chromium.org/security-considerations for suggestions on keeping ChromeDriver safe.
ChromeDriver was started successfully.
]]></system-err>
  </testcase>
  <testcase name="TestCase_001" classname="com.webdriveruniversity.testcases.Login_Page_Test" time="0">
    <skipped message="session not created: This version of ChromeDriver only supports Chrome version 101&#10;Current browser version is 103.0.5060.66 with binary path C:\Users\sakka\AppData\Local\Google\Chrome\Application\chrome.exe&#10;Build info: version: &apos;3.141.59&apos;, revision: &apos;e82be7d358&apos;, time: &apos;2018-11-14T08:17:03&apos;&#10;System info: host: &apos;DESKTOP-NALDS22&apos;, ip: &apos;192.168.0.107&apos;, os.name: &apos;Windows 10&apos;, os.arch: &apos;amd64&apos;, os.version: &apos;10.0&apos;, java.version: &apos;1.8.0_333&apos;&#10;Driver info: driver.version: ChromeDriver&#10;remote stacktrace: Backtrace:&#10;	Ordinal0 [0x0071B8F3+2406643]&#10;	Ordinal0 [0x006AAF31+1945393]&#10;	Ordinal0 [0x0059C748+837448]&#10;	Ordinal0 [0x005BC8B3+968883]&#10;	Ordinal0 [0x005B84BA+951482]&#10;	Ordinal0 [0x005B5D71+941425]&#10;	Ordinal0 [0x005E8EE0+1150688]&#10;	Ordinal0 [0x005E8B3A+1149754]&#10;	Ordinal0 [0x005E4096+1130646]&#10;	Ordinal0 [0x005BE636+976438]&#10;	Ordinal0 [0x005BF546+980294]&#10;	GetHandleVerifier [0x00989612+2498066]&#10;	GetHandleVerifier [0x0097C920+2445600]&#10;	GetHandleVerifier [0x007B4F2A+579370]&#10;	GetHandleVerifier [0x007B3D36+574774]&#10;	Ordinal0 [0x006B1C0B+1973259]&#10;	Ordinal0 [0x006B6688+1992328]&#10;	Ordinal0 [0x006B6775+1992565]&#10;	Ordinal0 [0x006BF8D1+2029777]&#10;	BaseThreadInitThunk [0x7725FA29+25]&#10;	RtlGetAppContainerNamedObjectPath [0x77777A9E+286]&#10;	RtlGetAppContainerNamedObjectPath [0x77777A6E+238]&#10;"/>
  </testcase>
  <testcase name="TestCase_002" classname="com.webdriveruniversity.testcases.Login_Page_Test" time="0">
    <skipped message="Method Login_Page_Test.TestCase_002()[pri:0, instance:com.webdriveruniversity.testcases.Login_Page_Test@6b143ee9] depends on not successfully finished methods"/>
  </testcase>
  <testcase name="TestCase_003" classname="com.webdriveruniversity.testcases.Login_Page_Test" time="0">
    <skipped message="Method Login_Page_Test.TestCase_003()[pri:0, instance:com.webdriveruniversity.testcases.Login_Page_Test@6b143ee9] depends on not successfully finished methods"/>
  </testcase>
  <testcase name="TestCase_004" classname="com.webdriveruniversity.testcases.Login_Page_Test" time="0">
    <skipped message="Method Login_Page_Test.TestCase_004()[pri:0, instance:com.webdriveruniversity.testcases.Login_Page_Test@6b143ee9] depends on not successfully finished methods"/>
  </testcase>
  <testcase name="TestCase_005" classname="com.webdriveruniversity.testcases.Login_Page_Test" time="0">
    <skipped message="Method Login_Page_Test.TestCase_005()[pri:0, instance:com.webdriveruniversity.testcases.Login_Page_Test@6b143ee9] depends on not successfully finished methods"/>
  </testcase>
  <testcase name="Browser_Close" classname="com.webdriveruniversity.testcases.Login_Page_Test" time="0">
    <skipped/>
  </testcase>
  <testcase name="Browser_Launch" classname="com.webdriveruniversity.testcases.Buttons_Page_Test" time="5.328">
    <failure message="session not created: This version of ChromeDriver only supports Chrome version 101&#10;Current browser version is 103.0.5060.66 with binary path C:\Users\sakka\AppData\Local\Google\Chrome\Application\chrome.exe&#10;Build info: version: &apos;3.141.59&apos;, revision: &apos;e82be7d358&apos;, time: &apos;2018-11-14T08:17:03&apos;&#10;System info: host: &apos;DESKTOP-NALDS22&apos;, ip: &apos;192.168.0.107&apos;, os.name: &apos;Windows 10&apos;, os.arch: &apos;amd64&apos;, os.version: &apos;10.0&apos;, java.version: &apos;1.8.0_333&apos;&#10;Driver info: driver.version: ChromeDriver&#10;remote stacktrace: Backtrace:&#10;	Ordinal0 [0x0071B8F3+2406643]&#10;	Ordinal0 [0x006AAF31+1945393]&#10;	Ordinal0 [0x0059C748+837448]&#10;	Ordinal0 [0x005BC8B3+968883]&#10;	Ordinal0 [0x005B84BA+951482]&#10;	Ordinal0 [0x005B5D71+941425]&#10;	Ordinal0 [0x005E8EE0+1150688]&#10;	Ordinal0 [0x005E8B3A+1149754]&#10;	Ordinal0 [0x005E4096+1130646]&#10;	Ordinal0 [0x005BE636+976438]&#10;	Ordinal0 [0x005BF546+980294]&#10;	GetHandleVerifier [0x00989612+2498066]&#10;	GetHandleVerifier [0x0097C920+2445600]&#10;	GetHandleVerifier [0x007B4F2A+579370]&#10;	GetHandleVerifier [0x007B3D36+574774]&#10;	Ordinal0 [0x006B1C0B+1973259]&#10;	Ordinal0 [0x006B6688+1992328]&#10;	Ordinal0 [0x006B6775+1992565]&#10;	Ordinal0 [0x006BF8D1+2029777]&#10;	BaseThreadInitThunk [0x7725FA29+25]&#10;	RtlGetAppContainerNamedObjectPath [0x77777A9E+286]&#10;	RtlGetAppContainerNamedObjectPath [0x77777A6E+238]&#10;" type="org.openqa.selenium.SessionNotCreatedException">org.openqa.selenium.SessionNotCreatedException: 
session not created: This version of ChromeDriver only supports Chrome version 101
Current browser version is 103.0.5060.66 with binary path C:\Users\sakka\AppData\Local\Google\Chrome\Application\chrome.exe
Build info: version: '3.141.59', revision: 'e82be7d358', time: '2018-11-14T08:17:03'
System info: host: 'DESKTOP-NALDS22', ip: '192.168.0.107', os.name: 'Windows 10', os.arch: 'amd64', os.version: '10.0', java.version: '1.8.0_333'
Driver info: driver.version: ChromeDriver
remote stacktrace: Backtrace:
	Ordinal0 [0x0071B8F3+2406643]
	Ordinal0 [0x006AAF31+1945393]
	Ordinal0 [0x0059C748+837448]
	Ordinal0 [0x005BC8B3+968883]
	Ordinal0 [0x005B84BA+951482]
	Ordinal0 [0x005B5D71+941425]
	Ordinal0 [0x005E8EE0+1150688]
	Ordinal0 [0x005E8B3A+1149754]
	Ordinal0 [0x005E4096+1130646]
	Ordinal0 [0x005BE636+976438]
	Ordinal0 [0x005BF546+980294]
	GetHandleVerifier [0x00989612+2498066]
	GetHandleVerifier [0x0097C920+2445600]
	GetHandleVerifier [0x007B4F2A+579370]
	GetHandleVerifier [0x007B3D36+574774]
	Ordinal0 [0x006B1C0B+1973259]
	Ordinal0 [0x006B6688+1992328]
	Ordinal0 [0x006B6775+1992565]
	Ordinal0 [0x006BF8D1+2029777]
	BaseThreadInitThunk [0x7725FA29+25]
	RtlGetAppContainerNamedObjectPath [0x77777A9E+286]
	RtlGetAppContainerNamedObjectPath [0x77777A6E+238]

</failure>
    <system-err><![CDATA[Starting ChromeDriver 101.0.4951.41 (93c720db8323b3ec10d056025ab95c23a31997c9-refs/branch-heads/4951@{#904}) on port 48504
Only local connections are allowed.
Please see https://chromedriver.chromium.org/security-considerations for suggestions on keeping ChromeDriver safe.
ChromeDriver was started successfully.
]]></system-err>
  </testcase>
  <testcase name="TestCase_006" classname="com.webdriveruniversity.testcases.Buttons_Page_Test" time="0">
    <skipped message="session not created: This version of ChromeDriver only supports Chrome version 101&#10;Current browser version is 103.0.5060.66 with binary path C:\Users\sakka\AppData\Local\Google\Chrome\Application\chrome.exe&#10;Build info: version: &apos;3.141.59&apos;, revision: &apos;e82be7d358&apos;, time: &apos;2018-11-14T08:17:03&apos;&#10;System info: host: &apos;DESKTOP-NALDS22&apos;, ip: &apos;192.168.0.107&apos;, os.name: &apos;Windows 10&apos;, os.arch: &apos;amd64&apos;, os.version: &apos;10.0&apos;, java.version: &apos;1.8.0_333&apos;&#10;Driver info: driver.version: ChromeDriver&#10;remote stacktrace: Backtrace:&#10;	Ordinal0 [0x0071B8F3+2406643]&#10;	Ordinal0 [0x006AAF31+1945393]&#10;	Ordinal0 [0x0059C748+837448]&#10;	Ordinal0 [0x005BC8B3+968883]&#10;	Ordinal0 [0x005B84BA+951482]&#10;	Ordinal0 [0x005B5D71+941425]&#10;	Ordinal0 [0x005E8EE0+1150688]&#10;	Ordinal0 [0x005E8B3A+1149754]&#10;	Ordinal0 [0x005E4096+1130646]&#10;	Ordinal0 [0x005BE636+976438]&#10;	Ordinal0 [0x005BF546+980294]&#10;	GetHandleVerifier [0x00989612+2498066]&#10;	GetHandleVerifier [0x0097C920+2445600]&#10;	GetHandleVerifier [0x007B4F2A+579370]&#10;	GetHandleVerifier [0x007B3D36+574774]&#10;	Ordinal0 [0x006B1C0B+1973259]&#10;	Ordinal0 [0x006B6688+1992328]&#10;	Ordinal0 [0x006B6775+1992565]&#10;	Ordinal0 [0x006BF8D1+2029777]&#10;	BaseThreadInitThunk [0x7725FA29+25]&#10;	RtlGetAppContainerNamedObjectPath [0x77777A9E+286]&#10;	RtlGetAppContainerNamedObjectPath [0x77777A6E+238]&#10;"/>
  </testcase>
  <testcase name="TestCase_007" classname="com.webdriveruniversity.testcases.Buttons_Page_Test" time="0">
    <skipped message="Method Buttons_Page_Test.TestCase_007()[pri:0, instance:com.webdriveruniversity.testcases.Buttons_Page_Test@1936f0f5] depends on not successfully finished methods"/>
  </testcase>
  <testcase name="TestCase_008" classname="com.webdriveruniversity.testcases.Buttons_Page_Test" time="0">
    <skipped message="Method Buttons_Page_Test.TestCase_008()[pri:0, instance:com.webdriveruniversity.testcases.Buttons_Page_Test@1936f0f5] depends on not successfully finished methods"/>
  </testcase>
  <testcase name="TestCase_009" classname="com.webdriveruniversity.testcases.Buttons_Page_Test" time="0">
    <skipped message="Method Buttons_Page_Test.TestCase_009()[pri:0, instance:com.webdriveruniversity.testcases.Buttons_Page_Test@1936f0f5] depends on not successfully finished methods"/>
  </testcase>
  <testcase name="Browser_Close" classname="com.webdriveruniversity.testcases.Buttons_Page_Test" time="0">
    <skipped/>
  </testcase>
  <testcase name="Browser_Launch" classname="com.webdriveruniversity.testcases.To_do_List_Test" time="7.084">
    <failure message="session not created: This version of ChromeDriver only supports Chrome version 101&#10;Current browser version is 103.0.5060.66 with binary path C:\Users\sakka\AppData\Local\Google\Chrome\Application\chrome.exe&#10;Build info: version: &apos;3.141.59&apos;, revision: &apos;e82be7d358&apos;, time: &apos;2018-11-14T08:17:03&apos;&#10;System info: host: &apos;DESKTOP-NALDS22&apos;, ip: &apos;192.168.0.107&apos;, os.name: &apos;Windows 10&apos;, os.arch: &apos;amd64&apos;, os.version: &apos;10.0&apos;, java.version: &apos;1.8.0_333&apos;&#10;Driver info: driver.version: ChromeDriver&#10;remote stacktrace: Backtrace:&#10;	Ordinal0 [0x0071B8F3+2406643]&#10;	Ordinal0 [0x006AAF31+1945393]&#10;	Ordinal0 [0x0059C748+837448]&#10;	Ordinal0 [0x005BC8B3+968883]&#10;	Ordinal0 [0x005B84BA+951482]&#10;	Ordinal0 [0x005B5D71+941425]&#10;	Ordinal0 [0x005E8EE0+1150688]&#10;	Ordinal0 [0x005E8B3A+1149754]&#10;	Ordinal0 [0x005E4096+1130646]&#10;	Ordinal0 [0x005BE636+976438]&#10;	Ordinal0 [0x005BF546+980294]&#10;	GetHandleVerifier [0x00989612+2498066]&#10;	GetHandleVerifier [0x0097C920+2445600]&#10;	GetHandleVerifier [0x007B4F2A+579370]&#10;	GetHandleVerifier [0x007B3D36+574774]&#10;	Ordinal0 [0x006B1C0B+1973259]&#10;	Ordinal0 [0x006B6688+1992328]&#10;	Ordinal0 [0x006B6775+1992565]&#10;	Ordinal0 [0x006BF8D1+2029777]&#10;	BaseThreadInitThunk [0x7725FA29+25]&#10;	RtlGetAppContainerNamedObjectPath [0x77777A9E+286]&#10;	RtlGetAppContainerNamedObjectPath [0x77777A6E+238]&#10;" type="org.openqa.selenium.SessionNotCreatedException">org.openqa.selenium.SessionNotCreatedException: 
session not created: This version of ChromeDriver only supports Chrome version 101
Current browser version is 103.0.5060.66 with binary path C:\Users\sakka\AppData\Local\Google\Chrome\Application\chrome.exe
Build info: version: '3.141.59', revision: 'e82be7d358', time: '2018-11-14T08:17:03'
System info: host: 'DESKTOP-NALDS22', ip: '192.168.0.107', os.name: 'Windows 10', os.arch: 'amd64', os.version: '10.0', java.version: '1.8.0_333'
Driver info: driver.version: ChromeDriver
remote stacktrace: Backtrace:
	Ordinal0 [0x0071B8F3+2406643]
	Ordinal0 [0x006AAF31+1945393]
	Ordinal0 [0x0059C748+837448]
	Ordinal0 [0x005BC8B3+968883]
	Ordinal0 [0x005B84BA+951482]
	Ordinal0 [0x005B5D71+941425]
	Ordinal0 [0x005E8EE0+1150688]
	Ordinal0 [0x005E8B3A+1149754]
	Ordinal0 [0x005E4096+1130646]
	Ordinal0 [0x005BE636+976438]
	Ordinal0 [0x005BF546+980294]
	GetHandleVerifier [0x00989612+2498066]
	GetHandleVerifier [0x0097C920+2445600]
	GetHandleVerifier [0x007B4F2A+579370]
	GetHandleVerifier [0x007B3D36+574774]
	Ordinal0 [0x006B1C0B+1973259]
	Ordinal0 [0x006B6688+1992328]
	Ordinal0 [0x006B6775+1992565]
	Ordinal0 [0x006BF8D1+2029777]
	BaseThreadInitThunk [0x7725FA29+25]
	RtlGetAppContainerNamedObjectPath [0x77777A9E+286]
	RtlGetAppContainerNamedObjectPath [0x77777A6E+238]

</failure>
    <system-err><![CDATA[Starting ChromeDriver 101.0.4951.41 (93c720db8323b3ec10d056025ab95c23a31997c9-refs/branch-heads/4951@{#904}) on port 30801
Only local connections are allowed.
Please see https://chromedriver.chromium.org/security-considerations for suggestions on keeping ChromeDriver safe.
ChromeDriver was started successfully.
]]></system-err>
  </testcase>
  <testcase name="Test_Case_010" classname="com.webdriveruniversity.testcases.To_do_List_Test" time="0">
    <skipped message="session not created: This version of ChromeDriver only supports Chrome version 101&#10;Current browser version is 103.0.5060.66 with binary path C:\Users\sakka\AppData\Local\Google\Chrome\Application\chrome.exe&#10;Build info: version: &apos;3.141.59&apos;, revision: &apos;e82be7d358&apos;, time: &apos;2018-11-14T08:17:03&apos;&#10;System info: host: &apos;DESKTOP-NALDS22&apos;, ip: &apos;192.168.0.107&apos;, os.name: &apos;Windows 10&apos;, os.arch: &apos;amd64&apos;, os.version: &apos;10.0&apos;, java.version: &apos;1.8.0_333&apos;&#10;Driver info: driver.version: ChromeDriver&#10;remote stacktrace: Backtrace:&#10;	Ordinal0 [0x0071B8F3+2406643]&#10;	Ordinal0 [0x006AAF31+1945393]&#10;	Ordinal0 [0x0059C748+837448]&#10;	Ordinal0 [0x005BC8B3+968883]&#10;	Ordinal0 [0x005B84BA+951482]&#10;	Ordinal0 [0x005B5D71+941425]&#10;	Ordinal0 [0x005E8EE0+1150688]&#10;	Ordinal0 [0x005E8B3A+1149754]&#10;	Ordinal0 [0x005E4096+1130646]&#10;	Ordinal0 [0x005BE636+976438]&#10;	Ordinal0 [0x005BF546+980294]&#10;	GetHandleVerifier [0x00989612+2498066]&#10;	GetHandleVerifier [0x0097C920+2445600]&#10;	GetHandleVerifier [0x007B4F2A+579370]&#10;	GetHandleVerifier [0x007B3D36+574774]&#10;	Ordinal0 [0x006B1C0B+1973259]&#10;	Ordinal0 [0x006B6688+1992328]&#10;	Ordinal0 [0x006B6775+1992565]&#10;	Ordinal0 [0x006BF8D1+2029777]&#10;	BaseThreadInitThunk [0x7725FA29+25]&#10;	RtlGetAppContainerNamedObjectPath [0x77777A9E+286]&#10;	RtlGetAppContainerNamedObjectPath [0x77777A6E+238]&#10;"/>
  </testcase>
  <testcase name="Test_Case_011" classname="com.webdriveruniversity.testcases.To_do_List_Test" time="0">
    <skipped message="session not created: This version of ChromeDriver only supports Chrome version 101&#10;Current browser version is 103.0.5060.66 with binary path C:\Users\sakka\AppData\Local\Google\Chrome\Application\chrome.exe&#10;Build info: version: &apos;3.141.59&apos;, revision: &apos;e82be7d358&apos;, time: &apos;2018-11-14T08:17:03&apos;&#10;System info: host: &apos;DESKTOP-NALDS22&apos;, ip: &apos;192.168.0.107&apos;, os.name: &apos;Windows 10&apos;, os.arch: &apos;amd64&apos;, os.version: &apos;10.0&apos;, java.version: &apos;1.8.0_333&apos;&#10;Driver info: driver.version: ChromeDriver&#10;remote stacktrace: Backtrace:&#10;	Ordinal0 [0x0071B8F3+2406643]&#10;	Ordinal0 [0x006AAF31+1945393]&#10;	Ordinal0 [0x0059C748+837448]&#10;	Ordinal0 [0x005BC8B3+968883]&#10;	Ordinal0 [0x005B84BA+951482]&#10;	Ordinal0 [0x005B5D71+941425]&#10;	Ordinal0 [0x005E8EE0+1150688]&#10;	Ordinal0 [0x005E8B3A+1149754]&#10;	Ordinal0 [0x005E4096+1130646]&#10;	Ordinal0 [0x005BE636+976438]&#10;	Ordinal0 [0x005BF546+980294]&#10;	GetHandleVerifier [0x00989612+2498066]&#10;	GetHandleVerifier [0x0097C920+2445600]&#10;	GetHandleVerifier [0x007B4F2A+579370]&#10;	GetHandleVerifier [0x007B3D36+574774]&#10;	Ordinal0 [0x006B1C0B+1973259]&#10;	Ordinal0 [0x006B6688+1992328]&#10;	Ordinal0 [0x006B6775+1992565]&#10;	Ordinal0 [0x006BF8D1+2029777]&#10;	BaseThreadInitThunk [0x7725FA29+25]&#10;	RtlGetAppContainerNamedObjectPath [0x77777A9E+286]&#10;	RtlGetAppContainerNamedObjectPath [0x77777A6E+238]&#10;"/>
  </testcase>
  <testcase name="Test_Case_012" classname="com.webdriveruniversity.testcases.To_do_List_Test" time="0">
    <skipped message="session not created: This version of ChromeDriver only supports Chrome version 101&#10;Current browser version is 103.0.5060.66 with binary path C:\Users\sakka\AppData\Local\Google\Chrome\Application\chrome.exe&#10;Build info: version: &apos;3.141.59&apos;, revision: &apos;e82be7d358&apos;, time: &apos;2018-11-14T08:17:03&apos;&#10;System info: host: &apos;DESKTOP-NALDS22&apos;, ip: &apos;192.168.0.107&apos;, os.name: &apos;Windows 10&apos;, os.arch: &apos;amd64&apos;, os.version: &apos;10.0&apos;, java.version: &apos;1.8.0_333&apos;&#10;Driver info: driver.version: ChromeDriver&#10;remote stacktrace: Backtrace:&#10;	Ordinal0 [0x0071B8F3+2406643]&#10;	Ordinal0 [0x006AAF31+1945393]&#10;	Ordinal0 [0x0059C748+837448]&#10;	Ordinal0 [0x005BC8B3+968883]&#10;	Ordinal0 [0x005B84BA+951482]&#10;	Ordinal0 [0x005B5D71+941425]&#10;	Ordinal0 [0x005E8EE0+1150688]&#10;	Ordinal0 [0x005E8B3A+1149754]&#10;	Ordinal0 [0x005E4096+1130646]&#10;	Ordinal0 [0x005BE636+976438]&#10;	Ordinal0 [0x005BF546+980294]&#10;	GetHandleVerifier [0x00989612+2498066]&#10;	GetHandleVerifier [0x0097C920+2445600]&#10;	GetHandleVerifier [0x007B4F2A+579370]&#10;	GetHandleVerifier [0x007B3D36+574774]&#10;	Ordinal0 [0x006B1C0B+1973259]&#10;	Ordinal0 [0x006B6688+1992328]&#10;	Ordinal0 [0x006B6775+1992565]&#10;	Ordinal0 [0x006BF8D1+2029777]&#10;	BaseThreadInitThunk [0x7725FA29+25]&#10;	RtlGetAppContainerNamedObjectPath [0x77777A9E+286]&#10;	RtlGetAppContainerNamedObjectPath [0x77777A6E+238]&#10;"/>
  </testcase>
  <testcase name="Test_Case_013" classname="com.webdriveruniversity.testcases.To_do_List_Test" time="0">
    <skipped message="session not created: This version of ChromeDriver only supports Chrome version 101&#10;Current browser version is 103.0.5060.66 with binary path C:\Users\sakka\AppData\Local\Google\Chrome\Application\chrome.exe&#10;Build info: version: &apos;3.141.59&apos;, revision: &apos;e82be7d358&apos;, time: &apos;2018-11-14T08:17:03&apos;&#10;System info: host: &apos;DESKTOP-NALDS22&apos;, ip: &apos;192.168.0.107&apos;, os.name: &apos;Windows 10&apos;, os.arch: &apos;amd64&apos;, os.version: &apos;10.0&apos;, java.version: &apos;1.8.0_333&apos;&#10;Driver info: driver.version: ChromeDriver&#10;remote stacktrace: Backtrace:&#10;	Ordinal0 [0x0071B8F3+2406643]&#10;	Ordinal0 [0x006AAF31+1945393]&#10;	Ordinal0 [0x0059C748+837448]&#10;	Ordinal0 [0x005BC8B3+968883]&#10;	Ordinal0 [0x005B84BA+951482]&#10;	Ordinal0 [0x005B5D71+941425]&#10;	Ordinal0 [0x005E8EE0+1150688]&#10;	Ordinal0 [0x005E8B3A+1149754]&#10;	Ordinal0 [0x005E4096+1130646]&#10;	Ordinal0 [0x005BE636+976438]&#10;	Ordinal0 [0x005BF546+980294]&#10;	GetHandleVerifier [0x00989612+2498066]&#10;	GetHandleVerifier [0x0097C920+2445600]&#10;	GetHandleVerifier [0x007B4F2A+579370]&#10;	GetHandleVerifier [0x007B3D36+574774]&#10;	Ordinal0 [0x006B1C0B+1973259]&#10;	Ordinal0 [0x006B6688+1992328]&#10;	Ordinal0 [0x006B6775+1992565]&#10;	Ordinal0 [0x006BF8D1+2029777]&#10;	BaseThreadInitThunk [0x7725FA29+25]&#10;	RtlGetAppContainerNamedObjectPath [0x77777A9E+286]&#10;	RtlGetAppContainerNamedObjectPath [0x77777A6E+238]&#10;"/>
  </testcase>
  <testcase name="Test_Case_014" classname="com.webdriveruniversity.testcases.To_do_List_Test" time="0">
    <skipped message="session not created: This version of ChromeDriver only supports Chrome version 101&#10;Current browser version is 103.0.5060.66 with binary path C:\Users\sakka\AppData\Local\Google\Chrome\Application\chrome.exe&#10;Build info: version: &apos;3.141.59&apos;, revision: &apos;e82be7d358&apos;, time: &apos;2018-11-14T08:17:03&apos;&#10;System info: host: &apos;DESKTOP-NALDS22&apos;, ip: &apos;192.168.0.107&apos;, os.name: &apos;Windows 10&apos;, os.arch: &apos;amd64&apos;, os.version: &apos;10.0&apos;, java.version: &apos;1.8.0_333&apos;&#10;Driver info: driver.version: ChromeDriver&#10;remote stacktrace: Backtrace:&#10;	Ordinal0 [0x0071B8F3+2406643]&#10;	Ordinal0 [0x006AAF31+1945393]&#10;	Ordinal0 [0x0059C748+837448]&#10;	Ordinal0 [0x005BC8B3+968883]&#10;	Ordinal0 [0x005B84BA+951482]&#10;	Ordinal0 [0x005B5D71+941425]&#10;	Ordinal0 [0x005E8EE0+1150688]&#10;	Ordinal0 [0x005E8B3A+1149754]&#10;	Ordinal0 [0x005E4096+1130646]&#10;	Ordinal0 [0x005BE636+976438]&#10;	Ordinal0 [0x005BF546+980294]&#10;	GetHandleVerifier [0x00989612+2498066]&#10;	GetHandleVerifier [0x0097C920+2445600]&#10;	GetHandleVerifier [0x007B4F2A+579370]&#10;	GetHandleVerifier [0x007B3D36+574774]&#10;	Ordinal0 [0x006B1C0B+1973259]&#10;	Ordinal0 [0x006B6688+1992328]&#10;	Ordinal0 [0x006B6775+1992565]&#10;	Ordinal0 [0x006BF8D1+2029777]&#10;	BaseThreadInitThunk [0x7725FA29+25]&#10;	RtlGetAppContainerNamedObjectPath [0x77777A9E+286]&#10;	RtlGetAppContainerNamedObjectPath [0x77777A6E+238]&#10;"/>
  </testcase>
  <testcase name="Test_Case_015" classname="com.webdriveruniversity.testcases.To_do_List_Test" time="0">
    <skipped message="session not created: This version of ChromeDriver only supports Chrome version 101&#10;Current browser version is 103.0.5060.66 with binary path C:\Users\sakka\AppData\Local\Google\Chrome\Application\chrome.exe&#10;Build info: version: &apos;3.141.59&apos;, revision: &apos;e82be7d358&apos;, time: &apos;2018-11-14T08:17:03&apos;&#10;System info: host: &apos;DESKTOP-NALDS22&apos;, ip: &apos;192.168.0.107&apos;, os.name: &apos;Windows 10&apos;, os.arch: &apos;amd64&apos;, os.version: &apos;10.0&apos;, java.version: &apos;1.8.0_333&apos;&#10;Driver info: driver.version: ChromeDriver&#10;remote stacktrace: Backtrace:&#10;	Ordinal0 [0x0071B8F3+2406643]&#10;	Ordinal0 [0x006AAF31+1945393]&#10;	Ordinal0 [0x0059C748+837448]&#10;	Ordinal0 [0x005BC8B3+968883]&#10;	Ordinal0 [0x005B84BA+951482]&#10;	Ordinal0 [0x005B5D71+941425]&#10;	Ordinal0 [0x005E8EE0+1150688]&#10;	Ordinal0 [0x005E8B3A+1149754]&#10;	Ordinal0 [0x005E4096+1130646]&#10;	Ordinal0 [0x005BE636+976438]&#10;	Ordinal0 [0x005BF546+980294]&#10;	GetHandleVerifier [0x00989612+2498066]&#10;	GetHandleVerifier [0x0097C920+2445600]&#10;	GetHandleVerifier [0x007B4F2A+579370]&#10;	GetHandleVerifier [0x007B3D36+574774]&#10;	Ordinal0 [0x006B1C0B+1973259]&#10;	Ordinal0 [0x006B6688+1992328]&#10;	Ordinal0 [0x006B6775+1992565]&#10;	Ordinal0 [0x006BF8D1+2029777]&#10;	BaseThreadInitThunk [0x7725FA29+25]&#10;	RtlGetAppContainerNamedObjectPath [0x77777A9E+286]&#10;	RtlGetAppContainerNamedObjectPath [0x77777A6E+238]&#10;"/>
  </testcase>
  <testcase name="Test_Case_016" classname="com.webdriveruniversity.testcases.To_do_List_Test" time="0">
    <skipped message="session not created: This version of ChromeDriver only supports Chrome version 101&#10;Current browser version is 103.0.5060.66 with binary path C:\Users\sakka\AppData\Local\Google\Chrome\Application\chrome.exe&#10;Build info: version: &apos;3.141.59&apos;, revision: &apos;e82be7d358&apos;, time: &apos;2018-11-14T08:17:03&apos;&#10;System info: host: &apos;DESKTOP-NALDS22&apos;, ip: &apos;192.168.0.107&apos;, os.name: &apos;Windows 10&apos;, os.arch: &apos;amd64&apos;, os.version: &apos;10.0&apos;, java.version: &apos;1.8.0_333&apos;&#10;Driver info: driver.version: ChromeDriver&#10;remote stacktrace: Backtrace:&#10;	Ordinal0 [0x0071B8F3+2406643]&#10;	Ordinal0 [0x006AAF31+1945393]&#10;	Ordinal0 [0x0059C748+837448]&#10;	Ordinal0 [0x005BC8B3+968883]&#10;	Ordinal0 [0x005B84BA+951482]&#10;	Ordinal0 [0x005B5D71+941425]&#10;	Ordinal0 [0x005E8EE0+1150688]&#10;	Ordinal0 [0x005E8B3A+1149754]&#10;	Ordinal0 [0x005E4096+1130646]&#10;	Ordinal0 [0x005BE636+976438]&#10;	Ordinal0 [0x005BF546+980294]&#10;	GetHandleVerifier [0x00989612+2498066]&#10;	GetHandleVerifier [0x0097C920+2445600]&#10;	GetHandleVerifier [0x007B4F2A+579370]&#10;	GetHandleVerifier [0x007B3D36+574774]&#10;	Ordinal0 [0x006B1C0B+1973259]&#10;	Ordinal0 [0x006B6688+1992328]&#10;	Ordinal0 [0x006B6775+1992565]&#10;	Ordinal0 [0x006BF8D1+2029777]&#10;	BaseThreadInitThunk [0x7725FA29+25]&#10;	RtlGetAppContainerNamedObjectPath [0x77777A9E+286]&#10;	RtlGetAppContainerNamedObjectPath [0x77777A6E+238]&#10;"/>
  </testcase>
  <testcase name="Test_Case_017" classname="com.webdriveruniversity.testcases.To_do_List_Test" time="0">
    <skipped message="session not created: This version of ChromeDriver only supports Chrome version 101&#10;Current browser version is 103.0.5060.66 with binary path C:\Users\sakka\AppData\Local\Google\Chrome\Application\chrome.exe&#10;Build info: version: &apos;3.141.59&apos;, revision: &apos;e82be7d358&apos;, time: &apos;2018-11-14T08:17:03&apos;&#10;System info: host: &apos;DESKTOP-NALDS22&apos;, ip: &apos;192.168.0.107&apos;, os.name: &apos;Windows 10&apos;, os.arch: &apos;amd64&apos;, os.version: &apos;10.0&apos;, java.version: &apos;1.8.0_333&apos;&#10;Driver info: driver.version: ChromeDriver&#10;remote stacktrace: Backtrace:&#10;	Ordinal0 [0x0071B8F3+2406643]&#10;	Ordinal0 [0x006AAF31+1945393]&#10;	Ordinal0 [0x0059C748+837448]&#10;	Ordinal0 [0x005BC8B3+968883]&#10;	Ordinal0 [0x005B84BA+951482]&#10;	Ordinal0 [0x005B5D71+941425]&#10;	Ordinal0 [0x005E8EE0+1150688]&#10;	Ordinal0 [0x005E8B3A+1149754]&#10;	Ordinal0 [0x005E4096+1130646]&#10;	Ordinal0 [0x005BE636+976438]&#10;	Ordinal0 [0x005BF546+980294]&#10;	GetHandleVerifier [0x00989612+2498066]&#10;	GetHandleVerifier [0x0097C920+2445600]&#10;	GetHandleVerifier [0x007B4F2A+579370]&#10;	GetHandleVerifier [0x007B3D36+574774]&#10;	Ordinal0 [0x006B1C0B+1973259]&#10;	Ordinal0 [0x006B6688+1992328]&#10;	Ordinal0 [0x006B6775+1992565]&#10;	Ordinal0 [0x006BF8D1+2029777]&#10;	BaseThreadInitThunk [0x7725FA29+25]&#10;	RtlGetAppContainerNamedObjectPath [0x77777A9E+286]&#10;	RtlGetAppContainerNamedObjectPath [0x77777A6E+238]&#10;"/>
  </testcase>
  <testcase name="Test_Case_018" classname="com.webdriveruniversity.testcases.To_do_List_Test" time="0">
    <skipped message="session not created: This version of ChromeDriver only supports Chrome version 101&#10;Current browser version is 103.0.5060.66 with binary path C:\Users\sakka\AppData\Local\Google\Chrome\Application\chrome.exe&#10;Build info: version: &apos;3.141.59&apos;, revision: &apos;e82be7d358&apos;, time: &apos;2018-11-14T08:17:03&apos;&#10;System info: host: &apos;DESKTOP-NALDS22&apos;, ip: &apos;192.168.0.107&apos;, os.name: &apos;Windows 10&apos;, os.arch: &apos;amd64&apos;, os.version: &apos;10.0&apos;, java.version: &apos;1.8.0_333&apos;&#10;Driver info: driver.version: ChromeDriver&#10;remote stacktrace: Backtrace:&#10;	Ordinal0 [0x0071B8F3+2406643]&#10;	Ordinal0 [0x006AAF31+1945393]&#10;	Ordinal0 [0x0059C748+837448]&#10;	Ordinal0 [0x005BC8B3+968883]&#10;	Ordinal0 [0x005B84BA+951482]&#10;	Ordinal0 [0x005B5D71+941425]&#10;	Ordinal0 [0x005E8EE0+1150688]&#10;	Ordinal0 [0x005E8B3A+1149754]&#10;	Ordinal0 [0x005E4096+1130646]&#10;	Ordinal0 [0x005BE636+976438]&#10;	Ordinal0 [0x005BF546+980294]&#10;	GetHandleVerifier [0x00989612+2498066]&#10;	GetHandleVerifier [0x0097C920+2445600]&#10;	GetHandleVerifier [0x007B4F2A+579370]&#10;	GetHandleVerifier [0x007B3D36+574774]&#10;	Ordinal0 [0x006B1C0B+1973259]&#10;	Ordinal0 [0x006B6688+1992328]&#10;	Ordinal0 [0x006B6775+1992565]&#10;	Ordinal0 [0x006BF8D1+2029777]&#10;	BaseThreadInitThunk [0x7725FA29+25]&#10;	RtlGetAppContainerNamedObjectPath [0x77777A9E+286]&#10;	RtlGetAppContainerNamedObjectPath [0x77777A6E+238]&#10;"/>
  </testcase>
  <testcase name="Browser_Close" classname="com.webdriveruniversity.testcases.To_do_List_Test" time="0">
    <skipped/>
  </testcase>
  <testcase name="Browser_Launch" classname="com.webdriveruniversity.testcases.DCR_Page_Test" time="8.948">
    <failure message="session not created: This version of ChromeDriver only supports Chrome version 101&#10;Current browser version is 103.0.5060.66 with binary path C:\Users\sakka\AppData\Local\Google\Chrome\Application\chrome.exe&#10;Build info: version: &apos;3.141.59&apos;, revision: &apos;e82be7d358&apos;, time: &apos;2018-11-14T08:17:03&apos;&#10;System info: host: &apos;DESKTOP-NALDS22&apos;, ip: &apos;192.168.0.107&apos;, os.name: &apos;Windows 10&apos;, os.arch: &apos;amd64&apos;, os.version: &apos;10.0&apos;, java.version: &apos;1.8.0_333&apos;&#10;Driver info: driver.version: ChromeDriver&#10;remote stacktrace: Backtrace:&#10;	Ordinal0 [0x0071B8F3+2406643]&#10;	Ordinal0 [0x006AAF31+1945393]&#10;	Ordinal0 [0x0059C748+837448]&#10;	Ordinal0 [0x005BC8B3+968883]&#10;	Ordinal0 [0x005B84BA+951482]&#10;	Ordinal0 [0x005B5D71+941425]&#10;	Ordinal0 [0x005E8EE0+1150688]&#10;	Ordinal0 [0x005E8B3A+1149754]&#10;	Ordinal0 [0x005E4096+1130646]&#10;	Ordinal0 [0x005BE636+976438]&#10;	Ordinal0 [0x005BF546+980294]&#10;	GetHandleVerifier [0x00989612+2498066]&#10;	GetHandleVerifier [0x0097C920+2445600]&#10;	GetHandleVerifier [0x007B4F2A+579370]&#10;	GetHandleVerifier [0x007B3D36+574774]&#10;	Ordinal0 [0x006B1C0B+1973259]&#10;	Ordinal0 [0x006B6688+1992328]&#10;	Ordinal0 [0x006B6775+1992565]&#10;	Ordinal0 [0x006BF8D1+2029777]&#10;	BaseThreadInitThunk [0x7725FA29+25]&#10;	RtlGetAppContainerNamedObjectPath [0x77777A9E+286]&#10;	RtlGetAppContainerNamedObjectPath [0x77777A6E+238]&#10;" type="org.openqa.selenium.SessionNotCreatedException">org.openqa.selenium.SessionNotCreatedException: 
session not created: This version of ChromeDriver only supports Chrome version 101
Current browser version is 103.0.5060.66 with binary path C:\Users\sakka\AppData\Local\Google\Chrome\Application\chrome.exe
Build info: version: '3.141.59', revision: 'e82be7d358', time: '2018-11-14T08:17:03'
System info: host: 'DESKTOP-NALDS22', ip: '192.168.0.107', os.name: 'Windows 10', os.arch: 'amd64', os.version: '10.0', java.version: '1.8.0_333'
Driver info: driver.version: ChromeDriver
remote stacktrace: Backtrace:
	Ordinal0 [0x0071B8F3+2406643]
	Ordinal0 [0x006AAF31+1945393]
	Ordinal0 [0x0059C748+837448]
	Ordinal0 [0x005BC8B3+968883]
	Ordinal0 [0x005B84BA+951482]
	Ordinal0 [0x005B5D71+941425]
	Ordinal0 [0x005E8EE0+1150688]
	Ordinal0 [0x005E8B3A+1149754]
	Ordinal0 [0x005E4096+1130646]
	Ordinal0 [0x005BE636+976438]
	Ordinal0 [0x005BF546+980294]
	GetHandleVerifier [0x00989612+2498066]
	GetHandleVerifier [0x0097C920+2445600]
	GetHandleVerifier [0x007B4F2A+579370]
	GetHandleVerifier [0x007B3D36+574774]
	Ordinal0 [0x006B1C0B+1973259]
	Ordinal0 [0x006B6688+1992328]
	Ordinal0 [0x006B6775+1992565]
	Ordinal0 [0x006BF8D1+2029777]
	BaseThreadInitThunk [0x7725FA29+25]
	RtlGetAppContainerNamedObjectPath [0x77777A9E+286]
	RtlGetAppContainerNamedObjectPath [0x77777A6E+238]

</failure>
    <system-err><![CDATA[Starting ChromeDriver 101.0.4951.41 (93c720db8323b3ec10d056025ab95c23a31997c9-refs/branch-heads/4951@{#904}) on port 16853
Only local connections are allowed.
Please see https://chromedriver.chromium.org/security-considerations for suggestions on keeping ChromeDriver safe.
ChromeDriver was started successfully.
]]></system-err>
  </testcase>
  <testcase name="Test_Case_019" classname="com.webdriveruniversity.testcases.DCR_Page_Test" time="0">
    <skipped message="session not created: This version of ChromeDriver only supports Chrome version 101&#10;Current browser version is 103.0.5060.66 with binary path C:\Users\sakka\AppData\Local\Google\Chrome\Application\chrome.exe&#10;Build info: version: &apos;3.141.59&apos;, revision: &apos;e82be7d358&apos;, time: &apos;2018-11-14T08:17:03&apos;&#10;System info: host: &apos;DESKTOP-NALDS22&apos;, ip: &apos;192.168.0.107&apos;, os.name: &apos;Windows 10&apos;, os.arch: &apos;amd64&apos;, os.version: &apos;10.0&apos;, java.version: &apos;1.8.0_333&apos;&#10;Driver info: driver.version: ChromeDriver&#10;remote stacktrace: Backtrace:&#10;	Ordinal0 [0x0071B8F3+2406643]&#10;	Ordinal0 [0x006AAF31+1945393]&#10;	Ordinal0 [0x0059C748+837448]&#10;	Ordinal0 [0x005BC8B3+968883]&#10;	Ordinal0 [0x005B84BA+951482]&#10;	Ordinal0 [0x005B5D71+941425]&#10;	Ordinal0 [0x005E8EE0+1150688]&#10;	Ordinal0 [0x005E8B3A+1149754]&#10;	Ordinal0 [0x005E4096+1130646]&#10;	Ordinal0 [0x005BE636+976438]&#10;	Ordinal0 [0x005BF546+980294]&#10;	GetHandleVerifier [0x00989612+2498066]&#10;	GetHandleVerifier [0x0097C920+2445600]&#10;	GetHandleVerifier [0x007B4F2A+579370]&#10;	GetHandleVerifier [0x007B3D36+574774]&#10;	Ordinal0 [0x006B1C0B+1973259]&#10;	Ordinal0 [0x006B6688+1992328]&#10;	Ordinal0 [0x006B6775+1992565]&#10;	Ordinal0 [0x006BF8D1+2029777]&#10;	BaseThreadInitThunk [0x7725FA29+25]&#10;	RtlGetAppContainerNamedObjectPath [0x77777A9E+286]&#10;	RtlGetAppContainerNamedObjectPath [0x77777A6E+238]&#10;"/>
  </testcase>
  <testcase name="Test_Case_020" classname="com.webdriveruniversity.testcases.DCR_Page_Test" time="0">
    <skipped message="session not created: This version of ChromeDriver only supports Chrome version 101&#10;Current browser version is 103.0.5060.66 with binary path C:\Users\sakka\AppData\Local\Google\Chrome\Application\chrome.exe&#10;Build info: version: &apos;3.141.59&apos;, revision: &apos;e82be7d358&apos;, time: &apos;2018-11-14T08:17:03&apos;&#10;System info: host: &apos;DESKTOP-NALDS22&apos;, ip: &apos;192.168.0.107&apos;, os.name: &apos;Windows 10&apos;, os.arch: &apos;amd64&apos;, os.version: &apos;10.0&apos;, java.version: &apos;1.8.0_333&apos;&#10;Driver info: driver.version: ChromeDriver&#10;remote stacktrace: Backtrace:&#10;	Ordinal0 [0x0071B8F3+2406643]&#10;	Ordinal0 [0x006AAF31+1945393]&#10;	Ordinal0 [0x0059C748+837448]&#10;	Ordinal0 [0x005BC8B3+968883]&#10;	Ordinal0 [0x005B84BA+951482]&#10;	Ordinal0 [0x005B5D71+941425]&#10;	Ordinal0 [0x005E8EE0+1150688]&#10;	Ordinal0 [0x005E8B3A+1149754]&#10;	Ordinal0 [0x005E4096+1130646]&#10;	Ordinal0 [0x005BE636+976438]&#10;	Ordinal0 [0x005BF546+980294]&#10;	GetHandleVerifier [0x00989612+2498066]&#10;	GetHandleVerifier [0x0097C920+2445600]&#10;	GetHandleVerifier [0x007B4F2A+579370]&#10;	GetHandleVerifier [0x007B3D36+574774]&#10;	Ordinal0 [0x006B1C0B+1973259]&#10;	Ordinal0 [0x006B6688+1992328]&#10;	Ordinal0 [0x006B6775+1992565]&#10;	Ordinal0 [0x006BF8D1+2029777]&#10;	BaseThreadInitThunk [0x7725FA29+25]&#10;	RtlGetAppContainerNamedObjectPath [0x77777A9E+286]&#10;	RtlGetAppContainerNamedObjectPath [0x77777A6E+238]&#10;"/>
  </testcase>
  <testcase name="Test_Case_021" classname="com.webdriveruniversity.testcases.DCR_Page_Test" time="0">
    <skipped message="session not created: This version of ChromeDriver only supports Chrome version 101&#10;Current browser version is 103.0.5060.66 with binary path C:\Users\sakka\AppData\Local\Google\Chrome\Application\chrome.exe&#10;Build info: version: &apos;3.141.59&apos;, revision: &apos;e82be7d358&apos;, time: &apos;2018-11-14T08:17:03&apos;&#10;System info: host: &apos;DESKTOP-NALDS22&apos;, ip: &apos;192.168.0.107&apos;, os.name: &apos;Windows 10&apos;, os.arch: &apos;amd64&apos;, os.version: &apos;10.0&apos;, java.version: &apos;1.8.0_333&apos;&#10;Driver info: driver.version: ChromeDriver&#10;remote stacktrace: Backtrace:&#10;	Ordinal0 [0x0071B8F3+2406643]&#10;	Ordinal0 [0x006AAF31+1945393]&#10;	Ordinal0 [0x0059C748+837448]&#10;	Ordinal0 [0x005BC8B3+968883]&#10;	Ordinal0 [0x005B84BA+951482]&#10;	Ordinal0 [0x005B5D71+941425]&#10;	Ordinal0 [0x005E8EE0+1150688]&#10;	Ordinal0 [0x005E8B3A+1149754]&#10;	Ordinal0 [0x005E4096+1130646]&#10;	Ordinal0 [0x005BE636+976438]&#10;	Ordinal0 [0x005BF546+980294]&#10;	GetHandleVerifier [0x00989612+2498066]&#10;	GetHandleVerifier [0x0097C920+2445600]&#10;	GetHandleVerifier [0x007B4F2A+579370]&#10;	GetHandleVerifier [0x007B3D36+574774]&#10;	Ordinal0 [0x006B1C0B+1973259]&#10;	Ordinal0 [0x006B6688+1992328]&#10;	Ordinal0 [0x006B6775+1992565]&#10;	Ordinal0 [0x006BF8D1+2029777]&#10;	BaseThreadInitThunk [0x7725FA29+25]&#10;	RtlGetAppContainerNamedObjectPath [0x77777A9E+286]&#10;	RtlGetAppContainerNamedObjectPath [0x77777A6E+238]&#10;"/>
  </testcase>
  <testcase name="Test_Case_022" classname="com.webdriveruniversity.testcases.DCR_Page_Test" time="0">
    <skipped message="session not created: This version of ChromeDriver only supports Chrome version 101&#10;Current browser version is 103.0.5060.66 with binary path C:\Users\sakka\AppData\Local\Google\Chrome\Application\chrome.exe&#10;Build info: version: &apos;3.141.59&apos;, revision: &apos;e82be7d358&apos;, time: &apos;2018-11-14T08:17:03&apos;&#10;System info: host: &apos;DESKTOP-NALDS22&apos;, ip: &apos;192.168.0.107&apos;, os.name: &apos;Windows 10&apos;, os.arch: &apos;amd64&apos;, os.version: &apos;10.0&apos;, java.version: &apos;1.8.0_333&apos;&#10;Driver info: driver.version: ChromeDriver&#10;remote stacktrace: Backtrace:&#10;	Ordinal0 [0x0071B8F3+2406643]&#10;	Ordinal0 [0x006AAF31+1945393]&#10;	Ordinal0 [0x0059C748+837448]&#10;	Ordinal0 [0x005BC8B3+968883]&#10;	Ordinal0 [0x005B84BA+951482]&#10;	Ordinal0 [0x005B5D71+941425]&#10;	Ordinal0 [0x005E8EE0+1150688]&#10;	Ordinal0 [0x005E8B3A+1149754]&#10;	Ordinal0 [0x005E4096+1130646]&#10;	Ordinal0 [0x005BE636+976438]&#10;	Ordinal0 [0x005BF546+980294]&#10;	GetHandleVerifier [0x00989612+2498066]&#10;	GetHandleVerifier [0x0097C920+2445600]&#10;	GetHandleVerifier [0x007B4F2A+579370]&#10;	GetHandleVerifier [0x007B3D36+574774]&#10;	Ordinal0 [0x006B1C0B+1973259]&#10;	Ordinal0 [0x006B6688+1992328]&#10;	Ordinal0 [0x006B6775+1992565]&#10;	Ordinal0 [0x006BF8D1+2029777]&#10;	BaseThreadInitThunk [0x7725FA29+25]&#10;	RtlGetAppContainerNamedObjectPath [0x77777A9E+286]&#10;	RtlGetAppContainerNamedObjectPath [0x77777A6E+238]&#10;"/>
  </testcase>
  <testcase name="Test_Case_023" classname="com.webdriveruniversity.testcases.DCR_Page_Test" time="0">
    <skipped message="session not created: This version of ChromeDriver only supports Chrome version 101&#10;Current browser version is 103.0.5060.66 with binary path C:\Users\sakka\AppData\Local\Google\Chrome\Application\chrome.exe&#10;Build info: version: &apos;3.141.59&apos;, revision: &apos;e82be7d358&apos;, time: &apos;2018-11-14T08:17:03&apos;&#10;System info: host: &apos;DESKTOP-NALDS22&apos;, ip: &apos;192.168.0.107&apos;, os.name: &apos;Windows 10&apos;, os.arch: &apos;amd64&apos;, os.version: &apos;10.0&apos;, java.version: &apos;1.8.0_333&apos;&#10;Driver info: driver.version: ChromeDriver&#10;remote stacktrace: Backtrace:&#10;	Ordinal0 [0x0071B8F3+2406643]&#10;	Ordinal0 [0x006AAF31+1945393]&#10;	Ordinal0 [0x0059C748+837448]&#10;	Ordinal0 [0x005BC8B3+968883]&#10;	Ordinal0 [0x005B84BA+951482]&#10;	Ordinal0 [0x005B5D71+941425]&#10;	Ordinal0 [0x005E8EE0+1150688]&#10;	Ordinal0 [0x005E8B3A+1149754]&#10;	Ordinal0 [0x005E4096+1130646]&#10;	Ordinal0 [0x005BE636+976438]&#10;	Ordinal0 [0x005BF546+980294]&#10;	GetHandleVerifier [0x00989612+2498066]&#10;	GetHandleVerifier [0x0097C920+2445600]&#10;	GetHandleVerifier [0x007B4F2A+579370]&#10;	GetHandleVerifier [0x007B3D36+574774]&#10;	Ordinal0 [0x006B1C0B+1973259]&#10;	Ordinal0 [0x006B6688+1992328]&#10;	Ordinal0 [0x006B6775+1992565]&#10;	Ordinal0 [0x006BF8D1+2029777]&#10;	BaseThreadInitThunk [0x7725FA29+25]&#10;	RtlGetAppContainerNamedObjectPath [0x77777A9E+286]&#10;	RtlGetAppContainerNamedObjectPath [0x77777A6E+238]&#10;"/>
  </testcase>
  <testcase name="Test_Case_024" classname="com.webdriveruniversity.testcases.DCR_Page_Test" time="0">
    <skipped message="session not created: This version of ChromeDriver only supports Chrome version 101&#10;Current browser version is 103.0.5060.66 with binary path C:\Users\sakka\AppData\Local\Google\Chrome\Application\chrome.exe&#10;Build info: version: &apos;3.141.59&apos;, revision: &apos;e82be7d358&apos;, time: &apos;2018-11-14T08:17:03&apos;&#10;System info: host: &apos;DESKTOP-NALDS22&apos;, ip: &apos;192.168.0.107&apos;, os.name: &apos;Windows 10&apos;, os.arch: &apos;amd64&apos;, os.version: &apos;10.0&apos;, java.version: &apos;1.8.0_333&apos;&#10;Driver info: driver.version: ChromeDriver&#10;remote stacktrace: Backtrace:&#10;	Ordinal0 [0x0071B8F3+2406643]&#10;	Ordinal0 [0x006AAF31+1945393]&#10;	Ordinal0 [0x0059C748+837448]&#10;	Ordinal0 [0x005BC8B3+968883]&#10;	Ordinal0 [0x005B84BA+951482]&#10;	Ordinal0 [0x005B5D71+941425]&#10;	Ordinal0 [0x005E8EE0+1150688]&#10;	Ordinal0 [0x005E8B3A+1149754]&#10;	Ordinal0 [0x005E4096+1130646]&#10;	Ordinal0 [0x005BE636+976438]&#10;	Ordinal0 [0x005BF546+980294]&#10;	GetHandleVerifier [0x00989612+2498066]&#10;	GetHandleVerifier [0x0097C920+2445600]&#10;	GetHandleVerifier [0x007B4F2A+579370]&#10;	GetHandleVerifier [0x007B3D36+574774]&#10;	Ordinal0 [0x006B1C0B+1973259]&#10;	Ordinal0 [0x006B6688+1992328]&#10;	Ordinal0 [0x006B6775+1992565]&#10;	Ordinal0 [0x006BF8D1+2029777]&#10;	BaseThreadInitThunk [0x7725FA29+25]&#10;	RtlGetAppContainerNamedObjectPath [0x77777A9E+286]&#10;	RtlGetAppContainerNamedObjectPath [0x77777A6E+238]&#10;"/>
  </testcase>
  <testcase name="Test_Case_025" classname="com.webdriveruniversity.testcases.DCR_Page_Test" time="0">
    <skipped message="session not created: This version of ChromeDriver only supports Chrome version 101&#10;Current browser version is 103.0.5060.66 with binary path C:\Users\sakka\AppData\Local\Google\Chrome\Application\chrome.exe&#10;Build info: version: &apos;3.141.59&apos;, revision: &apos;e82be7d358&apos;, time: &apos;2018-11-14T08:17:03&apos;&#10;System info: host: &apos;DESKTOP-NALDS22&apos;, ip: &apos;192.168.0.107&apos;, os.name: &apos;Windows 10&apos;, os.arch: &apos;amd64&apos;, os.version: &apos;10.0&apos;, java.version: &apos;1.8.0_333&apos;&#10;Driver info: driver.version: ChromeDriver&#10;remote stacktrace: Backtrace:&#10;	Ordinal0 [0x0071B8F3+2406643]&#10;	Ordinal0 [0x006AAF31+1945393]&#10;	Ordinal0 [0x0059C748+837448]&#10;	Ordinal0 [0x005BC8B3+968883]&#10;	Ordinal0 [0x005B84BA+951482]&#10;	Ordinal0 [0x005B5D71+941425]&#10;	Ordinal0 [0x005E8EE0+1150688]&#10;	Ordinal0 [0x005E8B3A+1149754]&#10;	Ordinal0 [0x005E4096+1130646]&#10;	Ordinal0 [0x005BE636+976438]&#10;	Ordinal0 [0x005BF546+980294]&#10;	GetHandleVerifier [0x00989612+2498066]&#10;	GetHandleVerifier [0x0097C920+2445600]&#10;	GetHandleVerifier [0x007B4F2A+579370]&#10;	GetHandleVerifier [0x007B3D36+574774]&#10;	Ordinal0 [0x006B1C0B+1973259]&#10;	Ordinal0 [0x006B6688+1992328]&#10;	Ordinal0 [0x006B6775+1992565]&#10;	Ordinal0 [0x006BF8D1+2029777]&#10;	BaseThreadInitThunk [0x7725FA29+25]&#10;	RtlGetAppContainerNamedObjectPath [0x77777A9E+286]&#10;	RtlGetAppContainerNamedObjectPath [0x77777A6E+238]&#10;"/>
  </testcase>
  <testcase name="Test_Case_026" classname="com.webdriveruniversity.testcases.DCR_Page_Test" time="0">
    <skipped message="session not created: This version of ChromeDriver only supports Chrome version 101&#10;Current browser version is 103.0.5060.66 with binary path C:\Users\sakka\AppData\Local\Google\Chrome\Application\chrome.exe&#10;Build info: version: &apos;3.141.59&apos;, revision: &apos;e82be7d358&apos;, time: &apos;2018-11-14T08:17:03&apos;&#10;System info: host: &apos;DESKTOP-NALDS22&apos;, ip: &apos;192.168.0.107&apos;, os.name: &apos;Windows 10&apos;, os.arch: &apos;amd64&apos;, os.version: &apos;10.0&apos;, java.version: &apos;1.8.0_333&apos;&#10;Driver info: driver.version: ChromeDriver&#10;remote stacktrace: Backtrace:&#10;	Ordinal0 [0x0071B8F3+2406643]&#10;	Ordinal0 [0x006AAF31+1945393]&#10;	Ordinal0 [0x0059C748+837448]&#10;	Ordinal0 [0x005BC8B3+968883]&#10;	Ordinal0 [0x005B84BA+951482]&#10;	Ordinal0 [0x005B5D71+941425]&#10;	Ordinal0 [0x005E8EE0+1150688]&#10;	Ordinal0 [0x005E8B3A+1149754]&#10;	Ordinal0 [0x005E4096+1130646]&#10;	Ordinal0 [0x005BE636+976438]&#10;	Ordinal0 [0x005BF546+980294]&#10;	GetHandleVerifier [0x00989612+2498066]&#10;	GetHandleVerifier [0x0097C920+2445600]&#10;	GetHandleVerifier [0x007B4F2A+579370]&#10;	GetHandleVerifier [0x007B3D36+574774]&#10;	Ordinal0 [0x006B1C0B+1973259]&#10;	Ordinal0 [0x006B6688+1992328]&#10;	Ordinal0 [0x006B6775+1992565]&#10;	Ordinal0 [0x006BF8D1+2029777]&#10;	BaseThreadInitThunk [0x7725FA29+25]&#10;	RtlGetAppContainerNamedObjectPath [0x77777A9E+286]&#10;	RtlGetAppContainerNamedObjectPath [0x77777A6E+238]&#10;"/>
  </testcase>
  <testcase name="Test_Case_027" classname="com.webdriveruniversity.testcases.DCR_Page_Test" time="0">
    <skipped message="session not created: This version of ChromeDriver only supports Chrome version 101&#10;Current browser version is 103.0.5060.66 with binary path C:\Users\sakka\AppData\Local\Google\Chrome\Application\chrome.exe&#10;Build info: version: &apos;3.141.59&apos;, revision: &apos;e82be7d358&apos;, time: &apos;2018-11-14T08:17:03&apos;&#10;System info: host: &apos;DESKTOP-NALDS22&apos;, ip: &apos;192.168.0.107&apos;, os.name: &apos;Windows 10&apos;, os.arch: &apos;amd64&apos;, os.version: &apos;10.0&apos;, java.version: &apos;1.8.0_333&apos;&#10;Driver info: driver.version: ChromeDriver&#10;remote stacktrace: Backtrace:&#10;	Ordinal0 [0x0071B8F3+2406643]&#10;	Ordinal0 [0x006AAF31+1945393]&#10;	Ordinal0 [0x0059C748+837448]&#10;	Ordinal0 [0x005BC8B3+968883]&#10;	Ordinal0 [0x005B84BA+951482]&#10;	Ordinal0 [0x005B5D71+941425]&#10;	Ordinal0 [0x005E8EE0+1150688]&#10;	Ordinal0 [0x005E8B3A+1149754]&#10;	Ordinal0 [0x005E4096+1130646]&#10;	Ordinal0 [0x005BE636+976438]&#10;	Ordinal0 [0x005BF546+980294]&#10;	GetHandleVerifier [0x00989612+2498066]&#10;	GetHandleVerifier [0x0097C920+2445600]&#10;	GetHandleVerifier [0x007B4F2A+579370]&#10;	GetHandleVerifier [0x007B3D36+574774]&#10;	Ordinal0 [0x006B1C0B+1973259]&#10;	Ordinal0 [0x006B6688+1992328]&#10;	Ordinal0 [0x006B6775+1992565]&#10;	Ordinal0 [0x006BF8D1+2029777]&#10;	BaseThreadInitThunk [0x7725FA29+25]&#10;	RtlGetAppContainerNamedObjectPath [0x77777A9E+286]&#10;	RtlGetAppContainerNamedObjectPath [0x77777A6E+238]&#10;"/>
  </testcase>
  <testcase name="Browser_Close" classname="com.webdriveruniversity.testcases.DCR_Page_Test" time="0">
    <skipped/>
  </testcase>
  <testcase name="Browser_Launch" classname="com.webdriveruniversity.testcases.Ajax_Loader_Page_Test" time="10.523">
    <failure message="session not created: This version of ChromeDriver only supports Chrome version 101&#10;Current browser version is 103.0.5060.66 with binary path C:\Users\sakka\AppData\Local\Google\Chrome\Application\chrome.exe&#10;Build info: version: &apos;3.141.59&apos;, revision: &apos;e82be7d358&apos;, time: &apos;2018-11-14T08:17:03&apos;&#10;System info: host: &apos;DESKTOP-NALDS22&apos;, ip: &apos;192.168.0.107&apos;, os.name: &apos;Windows 10&apos;, os.arch: &apos;amd64&apos;, os.version: &apos;10.0&apos;, java.version: &apos;1.8.0_333&apos;&#10;Driver info: driver.version: ChromeDriver&#10;remote stacktrace: Backtrace:&#10;	Ordinal0 [0x0071B8F3+2406643]&#10;	Ordinal0 [0x006AAF31+1945393]&#10;	Ordinal0 [0x0059C748+837448]&#10;	Ordinal0 [0x005BC8B3+968883]&#10;	Ordinal0 [0x005B84BA+951482]&#10;	Ordinal0 [0x005B5D71+941425]&#10;	Ordinal0 [0x005E8EE0+1150688]&#10;	Ordinal0 [0x005E8B3A+1149754]&#10;	Ordinal0 [0x005E4096+1130646]&#10;	Ordinal0 [0x005BE636+976438]&#10;	Ordinal0 [0x005BF546+980294]&#10;	GetHandleVerifier [0x00989612+2498066]&#10;	GetHandleVerifier [0x0097C920+2445600]&#10;	GetHandleVerifier [0x007B4F2A+579370]&#10;	GetHandleVerifier [0x007B3D36+574774]&#10;	Ordinal0 [0x006B1C0B+1973259]&#10;	Ordinal0 [0x006B6688+1992328]&#10;	Ordinal0 [0x006B6775+1992565]&#10;	Ordinal0 [0x006BF8D1+2029777]&#10;	BaseThreadInitThunk [0x7725FA29+25]&#10;	RtlGetAppContainerNamedObjectPath [0x77777A9E+286]&#10;	RtlGetAppContainerNamedObjectPath [0x77777A6E+238]&#10;" type="org.openqa.selenium.SessionNotCreatedException">org.openqa.selenium.SessionNotCreatedException: 
session not created: This version of ChromeDriver only supports Chrome version 101
Current browser version is 103.0.5060.66 with binary path C:\Users\sakka\AppData\Local\Google\Chrome\Application\chrome.exe
Build info: version: '3.141.59', revision: 'e82be7d358', time: '2018-11-14T08:17:03'
System info: host: 'DESKTOP-NALDS22', ip: '192.168.0.107', os.name: 'Windows 10', os.arch: 'amd64', os.version: '10.0', java.version: '1.8.0_333'
Driver info: driver.version: ChromeDriver
remote stacktrace: Backtrace:
	Ordinal0 [0x0071B8F3+2406643]
	Ordinal0 [0x006AAF31+1945393]
	Ordinal0 [0x0059C748+837448]
	Ordinal0 [0x005BC8B3+968883]
	Ordinal0 [0x005B84BA+951482]
	Ordinal0 [0x005B5D71+941425]
	Ordinal0 [0x005E8EE0+1150688]
	Ordinal0 [0x005E8B3A+1149754]
	Ordinal0 [0x005E4096+1130646]
	Ordinal0 [0x005BE636+976438]
	Ordinal0 [0x005BF546+980294]
	GetHandleVerifier [0x00989612+2498066]
	GetHandleVerifier [0x0097C920+2445600]
	GetHandleVerifier [0x007B4F2A+579370]
	GetHandleVerifier [0x007B3D36+574774]
	Ordinal0 [0x006B1C0B+1973259]
	Ordinal0 [0x006B6688+1992328]
	Ordinal0 [0x006B6775+1992565]
	Ordinal0 [0x006BF8D1+2029777]
	BaseThreadInitThunk [0x7725FA29+25]
	RtlGetAppContainerNamedObjectPath [0x77777A9E+286]
	RtlGetAppContainerNamedObjectPath [0x77777A6E+238]

</failure>
    <system-err><![CDATA[Starting ChromeDriver 101.0.4951.41 (93c720db8323b3ec10d056025ab95c23a31997c9-refs/branch-heads/4951@{#904}) on port 14121
Only local connections are allowed.
Please see https://chromedriver.chromium.org/security-considerations for suggestions on keeping ChromeDriver safe.
ChromeDriver was started successfully.
]]></system-err>
  </testcase>
  <testcase name="Test_Case_028" classname="com.webdriveruniversity.testcases.Ajax_Loader_Page_Test" time="0">
    <skipped message="session not created: This version of ChromeDriver only supports Chrome version 101&#10;Current browser version is 103.0.5060.66 with binary path C:\Users\sakka\AppData\Local\Google\Chrome\Application\chrome.exe&#10;Build info: version: &apos;3.141.59&apos;, revision: &apos;e82be7d358&apos;, time: &apos;2018-11-14T08:17:03&apos;&#10;System info: host: &apos;DESKTOP-NALDS22&apos;, ip: &apos;192.168.0.107&apos;, os.name: &apos;Windows 10&apos;, os.arch: &apos;amd64&apos;, os.version: &apos;10.0&apos;, java.version: &apos;1.8.0_333&apos;&#10;Driver info: driver.version: ChromeDriver&#10;remote stacktrace: Backtrace:&#10;	Ordinal0 [0x0071B8F3+2406643]&#10;	Ordinal0 [0x006AAF31+1945393]&#10;	Ordinal0 [0x0059C748+837448]&#10;	Ordinal0 [0x005BC8B3+968883]&#10;	Ordinal0 [0x005B84BA+951482]&#10;	Ordinal0 [0x005B5D71+941425]&#10;	Ordinal0 [0x005E8EE0+1150688]&#10;	Ordinal0 [0x005E8B3A+1149754]&#10;	Ordinal0 [0x005E4096+1130646]&#10;	Ordinal0 [0x005BE636+976438]&#10;	Ordinal0 [0x005BF546+980294]&#10;	GetHandleVerifier [0x00989612+2498066]&#10;	GetHandleVerifier [0x0097C920+2445600]&#10;	GetHandleVerifier [0x007B4F2A+579370]&#10;	GetHandleVerifier [0x007B3D36+574774]&#10;	Ordinal0 [0x006B1C0B+1973259]&#10;	Ordinal0 [0x006B6688+1992328]&#10;	Ordinal0 [0x006B6775+1992565]&#10;	Ordinal0 [0x006BF8D1+2029777]&#10;	BaseThreadInitThunk [0x7725FA29+25]&#10;	RtlGetAppContainerNamedObjectPath [0x77777A9E+286]&#10;	RtlGetAppContainerNamedObjectPath [0x77777A6E+238]&#10;"/>
  </testcase>
  <testcase name="Test_Case_029" classname="com.webdriveruniversity.testcases.Ajax_Loader_Page_Test" time="0">
    <skipped message="session not created: This version of ChromeDriver only supports Chrome version 101&#10;Current browser version is 103.0.5060.66 with binary path C:\Users\sakka\AppData\Local\Google\Chrome\Application\chrome.exe&#10;Build info: version: &apos;3.141.59&apos;, revision: &apos;e82be7d358&apos;, time: &apos;2018-11-14T08:17:03&apos;&#10;System info: host: &apos;DESKTOP-NALDS22&apos;, ip: &apos;192.168.0.107&apos;, os.name: &apos;Windows 10&apos;, os.arch: &apos;amd64&apos;, os.version: &apos;10.0&apos;, java.version: &apos;1.8.0_333&apos;&#10;Driver info: driver.version: ChromeDriver&#10;remote stacktrace: Backtrace:&#10;	Ordinal0 [0x0071B8F3+2406643]&#10;	Ordinal0 [0x006AAF31+1945393]&#10;	Ordinal0 [0x0059C748+837448]&#10;	Ordinal0 [0x005BC8B3+968883]&#10;	Ordinal0 [0x005B84BA+951482]&#10;	Ordinal0 [0x005B5D71+941425]&#10;	Ordinal0 [0x005E8EE0+1150688]&#10;	Ordinal0 [0x005E8B3A+1149754]&#10;	Ordinal0 [0x005E4096+1130646]&#10;	Ordinal0 [0x005BE636+976438]&#10;	Ordinal0 [0x005BF546+980294]&#10;	GetHandleVerifier [0x00989612+2498066]&#10;	GetHandleVerifier [0x0097C920+2445600]&#10;	GetHandleVerifier [0x007B4F2A+579370]&#10;	GetHandleVerifier [0x007B3D36+574774]&#10;	Ordinal0 [0x006B1C0B+1973259]&#10;	Ordinal0 [0x006B6688+1992328]&#10;	Ordinal0 [0x006B6775+1992565]&#10;	Ordinal0 [0x006BF8D1+2029777]&#10;	BaseThreadInitThunk [0x7725FA29+25]&#10;	RtlGetAppContainerNamedObjectPath [0x77777A9E+286]&#10;	RtlGetAppContainerNamedObjectPath [0x77777A6E+238]&#10;"/>
  </testcase>
  <testcase name="Browser_Close" classname="com.webdriveruniversity.testcases.Ajax_Loader_Page_Test" time="0">
    <skipped/>
  </testcase>
  <testcase name="Browser_Launch" classname="com.webdriveruniversity.testcases.Actions_Page_Test" time="12.316">
    <failure message="session not created: This version of ChromeDriver only supports Chrome version 101&#10;Current browser version is 103.0.5060.66 with binary path C:\Users\sakka\AppData\Local\Google\Chrome\Application\chrome.exe&#10;Build info: version: &apos;3.141.59&apos;, revision: &apos;e82be7d358&apos;, time: &apos;2018-11-14T08:17:03&apos;&#10;System info: host: &apos;DESKTOP-NALDS22&apos;, ip: &apos;192.168.0.107&apos;, os.name: &apos;Windows 10&apos;, os.arch: &apos;amd64&apos;, os.version: &apos;10.0&apos;, java.version: &apos;1.8.0_333&apos;&#10;Driver info: driver.version: ChromeDriver&#10;remote stacktrace: Backtrace:&#10;	Ordinal0 [0x0071B8F3+2406643]&#10;	Ordinal0 [0x006AAF31+1945393]&#10;	Ordinal0 [0x0059C748+837448]&#10;	Ordinal0 [0x005BC8B3+968883]&#10;	Ordinal0 [0x005B84BA+951482]&#10;	Ordinal0 [0x005B5D71+941425]&#10;	Ordinal0 [0x005E8EE0+1150688]&#10;	Ordinal0 [0x005E8B3A+1149754]&#10;	Ordinal0 [0x005E4096+1130646]&#10;	Ordinal0 [0x005BE636+976438]&#10;	Ordinal0 [0x005BF546+980294]&#10;	GetHandleVerifier [0x00989612+2498066]&#10;	GetHandleVerifier [0x0097C920+2445600]&#10;	GetHandleVerifier [0x007B4F2A+579370]&#10;	GetHandleVerifier [0x007B3D36+574774]&#10;	Ordinal0 [0x006B1C0B+1973259]&#10;	Ordinal0 [0x006B6688+1992328]&#10;	Ordinal0 [0x006B6775+1992565]&#10;	Ordinal0 [0x006BF8D1+2029777]&#10;	BaseThreadInitThunk [0x7725FA29+25]&#10;	RtlGetAppContainerNamedObjectPath [0x77777A9E+286]&#10;	RtlGetAppContainerNamedObjectPath [0x77777A6E+238]&#10;" type="org.openqa.selenium.SessionNotCreatedException">org.openqa.selenium.SessionNotCreatedException: 
session not created: This version of ChromeDriver only supports Chrome version 101
Current browser version is 103.0.5060.66 with binary path C:\Users\sakka\AppData\Local\Google\Chrome\Application\chrome.exe
Build info: version: '3.141.59', revision: 'e82be7d358', time: '2018-11-14T08:17:03'
System info: host: 'DESKTOP-NALDS22', ip: '192.168.0.107', os.name: 'Windows 10', os.arch: 'amd64', os.version: '10.0', java.version: '1.8.0_333'
Driver info: driver.version: ChromeDriver
remote stacktrace: Backtrace:
	Ordinal0 [0x0071B8F3+2406643]
	Ordinal0 [0x006AAF31+1945393]
	Ordinal0 [0x0059C748+837448]
	Ordinal0 [0x005BC8B3+968883]
	Ordinal0 [0x005B84BA+951482]
	Ordinal0 [0x005B5D71+941425]
	Ordinal0 [0x005E8EE0+1150688]
	Ordinal0 [0x005E8B3A+1149754]
	Ordinal0 [0x005E4096+1130646]
	Ordinal0 [0x005BE636+976438]
	Ordinal0 [0x005BF546+980294]
	GetHandleVerifier [0x00989612+2498066]
	GetHandleVerifier [0x0097C920+2445600]
	GetHandleVerifier [0x007B4F2A+579370]
	GetHandleVerifier [0x007B3D36+574774]
	Ordinal0 [0x006B1C0B+1973259]
	Ordinal0 [0x006B6688+1992328]
	Ordinal0 [0x006B6775+1992565]
	Ordinal0 [0x006BF8D1+2029777]
	BaseThreadInitThunk [0x7725FA29+25]
	RtlGetAppContainerNamedObjectPath [0x77777A9E+286]
	RtlGetAppContainerNamedObjectPath [0x77777A6E+238]

</failure>
    <system-err><![CDATA[Starting ChromeDriver 101.0.4951.41 (93c720db8323b3ec10d056025ab95c23a31997c9-refs/branch-heads/4951@{#904}) on port 41887
Only local connections are allowed.
Please see https://chromedriver.chromium.org/security-considerations for suggestions on keeping ChromeDriver safe.
ChromeDriver was started successfully.
]]></system-err>
  </testcase>
  <testcase name="Test_Case_030" classname="com.webdriveruniversity.testcases.Actions_Page_Test" time="0">
    <skipped message="session not created: This version of ChromeDriver only supports Chrome version 101&#10;Current browser version is 103.0.5060.66 with binary path C:\Users\sakka\AppData\Local\Google\Chrome\Application\chrome.exe&#10;Build info: version: &apos;3.141.59&apos;, revision: &apos;e82be7d358&apos;, time: &apos;2018-11-14T08:17:03&apos;&#10;System info: host: &apos;DESKTOP-NALDS22&apos;, ip: &apos;192.168.0.107&apos;, os.name: &apos;Windows 10&apos;, os.arch: &apos;amd64&apos;, os.version: &apos;10.0&apos;, java.version: &apos;1.8.0_333&apos;&#10;Driver info: driver.version: ChromeDriver&#10;remote stacktrace: Backtrace:&#10;	Ordinal0 [0x0071B8F3+2406643]&#10;	Ordinal0 [0x006AAF31+1945393]&#10;	Ordinal0 [0x0059C748+837448]&#10;	Ordinal0 [0x005BC8B3+968883]&#10;	Ordinal0 [0x005B84BA+951482]&#10;	Ordinal0 [0x005B5D71+941425]&#10;	Ordinal0 [0x005E8EE0+1150688]&#10;	Ordinal0 [0x005E8B3A+1149754]&#10;	Ordinal0 [0x005E4096+1130646]&#10;	Ordinal0 [0x005BE636+976438]&#10;	Ordinal0 [0x005BF546+980294]&#10;	GetHandleVerifier [0x00989612+2498066]&#10;	GetHandleVerifier [0x0097C920+2445600]&#10;	GetHandleVerifier [0x007B4F2A+579370]&#10;	GetHandleVerifier [0x007B3D36+574774]&#10;	Ordinal0 [0x006B1C0B+1973259]&#10;	Ordinal0 [0x006B6688+1992328]&#10;	Ordinal0 [0x006B6775+1992565]&#10;	Ordinal0 [0x006BF8D1+2029777]&#10;	BaseThreadInitThunk [0x7725FA29+25]&#10;	RtlGetAppContainerNamedObjectPath [0x77777A9E+286]&#10;	RtlGetAppContainerNamedObjectPath [0x77777A6E+238]&#10;"/>
  </testcase>
  <testcase name="Test_Case_031" classname="com.webdriveruniversity.testcases.Actions_Page_Test" time="0">
    <skipped message="session not created: This version of ChromeDriver only supports Chrome version 101&#10;Current browser version is 103.0.5060.66 with binary path C:\Users\sakka\AppData\Local\Google\Chrome\Application\chrome.exe&#10;Build info: version: &apos;3.141.59&apos;, revision: &apos;e82be7d358&apos;, time: &apos;2018-11-14T08:17:03&apos;&#10;System info: host: &apos;DESKTOP-NALDS22&apos;, ip: &apos;192.168.0.107&apos;, os.name: &apos;Windows 10&apos;, os.arch: &apos;amd64&apos;, os.version: &apos;10.0&apos;, java.version: &apos;1.8.0_333&apos;&#10;Driver info: driver.version: ChromeDriver&#10;remote stacktrace: Backtrace:&#10;	Ordinal0 [0x0071B8F3+2406643]&#10;	Ordinal0 [0x006AAF31+1945393]&#10;	Ordinal0 [0x0059C748+837448]&#10;	Ordinal0 [0x005BC8B3+968883]&#10;	Ordinal0 [0x005B84BA+951482]&#10;	Ordinal0 [0x005B5D71+941425]&#10;	Ordinal0 [0x005E8EE0+1150688]&#10;	Ordinal0 [0x005E8B3A+1149754]&#10;	Ordinal0 [0x005E4096+1130646]&#10;	Ordinal0 [0x005BE636+976438]&#10;	Ordinal0 [0x005BF546+980294]&#10;	GetHandleVerifier [0x00989612+2498066]&#10;	GetHandleVerifier [0x0097C920+2445600]&#10;	GetHandleVerifier [0x007B4F2A+579370]&#10;	GetHandleVerifier [0x007B3D36+574774]&#10;	Ordinal0 [0x006B1C0B+1973259]&#10;	Ordinal0 [0x006B6688+1992328]&#10;	Ordinal0 [0x006B6775+1992565]&#10;	Ordinal0 [0x006BF8D1+2029777]&#10;	BaseThreadInitThunk [0x7725FA29+25]&#10;	RtlGetAppContainerNamedObjectPath [0x77777A9E+286]&#10;	RtlGetAppContainerNamedObjectPath [0x77777A6E+238]&#10;"/>
  </testcase>
  <testcase name="Test_Case_032" classname="com.webdriveruniversity.testcases.Actions_Page_Test" time="0">
    <skipped message="session not created: This version of ChromeDriver only supports Chrome version 101&#10;Current browser version is 103.0.5060.66 with binary path C:\Users\sakka\AppData\Local\Google\Chrome\Application\chrome.exe&#10;Build info: version: &apos;3.141.59&apos;, revision: &apos;e82be7d358&apos;, time: &apos;2018-11-14T08:17:03&apos;&#10;System info: host: &apos;DESKTOP-NALDS22&apos;, ip: &apos;192.168.0.107&apos;, os.name: &apos;Windows 10&apos;, os.arch: &apos;amd64&apos;, os.version: &apos;10.0&apos;, java.version: &apos;1.8.0_333&apos;&#10;Driver info: driver.version: ChromeDriver&#10;remote stacktrace: Backtrace:&#10;	Ordinal0 [0x0071B8F3+2406643]&#10;	Ordinal0 [0x006AAF31+1945393]&#10;	Ordinal0 [0x0059C748+837448]&#10;	Ordinal0 [0x005BC8B3+968883]&#10;	Ordinal0 [0x005B84BA+951482]&#10;	Ordinal0 [0x005B5D71+941425]&#10;	Ordinal0 [0x005E8EE0+1150688]&#10;	Ordinal0 [0x005E8B3A+1149754]&#10;	Ordinal0 [0x005E4096+1130646]&#10;	Ordinal0 [0x005BE636+976438]&#10;	Ordinal0 [0x005BF546+980294]&#10;	GetHandleVerifier [0x00989612+2498066]&#10;	GetHandleVerifier [0x0097C920+2445600]&#10;	GetHandleVerifier [0x007B4F2A+579370]&#10;	GetHandleVerifier [0x007B3D36+574774]&#10;	Ordinal0 [0x006B1C0B+1973259]&#10;	Ordinal0 [0x006B6688+1992328]&#10;	Ordinal0 [0x006B6775+1992565]&#10;	Ordinal0 [0x006BF8D1+2029777]&#10;	BaseThreadInitThunk [0x7725FA29+25]&#10;	RtlGetAppContainerNamedObjectPath [0x77777A9E+286]&#10;	RtlGetAppContainerNamedObjectPath [0x77777A6E+238]&#10;"/>
  </testcase>
  <testcase name="Test_Case_033" classname="com.webdriveruniversity.testcases.Actions_Page_Test" time="0">
    <skipped message="session not created: This version of ChromeDriver only supports Chrome version 101&#10;Current browser version is 103.0.5060.66 with binary path C:\Users\sakka\AppData\Local\Google\Chrome\Application\chrome.exe&#10;Build info: version: &apos;3.141.59&apos;, revision: &apos;e82be7d358&apos;, time: &apos;2018-11-14T08:17:03&apos;&#10;System info: host: &apos;DESKTOP-NALDS22&apos;, ip: &apos;192.168.0.107&apos;, os.name: &apos;Windows 10&apos;, os.arch: &apos;amd64&apos;, os.version: &apos;10.0&apos;, java.version: &apos;1.8.0_333&apos;&#10;Driver info: driver.version: ChromeDriver&#10;remote stacktrace: Backtrace:&#10;	Ordinal0 [0x0071B8F3+2406643]&#10;	Ordinal0 [0x006AAF31+1945393]&#10;	Ordinal0 [0x0059C748+837448]&#10;	Ordinal0 [0x005BC8B3+968883]&#10;	Ordinal0 [0x005B84BA+951482]&#10;	Ordinal0 [0x005B5D71+941425]&#10;	Ordinal0 [0x005E8EE0+1150688]&#10;	Ordinal0 [0x005E8B3A+1149754]&#10;	Ordinal0 [0x005E4096+1130646]&#10;	Ordinal0 [0x005BE636+976438]&#10;	Ordinal0 [0x005BF546+980294]&#10;	GetHandleVerifier [0x00989612+2498066]&#10;	GetHandleVerifier [0x0097C920+2445600]&#10;	GetHandleVerifier [0x007B4F2A+579370]&#10;	GetHandleVerifier [0x007B3D36+574774]&#10;	Ordinal0 [0x006B1C0B+1973259]&#10;	Ordinal0 [0x006B6688+1992328]&#10;	Ordinal0 [0x006B6775+1992565]&#10;	Ordinal0 [0x006BF8D1+2029777]&#10;	BaseThreadInitThunk [0x7725FA29+25]&#10;	RtlGetAppContainerNamedObjectPath [0x77777A9E+286]&#10;	RtlGetAppContainerNamedObjectPath [0x77777A6E+238]&#10;"/>
  </testcase>
  <testcase name="Test_Case_034" classname="com.webdriveruniversity.testcases.Actions_Page_Test" time="0">
    <skipped message="session not created: This version of ChromeDriver only supports Chrome version 101&#10;Current browser version is 103.0.5060.66 with binary path C:\Users\sakka\AppData\Local\Google\Chrome\Application\chrome.exe&#10;Build info: version: &apos;3.141.59&apos;, revision: &apos;e82be7d358&apos;, time: &apos;2018-11-14T08:17:03&apos;&#10;System info: host: &apos;DESKTOP-NALDS22&apos;, ip: &apos;192.168.0.107&apos;, os.name: &apos;Windows 10&apos;, os.arch: &apos;amd64&apos;, os.version: &apos;10.0&apos;, java.version: &apos;1.8.0_333&apos;&#10;Driver info: driver.version: ChromeDriver&#10;remote stacktrace: Backtrace:&#10;	Ordinal0 [0x0071B8F3+2406643]&#10;	Ordinal0 [0x006AAF31+1945393]&#10;	Ordinal0 [0x0059C748+837448]&#10;	Ordinal0 [0x005BC8B3+968883]&#10;	Ordinal0 [0x005B84BA+951482]&#10;	Ordinal0 [0x005B5D71+941425]&#10;	Ordinal0 [0x005E8EE0+1150688]&#10;	Ordinal0 [0x005E8B3A+1149754]&#10;	Ordinal0 [0x005E4096+1130646]&#10;	Ordinal0 [0x005BE636+976438]&#10;	Ordinal0 [0x005BF546+980294]&#10;	GetHandleVerifier [0x00989612+2498066]&#10;	GetHandleVerifier [0x0097C920+2445600]&#10;	GetHandleVerifier [0x007B4F2A+579370]&#10;	GetHandleVerifier [0x007B3D36+574774]&#10;	Ordinal0 [0x006B1C0B+1973259]&#10;	Ordinal0 [0x006B6688+1992328]&#10;	Ordinal0 [0x006B6775+1992565]&#10;	Ordinal0 [0x006BF8D1+2029777]&#10;	BaseThreadInitThunk [0x7725FA29+25]&#10;	RtlGetAppContainerNamedObjectPath [0x77777A9E+286]&#10;	RtlGetAppContainerNamedObjectPath [0x77777A6E+238]&#10;"/>
  </testcase>
  <testcase name="Test_Case_035" classname="com.webdriveruniversity.testcases.Actions_Page_Test" time="0">
    <skipped message="session not created: This version of ChromeDriver only supports Chrome version 101&#10;Current browser version is 103.0.5060.66 with binary path C:\Users\sakka\AppData\Local\Google\Chrome\Application\chrome.exe&#10;Build info: version: &apos;3.141.59&apos;, revision: &apos;e82be7d358&apos;, time: &apos;2018-11-14T08:17:03&apos;&#10;System info: host: &apos;DESKTOP-NALDS22&apos;, ip: &apos;192.168.0.107&apos;, os.name: &apos;Windows 10&apos;, os.arch: &apos;amd64&apos;, os.version: &apos;10.0&apos;, java.version: &apos;1.8.0_333&apos;&#10;Driver info: driver.version: ChromeDriver&#10;remote stacktrace: Backtrace:&#10;	Ordinal0 [0x0071B8F3+2406643]&#10;	Ordinal0 [0x006AAF31+1945393]&#10;	Ordinal0 [0x0059C748+837448]&#10;	Ordinal0 [0x005BC8B3+968883]&#10;	Ordinal0 [0x005B84BA+951482]&#10;	Ordinal0 [0x005B5D71+941425]&#10;	Ordinal0 [0x005E8EE0+1150688]&#10;	Ordinal0 [0x005E8B3A+1149754]&#10;	Ordinal0 [0x005E4096+1130646]&#10;	Ordinal0 [0x005BE636+976438]&#10;	Ordinal0 [0x005BF546+980294]&#10;	GetHandleVerifier [0x00989612+2498066]&#10;	GetHandleVerifier [0x0097C920+2445600]&#10;	GetHandleVerifier [0x007B4F2A+579370]&#10;	GetHandleVerifier [0x007B3D36+574774]&#10;	Ordinal0 [0x006B1C0B+1973259]&#10;	Ordinal0 [0x006B6688+1992328]&#10;	Ordinal0 [0x006B6775+1992565]&#10;	Ordinal0 [0x006BF8D1+2029777]&#10;	BaseThreadInitThunk [0x7725FA29+25]&#10;	RtlGetAppContainerNamedObjectPath [0x77777A9E+286]&#10;	RtlGetAppContainerNamedObjectPath [0x77777A6E+238]&#10;"/>
  </testcase>
  <testcase name="Test_Case_036" classname="com.webdriveruniversity.testcases.Actions_Page_Test" time="0">
    <skipped message="session not created: This version of ChromeDriver only supports Chrome version 101&#10;Current browser version is 103.0.5060.66 with binary path C:\Users\sakka\AppData\Local\Google\Chrome\Application\chrome.exe&#10;Build info: version: &apos;3.141.59&apos;, revision: &apos;e82be7d358&apos;, time: &apos;2018-11-14T08:17:03&apos;&#10;System info: host: &apos;DESKTOP-NALDS22&apos;, ip: &apos;192.168.0.107&apos;, os.name: &apos;Windows 10&apos;, os.arch: &apos;amd64&apos;, os.version: &apos;10.0&apos;, java.version: &apos;1.8.0_333&apos;&#10;Driver info: driver.version: ChromeDriver&#10;remote stacktrace: Backtrace:&#10;	Ordinal0 [0x0071B8F3+2406643]&#10;	Ordinal0 [0x006AAF31+1945393]&#10;	Ordinal0 [0x0059C748+837448]&#10;	Ordinal0 [0x005BC8B3+968883]&#10;	Ordinal0 [0x005B84BA+951482]&#10;	Ordinal0 [0x005B5D71+941425]&#10;	Ordinal0 [0x005E8EE0+1150688]&#10;	Ordinal0 [0x005E8B3A+1149754]&#10;	Ordinal0 [0x005E4096+1130646]&#10;	Ordinal0 [0x005BE636+976438]&#10;	Ordinal0 [0x005BF546+980294]&#10;	GetHandleVerifier [0x00989612+2498066]&#10;	GetHandleVerifier [0x0097C920+2445600]&#10;	GetHandleVerifier [0x007B4F2A+579370]&#10;	GetHandleVerifier [0x007B3D36+574774]&#10;	Ordinal0 [0x006B1C0B+1973259]&#10;	Ordinal0 [0x006B6688+1992328]&#10;	Ordinal0 [0x006B6775+1992565]&#10;	Ordinal0 [0x006BF8D1+2029777]&#10;	BaseThreadInitThunk [0x7725FA29+25]&#10;	RtlGetAppContainerNamedObjectPath [0x77777A9E+286]&#10;	RtlGetAppContainerNamedObjectPath [0x77777A6E+238]&#10;"/>
  </testcase>
  <testcase name="Test_Case_037" classname="com.webdriveruniversity.testcases.Actions_Page_Test" time="0">
    <skipped message="session not created: This version of ChromeDriver only supports Chrome version 101&#10;Current browser version is 103.0.5060.66 with binary path C:\Users\sakka\AppData\Local\Google\Chrome\Application\chrome.exe&#10;Build info: version: &apos;3.141.59&apos;, revision: &apos;e82be7d358&apos;, time: &apos;2018-11-14T08:17:03&apos;&#10;System info: host: &apos;DESKTOP-NALDS22&apos;, ip: &apos;192.168.0.107&apos;, os.name: &apos;Windows 10&apos;, os.arch: &apos;amd64&apos;, os.version: &apos;10.0&apos;, java.version: &apos;1.8.0_333&apos;&#10;Driver info: driver.version: ChromeDriver&#10;remote stacktrace: Backtrace:&#10;	Ordinal0 [0x0071B8F3+2406643]&#10;	Ordinal0 [0x006AAF31+1945393]&#10;	Ordinal0 [0x0059C748+837448]&#10;	Ordinal0 [0x005BC8B3+968883]&#10;	Ordinal0 [0x005B84BA+951482]&#10;	Ordinal0 [0x005B5D71+941425]&#10;	Ordinal0 [0x005E8EE0+1150688]&#10;	Ordinal0 [0x005E8B3A+1149754]&#10;	Ordinal0 [0x005E4096+1130646]&#10;	Ordinal0 [0x005BE636+976438]&#10;	Ordinal0 [0x005BF546+980294]&#10;	GetHandleVerifier [0x00989612+2498066]&#10;	GetHandleVerifier [0x0097C920+2445600]&#10;	GetHandleVerifier [0x007B4F2A+579370]&#10;	GetHandleVerifier [0x007B3D36+574774]&#10;	Ordinal0 [0x006B1C0B+1973259]&#10;	Ordinal0 [0x006B6688+1992328]&#10;	Ordinal0 [0x006B6775+1992565]&#10;	Ordinal0 [0x006BF8D1+2029777]&#10;	BaseThreadInitThunk [0x7725FA29+25]&#10;	RtlGetAppContainerNamedObjectPath [0x77777A9E+286]&#10;	RtlGetAppContainerNamedObjectPath [0x77777A6E+238]&#10;"/>
  </testcase>
  <testcase name="Browser_Close" classname="com.webdriveruniversity.testcases.Actions_Page_Test" time="0">
    <skipped/>
  </testcase>
  <testcase name="Browser_Launch" classname="com.webdriveruniversity.testcases.Scrolling_Page_Test" time="14.106">
    <failure message="session not created: This version of ChromeDriver only supports Chrome version 101&#10;Current browser version is 103.0.5060.66 with binary path C:\Users\sakka\AppData\Local\Google\Chrome\Application\chrome.exe&#10;Build info: version: &apos;3.141.59&apos;, revision: &apos;e82be7d358&apos;, time: &apos;2018-11-14T08:17:03&apos;&#10;System info: host: &apos;DESKTOP-NALDS22&apos;, ip: &apos;192.168.0.107&apos;, os.name: &apos;Windows 10&apos;, os.arch: &apos;amd64&apos;, os.version: &apos;10.0&apos;, java.version: &apos;1.8.0_333&apos;&#10;Driver info: driver.version: ChromeDriver&#10;remote stacktrace: Backtrace:&#10;	Ordinal0 [0x0071B8F3+2406643]&#10;	Ordinal0 [0x006AAF31+1945393]&#10;	Ordinal0 [0x0059C748+837448]&#10;	Ordinal0 [0x005BC8B3+968883]&#10;	Ordinal0 [0x005B84BA+951482]&#10;	Ordinal0 [0x005B5D71+941425]&#10;	Ordinal0 [0x005E8EE0+1150688]&#10;	Ordinal0 [0x005E8B3A+1149754]&#10;	Ordinal0 [0x005E4096+1130646]&#10;	Ordinal0 [0x005BE636+976438]&#10;	Ordinal0 [0x005BF546+980294]&#10;	GetHandleVerifier [0x00989612+2498066]&#10;	GetHandleVerifier [0x0097C920+2445600]&#10;	GetHandleVerifier [0x007B4F2A+579370]&#10;	GetHandleVerifier [0x007B3D36+574774]&#10;	Ordinal0 [0x006B1C0B+1973259]&#10;	Ordinal0 [0x006B6688+1992328]&#10;	Ordinal0 [0x006B6775+1992565]&#10;	Ordinal0 [0x006BF8D1+2029777]&#10;	BaseThreadInitThunk [0x7725FA29+25]&#10;	RtlGetAppContainerNamedObjectPath [0x77777A9E+286]&#10;	RtlGetAppContainerNamedObjectPath [0x77777A6E+238]&#10;" type="org.openqa.selenium.SessionNotCreatedException">org.openqa.selenium.SessionNotCreatedException: 
session not created: This version of ChromeDriver only supports Chrome version 101
Current browser version is 103.0.5060.66 with binary path C:\Users\sakka\AppData\Local\Google\Chrome\Application\chrome.exe
Build info: version: '3.141.59', revision: 'e82be7d358', time: '2018-11-14T08:17:03'
System info: host: 'DESKTOP-NALDS22', ip: '192.168.0.107', os.name: 'Windows 10', os.arch: 'amd64', os.version: '10.0', java.version: '1.8.0_333'
Driver info: driver.version: ChromeDriver
remote stacktrace: Backtrace:
	Ordinal0 [0x0071B8F3+2406643]
	Ordinal0 [0x006AAF31+1945393]
	Ordinal0 [0x0059C748+837448]
	Ordinal0 [0x005BC8B3+968883]
	Ordinal0 [0x005B84BA+951482]
	Ordinal0 [0x005B5D71+941425]
	Ordinal0 [0x005E8EE0+1150688]
	Ordinal0 [0x005E8B3A+1149754]
	Ordinal0 [0x005E4096+1130646]
	Ordinal0 [0x005BE636+976438]
	Ordinal0 [0x005BF546+980294]
	GetHandleVerifier [0x00989612+2498066]
	GetHandleVerifier [0x0097C920+2445600]
	GetHandleVerifier [0x007B4F2A+579370]
	GetHandleVerifier [0x007B3D36+574774]
	Ordinal0 [0x006B1C0B+1973259]
	Ordinal0 [0x006B6688+1992328]
	Ordinal0 [0x006B6775+1992565]
	Ordinal0 [0x006BF8D1+2029777]
	BaseThreadInitThunk [0x7725FA29+25]
	RtlGetAppContainerNamedObjectPath [0x77777A9E+286]
	RtlGetAppContainerNamedObjectPath [0x77777A6E+238]

</failure>
    <system-err><![CDATA[Starting ChromeDriver 101.0.4951.41 (93c720db8323b3ec10d056025ab95c23a31997c9-refs/branch-heads/4951@{#904}) on port 32911
Only local connections are allowed.
Please see https://chromedriver.chromium.org/security-considerations for suggestions on keeping ChromeDriver safe.
ChromeDriver was started successfully.
]]></system-err>
  </testcase>
  <testcase name="Test_Case_038" classname="com.webdriveruniversity.testcases.Scrolling_Page_Test" time="0">
    <skipped message="session not created: This version of ChromeDriver only supports Chrome version 101&#10;Current browser version is 103.0.5060.66 with binary path C:\Users\sakka\AppData\Local\Google\Chrome\Application\chrome.exe&#10;Build info: version: &apos;3.141.59&apos;, revision: &apos;e82be7d358&apos;, time: &apos;2018-11-14T08:17:03&apos;&#10;System info: host: &apos;DESKTOP-NALDS22&apos;, ip: &apos;192.168.0.107&apos;, os.name: &apos;Windows 10&apos;, os.arch: &apos;amd64&apos;, os.version: &apos;10.0&apos;, java.version: &apos;1.8.0_333&apos;&#10;Driver info: driver.version: ChromeDriver&#10;remote stacktrace: Backtrace:&#10;	Ordinal0 [0x0071B8F3+2406643]&#10;	Ordinal0 [0x006AAF31+1945393]&#10;	Ordinal0 [0x0059C748+837448]&#10;	Ordinal0 [0x005BC8B3+968883]&#10;	Ordinal0 [0x005B84BA+951482]&#10;	Ordinal0 [0x005B5D71+941425]&#10;	Ordinal0 [0x005E8EE0+1150688]&#10;	Ordinal0 [0x005E8B3A+1149754]&#10;	Ordinal0 [0x005E4096+1130646]&#10;	Ordinal0 [0x005BE636+976438]&#10;	Ordinal0 [0x005BF546+980294]&#10;	GetHandleVerifier [0x00989612+2498066]&#10;	GetHandleVerifier [0x0097C920+2445600]&#10;	GetHandleVerifier [0x007B4F2A+579370]&#10;	GetHandleVerifier [0x007B3D36+574774]&#10;	Ordinal0 [0x006B1C0B+1973259]&#10;	Ordinal0 [0x006B6688+1992328]&#10;	Ordinal0 [0x006B6775+1992565]&#10;	Ordinal0 [0x006BF8D1+2029777]&#10;	BaseThreadInitThunk [0x7725FA29+25]&#10;	RtlGetAppContainerNamedObjectPath [0x77777A9E+286]&#10;	RtlGetAppContainerNamedObjectPath [0x77777A6E+238]&#10;"/>
  </testcase>
  <testcase name="Test_Case_039" classname="com.webdriveruniversity.testcases.Scrolling_Page_Test" time="0">
    <skipped message="session not created: This version of ChromeDriver only supports Chrome version 101&#10;Current browser version is 103.0.5060.66 with binary path C:\Users\sakka\AppData\Local\Google\Chrome\Application\chrome.exe&#10;Build info: version: &apos;3.141.59&apos;, revision: &apos;e82be7d358&apos;, time: &apos;2018-11-14T08:17:03&apos;&#10;System info: host: &apos;DESKTOP-NALDS22&apos;, ip: &apos;192.168.0.107&apos;, os.name: &apos;Windows 10&apos;, os.arch: &apos;amd64&apos;, os.version: &apos;10.0&apos;, java.version: &apos;1.8.0_333&apos;&#10;Driver info: driver.version: ChromeDriver&#10;remote stacktrace: Backtrace:&#10;	Ordinal0 [0x0071B8F3+2406643]&#10;	Ordinal0 [0x006AAF31+1945393]&#10;	Ordinal0 [0x0059C748+837448]&#10;	Ordinal0 [0x005BC8B3+968883]&#10;	Ordinal0 [0x005B84BA+951482]&#10;	Ordinal0 [0x005B5D71+941425]&#10;	Ordinal0 [0x005E8EE0+1150688]&#10;	Ordinal0 [0x005E8B3A+1149754]&#10;	Ordinal0 [0x005E4096+1130646]&#10;	Ordinal0 [0x005BE636+976438]&#10;	Ordinal0 [0x005BF546+980294]&#10;	GetHandleVerifier [0x00989612+2498066]&#10;	GetHandleVerifier [0x0097C920+2445600]&#10;	GetHandleVerifier [0x007B4F2A+579370]&#10;	GetHandleVerifier [0x007B3D36+574774]&#10;	Ordinal0 [0x006B1C0B+1973259]&#10;	Ordinal0 [0x006B6688+1992328]&#10;	Ordinal0 [0x006B6775+1992565]&#10;	Ordinal0 [0x006BF8D1+2029777]&#10;	BaseThreadInitThunk [0x7725FA29+25]&#10;	RtlGetAppContainerNamedObjectPath [0x77777A9E+286]&#10;	RtlGetAppContainerNamedObjectPath [0x77777A6E+238]&#10;"/>
  </testcase>
  <testcase name="Test_Case_040" classname="com.webdriveruniversity.testcases.Scrolling_Page_Test" time="0">
    <skipped message="session not created: This version of ChromeDriver only supports Chrome version 101&#10;Current browser version is 103.0.5060.66 with binary path C:\Users\sakka\AppData\Local\Google\Chrome\Application\chrome.exe&#10;Build info: version: &apos;3.141.59&apos;, revision: &apos;e82be7d358&apos;, time: &apos;2018-11-14T08:17:03&apos;&#10;System info: host: &apos;DESKTOP-NALDS22&apos;, ip: &apos;192.168.0.107&apos;, os.name: &apos;Windows 10&apos;, os.arch: &apos;amd64&apos;, os.version: &apos;10.0&apos;, java.version: &apos;1.8.0_333&apos;&#10;Driver info: driver.version: ChromeDriver&#10;remote stacktrace: Backtrace:&#10;	Ordinal0 [0x0071B8F3+2406643]&#10;	Ordinal0 [0x006AAF31+1945393]&#10;	Ordinal0 [0x0059C748+837448]&#10;	Ordinal0 [0x005BC8B3+968883]&#10;	Ordinal0 [0x005B84BA+951482]&#10;	Ordinal0 [0x005B5D71+941425]&#10;	Ordinal0 [0x005E8EE0+1150688]&#10;	Ordinal0 [0x005E8B3A+1149754]&#10;	Ordinal0 [0x005E4096+1130646]&#10;	Ordinal0 [0x005BE636+976438]&#10;	Ordinal0 [0x005BF546+980294]&#10;	GetHandleVerifier [0x00989612+2498066]&#10;	GetHandleVerifier [0x0097C920+2445600]&#10;	GetHandleVerifier [0x007B4F2A+579370]&#10;	GetHandleVerifier [0x007B3D36+574774]&#10;	Ordinal0 [0x006B1C0B+1973259]&#10;	Ordinal0 [0x006B6688+1992328]&#10;	Ordinal0 [0x006B6775+1992565]&#10;	Ordinal0 [0x006BF8D1+2029777]&#10;	BaseThreadInitThunk [0x7725FA29+25]&#10;	RtlGetAppContainerNamedObjectPath [0x77777A9E+286]&#10;	RtlGetAppContainerNamedObjectPath [0x77777A6E+238]&#10;"/>
  </testcase>
  <testcase name="Test_Case_041" classname="com.webdriveruniversity.testcases.Scrolling_Page_Test" time="0">
    <skipped message="session not created: This version of ChromeDriver only supports Chrome version 101&#10;Current browser version is 103.0.5060.66 with binary path C:\Users\sakka\AppData\Local\Google\Chrome\Application\chrome.exe&#10;Build info: version: &apos;3.141.59&apos;, revision: &apos;e82be7d358&apos;, time: &apos;2018-11-14T08:17:03&apos;&#10;System info: host: &apos;DESKTOP-NALDS22&apos;, ip: &apos;192.168.0.107&apos;, os.name: &apos;Windows 10&apos;, os.arch: &apos;amd64&apos;, os.version: &apos;10.0&apos;, java.version: &apos;1.8.0_333&apos;&#10;Driver info: driver.version: ChromeDriver&#10;remote stacktrace: Backtrace:&#10;	Ordinal0 [0x0071B8F3+2406643]&#10;	Ordinal0 [0x006AAF31+1945393]&#10;	Ordinal0 [0x0059C748+837448]&#10;	Ordinal0 [0x005BC8B3+968883]&#10;	Ordinal0 [0x005B84BA+951482]&#10;	Ordinal0 [0x005B5D71+941425]&#10;	Ordinal0 [0x005E8EE0+1150688]&#10;	Ordinal0 [0x005E8B3A+1149754]&#10;	Ordinal0 [0x005E4096+1130646]&#10;	Ordinal0 [0x005BE636+976438]&#10;	Ordinal0 [0x005BF546+980294]&#10;	GetHandleVerifier [0x00989612+2498066]&#10;	GetHandleVerifier [0x0097C920+2445600]&#10;	GetHandleVerifier [0x007B4F2A+579370]&#10;	GetHandleVerifier [0x007B3D36+574774]&#10;	Ordinal0 [0x006B1C0B+1973259]&#10;	Ordinal0 [0x006B6688+1992328]&#10;	Ordinal0 [0x006B6775+1992565]&#10;	Ordinal0 [0x006BF8D1+2029777]&#10;	BaseThreadInitThunk [0x7725FA29+25]&#10;	RtlGetAppContainerNamedObjectPath [0x77777A9E+286]&#10;	RtlGetAppContainerNamedObjectPath [0x77777A6E+238]&#10;"/>
  </testcase>
  <testcase name="Test_Case_042" classname="com.webdriveruniversity.testcases.Scrolling_Page_Test" time="0">
    <skipped message="Method Scrolling_Page_Test.Test_Case_042()[pri:0, instance:com.webdriveruniversity.testcases.Scrolling_Page_Test@617c74e5] depends on not successfully finished methods"/>
  </testcase>
  <testcase name="Browser_Close" classname="com.webdriveruniversity.testcases.Scrolling_Page_Test" time="0">
    <skipped/>
  </testcase>
</testsuite>