<?xml version="1.0" encoding="UTF-8"?>
<testng-results skipped="0" failed="6" ignored="0" total="37" passed="31">
  <reporter-output>
    <line>
      <![CDATA[Test case 1 : On Clicking Login Portal link redirecting to Login Page : true]]>
    </line>
    <line>
      <![CDATA[Test Case 3 : Login unsuccessful using invalid credentials : true]]>
    </line>
    <line>
      <![CDATA[Test Case 4 : Login unsuccessful using invalid credentials : true]]>
    </line>
    <line>
      <![CDATA[Test Case 5 : Login unsuccessful using invalid credentials : true]]>
    </line>
    <line>
      <![CDATA[Test Case 6 : On clicking buttons links redirecting to buttons Page : true]]>
    </line>
    <line>
      <![CDATA[Test Case 8 : User Able to click the Javascript click : true]]>
    </line>
    <line>
      <![CDATA[Test Case 9 : User Able to click the Action Move click : true]]>
    </line>
    <line>
      <![CDATA[Test Case 010 : On Clicking the To do list link redireccting to to do list page : true]]>
    </line>
    <line>
      <![CDATA[Test Case 012 : On Clicking the plus button Add new to do field is Hidden if it is displayed earlier: true]]>
    </line>
    <line>
      <![CDATA[Test Case 013 : On Clicking the plus button Add new to do field is Displayed if it is in Hidden state earlier : true]]>
    </line>
    <line>
      <![CDATA[Test Case 014 : On Clicking the Go To Portion class button, its status changed to completed : true]]>
    </line>
    <line>
      <![CDATA[Test Case 015 : On Clicking the Buy New Robes button, its status changed to completed : true]]>
    </line>
    <line>
      <![CDATA[Test Case 016 : On Clicking the practice magic button, its status changed to completed : true]]>
    </line>
    <line>
      <![CDATA[Test Case 017 : User Able to Delete to do list one by one : true]]>
    </line>
    <line>
      <![CDATA[Test Case 018 : User Able to add to do actions in To do list : Go to Gym]]>
    </line>
    <line>
      <![CDATA[Test Case 019 : On clicking DCR page link redirecting to DCR Page : true]]>
    </line>
    <line>
      <![CDATA[Test Case 021 : DropDown two is working according to user expectations : true]]>
    </line>
    <line>
      <![CDATA[Test Case 022 : DropDown three is working according to user expectations : true]]>
    </line>
    <line>
      <![CDATA[Test Case 023 : User able to select first check Box : true]]>
    </line>
    <line>
      <![CDATA[Test Case 024 : User able to select second check Box : true]]>
    </line>
    <line>
      <![CDATA[Test Case 025 : User able to unselect third check Box : true]]>
    </line>
    <line>
      <![CDATA[Test Case 026 : User able to select second check Box : true]]>
    </line>
    <line>
      <![CDATA[Test Case 027 : Radio Button 1 is Working as Expected : true]]>
    </line>
    <line>
      <![CDATA[Test Case 027 : Radio Button 2 is Working as Expected : true]]>
    </line>
    <line>
      <![CDATA[Test Case 027 : Radio Button 3 is Working as Expected : true]]>
    </line>
    <line>
      <![CDATA[Test Case 027 : Radio Button 4 is Working as Expected : true]]>
    </line>
    <line>
      <![CDATA[Test Case 027 : Radio Button 5 is Working as Expected : true]]>
    </line>
    <line>
      <![CDATA[Test Case 028 : On Clicking Ajax loader page link, link is redirecting to Ajax Loader Page]]>
    </line>
    <line>
      <![CDATA[Test Case 030 : On Clicking Actions page link, link is redirecting to Actions page]]>
    </line>
    <line>
      <![CDATA[Test Case 032 : Double click working as expected]]>
    </line>
    <line>
      <![CDATA[Test Case 033 : Mouse Action & Link clicked successfully]]>
    </line>
    <line>
      <![CDATA[Test Case 034 : Mouse Action & Link clicked successfully]]>
    </line>
    <line>
      <![CDATA[Test Case 035 : Mouse Action & Link clicked successfully]]>
    </line>
    <line>
      <![CDATA[Test Case 036 : Mouse Action & Link clicked successfully]]>
    </line>
    <line>
      <![CDATA[Test Case 037 : Click & Hold Action wokring as expected]]>
    </line>
  </reporter-output>
  <suite name="MyFirstProject" duration-ms="143835" started-at="2022-06-22T17:54:05Z" finished-at="2022-06-22T17:56:29Z">
    <groups>
    </groups>
    <test name="MyFirstProject" duration-ms="143835" started-at="2022-06-22T17:54:05Z" finished-at="2022-06-22T17:56:29Z">
      <class name="com.webdriveruniversity.testcases.Buttons_Page_Test">
        <test-method status="PASS" signature="Browser_Launch(java.lang.String)[pri:0, instance:com.webdriveruniversity.testcases.Buttons_Page_Test@6f7fd0e6]" name="Browser_Launch" is-config="true" duration-ms="6611" started-at="2022-06-22T17:54:19Z" finished-at="2022-06-22T17:54:25Z">
          <params>
            <param index="0">
              <value>
                <![CDATA[Chrome]]>
              </value>
            </param>
          </params>
          <reporter-output>
          </reporter-output>
        </test-method> <!-- Browser_Launch -->
        <test-method status="PASS" signature="TestCase_006()[pri:0, instance:com.webdriveruniversity.testcases.Buttons_Page_Test@6f7fd0e6]" name="TestCase_006" duration-ms="1086" started-at="2022-06-22T17:54:25Z" finished-at="2022-06-22T17:54:26Z">
          <reporter-output>
            <line>
              <![CDATA[Test Case 6 : On clicking buttons links redirecting to buttons Page : true]]>
            </line>
          </reporter-output>
        </test-method> <!-- TestCase_006 -->
        <test-method status="FAIL" signature="TestCase_007()[pri:0, instance:com.webdriveruniversity.testcases.Buttons_Page_Test@6f7fd0e6]" name="TestCase_007" duration-ms="2" started-at="2022-06-22T17:54:26Z" depends-on-methods="com.webdriveruniversity.testcases.Buttons_Page_Test.TestCase_006" finished-at="2022-06-22T17:54:26Z">
          <exception class="java.lang.AssertionError">
            <message>
              <![CDATA[expected [false] but found [true]]]>
            </message>
            <full-stacktrace>
              <![CDATA[java.lang.AssertionError: expected [false] but found [true]
at org.testng.Assert.fail(Assert.java:96)
at org.testng.Assert.failNotEquals(Assert.java:776)
at org.testng.Assert.assertEqualsImpl(Assert.java:137)
at org.testng.Assert.assertEquals(Assert.java:118)
at org.testng.Assert.assertEquals(Assert.java:568)
at org.testng.Assert.assertEquals(Assert.java:578)
at com.webdriveruniversity.testcases.Buttons_Page_Test.TestCase_007(Buttons_Page_Test.java:30)
at sun.reflect.NativeMethodAccessorImpl.invoke0(Native Method)
at sun.reflect.NativeMethodAccessorImpl.invoke(NativeMethodAccessorImpl.java:62)
at sun.reflect.DelegatingMethodAccessorImpl.invoke(DelegatingMethodAccessorImpl.java:43)
at java.lang.reflect.Method.invoke(Method.java:498)
at org.testng.internal.MethodInvocationHelper.invokeMethod(MethodInvocationHelper.java:124)
at org.testng.internal.Invoker.invokeMethod(Invoker.java:583)
at org.testng.internal.Invoker.invokeTestMethod(Invoker.java:719)
at org.testng.internal.Invoker.invokeTestMethods(Invoker.java:989)
at org.testng.internal.TestMethodWorker.invokeTestMethods(TestMethodWorker.java:125)
at org.testng.internal.TestMethodWorker.run(TestMethodWorker.java:109)
at org.testng.TestRunner.privateRun(TestRunner.java:648)
at org.testng.TestRunner.run(TestRunner.java:505)
at org.testng.SuiteRunner.runTest(SuiteRunner.java:455)
at org.testng.SuiteRunner.runSequentially(SuiteRunner.java:450)
at org.testng.SuiteRunner.privateRun(SuiteRunner.java:415)
at org.testng.SuiteRunner.run(SuiteRunner.java:364)
at org.testng.SuiteRunnerWorker.runSuite(SuiteRunnerWorker.java:52)
at org.testng.SuiteRunnerWorker.run(SuiteRunnerWorker.java:84)
at org.testng.TestNG.runSuitesSequentially(TestNG.java:1208)
at org.testng.TestNG.runSuitesLocally(TestNG.java:1137)
at org.testng.TestNG.runSuites(TestNG.java:1049)
at org.testng.TestNG.run(TestNG.java:1017)
at org.testng.remote.AbstractRemoteTestNG.run(AbstractRemoteTestNG.java:115)
at org.testng.remote.RemoteTestNG.initAndRun(RemoteTestNG.java:251)
at org.testng.remote.RemoteTestNG.main(RemoteTestNG.java:77)
]]>
            </full-stacktrace>
          </exception> <!-- java.lang.AssertionError -->
          <reporter-output>
          </reporter-output>
        </test-method> <!-- TestCase_007 -->
        <test-method status="PASS" signature="TestCase_008()[pri:0, instance:com.webdriveruniversity.testcases.Buttons_Page_Test@6f7fd0e6]" name="TestCase_008" duration-ms="2279" started-at="2022-06-22T17:54:26Z" depends-on-methods="com.webdriveruniversity.testcases.Buttons_Page_Test.TestCase_006" finished-at="2022-06-22T17:54:29Z">
          <reporter-output>
            <line>
              <![CDATA[Test Case 8 : User Able to click the Javascript click : true]]>
            </line>
          </reporter-output>
        </test-method> <!-- TestCase_008 -->
        <test-method status="PASS" signature="TestCase_009()[pri:0, instance:com.webdriveruniversity.testcases.Buttons_Page_Test@6f7fd0e6]" name="TestCase_009" duration-ms="4368" started-at="2022-06-22T17:54:29Z" depends-on-methods="com.webdriveruniversity.testcases.Buttons_Page_Test.TestCase_006" finished-at="2022-06-22T17:54:33Z">
          <reporter-output>
            <line>
              <![CDATA[Test Case 9 : User Able to click the Action Move click : true]]>
            </line>
          </reporter-output>
        </test-method> <!-- TestCase_009 -->
        <test-method status="PASS" signature="Browser_Close()[pri:0, instance:com.webdriveruniversity.testcases.Buttons_Page_Test@6f7fd0e6]" name="Browser_Close" is-config="true" duration-ms="1151" started-at="2022-06-22T17:54:33Z" finished-at="2022-06-22T17:54:34Z">
          <reporter-output>
          </reporter-output>
        </test-method> <!-- Browser_Close -->
      </class> <!-- com.webdriveruniversity.testcases.Buttons_Page_Test -->
      <class name="com.webdriveruniversity.testcases.To_do_List_Test">
        <test-method status="PASS" signature="Browser_Launch(java.lang.String)[pri:0, instance:com.webdriveruniversity.testcases.To_do_List_Test@47c62251]" name="Browser_Launch" is-config="true" duration-ms="7011" started-at="2022-06-22T17:54:34Z" finished-at="2022-06-22T17:54:41Z">
          <params>
            <param index="0">
              <value>
                <![CDATA[Chrome]]>
              </value>
            </param>
          </params>
          <reporter-output>
          </reporter-output>
        </test-method> <!-- Browser_Launch -->
        <test-method status="PASS" signature="Test_Case_010()[pri:0, instance:com.webdriveruniversity.testcases.To_do_List_Test@47c62251]" name="Test_Case_010" duration-ms="1218" started-at="2022-06-22T17:54:41Z" finished-at="2022-06-22T17:54:42Z">
          <reporter-output>
            <line>
              <![CDATA[Test Case 010 : On Clicking the To do list link redireccting to to do list page : true]]>
            </line>
          </reporter-output>
        </test-method> <!-- Test_Case_010 -->
        <test-method status="FAIL" signature="Test_Case_011()[pri:0, instance:com.webdriveruniversity.testcases.To_do_List_Test@47c62251]" name="Test_Case_011" duration-ms="1" started-at="2022-06-22T17:54:42Z" finished-at="2022-06-22T17:54:42Z">
          <exception class="java.lang.AssertionError">
            <message>
              <![CDATA[expected [false] but found [true]]]>
            </message>
            <full-stacktrace>
              <![CDATA[java.lang.AssertionError: expected [false] but found [true]
at org.testng.Assert.fail(Assert.java:96)
at org.testng.Assert.failNotEquals(Assert.java:776)
at org.testng.Assert.assertEqualsImpl(Assert.java:137)
at org.testng.Assert.assertEquals(Assert.java:118)
at org.testng.Assert.assertEquals(Assert.java:568)
at org.testng.Assert.assertEquals(Assert.java:578)
at com.webdriveruniversity.testcases.To_do_List_Test.Test_Case_011(To_do_List_Test.java:28)
at sun.reflect.NativeMethodAccessorImpl.invoke0(Native Method)
at sun.reflect.NativeMethodAccessorImpl.invoke(NativeMethodAccessorImpl.java:62)
at sun.reflect.DelegatingMethodAccessorImpl.invoke(DelegatingMethodAccessorImpl.java:43)
at java.lang.reflect.Method.invoke(Method.java:498)
at org.testng.internal.MethodInvocationHelper.invokeMethod(MethodInvocationHelper.java:124)
at org.testng.internal.Invoker.invokeMethod(Invoker.java:583)
at org.testng.internal.Invoker.invokeTestMethod(Invoker.java:719)
at org.testng.internal.Invoker.invokeTestMethods(Invoker.java:989)
at org.testng.internal.TestMethodWorker.invokeTestMethods(TestMethodWorker.java:125)
at org.testng.internal.TestMethodWorker.run(TestMethodWorker.java:109)
at org.testng.TestRunner.privateRun(TestRunner.java:648)
at org.testng.TestRunner.run(TestRunner.java:505)
at org.testng.SuiteRunner.runTest(SuiteRunner.java:455)
at org.testng.SuiteRunner.runSequentially(SuiteRunner.java:450)
at org.testng.SuiteRunner.privateRun(SuiteRunner.java:415)
at org.testng.SuiteRunner.run(SuiteRunner.java:364)
at org.testng.SuiteRunnerWorker.runSuite(SuiteRunnerWorker.java:52)
at org.testng.SuiteRunnerWorker.run(SuiteRunnerWorker.java:84)
at org.testng.TestNG.runSuitesSequentially(TestNG.java:1208)
at org.testng.TestNG.runSuitesLocally(TestNG.java:1137)
at org.testng.TestNG.runSuites(TestNG.java:1049)
at org.testng.TestNG.run(TestNG.java:1017)
at org.testng.remote.AbstractRemoteTestNG.run(AbstractRemoteTestNG.java:115)
at org.testng.remote.RemoteTestNG.initAndRun(RemoteTestNG.java:251)
at org.testng.remote.RemoteTestNG.main(RemoteTestNG.java:77)
]]>
            </full-stacktrace>
          </exception> <!-- java.lang.AssertionError -->
          <reporter-output>
          </reporter-output>
        </test-method> <!-- Test_Case_011 -->
        <test-method status="PASS" signature="Test_Case_012()[pri:0, instance:com.webdriveruniversity.testcases.To_do_List_Test@47c62251]" name="Test_Case_012" duration-ms="2228" started-at="2022-06-22T17:54:43Z" finished-at="2022-06-22T17:54:45Z">
          <reporter-output>
            <line>
              <![CDATA[Test Case 012 : On Clicking the plus button Add new to do field is Hidden if it is displayed earlier: true]]>
            </line>
          </reporter-output>
        </test-method> <!-- Test_Case_012 -->
        <test-method status="PASS" signature="Test_Case_013()[pri:0, instance:com.webdriveruniversity.testcases.To_do_List_Test@47c62251]" name="Test_Case_013" duration-ms="2173" started-at="2022-06-22T17:54:45Z" finished-at="2022-06-22T17:54:47Z">
          <reporter-output>
            <line>
              <![CDATA[Test Case 013 : On Clicking the plus button Add new to do field is Displayed if it is in Hidden state earlier : true]]>
            </line>
          </reporter-output>
        </test-method> <!-- Test_Case_013 -->
        <test-method status="PASS" signature="Test_Case_014()[pri:0, instance:com.webdriveruniversity.testcases.To_do_List_Test@47c62251]" name="Test_Case_014" duration-ms="2180" started-at="2022-06-22T17:54:47Z" finished-at="2022-06-22T17:54:49Z">
          <reporter-output>
            <line>
              <![CDATA[Test Case 014 : On Clicking the Go To Portion class button, its status changed to completed : true]]>
            </line>
          </reporter-output>
        </test-method> <!-- Test_Case_014 -->
        <test-method status="PASS" signature="Test_Case_015()[pri:0, instance:com.webdriveruniversity.testcases.To_do_List_Test@47c62251]" name="Test_Case_015" duration-ms="2188" started-at="2022-06-22T17:54:49Z" finished-at="2022-06-22T17:54:51Z">
          <reporter-output>
            <line>
              <![CDATA[Test Case 015 : On Clicking the Buy New Robes button, its status changed to completed : true]]>
            </line>
          </reporter-output>
        </test-method> <!-- Test_Case_015 -->
        <test-method status="PASS" signature="Test_Case_016()[pri:0, instance:com.webdriveruniversity.testcases.To_do_List_Test@47c62251]" name="Test_Case_016" duration-ms="2162" started-at="2022-06-22T17:54:51Z" finished-at="2022-06-22T17:54:54Z">
          <reporter-output>
            <line>
              <![CDATA[Test Case 016 : On Clicking the practice magic button, its status changed to completed : true]]>
            </line>
          </reporter-output>
        </test-method> <!-- Test_Case_016 -->
        <test-method status="PASS" signature="Test_Case_017()[pri:0, instance:com.webdriveruniversity.testcases.To_do_List_Test@47c62251]" name="Test_Case_017" duration-ms="8329" started-at="2022-06-22T17:54:54Z" finished-at="2022-06-22T17:55:02Z">
          <reporter-output>
            <line>
              <![CDATA[Test Case 017 : User Able to Delete to do list one by one : true]]>
            </line>
          </reporter-output>
        </test-method> <!-- Test_Case_017 -->
        <test-method status="PASS" signature="Test_Case_018()[pri:0, instance:com.webdriveruniversity.testcases.To_do_List_Test@47c62251]" name="Test_Case_018" duration-ms="2671" started-at="2022-06-22T17:55:02Z" finished-at="2022-06-22T17:55:05Z">
          <reporter-output>
            <line>
              <![CDATA[Test Case 018 : User Able to add to do actions in To do list : Go to Gym]]>
            </line>
          </reporter-output>
        </test-method> <!-- Test_Case_018 -->
        <test-method status="PASS" signature="Browser_Close()[pri:0, instance:com.webdriveruniversity.testcases.To_do_List_Test@47c62251]" name="Browser_Close" is-config="true" duration-ms="1213" started-at="2022-06-22T17:55:05Z" finished-at="2022-06-22T17:55:06Z">
          <reporter-output>
          </reporter-output>
        </test-method> <!-- Browser_Close -->
      </class> <!-- com.webdriveruniversity.testcases.To_do_List_Test -->
      <class name="com.webdriveruniversity.testcases.Login_Page_Test">
        <test-method status="PASS" signature="Browser_Launch(java.lang.String)[pri:0, instance:com.webdriveruniversity.testcases.Login_Page_Test@27efef64]" name="Browser_Launch" is-config="true" duration-ms="7924" started-at="2022-06-22T17:54:05Z" finished-at="2022-06-22T17:54:13Z">
          <params>
            <param index="0">
              <value>
                <![CDATA[Chrome]]>
              </value>
            </param>
          </params>
          <reporter-output>
          </reporter-output>
        </test-method> <!-- Browser_Launch -->
        <test-method status="PASS" signature="TestCase_001()[pri:0, instance:com.webdriveruniversity.testcases.Login_Page_Test@27efef64]" name="TestCase_001" duration-ms="1349" started-at="2022-06-22T17:54:13Z" finished-at="2022-06-22T17:54:14Z">
          <reporter-output>
            <line>
              <![CDATA[Test case 1 : On Clicking Login Portal link redirecting to Login Page : true]]>
            </line>
          </reporter-output>
        </test-method> <!-- TestCase_001 -->
        <test-method status="FAIL" signature="TestCase_002()[pri:0, instance:com.webdriveruniversity.testcases.Login_Page_Test@27efef64]" name="TestCase_002" duration-ms="3" started-at="2022-06-22T17:54:14Z" depends-on-methods="com.webdriveruniversity.testcases.Login_Page_Test.TestCase_001" finished-at="2022-06-22T17:54:14Z">
          <exception class="java.lang.AssertionError">
            <message>
              <![CDATA[expected [false] but found [true]]]>
            </message>
            <full-stacktrace>
              <![CDATA[java.lang.AssertionError: expected [false] but found [true]
at org.testng.Assert.fail(Assert.java:96)
at org.testng.Assert.failNotEquals(Assert.java:776)
at org.testng.Assert.assertEqualsImpl(Assert.java:137)
at org.testng.Assert.assertEquals(Assert.java:118)
at org.testng.Assert.assertEquals(Assert.java:568)
at org.testng.Assert.assertEquals(Assert.java:578)
at com.webdriveruniversity.testcases.Login_Page_Test.TestCase_002(Login_Page_Test.java:29)
at sun.reflect.NativeMethodAccessorImpl.invoke0(Native Method)
at sun.reflect.NativeMethodAccessorImpl.invoke(NativeMethodAccessorImpl.java:62)
at sun.reflect.DelegatingMethodAccessorImpl.invoke(DelegatingMethodAccessorImpl.java:43)
at java.lang.reflect.Method.invoke(Method.java:498)
at org.testng.internal.MethodInvocationHelper.invokeMethod(MethodInvocationHelper.java:124)
at org.testng.internal.Invoker.invokeMethod(Invoker.java:583)
at org.testng.internal.Invoker.invokeTestMethod(Invoker.java:719)
at org.testng.internal.Invoker.invokeTestMethods(Invoker.java:989)
at org.testng.internal.TestMethodWorker.invokeTestMethods(TestMethodWorker.java:125)
at org.testng.internal.TestMethodWorker.run(TestMethodWorker.java:109)
at org.testng.TestRunner.privateRun(TestRunner.java:648)
at org.testng.TestRunner.run(TestRunner.java:505)
at org.testng.SuiteRunner.runTest(SuiteRunner.java:455)
at org.testng.SuiteRunner.runSequentially(SuiteRunner.java:450)
at org.testng.SuiteRunner.privateRun(SuiteRunner.java:415)
at org.testng.SuiteRunner.run(SuiteRunner.java:364)
at org.testng.SuiteRunnerWorker.runSuite(SuiteRunnerWorker.java:52)
at org.testng.SuiteRunnerWorker.run(SuiteRunnerWorker.java:84)
at org.testng.TestNG.runSuitesSequentially(TestNG.java:1208)
at org.testng.TestNG.runSuitesLocally(TestNG.java:1137)
at org.testng.TestNG.runSuites(TestNG.java:1049)
at org.testng.TestNG.run(TestNG.java:1017)
at org.testng.remote.AbstractRemoteTestNG.run(AbstractRemoteTestNG.java:115)
at org.testng.remote.RemoteTestNG.initAndRun(RemoteTestNG.java:251)
at org.testng.remote.RemoteTestNG.main(RemoteTestNG.java:77)
]]>
            </full-stacktrace>
          </exception> <!-- java.lang.AssertionError -->
          <reporter-output>
          </reporter-output>
        </test-method> <!-- TestCase_002 -->
        <test-method status="PASS" signature="TestCase_003()[pri:0, instance:com.webdriveruniversity.testcases.Login_Page_Test@27efef64]" name="TestCase_003" duration-ms="867" started-at="2022-06-22T17:54:15Z" depends-on-methods="com.webdriveruniversity.testcases.Login_Page_Test.TestCase_001" finished-at="2022-06-22T17:54:16Z">
          <reporter-output>
            <line>
              <![CDATA[Test Case 3 : Login unsuccessful using invalid credentials : true]]>
            </line>
          </reporter-output>
        </test-method> <!-- TestCase_003 -->
        <test-method status="PASS" signature="TestCase_004()[pri:0, instance:com.webdriveruniversity.testcases.Login_Page_Test@27efef64]" name="TestCase_004" duration-ms="450" started-at="2022-06-22T17:54:16Z" depends-on-methods="com.webdriveruniversity.testcases.Login_Page_Test.TestCase_001" finished-at="2022-06-22T17:54:16Z">
          <reporter-output>
            <line>
              <![CDATA[Test Case 4 : Login unsuccessful using invalid credentials : true]]>
            </line>
          </reporter-output>
        </test-method> <!-- TestCase_004 -->
        <test-method status="PASS" signature="TestCase_005()[pri:0, instance:com.webdriveruniversity.testcases.Login_Page_Test@27efef64]" name="TestCase_005" duration-ms="442" started-at="2022-06-22T17:54:16Z" depends-on-methods="com.webdriveruniversity.testcases.Login_Page_Test.TestCase_001" finished-at="2022-06-22T17:54:16Z">
          <reporter-output>
            <line>
              <![CDATA[Test Case 5 : Login unsuccessful using invalid credentials : true]]>
            </line>
          </reporter-output>
        </test-method> <!-- TestCase_005 -->
        <test-method status="PASS" signature="Browser_Close()[pri:0, instance:com.webdriveruniversity.testcases.Login_Page_Test@27efef64]" name="Browser_Close" is-config="true" duration-ms="2048" started-at="2022-06-22T17:54:16Z" finished-at="2022-06-22T17:54:19Z">
          <reporter-output>
          </reporter-output>
        </test-method> <!-- Browser_Close -->
      </class> <!-- com.webdriveruniversity.testcases.Login_Page_Test -->
      <class name="com.webdriveruniversity.testcases.Ajax_Loader_Page_Test">
        <test-method status="PASS" signature="Browser_Launch(java.lang.String)[pri:0, instance:com.webdriveruniversity.testcases.Ajax_Loader_Page_Test@66a3ffec]" name="Browser_Launch" is-config="true" duration-ms="5991" started-at="2022-06-22T17:56:01Z" finished-at="2022-06-22T17:56:07Z">
          <params>
            <param index="0">
              <value>
                <![CDATA[Chrome]]>
              </value>
            </param>
          </params>
          <reporter-output>
          </reporter-output>
        </test-method> <!-- Browser_Launch -->
        <test-method status="PASS" signature="Test_Case_028()[pri:0, instance:com.webdriveruniversity.testcases.Ajax_Loader_Page_Test@66a3ffec]" name="Test_Case_028" duration-ms="1258" started-at="2022-06-22T17:56:07Z" finished-at="2022-06-22T17:56:08Z">
          <reporter-output>
            <line>
              <![CDATA[Test Case 028 : On Clicking Ajax loader page link, link is redirecting to Ajax Loader Page]]>
            </line>
          </reporter-output>
        </test-method> <!-- Test_Case_028 -->
        <test-method status="FAIL" signature="Test_Case_029()[pri:0, instance:com.webdriveruniversity.testcases.Ajax_Loader_Page_Test@66a3ffec]" name="Test_Case_029" duration-ms="1" started-at="2022-06-22T17:56:08Z" finished-at="2022-06-22T17:56:08Z">
          <exception class="java.lang.AssertionError">
            <message>
              <![CDATA[expected [false] but found [true]]]>
            </message>
            <full-stacktrace>
              <![CDATA[java.lang.AssertionError: expected [false] but found [true]
at org.testng.Assert.fail(Assert.java:96)
at org.testng.Assert.failNotEquals(Assert.java:776)
at org.testng.Assert.assertEqualsImpl(Assert.java:137)
at org.testng.Assert.assertEquals(Assert.java:118)
at org.testng.Assert.assertEquals(Assert.java:568)
at org.testng.Assert.assertEquals(Assert.java:578)
at com.webdriveruniversity.testcases.Ajax_Loader_Page_Test.Test_Case_029(Ajax_Loader_Page_Test.java:31)
at sun.reflect.NativeMethodAccessorImpl.invoke0(Native Method)
at sun.reflect.NativeMethodAccessorImpl.invoke(NativeMethodAccessorImpl.java:62)
at sun.reflect.DelegatingMethodAccessorImpl.invoke(DelegatingMethodAccessorImpl.java:43)
at java.lang.reflect.Method.invoke(Method.java:498)
at org.testng.internal.MethodInvocationHelper.invokeMethod(MethodInvocationHelper.java:124)
at org.testng.internal.Invoker.invokeMethod(Invoker.java:583)
at org.testng.internal.Invoker.invokeTestMethod(Invoker.java:719)
at org.testng.internal.Invoker.invokeTestMethods(Invoker.java:989)
at org.testng.internal.TestMethodWorker.invokeTestMethods(TestMethodWorker.java:125)
at org.testng.internal.TestMethodWorker.run(TestMethodWorker.java:109)
at org.testng.TestRunner.privateRun(TestRunner.java:648)
at org.testng.TestRunner.run(TestRunner.java:505)
at org.testng.SuiteRunner.runTest(SuiteRunner.java:455)
at org.testng.SuiteRunner.runSequentially(SuiteRunner.java:450)
at org.testng.SuiteRunner.privateRun(SuiteRunner.java:415)
at org.testng.SuiteRunner.run(SuiteRunner.java:364)
at org.testng.SuiteRunnerWorker.runSuite(SuiteRunnerWorker.java:52)
at org.testng.SuiteRunnerWorker.run(SuiteRunnerWorker.java:84)
at org.testng.TestNG.runSuitesSequentially(TestNG.java:1208)
at org.testng.TestNG.runSuitesLocally(TestNG.java:1137)
at org.testng.TestNG.runSuites(TestNG.java:1049)
at org.testng.TestNG.run(TestNG.java:1017)
at org.testng.remote.AbstractRemoteTestNG.run(AbstractRemoteTestNG.java:115)
at org.testng.remote.RemoteTestNG.initAndRun(RemoteTestNG.java:251)
at org.testng.remote.RemoteTestNG.main(RemoteTestNG.java:77)
]]>
            </full-stacktrace>
          </exception> <!-- java.lang.AssertionError -->
          <reporter-output>
          </reporter-output>
        </test-method> <!-- Test_Case_029 -->
        <test-method status="PASS" signature="Browser_Close()[pri:0, instance:com.webdriveruniversity.testcases.Ajax_Loader_Page_Test@66a3ffec]" name="Browser_Close" is-config="true" duration-ms="821" started-at="2022-06-22T17:56:09Z" finished-at="2022-06-22T17:56:09Z">
          <reporter-output>
          </reporter-output>
        </test-method> <!-- Browser_Close -->
      </class> <!-- com.webdriveruniversity.testcases.Ajax_Loader_Page_Test -->
      <class name="com.webdriveruniversity.testcases.DCR_Page_Test">
        <test-method status="PASS" signature="Browser_Launch(java.lang.String)[pri:0, instance:com.webdriveruniversity.testcases.DCR_Page_Test@3e6fa38a]" name="Browser_Launch" is-config="true" duration-ms="5995" started-at="2022-06-22T17:55:06Z" finished-at="2022-06-22T17:55:12Z">
          <params>
            <param index="0">
              <value>
                <![CDATA[Chrome]]>
              </value>
            </param>
          </params>
          <reporter-output>
          </reporter-output>
        </test-method> <!-- Browser_Launch -->
        <test-method status="PASS" signature="Test_Case_019()[pri:0, instance:com.webdriveruniversity.testcases.DCR_Page_Test@3e6fa38a]" name="Test_Case_019" duration-ms="4070" started-at="2022-06-22T17:55:12Z" finished-at="2022-06-22T17:55:16Z">
          <reporter-output>
            <line>
              <![CDATA[Test Case 019 : On clicking DCR page link redirecting to DCR Page : true]]>
            </line>
          </reporter-output>
        </test-method> <!-- Test_Case_019 -->
        <test-method status="FAIL" signature="Test_Case_020()[pri:0, instance:com.webdriveruniversity.testcases.DCR_Page_Test@3e6fa38a]" name="Test_Case_020" duration-ms="1" started-at="2022-06-22T17:55:16Z" finished-at="2022-06-22T17:55:16Z">
          <exception class="java.lang.AssertionError">
            <message>
              <![CDATA[expected [false] but found [true]]]>
            </message>
            <full-stacktrace>
              <![CDATA[java.lang.AssertionError: expected [false] but found [true]
at org.testng.Assert.fail(Assert.java:96)
at org.testng.Assert.failNotEquals(Assert.java:776)
at org.testng.Assert.assertEqualsImpl(Assert.java:137)
at org.testng.Assert.assertEquals(Assert.java:118)
at org.testng.Assert.assertEquals(Assert.java:568)
at org.testng.Assert.assertEquals(Assert.java:578)
at com.webdriveruniversity.testcases.DCR_Page_Test.Test_Case_020(DCR_Page_Test.java:29)
at sun.reflect.NativeMethodAccessorImpl.invoke0(Native Method)
at sun.reflect.NativeMethodAccessorImpl.invoke(NativeMethodAccessorImpl.java:62)
at sun.reflect.DelegatingMethodAccessorImpl.invoke(DelegatingMethodAccessorImpl.java:43)
at java.lang.reflect.Method.invoke(Method.java:498)
at org.testng.internal.MethodInvocationHelper.invokeMethod(MethodInvocationHelper.java:124)
at org.testng.internal.Invoker.invokeMethod(Invoker.java:583)
at org.testng.internal.Invoker.invokeTestMethod(Invoker.java:719)
at org.testng.internal.Invoker.invokeTestMethods(Invoker.java:989)
at org.testng.internal.TestMethodWorker.invokeTestMethods(TestMethodWorker.java:125)
at org.testng.internal.TestMethodWorker.run(TestMethodWorker.java:109)
at org.testng.TestRunner.privateRun(TestRunner.java:648)
at org.testng.TestRunner.run(TestRunner.java:505)
at org.testng.SuiteRunner.runTest(SuiteRunner.java:455)
at org.testng.SuiteRunner.runSequentially(SuiteRunner.java:450)
at org.testng.SuiteRunner.privateRun(SuiteRunner.java:415)
at org.testng.SuiteRunner.run(SuiteRunner.java:364)
at org.testng.SuiteRunnerWorker.runSuite(SuiteRunnerWorker.java:52)
at org.testng.SuiteRunnerWorker.run(SuiteRunnerWorker.java:84)
at org.testng.TestNG.runSuitesSequentially(TestNG.java:1208)
at org.testng.TestNG.runSuitesLocally(TestNG.java:1137)
at org.testng.TestNG.runSuites(TestNG.java:1049)
at org.testng.TestNG.run(TestNG.java:1017)
at org.testng.remote.AbstractRemoteTestNG.run(AbstractRemoteTestNG.java:115)
at org.testng.remote.RemoteTestNG.initAndRun(RemoteTestNG.java:251)
at org.testng.remote.RemoteTestNG.main(RemoteTestNG.java:77)
]]>
            </full-stacktrace>
          </exception> <!-- java.lang.AssertionError -->
          <reporter-output>
          </reporter-output>
        </test-method> <!-- Test_Case_020 -->
        <test-method status="PASS" signature="Test_Case_021()[pri:0, instance:com.webdriveruniversity.testcases.DCR_Page_Test@3e6fa38a]" name="Test_Case_021" duration-ms="12078" started-at="2022-06-22T17:55:16Z" finished-at="2022-06-22T17:55:28Z">
          <reporter-output>
            <line>
              <![CDATA[Test Case 021 : DropDown two is working according to user expectations : true]]>
            </line>
          </reporter-output>
        </test-method> <!-- Test_Case_021 -->
        <test-method status="PASS" signature="Test_Case_022()[pri:0, instance:com.webdriveruniversity.testcases.DCR_Page_Test@3e6fa38a]" name="Test_Case_022" duration-ms="12227" started-at="2022-06-22T17:55:28Z" finished-at="2022-06-22T17:55:40Z">
          <reporter-output>
            <line>
              <![CDATA[Test Case 022 : DropDown three is working according to user expectations : true]]>
            </line>
          </reporter-output>
        </test-method> <!-- Test_Case_022 -->
        <test-method status="PASS" signature="Test_Case_023()[pri:0, instance:com.webdriveruniversity.testcases.DCR_Page_Test@3e6fa38a]" name="Test_Case_023" duration-ms="2220" started-at="2022-06-22T17:55:40Z" finished-at="2022-06-22T17:55:42Z">
          <reporter-output>
            <line>
              <![CDATA[Test Case 023 : User able to select first check Box : true]]>
            </line>
          </reporter-output>
        </test-method> <!-- Test_Case_023 -->
        <test-method status="PASS" signature="Test_Case_024()[pri:0, instance:com.webdriveruniversity.testcases.DCR_Page_Test@3e6fa38a]" name="Test_Case_024" duration-ms="2247" started-at="2022-06-22T17:55:42Z" finished-at="2022-06-22T17:55:45Z">
          <reporter-output>
            <line>
              <![CDATA[Test Case 024 : User able to select second check Box : true]]>
            </line>
          </reporter-output>
        </test-method> <!-- Test_Case_024 -->
        <test-method status="PASS" signature="Test_Case_025()[pri:0, instance:com.webdriveruniversity.testcases.DCR_Page_Test@3e6fa38a]" name="Test_Case_025" duration-ms="2179" started-at="2022-06-22T17:55:45Z" finished-at="2022-06-22T17:55:47Z">
          <reporter-output>
            <line>
              <![CDATA[Test Case 025 : User able to unselect third check Box : true]]>
            </line>
          </reporter-output>
        </test-method> <!-- Test_Case_025 -->
        <test-method status="PASS" signature="Test_Case_026()[pri:0, instance:com.webdriveruniversity.testcases.DCR_Page_Test@3e6fa38a]" name="Test_Case_026" duration-ms="2184" started-at="2022-06-22T17:55:47Z" finished-at="2022-06-22T17:55:49Z">
          <reporter-output>
            <line>
              <![CDATA[Test Case 026 : User able to select second check Box : true]]>
            </line>
          </reporter-output>
        </test-method> <!-- Test_Case_026 -->
        <test-method status="PASS" signature="Test_Case_027()[pri:0, instance:com.webdriveruniversity.testcases.DCR_Page_Test@3e6fa38a]" name="Test_Case_027" duration-ms="10969" started-at="2022-06-22T17:55:49Z" finished-at="2022-06-22T17:56:00Z">
          <reporter-output>
            <line>
              <![CDATA[Test Case 027 : Radio Button 1 is Working as Expected : true]]>
            </line>
            <line>
              <![CDATA[Test Case 027 : Radio Button 2 is Working as Expected : true]]>
            </line>
            <line>
              <![CDATA[Test Case 027 : Radio Button 3 is Working as Expected : true]]>
            </line>
            <line>
              <![CDATA[Test Case 027 : Radio Button 4 is Working as Expected : true]]>
            </line>
            <line>
              <![CDATA[Test Case 027 : Radio Button 5 is Working as Expected : true]]>
            </line>
          </reporter-output>
        </test-method> <!-- Test_Case_027 -->
        <test-method status="PASS" signature="Browser_Close()[pri:0, instance:com.webdriveruniversity.testcases.DCR_Page_Test@3e6fa38a]" name="Browser_Close" is-config="true" duration-ms="1137" started-at="2022-06-22T17:56:00Z" finished-at="2022-06-22T17:56:01Z">
          <reporter-output>
          </reporter-output>
        </test-method> <!-- Browser_Close -->
      </class> <!-- com.webdriveruniversity.testcases.DCR_Page_Test -->
      <class name="com.webdriveruniversity.testcases.Actions_Page_Test">
        <test-method status="PASS" signature="Browser_Launch(java.lang.String)[pri:0, instance:com.webdriveruniversity.testcases.Actions_Page_Test@77caeb3e]" name="Browser_Launch" is-config="true" duration-ms="4755" started-at="2022-06-22T17:56:09Z" finished-at="2022-06-22T17:56:14Z">
          <params>
            <param index="0">
              <value>
                <![CDATA[Chrome]]>
              </value>
            </param>
          </params>
          <reporter-output>
          </reporter-output>
        </test-method> <!-- Browser_Launch -->
        <test-method status="PASS" signature="Test_Case_030()[pri:0, instance:com.webdriveruniversity.testcases.Actions_Page_Test@77caeb3e]" name="Test_Case_030" duration-ms="1310" started-at="2022-06-22T17:56:14Z" finished-at="2022-06-22T17:56:16Z">
          <reporter-output>
            <line>
              <![CDATA[Test Case 030 : On Clicking Actions page link, link is redirecting to Actions page]]>
            </line>
          </reporter-output>
        </test-method> <!-- Test_Case_030 -->
        <test-method status="FAIL" signature="Test_Case_031()[pri:0, instance:com.webdriveruniversity.testcases.Actions_Page_Test@77caeb3e]" name="Test_Case_031" duration-ms="1" started-at="2022-06-22T17:56:16Z" finished-at="2022-06-22T17:56:16Z">
          <exception class="java.lang.AssertionError">
            <message>
              <![CDATA[expected [false] but found [true]]]>
            </message>
            <full-stacktrace>
              <![CDATA[java.lang.AssertionError: expected [false] but found [true]
at org.testng.Assert.fail(Assert.java:96)
at org.testng.Assert.failNotEquals(Assert.java:776)
at org.testng.Assert.assertEqualsImpl(Assert.java:137)
at org.testng.Assert.assertEquals(Assert.java:118)
at org.testng.Assert.assertEquals(Assert.java:568)
at org.testng.Assert.assertEquals(Assert.java:578)
at com.webdriveruniversity.testcases.Actions_Page_Test.Test_Case_031(Actions_Page_Test.java:26)
at sun.reflect.NativeMethodAccessorImpl.invoke0(Native Method)
at sun.reflect.NativeMethodAccessorImpl.invoke(NativeMethodAccessorImpl.java:62)
at sun.reflect.DelegatingMethodAccessorImpl.invoke(DelegatingMethodAccessorImpl.java:43)
at java.lang.reflect.Method.invoke(Method.java:498)
at org.testng.internal.MethodInvocationHelper.invokeMethod(MethodInvocationHelper.java:124)
at org.testng.internal.Invoker.invokeMethod(Invoker.java:583)
at org.testng.internal.Invoker.invokeTestMethod(Invoker.java:719)
at org.testng.internal.Invoker.invokeTestMethods(Invoker.java:989)
at org.testng.internal.TestMethodWorker.invokeTestMethods(TestMethodWorker.java:125)
at org.testng.internal.TestMethodWorker.run(TestMethodWorker.java:109)
at org.testng.TestRunner.privateRun(TestRunner.java:648)
at org.testng.TestRunner.run(TestRunner.java:505)
at org.testng.SuiteRunner.runTest(SuiteRunner.java:455)
at org.testng.SuiteRunner.runSequentially(SuiteRunner.java:450)
at org.testng.SuiteRunner.privateRun(SuiteRunner.java:415)
at org.testng.SuiteRunner.run(SuiteRunner.java:364)
at org.testng.SuiteRunnerWorker.runSuite(SuiteRunnerWorker.java:52)
at org.testng.SuiteRunnerWorker.run(SuiteRunnerWorker.java:84)
at org.testng.TestNG.runSuitesSequentially(TestNG.java:1208)
at org.testng.TestNG.runSuitesLocally(TestNG.java:1137)
at org.testng.TestNG.runSuites(TestNG.java:1049)
at org.testng.TestNG.run(TestNG.java:1017)
at org.testng.remote.AbstractRemoteTestNG.run(AbstractRemoteTestNG.java:115)
at org.testng.remote.RemoteTestNG.initAndRun(RemoteTestNG.java:251)
at org.testng.remote.RemoteTestNG.main(RemoteTestNG.java:77)
]]>
            </full-stacktrace>
          </exception> <!-- java.lang.AssertionError -->
          <reporter-output>
          </reporter-output>
        </test-method> <!-- Test_Case_031 -->
        <test-method status="PASS" signature="Test_Case_032()[pri:0, instance:com.webdriveruniversity.testcases.Actions_Page_Test@77caeb3e]" name="Test_Case_032" duration-ms="2298" started-at="2022-06-22T17:56:16Z" finished-at="2022-06-22T17:56:18Z">
          <reporter-output>
            <line>
              <![CDATA[Test Case 032 : Double click working as expected]]>
            </line>
          </reporter-output>
        </test-method> <!-- Test_Case_032 -->
        <test-method status="PASS" signature="Test_Case_033()[pri:0, instance:com.webdriveruniversity.testcases.Actions_Page_Test@77caeb3e]" name="Test_Case_033" duration-ms="2578" started-at="2022-06-22T17:56:18Z" finished-at="2022-06-22T17:56:21Z">
          <reporter-output>
            <line>
              <![CDATA[Test Case 033 : Mouse Action & Link clicked successfully]]>
            </line>
          </reporter-output>
        </test-method> <!-- Test_Case_033 -->
        <test-method status="PASS" signature="Test_Case_034()[pri:0, instance:com.webdriveruniversity.testcases.Actions_Page_Test@77caeb3e]" name="Test_Case_034" duration-ms="2417" started-at="2022-06-22T17:56:21Z" finished-at="2022-06-22T17:56:23Z">
          <reporter-output>
            <line>
              <![CDATA[Test Case 034 : Mouse Action & Link clicked successfully]]>
            </line>
          </reporter-output>
        </test-method> <!-- Test_Case_034 -->
        <test-method status="PASS" signature="Test_Case_035()[pri:0, instance:com.webdriveruniversity.testcases.Actions_Page_Test@77caeb3e]" name="Test_Case_035" duration-ms="2370" started-at="2022-06-22T17:56:23Z" finished-at="2022-06-22T17:56:25Z">
          <reporter-output>
            <line>
              <![CDATA[Test Case 035 : Mouse Action & Link clicked successfully]]>
            </line>
          </reporter-output>
        </test-method> <!-- Test_Case_035 -->
        <test-method status="PASS" signature="Test_Case_036()[pri:0, instance:com.webdriveruniversity.testcases.Actions_Page_Test@77caeb3e]" name="Test_Case_036" duration-ms="2325" started-at="2022-06-22T17:56:25Z" finished-at="2022-06-22T17:56:28Z">
          <reporter-output>
            <line>
              <![CDATA[Test Case 036 : Mouse Action & Link clicked successfully]]>
            </line>
          </reporter-output>
        </test-method> <!-- Test_Case_036 -->
        <test-method status="PASS" signature="Test_Case_037()[pri:0, instance:com.webdriveruniversity.testcases.Actions_Page_Test@77caeb3e]" name="Test_Case_037" duration-ms="244" started-at="2022-06-22T17:56:28Z" finished-at="2022-06-22T17:56:28Z">
          <reporter-output>
            <line>
              <![CDATA[Test Case 037 : Click & Hold Action wokring as expected]]>
            </line>
          </reporter-output>
        </test-method> <!-- Test_Case_037 -->
        <test-method status="PASS" signature="Browser_Close()[pri:0, instance:com.webdriveruniversity.testcases.Actions_Page_Test@77caeb3e]" name="Browser_Close" is-config="true" duration-ms="990" started-at="2022-06-22T17:56:28Z" finished-at="2022-06-22T17:56:29Z">
          <reporter-output>
          </reporter-output>
        </test-method> <!-- Browser_Close -->
      </class> <!-- com.webdriveruniversity.testcases.Actions_Page_Test -->
    </test> <!-- MyFirstProject -->
  </suite> <!-- MyFirstProject -->
</testng-results>
