<html>
<head>
<title>TestNG:  MyFirstProject</title>
<link href="../testng.css" rel="stylesheet" type="text/css" />
<link href="../my-testng.css" rel="stylesheet" type="text/css" />

<style type="text/css">
.log { display: none;} 
.stack-trace { display: none;} 
</style>
<script type="text/javascript">
<!--
function flip(e) {
  current = e.style.display;
  if (current == 'block') {
    e.style.display = 'none';
    return 0;
  }
  else {
    e.style.display = 'block';
    return 1;
  }
}

function toggleBox(szDivId, elem, msg1, msg2)
{
  var res = -1;  if (document.getElementById) {
    res = flip(document.getElementById(szDivId));
  }
  else if (document.all) {
    // this is the way old msie versions work
    res = flip(document.all[szDivId]);
  }
  if(elem) {
    if(res == 0) elem.innerHTML = msg1; else elem.innerHTML = msg2;
  }

}

function toggleAllBoxes() {
  if (document.getElementsByTagName) {
    d = document.getElementsByTagName('div');
    for (i = 0; i < d.length; i++) {
      if (d[i].className == 'log') {
        flip(d[i]);
      }
    }
  }
}

// -->
</script>

</head>
<body>
<h2 align='center'>MyFirstProject</h2><table border='1' align="center">
<tr>
<td>Tests passed/Failed/Skipped:</td><td>31/6/0</td>
</tr><tr>
<td>Started on:</td><td>Wed Jun 22 23:24:05 IST 2022</td>
</tr>
<tr><td>Total time:</td><td>143 seconds (143835 ms)</td>
</tr><tr>
<td>Included groups:</td><td></td>
</tr><tr>
<td>Excluded groups:</td><td></td>
</tr>
</table><p/>
<small><i>(Hover the method name to see the test class name)</i></small><p/>
<table width='100%' border='1' class='invocation-failed'>
<tr><td colspan='4' align='center'><b>FAILED TESTS</b></td></tr>
<tr><td><b>Test method</b></td>
<td width="30%"><b>Exception</b></td>
<td width="10%"><b>Time (seconds)</b></td>
<td><b>Instance</b></td>
</tr>
<tr>
<td title='com.webdriveruniversity.testcases.Login_Page_Test.TestCase_002()'><b>TestCase_002</b><br>Test class: com.webdriveruniversity.testcases.Login_Page_Test</td>
<td><div><pre>java.lang.AssertionError: expected [false] but found [true]
	at com.webdriveruniversity.testcases.Login_Page_Test.TestCase_002(Login_Page_Test.java:29)
... Removed 31 stack frames</pre></div><a href='#' onClick='toggleBox("stack-trace1815007437", this, "Click to show all stack frames", "Click to hide stack frames")'>Click to show all stack frames</a>
<div class='stack-trace' id='stack-trace1815007437'><pre>java.lang.AssertionError: expected [false] but found [true]
	at org.testng.Assert.fail(Assert.java:96)
	at org.testng.Assert.failNotEquals(Assert.java:776)
	at org.testng.Assert.assertEqualsImpl(Assert.java:137)
	at org.testng.Assert.assertEquals(Assert.java:118)
	at org.testng.Assert.assertEquals(Assert.java:568)
	at org.testng.Assert.assertEquals(Assert.java:578)
	at com.webdriveruniversity.testcases.Login_Page_Test.TestCase_002(Login_Page_Test.java:29)
	at sun.reflect.NativeMethodAccessorImpl.invoke0(Native Method)
	at sun.reflect.NativeMethodAccessorImpl.invoke(NativeMethodAccessorImpl.java:62)
	at sun.reflect.DelegatingMethodAccessorImpl.invoke(DelegatingMethodAccessorImpl.java:43)
	at java.lang.reflect.Method.invoke(Method.java:498)
	at org.testng.internal.MethodInvocationHelper.invokeMethod(MethodInvocationHelper.java:124)
	at org.testng.internal.Invoker.invokeMethod(Invoker.java:583)
	at org.testng.internal.Invoker.invokeTestMethod(Invoker.java:719)
	at org.testng.internal.Invoker.invokeTestMethods(Invoker.java:989)
	at org.testng.internal.TestMethodWorker.invokeTestMethods(TestMethodWorker.java:125)
	at org.testng.internal.TestMethodWorker.run(TestMethodWorker.java:109)
	at org.testng.TestRunner.privateRun(TestRunner.java:648)
	at org.testng.TestRunner.run(TestRunner.java:505)
	at org.testng.SuiteRunner.runTest(SuiteRunner.java:455)
	at org.testng.SuiteRunner.runSequentially(SuiteRunner.java:450)
	at org.testng.SuiteRunner.privateRun(SuiteRunner.java:415)
	at org.testng.SuiteRunner.run(SuiteRunner.java:364)
	at org.testng.SuiteRunnerWorker.runSuite(SuiteRunnerWorker.java:52)
	at org.testng.SuiteRunnerWorker.run(SuiteRunnerWorker.java:84)
	at org.testng.TestNG.runSuitesSequentially(TestNG.java:1208)
	at org.testng.TestNG.runSuitesLocally(TestNG.java:1137)
	at org.testng.TestNG.runSuites(TestNG.java:1049)
	at org.testng.TestNG.run(TestNG.java:1017)
	at org.testng.remote.AbstractRemoteTestNG.run(AbstractRemoteTestNG.java:115)
	at org.testng.remote.RemoteTestNG.initAndRun(RemoteTestNG.java:251)
	at org.testng.remote.RemoteTestNG.main(RemoteTestNG.java:77)
</pre></div></td>
<td>0</td>
<td>com.webdriveruniversity.testcases.Login_Page_Test@27efef64</td></tr>
<tr>
<td title='com.webdriveruniversity.testcases.Buttons_Page_Test.TestCase_007()'><b>TestCase_007</b><br>Test class: com.webdriveruniversity.testcases.Buttons_Page_Test</td>
<td><div><pre>java.lang.AssertionError: expected [false] but found [true]
	at com.webdriveruniversity.testcases.Buttons_Page_Test.TestCase_007(Buttons_Page_Test.java:30)
... Removed 31 stack frames</pre></div><a href='#' onClick='toggleBox("stack-trace1544614339", this, "Click to show all stack frames", "Click to hide stack frames")'>Click to show all stack frames</a>
<div class='stack-trace' id='stack-trace1544614339'><pre>java.lang.AssertionError: expected [false] but found [true]
	at org.testng.Assert.fail(Assert.java:96)
	at org.testng.Assert.failNotEquals(Assert.java:776)
	at org.testng.Assert.assertEqualsImpl(Assert.java:137)
	at org.testng.Assert.assertEquals(Assert.java:118)
	at org.testng.Assert.assertEquals(Assert.java:568)
	at org.testng.Assert.assertEquals(Assert.java:578)
	at com.webdriveruniversity.testcases.Buttons_Page_Test.TestCase_007(Buttons_Page_Test.java:30)
	at sun.reflect.NativeMethodAccessorImpl.invoke0(Native Method)
	at sun.reflect.NativeMethodAccessorImpl.invoke(NativeMethodAccessorImpl.java:62)
	at sun.reflect.DelegatingMethodAccessorImpl.invoke(DelegatingMethodAccessorImpl.java:43)
	at java.lang.reflect.Method.invoke(Method.java:498)
	at org.testng.internal.MethodInvocationHelper.invokeMethod(MethodInvocationHelper.java:124)
	at org.testng.internal.Invoker.invokeMethod(Invoker.java:583)
	at org.testng.internal.Invoker.invokeTestMethod(Invoker.java:719)
	at org.testng.internal.Invoker.invokeTestMethods(Invoker.java:989)
	at org.testng.internal.TestMethodWorker.invokeTestMethods(TestMethodWorker.java:125)
	at org.testng.internal.TestMethodWorker.run(TestMethodWorker.java:109)
	at org.testng.TestRunner.privateRun(TestRunner.java:648)
	at org.testng.TestRunner.run(TestRunner.java:505)
	at org.testng.SuiteRunner.runTest(SuiteRunner.java:455)
	at org.testng.SuiteRunner.runSequentially(SuiteRunner.java:450)
	at org.testng.SuiteRunner.privateRun(SuiteRunner.java:415)
	at org.testng.SuiteRunner.run(SuiteRunner.java:364)
	at org.testng.SuiteRunnerWorker.runSuite(SuiteRunnerWorker.java:52)
	at org.testng.SuiteRunnerWorker.run(SuiteRunnerWorker.java:84)
	at org.testng.TestNG.runSuitesSequentially(TestNG.java:1208)
	at org.testng.TestNG.runSuitesLocally(TestNG.java:1137)
	at org.testng.TestNG.runSuites(TestNG.java:1049)
	at org.testng.TestNG.run(TestNG.java:1017)
	at org.testng.remote.AbstractRemoteTestNG.run(AbstractRemoteTestNG.java:115)
	at org.testng.remote.RemoteTestNG.initAndRun(RemoteTestNG.java:251)
	at org.testng.remote.RemoteTestNG.main(RemoteTestNG.java:77)
</pre></div></td>
<td>0</td>
<td>com.webdriveruniversity.testcases.Buttons_Page_Test@6f7fd0e6</td></tr>
<tr>
<td title='com.webdriveruniversity.testcases.To_do_List_Test.Test_Case_011()'><b>Test_Case_011</b><br>Test class: com.webdriveruniversity.testcases.To_do_List_Test</td>
<td><div><pre>java.lang.AssertionError: expected [false] but found [true]
	at com.webdriveruniversity.testcases.To_do_List_Test.Test_Case_011(To_do_List_Test.java:28)
... Removed 31 stack frames</pre></div><a href='#' onClick='toggleBox("stack-trace475394679", this, "Click to show all stack frames", "Click to hide stack frames")'>Click to show all stack frames</a>
<div class='stack-trace' id='stack-trace475394679'><pre>java.lang.AssertionError: expected [false] but found [true]
	at org.testng.Assert.fail(Assert.java:96)
	at org.testng.Assert.failNotEquals(Assert.java:776)
	at org.testng.Assert.assertEqualsImpl(Assert.java:137)
	at org.testng.Assert.assertEquals(Assert.java:118)
	at org.testng.Assert.assertEquals(Assert.java:568)
	at org.testng.Assert.assertEquals(Assert.java:578)
	at com.webdriveruniversity.testcases.To_do_List_Test.Test_Case_011(To_do_List_Test.java:28)
	at sun.reflect.NativeMethodAccessorImpl.invoke0(Native Method)
	at sun.reflect.NativeMethodAccessorImpl.invoke(NativeMethodAccessorImpl.java:62)
	at sun.reflect.DelegatingMethodAccessorImpl.invoke(DelegatingMethodAccessorImpl.java:43)
	at java.lang.reflect.Method.invoke(Method.java:498)
	at org.testng.internal.MethodInvocationHelper.invokeMethod(MethodInvocationHelper.java:124)
	at org.testng.internal.Invoker.invokeMethod(Invoker.java:583)
	at org.testng.internal.Invoker.invokeTestMethod(Invoker.java:719)
	at org.testng.internal.Invoker.invokeTestMethods(Invoker.java:989)
	at org.testng.internal.TestMethodWorker.invokeTestMethods(TestMethodWorker.java:125)
	at org.testng.internal.TestMethodWorker.run(TestMethodWorker.java:109)
	at org.testng.TestRunner.privateRun(TestRunner.java:648)
	at org.testng.TestRunner.run(TestRunner.java:505)
	at org.testng.SuiteRunner.runTest(SuiteRunner.java:455)
	at org.testng.SuiteRunner.runSequentially(SuiteRunner.java:450)
	at org.testng.SuiteRunner.privateRun(SuiteRunner.java:415)
	at org.testng.SuiteRunner.run(SuiteRunner.java:364)
	at org.testng.SuiteRunnerWorker.runSuite(SuiteRunnerWorker.java:52)
	at org.testng.SuiteRunnerWorker.run(SuiteRunnerWorker.java:84)
	at org.testng.TestNG.runSuitesSequentially(TestNG.java:1208)
	at org.testng.TestNG.runSuitesLocally(TestNG.java:1137)
	at org.testng.TestNG.runSuites(TestNG.java:1049)
	at org.testng.TestNG.run(TestNG.java:1017)
	at org.testng.remote.AbstractRemoteTestNG.run(AbstractRemoteTestNG.java:115)
	at org.testng.remote.RemoteTestNG.initAndRun(RemoteTestNG.java:251)
	at org.testng.remote.RemoteTestNG.main(RemoteTestNG.java:77)
</pre></div></td>
<td>0</td>
<td>com.webdriveruniversity.testcases.To_do_List_Test@47c62251</td></tr>
<tr>
<td title='com.webdriveruniversity.testcases.DCR_Page_Test.Test_Case_020()'><b>Test_Case_020</b><br>Test class: com.webdriveruniversity.testcases.DCR_Page_Test</td>
<td><div><pre>java.lang.AssertionError: expected [false] but found [true]
	at com.webdriveruniversity.testcases.DCR_Page_Test.Test_Case_020(DCR_Page_Test.java:29)
... Removed 31 stack frames</pre></div><a href='#' onClick='toggleBox("stack-trace1691858720", this, "Click to show all stack frames", "Click to hide stack frames")'>Click to show all stack frames</a>
<div class='stack-trace' id='stack-trace1691858720'><pre>java.lang.AssertionError: expected [false] but found [true]
	at org.testng.Assert.fail(Assert.java:96)
	at org.testng.Assert.failNotEquals(Assert.java:776)
	at org.testng.Assert.assertEqualsImpl(Assert.java:137)
	at org.testng.Assert.assertEquals(Assert.java:118)
	at org.testng.Assert.assertEquals(Assert.java:568)
	at org.testng.Assert.assertEquals(Assert.java:578)
	at com.webdriveruniversity.testcases.DCR_Page_Test.Test_Case_020(DCR_Page_Test.java:29)
	at sun.reflect.NativeMethodAccessorImpl.invoke0(Native Method)
	at sun.reflect.NativeMethodAccessorImpl.invoke(NativeMethodAccessorImpl.java:62)
	at sun.reflect.DelegatingMethodAccessorImpl.invoke(DelegatingMethodAccessorImpl.java:43)
	at java.lang.reflect.Method.invoke(Method.java:498)
	at org.testng.internal.MethodInvocationHelper.invokeMethod(MethodInvocationHelper.java:124)
	at org.testng.internal.Invoker.invokeMethod(Invoker.java:583)
	at org.testng.internal.Invoker.invokeTestMethod(Invoker.java:719)
	at org.testng.internal.Invoker.invokeTestMethods(Invoker.java:989)
	at org.testng.internal.TestMethodWorker.invokeTestMethods(TestMethodWorker.java:125)
	at org.testng.internal.TestMethodWorker.run(TestMethodWorker.java:109)
	at org.testng.TestRunner.privateRun(TestRunner.java:648)
	at org.testng.TestRunner.run(TestRunner.java:505)
	at org.testng.SuiteRunner.runTest(SuiteRunner.java:455)
	at org.testng.SuiteRunner.runSequentially(SuiteRunner.java:450)
	at org.testng.SuiteRunner.privateRun(SuiteRunner.java:415)
	at org.testng.SuiteRunner.run(SuiteRunner.java:364)
	at org.testng.SuiteRunnerWorker.runSuite(SuiteRunnerWorker.java:52)
	at org.testng.SuiteRunnerWorker.run(SuiteRunnerWorker.java:84)
	at org.testng.TestNG.runSuitesSequentially(TestNG.java:1208)
	at org.testng.TestNG.runSuitesLocally(TestNG.java:1137)
	at org.testng.TestNG.runSuites(TestNG.java:1049)
	at org.testng.TestNG.run(TestNG.java:1017)
	at org.testng.remote.AbstractRemoteTestNG.run(AbstractRemoteTestNG.java:115)
	at org.testng.remote.RemoteTestNG.initAndRun(RemoteTestNG.java:251)
	at org.testng.remote.RemoteTestNG.main(RemoteTestNG.java:77)
</pre></div></td>
<td>0</td>
<td>com.webdriveruniversity.testcases.DCR_Page_Test@3e6fa38a</td></tr>
<tr>
<td title='com.webdriveruniversity.testcases.Ajax_Loader_Page_Test.Test_Case_029()'><b>Test_Case_029</b><br>Test class: com.webdriveruniversity.testcases.Ajax_Loader_Page_Test</td>
<td><div><pre>java.lang.AssertionError: expected [false] but found [true]
	at com.webdriveruniversity.testcases.Ajax_Loader_Page_Test.Test_Case_029(Ajax_Loader_Page_Test.java:31)
... Removed 31 stack frames</pre></div><a href='#' onClick='toggleBox("stack-trace439078230", this, "Click to show all stack frames", "Click to hide stack frames")'>Click to show all stack frames</a>
<div class='stack-trace' id='stack-trace439078230'><pre>java.lang.AssertionError: expected [false] but found [true]
	at org.testng.Assert.fail(Assert.java:96)
	at org.testng.Assert.failNotEquals(Assert.java:776)
	at org.testng.Assert.assertEqualsImpl(Assert.java:137)
	at org.testng.Assert.assertEquals(Assert.java:118)
	at org.testng.Assert.assertEquals(Assert.java:568)
	at org.testng.Assert.assertEquals(Assert.java:578)
	at com.webdriveruniversity.testcases.Ajax_Loader_Page_Test.Test_Case_029(Ajax_Loader_Page_Test.java:31)
	at sun.reflect.NativeMethodAccessorImpl.invoke0(Native Method)
	at sun.reflect.NativeMethodAccessorImpl.invoke(NativeMethodAccessorImpl.java:62)
	at sun.reflect.DelegatingMethodAccessorImpl.invoke(DelegatingMethodAccessorImpl.java:43)
	at java.lang.reflect.Method.invoke(Method.java:498)
	at org.testng.internal.MethodInvocationHelper.invokeMethod(MethodInvocationHelper.java:124)
	at org.testng.internal.Invoker.invokeMethod(Invoker.java:583)
	at org.testng.internal.Invoker.invokeTestMethod(Invoker.java:719)
	at org.testng.internal.Invoker.invokeTestMethods(Invoker.java:989)
	at org.testng.internal.TestMethodWorker.invokeTestMethods(TestMethodWorker.java:125)
	at org.testng.internal.TestMethodWorker.run(TestMethodWorker.java:109)
	at org.testng.TestRunner.privateRun(TestRunner.java:648)
	at org.testng.TestRunner.run(TestRunner.java:505)
	at org.testng.SuiteRunner.runTest(SuiteRunner.java:455)
	at org.testng.SuiteRunner.runSequentially(SuiteRunner.java:450)
	at org.testng.SuiteRunner.privateRun(SuiteRunner.java:415)
	at org.testng.SuiteRunner.run(SuiteRunner.java:364)
	at org.testng.SuiteRunnerWorker.runSuite(SuiteRunnerWorker.java:52)
	at org.testng.SuiteRunnerWorker.run(SuiteRunnerWorker.java:84)
	at org.testng.TestNG.runSuitesSequentially(TestNG.java:1208)
	at org.testng.TestNG.runSuitesLocally(TestNG.java:1137)
	at org.testng.TestNG.runSuites(TestNG.java:1049)
	at org.testng.TestNG.run(TestNG.java:1017)
	at org.testng.remote.AbstractRemoteTestNG.run(AbstractRemoteTestNG.java:115)
	at org.testng.remote.RemoteTestNG.initAndRun(RemoteTestNG.java:251)
	at org.testng.remote.RemoteTestNG.main(RemoteTestNG.java:77)
</pre></div></td>
<td>0</td>
<td>com.webdriveruniversity.testcases.Ajax_Loader_Page_Test@66a3ffec</td></tr>
<tr>
<td title='com.webdriveruniversity.testcases.Actions_Page_Test.Test_Case_031()'><b>Test_Case_031</b><br>Test class: com.webdriveruniversity.testcases.Actions_Page_Test</td>
<td><div><pre>java.lang.AssertionError: expected [false] but found [true]
	at com.webdriveruniversity.testcases.Actions_Page_Test.Test_Case_031(Actions_Page_Test.java:26)
... Removed 31 stack frames</pre></div><a href='#' onClick='toggleBox("stack-trace1464502754", this, "Click to show all stack frames", "Click to hide stack frames")'>Click to show all stack frames</a>
<div class='stack-trace' id='stack-trace1464502754'><pre>java.lang.AssertionError: expected [false] but found [true]
	at org.testng.Assert.fail(Assert.java:96)
	at org.testng.Assert.failNotEquals(Assert.java:776)
	at org.testng.Assert.assertEqualsImpl(Assert.java:137)
	at org.testng.Assert.assertEquals(Assert.java:118)
	at org.testng.Assert.assertEquals(Assert.java:568)
	at org.testng.Assert.assertEquals(Assert.java:578)
	at com.webdriveruniversity.testcases.Actions_Page_Test.Test_Case_031(Actions_Page_Test.java:26)
	at sun.reflect.NativeMethodAccessorImpl.invoke0(Native Method)
	at sun.reflect.NativeMethodAccessorImpl.invoke(NativeMethodAccessorImpl.java:62)
	at sun.reflect.DelegatingMethodAccessorImpl.invoke(DelegatingMethodAccessorImpl.java:43)
	at java.lang.reflect.Method.invoke(Method.java:498)
	at org.testng.internal.MethodInvocationHelper.invokeMethod(MethodInvocationHelper.java:124)
	at org.testng.internal.Invoker.invokeMethod(Invoker.java:583)
	at org.testng.internal.Invoker.invokeTestMethod(Invoker.java:719)
	at org.testng.internal.Invoker.invokeTestMethods(Invoker.java:989)
	at org.testng.internal.TestMethodWorker.invokeTestMethods(TestMethodWorker.java:125)
	at org.testng.internal.TestMethodWorker.run(TestMethodWorker.java:109)
	at org.testng.TestRunner.privateRun(TestRunner.java:648)
	at org.testng.TestRunner.run(TestRunner.java:505)
	at org.testng.SuiteRunner.runTest(SuiteRunner.java:455)
	at org.testng.SuiteRunner.runSequentially(SuiteRunner.java:450)
	at org.testng.SuiteRunner.privateRun(SuiteRunner.java:415)
	at org.testng.SuiteRunner.run(SuiteRunner.java:364)
	at org.testng.SuiteRunnerWorker.runSuite(SuiteRunnerWorker.java:52)
	at org.testng.SuiteRunnerWorker.run(SuiteRunnerWorker.java:84)
	at org.testng.TestNG.runSuitesSequentially(TestNG.java:1208)
	at org.testng.TestNG.runSuitesLocally(TestNG.java:1137)
	at org.testng.TestNG.runSuites(TestNG.java:1049)
	at org.testng.TestNG.run(TestNG.java:1017)
	at org.testng.remote.AbstractRemoteTestNG.run(AbstractRemoteTestNG.java:115)
	at org.testng.remote.RemoteTestNG.initAndRun(RemoteTestNG.java:251)
	at org.testng.remote.RemoteTestNG.main(RemoteTestNG.java:77)
</pre></div></td>
<td>0</td>
<td>com.webdriveruniversity.testcases.Actions_Page_Test@77caeb3e</td></tr>
</table><p>
<table width='100%' border='1' class='invocation-passed'>
<tr><td colspan='4' align='center'><b>PASSED TESTS</b></td></tr>
<tr><td><b>Test method</b></td>
<td width="30%"><b>Exception</b></td>
<td width="10%"><b>Time (seconds)</b></td>
<td><b>Instance</b></td>
</tr>
<tr>
<td title='com.webdriveruniversity.testcases.Login_Page_Test.TestCase_001()'><b>TestCase_001</b><br>Test class: com.webdriveruniversity.testcases.Login_Page_Test<br/>
<a href="#Output-137275020" onClick='toggleBox("Output-137275020", this, "Show output", "Hide output");'>Show output</a>

<a href="#Output-137275020" onClick="toggleAllBoxes();">Show all outputs</a>
<div class='log' id="Output-137275020">
Test case 1 : On Clicking Login Portal link redirecting to Login Page : true<br/>
</div>
</td>
<td></td>
<td>1</td>
<td>com.webdriveruniversity.testcases.Login_Page_Test@27efef64</td></tr>
<tr>
<td title='com.webdriveruniversity.testcases.Login_Page_Test.TestCase_003()'><b>TestCase_003</b><br>Test class: com.webdriveruniversity.testcases.Login_Page_Test<br/>
<a href="#Output-999736366" onClick='toggleBox("Output-999736366", this, "Show output", "Hide output");'>Show output</a>

<a href="#Output-999736366" onClick="toggleAllBoxes();">Show all outputs</a>
<div class='log' id="Output-999736366">
Test Case 3 : Login unsuccessful using invalid credentials : true<br/>
</div>
</td>
<td></td>
<td>0</td>
<td>com.webdriveruniversity.testcases.Login_Page_Test@27efef64</td></tr>
<tr>
<td title='com.webdriveruniversity.testcases.Login_Page_Test.TestCase_004()'><b>TestCase_004</b><br>Test class: com.webdriveruniversity.testcases.Login_Page_Test<br/>
<a href="#Output-1633013890" onClick='toggleBox("Output-1633013890", this, "Show output", "Hide output");'>Show output</a>

<a href="#Output-1633013890" onClick="toggleAllBoxes();">Show all outputs</a>
<div class='log' id="Output-1633013890">
Test Case 4 : Login unsuccessful using invalid credentials : true<br/>
</div>
</td>
<td></td>
<td>0</td>
<td>com.webdriveruniversity.testcases.Login_Page_Test@27efef64</td></tr>
<tr>
<td title='com.webdriveruniversity.testcases.Login_Page_Test.TestCase_005()'><b>TestCase_005</b><br>Test class: com.webdriveruniversity.testcases.Login_Page_Test<br/>
<a href="#Output-1912850431" onClick='toggleBox("Output-1912850431", this, "Show output", "Hide output");'>Show output</a>

<a href="#Output-1912850431" onClick="toggleAllBoxes();">Show all outputs</a>
<div class='log' id="Output-1912850431">
Test Case 5 : Login unsuccessful using invalid credentials : true<br/>
</div>
</td>
<td></td>
<td>0</td>
<td>com.webdriveruniversity.testcases.Login_Page_Test@27efef64</td></tr>
<tr>
<td title='com.webdriveruniversity.testcases.Buttons_Page_Test.TestCase_006()'><b>TestCase_006</b><br>Test class: com.webdriveruniversity.testcases.Buttons_Page_Test<br/>
<a href="#Output-788905599" onClick='toggleBox("Output-788905599", this, "Show output", "Hide output");'>Show output</a>

<a href="#Output-788905599" onClick="toggleAllBoxes();">Show all outputs</a>
<div class='log' id="Output-788905599">
Test Case 6 : On clicking buttons links redirecting to buttons Page : true<br/>
</div>
</td>
<td></td>
<td>1</td>
<td>com.webdriveruniversity.testcases.Buttons_Page_Test@6f7fd0e6</td></tr>
<tr>
<td title='com.webdriveruniversity.testcases.Buttons_Page_Test.TestCase_008()'><b>TestCase_008</b><br>Test class: com.webdriveruniversity.testcases.Buttons_Page_Test<br/>
<a href="#Output-349259569" onClick='toggleBox("Output-349259569", this, "Show output", "Hide output");'>Show output</a>

<a href="#Output-349259569" onClick="toggleAllBoxes();">Show all outputs</a>
<div class='log' id="Output-349259569">
Test Case 8 : User Able to click the Javascript click : true<br/>
</div>
</td>
<td></td>
<td>2</td>
<td>com.webdriveruniversity.testcases.Buttons_Page_Test@6f7fd0e6</td></tr>
<tr>
<td title='com.webdriveruniversity.testcases.Buttons_Page_Test.TestCase_009()'><b>TestCase_009</b><br>Test class: com.webdriveruniversity.testcases.Buttons_Page_Test<br/>
<a href="#Output-2072130509" onClick='toggleBox("Output-2072130509", this, "Show output", "Hide output");'>Show output</a>

<a href="#Output-2072130509" onClick="toggleAllBoxes();">Show all outputs</a>
<div class='log' id="Output-2072130509">
Test Case 9 : User Able to click the Action Move click : true<br/>
</div>
</td>
<td></td>
<td>4</td>
<td>com.webdriveruniversity.testcases.Buttons_Page_Test@6f7fd0e6</td></tr>
<tr>
<td title='com.webdriveruniversity.testcases.To_do_List_Test.Test_Case_010()'><b>Test_Case_010</b><br>Test class: com.webdriveruniversity.testcases.To_do_List_Test<br/>
<a href="#Output-726212590" onClick='toggleBox("Output-726212590", this, "Show output", "Hide output");'>Show output</a>

<a href="#Output-726212590" onClick="toggleAllBoxes();">Show all outputs</a>
<div class='log' id="Output-726212590">
Test Case 010 : On Clicking the To do list link redireccting to to do list page : true<br/>
</div>
</td>
<td></td>
<td>1</td>
<td>com.webdriveruniversity.testcases.To_do_List_Test@47c62251</td></tr>
<tr>
<td title='com.webdriveruniversity.testcases.To_do_List_Test.Test_Case_012()'><b>Test_Case_012</b><br>Test class: com.webdriveruniversity.testcases.To_do_List_Test<br/>
<a href="#Output-2054451662" onClick='toggleBox("Output-2054451662", this, "Show output", "Hide output");'>Show output</a>

<a href="#Output-2054451662" onClick="toggleAllBoxes();">Show all outputs</a>
<div class='log' id="Output-2054451662">
Test Case 012 : On Clicking the plus button Add new to do field is Hidden if it is displayed earlier: true<br/>
</div>
</td>
<td></td>
<td>2</td>
<td>com.webdriveruniversity.testcases.To_do_List_Test@47c62251</td></tr>
<tr>
<td title='com.webdriveruniversity.testcases.To_do_List_Test.Test_Case_013()'><b>Test_Case_013</b><br>Test class: com.webdriveruniversity.testcases.To_do_List_Test<br/>
<a href="#Output-1564892747" onClick='toggleBox("Output-1564892747", this, "Show output", "Hide output");'>Show output</a>

<a href="#Output-1564892747" onClick="toggleAllBoxes();">Show all outputs</a>
<div class='log' id="Output-1564892747">
Test Case 013 : On Clicking the plus button Add new to do field is Displayed if it is in Hidden state earlier : true<br/>
</div>
</td>
<td></td>
<td>2</td>
<td>com.webdriveruniversity.testcases.To_do_List_Test@47c62251</td></tr>
<tr>
<td title='com.webdriveruniversity.testcases.To_do_List_Test.Test_Case_014()'><b>Test_Case_014</b><br>Test class: com.webdriveruniversity.testcases.To_do_List_Test<br/>
<a href="#Output-575360353" onClick='toggleBox("Output-575360353", this, "Show output", "Hide output");'>Show output</a>

<a href="#Output-575360353" onClick="toggleAllBoxes();">Show all outputs</a>
<div class='log' id="Output-575360353">
Test Case 014 : On Clicking the Go To Portion class button, its status changed to completed : true<br/>
</div>
</td>
<td></td>
<td>2</td>
<td>com.webdriveruniversity.testcases.To_do_List_Test@47c62251</td></tr>
<tr>
<td title='com.webdriveruniversity.testcases.To_do_List_Test.Test_Case_015()'><b>Test_Case_015</b><br>Test class: com.webdriveruniversity.testcases.To_do_List_Test<br/>
<a href="#Output-566641954" onClick='toggleBox("Output-566641954", this, "Show output", "Hide output");'>Show output</a>

<a href="#Output-566641954" onClick="toggleAllBoxes();">Show all outputs</a>
<div class='log' id="Output-566641954">
Test Case 015 : On Clicking the Buy New Robes button, its status changed to completed : true<br/>
</div>
</td>
<td></td>
<td>2</td>
<td>com.webdriveruniversity.testcases.To_do_List_Test@47c62251</td></tr>
<tr>
<td title='com.webdriveruniversity.testcases.To_do_List_Test.Test_Case_016()'><b>Test_Case_016</b><br>Test class: com.webdriveruniversity.testcases.To_do_List_Test<br/>
<a href="#Output-707635461" onClick='toggleBox("Output-707635461", this, "Show output", "Hide output");'>Show output</a>

<a href="#Output-707635461" onClick="toggleAllBoxes();">Show all outputs</a>
<div class='log' id="Output-707635461">
Test Case 016 : On Clicking the practice magic button, its status changed to completed : true<br/>
</div>
</td>
<td></td>
<td>2</td>
<td>com.webdriveruniversity.testcases.To_do_List_Test@47c62251</td></tr>
<tr>
<td title='com.webdriveruniversity.testcases.To_do_List_Test.Test_Case_017()'><b>Test_Case_017</b><br>Test class: com.webdriveruniversity.testcases.To_do_List_Test<br/>
<a href="#Output-1160652496" onClick='toggleBox("Output-1160652496", this, "Show output", "Hide output");'>Show output</a>

<a href="#Output-1160652496" onClick="toggleAllBoxes();">Show all outputs</a>
<div class='log' id="Output-1160652496">
Test Case 017 : User Able to Delete to do list one by one : true<br/>
</div>
</td>
<td></td>
<td>8</td>
<td>com.webdriveruniversity.testcases.To_do_List_Test@47c62251</td></tr>
<tr>
<td title='com.webdriveruniversity.testcases.To_do_List_Test.Test_Case_018()'><b>Test_Case_018</b><br>Test class: com.webdriveruniversity.testcases.To_do_List_Test<br/>
<a href="#Output-1392886653" onClick='toggleBox("Output-1392886653", this, "Show output", "Hide output");'>Show output</a>

<a href="#Output-1392886653" onClick="toggleAllBoxes();">Show all outputs</a>
<div class='log' id="Output-1392886653">
Test Case 018 : User Able to add to do actions in To do list : Go to Gym<br/>
</div>
</td>
<td></td>
<td>2</td>
<td>com.webdriveruniversity.testcases.To_do_List_Test@47c62251</td></tr>
<tr>
<td title='com.webdriveruniversity.testcases.DCR_Page_Test.Test_Case_019()'><b>Test_Case_019</b><br>Test class: com.webdriveruniversity.testcases.DCR_Page_Test<br/>
<a href="#Output-429804587" onClick='toggleBox("Output-429804587", this, "Show output", "Hide output");'>Show output</a>

<a href="#Output-429804587" onClick="toggleAllBoxes();">Show all outputs</a>
<div class='log' id="Output-429804587">
Test Case 019 : On clicking DCR page link redirecting to DCR Page : true<br/>
</div>
</td>
<td></td>
<td>4</td>
<td>com.webdriveruniversity.testcases.DCR_Page_Test@3e6fa38a</td></tr>
<tr>
<td title='com.webdriveruniversity.testcases.DCR_Page_Test.Test_Case_021()'><b>Test_Case_021</b><br>Test class: com.webdriveruniversity.testcases.DCR_Page_Test<br/>
<a href="#Output-1998434604" onClick='toggleBox("Output-1998434604", this, "Show output", "Hide output");'>Show output</a>

<a href="#Output-1998434604" onClick="toggleAllBoxes();">Show all outputs</a>
<div class='log' id="Output-1998434604">
Test Case 021 : DropDown two is working according to user expectations : true<br/>
</div>
</td>
<td></td>
<td>12</td>
<td>com.webdriveruniversity.testcases.DCR_Page_Test@3e6fa38a</td></tr>
<tr>
<td title='com.webdriveruniversity.testcases.DCR_Page_Test.Test_Case_022()'><b>Test_Case_022</b><br>Test class: com.webdriveruniversity.testcases.DCR_Page_Test<br/>
<a href="#Output-499609505" onClick='toggleBox("Output-499609505", this, "Show output", "Hide output");'>Show output</a>

<a href="#Output-499609505" onClick="toggleAllBoxes();">Show all outputs</a>
<div class='log' id="Output-499609505">
Test Case 022 : DropDown three is working according to user expectations : true<br/>
</div>
</td>
<td></td>
<td>12</td>
<td>com.webdriveruniversity.testcases.DCR_Page_Test@3e6fa38a</td></tr>
<tr>
<td title='com.webdriveruniversity.testcases.DCR_Page_Test.Test_Case_023()'><b>Test_Case_023</b><br>Test class: com.webdriveruniversity.testcases.DCR_Page_Test<br/>
<a href="#Output-936931778" onClick='toggleBox("Output-936931778", this, "Show output", "Hide output");'>Show output</a>

<a href="#Output-936931778" onClick="toggleAllBoxes();">Show all outputs</a>
<div class='log' id="Output-936931778">
Test Case 023 : User able to select first check Box : true<br/>
</div>
</td>
<td></td>
<td>2</td>
<td>com.webdriveruniversity.testcases.DCR_Page_Test@3e6fa38a</td></tr>
<tr>
<td title='com.webdriveruniversity.testcases.DCR_Page_Test.Test_Case_024()'><b>Test_Case_024</b><br>Test class: com.webdriveruniversity.testcases.DCR_Page_Test<br/>
<a href="#Output-2034411604" onClick='toggleBox("Output-2034411604", this, "Show output", "Hide output");'>Show output</a>

<a href="#Output-2034411604" onClick="toggleAllBoxes();">Show all outputs</a>
<div class='log' id="Output-2034411604">
Test Case 024 : User able to select second check Box : true<br/>
</div>
</td>
<td></td>
<td>2</td>
<td>com.webdriveruniversity.testcases.DCR_Page_Test@3e6fa38a</td></tr>
<tr>
<td title='com.webdriveruniversity.testcases.DCR_Page_Test.Test_Case_025()'><b>Test_Case_025</b><br>Test class: com.webdriveruniversity.testcases.DCR_Page_Test<br/>
<a href="#Output-749362556" onClick='toggleBox("Output-749362556", this, "Show output", "Hide output");'>Show output</a>

<a href="#Output-749362556" onClick="toggleAllBoxes();">Show all outputs</a>
<div class='log' id="Output-749362556">
Test Case 025 : User able to unselect third check Box : true<br/>
</div>
</td>
<td></td>
<td>2</td>
<td>com.webdriveruniversity.testcases.DCR_Page_Test@3e6fa38a</td></tr>
<tr>
<td title='com.webdriveruniversity.testcases.DCR_Page_Test.Test_Case_026()'><b>Test_Case_026</b><br>Test class: com.webdriveruniversity.testcases.DCR_Page_Test<br/>
<a href="#Output-1955049794" onClick='toggleBox("Output-1955049794", this, "Show output", "Hide output");'>Show output</a>

<a href="#Output-1955049794" onClick="toggleAllBoxes();">Show all outputs</a>
<div class='log' id="Output-1955049794">
Test Case 026 : User able to select second check Box : true<br/>
</div>
</td>
<td></td>
<td>2</td>
<td>com.webdriveruniversity.testcases.DCR_Page_Test@3e6fa38a</td></tr>
<tr>
<td title='com.webdriveruniversity.testcases.DCR_Page_Test.Test_Case_027()'><b>Test_Case_027</b><br>Test class: com.webdriveruniversity.testcases.DCR_Page_Test<br/>
<a href="#Output-1037572328" onClick='toggleBox("Output-1037572328", this, "Show output", "Hide output");'>Show output</a>

<a href="#Output-1037572328" onClick="toggleAllBoxes();">Show all outputs</a>
<div class='log' id="Output-1037572328">
Test Case 027 : Radio Button 1 is Working as Expected : true<br/>
Test Case 027 : Radio Button 2 is Working as Expected : true<br/>
Test Case 027 : Radio Button 3 is Working as Expected : true<br/>
Test Case 027 : Radio Button 4 is Working as Expected : true<br/>
Test Case 027 : Radio Button 5 is Working as Expected : true<br/>
</div>
</td>
<td></td>
<td>10</td>
<td>com.webdriveruniversity.testcases.DCR_Page_Test@3e6fa38a</td></tr>
<tr>
<td title='com.webdriveruniversity.testcases.Ajax_Loader_Page_Test.Test_Case_028()'><b>Test_Case_028</b><br>Test class: com.webdriveruniversity.testcases.Ajax_Loader_Page_Test<br/>
<a href="#Output-203924386" onClick='toggleBox("Output-203924386", this, "Show output", "Hide output");'>Show output</a>

<a href="#Output-203924386" onClick="toggleAllBoxes();">Show all outputs</a>
<div class='log' id="Output-203924386">
Test Case 028 : On Clicking Ajax loader page link, link is redirecting to Ajax Loader Page<br/>
</div>
</td>
<td></td>
<td>1</td>
<td>com.webdriveruniversity.testcases.Ajax_Loader_Page_Test@66a3ffec</td></tr>
<tr>
<td title='com.webdriveruniversity.testcases.Actions_Page_Test.Test_Case_030()'><b>Test_Case_030</b><br>Test class: com.webdriveruniversity.testcases.Actions_Page_Test<br/>
<a href="#Output-1966787205" onClick='toggleBox("Output-1966787205", this, "Show output", "Hide output");'>Show output</a>

<a href="#Output-1966787205" onClick="toggleAllBoxes();">Show all outputs</a>
<div class='log' id="Output-1966787205">
Test Case 030 : On Clicking Actions page link, link is redirecting to Actions page<br/>
</div>
</td>
<td></td>
<td>1</td>
<td>com.webdriveruniversity.testcases.Actions_Page_Test@77caeb3e</td></tr>
<tr>
<td title='com.webdriveruniversity.testcases.Actions_Page_Test.Test_Case_032()'><b>Test_Case_032</b><br>Test class: com.webdriveruniversity.testcases.Actions_Page_Test<br/>
<a href="#Output-1596708569" onClick='toggleBox("Output-1596708569", this, "Show output", "Hide output");'>Show output</a>

<a href="#Output-1596708569" onClick="toggleAllBoxes();">Show all outputs</a>
<div class='log' id="Output-1596708569">
Test Case 032 : Double click working as expected<br/>
</div>
</td>
<td></td>
<td>2</td>
<td>com.webdriveruniversity.testcases.Actions_Page_Test@77caeb3e</td></tr>
<tr>
<td title='com.webdriveruniversity.testcases.Actions_Page_Test.Test_Case_033()'><b>Test_Case_033</b><br>Test class: com.webdriveruniversity.testcases.Actions_Page_Test<br/>
<a href="#Output-1141059550" onClick='toggleBox("Output-1141059550", this, "Show output", "Hide output");'>Show output</a>

<a href="#Output-1141059550" onClick="toggleAllBoxes();">Show all outputs</a>
<div class='log' id="Output-1141059550">
Test Case 033 : Mouse Action & Link clicked successfully<br/>
</div>
</td>
<td></td>
<td>2</td>
<td>com.webdriveruniversity.testcases.Actions_Page_Test@77caeb3e</td></tr>
<tr>
<td title='com.webdriveruniversity.testcases.Actions_Page_Test.Test_Case_034()'><b>Test_Case_034</b><br>Test class: com.webdriveruniversity.testcases.Actions_Page_Test<br/>
<a href="#Output-881513107" onClick='toggleBox("Output-881513107", this, "Show output", "Hide output");'>Show output</a>

<a href="#Output-881513107" onClick="toggleAllBoxes();">Show all outputs</a>
<div class='log' id="Output-881513107">
Test Case 034 : Mouse Action & Link clicked successfully<br/>
</div>
</td>
<td></td>
<td>2</td>
<td>com.webdriveruniversity.testcases.Actions_Page_Test@77caeb3e</td></tr>
<tr>
<td title='com.webdriveruniversity.testcases.Actions_Page_Test.Test_Case_035()'><b>Test_Case_035</b><br>Test class: com.webdriveruniversity.testcases.Actions_Page_Test<br/>
<a href="#Output-954723689" onClick='toggleBox("Output-954723689", this, "Show output", "Hide output");'>Show output</a>

<a href="#Output-954723689" onClick="toggleAllBoxes();">Show all outputs</a>
<div class='log' id="Output-954723689">
Test Case 035 : Mouse Action & Link clicked successfully<br/>
</div>
</td>
<td></td>
<td>2</td>
<td>com.webdriveruniversity.testcases.Actions_Page_Test@77caeb3e</td></tr>
<tr>
<td title='com.webdriveruniversity.testcases.Actions_Page_Test.Test_Case_036()'><b>Test_Case_036</b><br>Test class: com.webdriveruniversity.testcases.Actions_Page_Test<br/>
<a href="#Output-426435961" onClick='toggleBox("Output-426435961", this, "Show output", "Hide output");'>Show output</a>

<a href="#Output-426435961" onClick="toggleAllBoxes();">Show all outputs</a>
<div class='log' id="Output-426435961">
Test Case 036 : Mouse Action & Link clicked successfully<br/>
</div>
</td>
<td></td>
<td>2</td>
<td>com.webdriveruniversity.testcases.Actions_Page_Test@77caeb3e</td></tr>
<tr>
<td title='com.webdriveruniversity.testcases.Actions_Page_Test.Test_Case_037()'><b>Test_Case_037</b><br>Test class: com.webdriveruniversity.testcases.Actions_Page_Test<br/>
<a href="#Output-940448009" onClick='toggleBox("Output-940448009", this, "Show output", "Hide output");'>Show output</a>

<a href="#Output-940448009" onClick="toggleAllBoxes();">Show all outputs</a>
<div class='log' id="Output-940448009">
Test Case 037 : Click & Hold Action wokring as expected<br/>
</div>
</td>
<td></td>
<td>0</td>
<td>com.webdriveruniversity.testcases.Actions_Page_Test@77caeb3e</td></tr>
</table><p>
</body>
</html>