<?xml version="1.0" encoding="UTF-8"?>
<!-- Generated by org.testng.reporters.JUnitReportReporter -->
<testsuite skipped="8" hostname="DESKTOP-NALDS22" name="com.webdriveruniversity.testcases.Actions_Page_Test" tests="9" failures="0" timestamp="04 Jul 2022 07:51:40 GMT" time="1.793" errors="1">
  <testcase name="Test_Case_037" time="0.000" classname="com.webdriveruniversity.testcases.Actions_Page_Test">
    <skipped/>
  </testcase> <!-- Test_Case_037 -->
  <testcase name="Test_Case_033" time="0.000" classname="com.webdriveruniversity.testcases.Actions_Page_Test">
    <skipped/>
  </testcase> <!-- Test_Case_033 -->
  <testcase name="Test_Case_030" time="0.000" classname="com.webdriveruniversity.testcases.Actions_Page_Test">
    <skipped/>
  </testcase> <!-- Test_Case_030 -->
  <testcase name="Test_Case_036" time="0.000" classname="com.webdriveruniversity.testcases.Actions_Page_Test">
    <skipped/>
  </testcase> <!-- Test_Case_036 -->
  <testcase name="Test_Case_032" time="0.000" classname="com.webdriveruniversity.testcases.Actions_Page_Test">
    <skipped/>
  </testcase> <!-- Test_Case_032 -->
  <testcase name="Test_Case_035" time="0.000" classname="com.webdriveruniversity.testcases.Actions_Page_Test">
    <skipped/>
  </testcase> <!-- Test_Case_035 -->
  <testcase name="Browser_Launch" time="1.793" classname="com.webdriveruniversity.testcases.Actions_Page_Test">
    <error type="org.openqa.selenium.SessionNotCreatedException" message="session not created: This version of ChromeDriver only supports Chrome version 101
Current browser version is 103.0.5060.66 with binary path C:\Users\sakka\AppData\Local\Google\Chrome\Application\chrome.exe
Build info: version: &#039;3.141.59&#039;, revision: &#039;e82be7d358&#039;, time: &#039;2018-11-14T08:17:03&#039;
System info: host: &#039;DESKTOP-NALDS22&#039;, ip: &#039;192.168.0.107&#039;, os.name: &#039;Windows 10&#039;, os.arch: &#039;amd64&#039;, os.version: &#039;10.0&#039;, java.version: &#039;1.8.0_333&#039;
Driver info: driver.version: ChromeDriver
remote stacktrace: Backtrace:
	Ordinal0 [0x0071B8F3+2406643]
	Ordinal0 [0x006AAF31+1945393]
	Ordinal0 [0x0059C748+837448]
	Ordinal0 [0x005BC8B3+968883]
	Ordinal0 [0x005B84BA+951482]
	Ordinal0 [0x005B5D71+941425]
	Ordinal0 [0x005E8EE0+1150688]
	Ordinal0 [0x005E8B3A+1149754]
	Ordinal0 [0x005E4096+1130646]
	Ordinal0 [0x005BE636+976438]
	Ordinal0 [0x005BF546+980294]
	GetHandleVerifier [0x00989612+2498066]
	GetHandleVerifier [0x0097C920+2445600]
	GetHandleVerifier [0x007B4F2A+579370]
	GetHandleVerifier [0x007B3D36+574774]
	Ordinal0 [0x006B1C0B+1973259]
	Ordinal0 [0x006B6688+1992328]
	Ordinal0 [0x006B6775+1992565]
	Ordinal0 [0x006BF8D1+2029777]
	BaseThreadInitThunk [0x7725FA29+25]
	RtlGetAppContainerNamedObjectPath [0x77777A9E+286]
	RtlGetAppContainerNamedObjectPath [0x77777A6E+238]
">
      <![CDATA[org.openqa.selenium.SessionNotCreatedException: session not created: This version of ChromeDriver only supports Chrome version 101
Current browser version is 103.0.5060.66 with binary path C:\Users\sakka\AppData\Local\Google\Chrome\Application\chrome.exe
Build info: version: '3.141.59', revision: 'e82be7d358', time: '2018-11-14T08:17:03'
System info: host: 'DESKTOP-NALDS22', ip: '192.168.0.107', os.name: 'Windows 10', os.arch: 'amd64', os.version: '10.0', java.version: '1.8.0_333'
Driver info: driver.version: ChromeDriver
remote stacktrace: Backtrace:
Ordinal0 [0x0071B8F3+2406643]
Ordinal0 [0x006AAF31+1945393]
Ordinal0 [0x0059C748+837448]
Ordinal0 [0x005BC8B3+968883]
Ordinal0 [0x005B84BA+951482]
Ordinal0 [0x005B5D71+941425]
Ordinal0 [0x005E8EE0+1150688]
Ordinal0 [0x005E8B3A+1149754]
Ordinal0 [0x005E4096+1130646]
Ordinal0 [0x005BE636+976438]
Ordinal0 [0x005BF546+980294]
GetHandleVerifier [0x00989612+2498066]
GetHandleVerifier [0x0097C920+2445600]
GetHandleVerifier [0x007B4F2A+579370]
GetHandleVerifier [0x007B3D36+574774]
Ordinal0 [0x006B1C0B+1973259]
Ordinal0 [0x006B6688+1992328]
Ordinal0 [0x006B6775+1992565]
Ordinal0 [0x006BF8D1+2029777]
BaseThreadInitThunk [0x7725FA29+25]
RtlGetAppContainerNamedObjectPath [0x77777A9E+286]
RtlGetAppContainerNamedObjectPath [0x77777A6E+238]

at sun.reflect.NativeConstructorAccessorImpl.newInstance0(Native Method)
at sun.reflect.NativeConstructorAccessorImpl.newInstance(NativeConstructorAccessorImpl.java:62)
at sun.reflect.DelegatingConstructorAccessorImpl.newInstance(DelegatingConstructorAccessorImpl.java:45)
at java.lang.reflect.Constructor.newInstance(Constructor.java:423)
at org.openqa.selenium.remote.W3CHandshakeResponse.lambda$errorHandler$0(W3CHandshakeResponse.java:62)
at org.openqa.selenium.remote.HandshakeResponse.lambda$getResponseFunction$0(HandshakeResponse.java:30)
at org.openqa.selenium.remote.ProtocolHandshake.lambda$createSession$0(ProtocolHandshake.java:126)
at java.util.stream.ReferencePipeline$3$1.accept(ReferencePipeline.java:193)
at java.util.Spliterators$ArraySpliterator.tryAdvance(Spliterators.java:958)
at java.util.stream.ReferencePipeline.forEachWithCancel(ReferencePipeline.java:126)
at java.util.stream.AbstractPipeline.copyIntoWithCancel(AbstractPipeline.java:499)
at java.util.stream.AbstractPipeline.copyInto(AbstractPipeline.java:486)
at java.util.stream.AbstractPipeline.wrapAndCopyInto(AbstractPipeline.java:472)
at java.util.stream.FindOps$FindOp.evaluateSequential(FindOps.java:152)
at java.util.stream.AbstractPipeline.evaluate(AbstractPipeline.java:234)
at java.util.stream.ReferencePipeline.findFirst(ReferencePipeline.java:464)
at org.openqa.selenium.remote.ProtocolHandshake.createSession(ProtocolHandshake.java:128)
at org.openqa.selenium.remote.ProtocolHandshake.createSession(ProtocolHandshake.java:74)
at org.openqa.selenium.remote.HttpCommandExecutor.execute(HttpCommandExecutor.java:136)
at org.openqa.selenium.remote.service.DriverCommandExecutor.execute(DriverCommandExecutor.java:83)
at org.openqa.selenium.remote.RemoteWebDriver.execute(RemoteWebDriver.java:552)
at org.openqa.selenium.remote.RemoteWebDriver.startSession(RemoteWebDriver.java:213)
at org.openqa.selenium.remote.RemoteWebDriver.<init>(RemoteWebDriver.java:131)
at org.openqa.selenium.chrome.ChromeDriver.<init>(ChromeDriver.java:181)
at org.openqa.selenium.chrome.ChromeDriver.<init>(ChromeDriver.java:168)
at org.openqa.selenium.chrome.ChromeDriver.<init>(ChromeDriver.java:157)
at com.webdriveruniversity.testcases.Base_Page_Test.Browser_Launch(Base_Page_Test.java:34)
at sun.reflect.NativeMethodAccessorImpl.invoke0(Native Method)
at sun.reflect.NativeMethodAccessorImpl.invoke(NativeMethodAccessorImpl.java:62)
at sun.reflect.DelegatingMethodAccessorImpl.invoke(DelegatingMethodAccessorImpl.java:43)
at java.lang.reflect.Method.invoke(Method.java:498)
at org.testng.internal.MethodInvocationHelper.invokeMethod(MethodInvocationHelper.java:124)
at org.testng.internal.MethodInvocationHelper.invokeMethodConsideringTimeout(MethodInvocationHelper.java:59)
at org.testng.internal.Invoker.invokeConfigurationMethod(Invoker.java:458)
at org.testng.internal.Invoker.invokeConfigurations(Invoker.java:222)
at org.testng.internal.Invoker.invokeConfigurations(Invoker.java:142)
at org.testng.internal.TestMethodWorker.invokeBeforeClassMethods(TestMethodWorker.java:168)
at org.testng.internal.TestMethodWorker.run(TestMethodWorker.java:105)
at org.testng.TestRunner.privateRun(TestRunner.java:648)
at org.testng.TestRunner.run(TestRunner.java:505)
at org.testng.SuiteRunner.runTest(SuiteRunner.java:455)
at org.testng.SuiteRunner.runSequentially(SuiteRunner.java:450)
at org.testng.SuiteRunner.privateRun(SuiteRunner.java:415)
at org.testng.SuiteRunner.run(SuiteRunner.java:364)
at org.testng.SuiteRunnerWorker.runSuite(SuiteRunnerWorker.java:52)
at org.testng.SuiteRunnerWorker.run(SuiteRunnerWorker.java:84)
at org.testng.TestNG.runSuitesSequentially(TestNG.java:1208)
at org.testng.TestNG.runSuitesLocally(TestNG.java:1137)
at org.testng.TestNG.runSuites(TestNG.java:1049)
at org.testng.TestNG.run(TestNG.java:1017)
at org.apache.maven.surefire.testng.TestNGExecutor.run(TestNGExecutor.java:283)
at org.apache.maven.surefire.testng.TestNGXmlTestSuite.execute(TestNGXmlTestSuite.java:75)
at org.apache.maven.surefire.testng.TestNGProvider.invoke(TestNGProvider.java:120)
at org.apache.maven.surefire.booter.ForkedBooter.invokeProviderInSameClassLoader(ForkedBooter.java:384)
at org.apache.maven.surefire.booter.ForkedBooter.runSuitesInProcess(ForkedBooter.java:345)
at org.apache.maven.surefire.booter.ForkedBooter.execute(ForkedBooter.java:126)
at org.apache.maven.surefire.booter.ForkedBooter.main(ForkedBooter.java:418)
]]>
    </error>
  </testcase> <!-- Browser_Launch -->
  <testcase name="Test_Case_034" time="0.000" classname="com.webdriveruniversity.testcases.Actions_Page_Test">
    <skipped/>
  </testcase> <!-- Test_Case_034 -->
  <testcase name="Test_Case_031" time="0.000" classname="com.webdriveruniversity.testcases.Actions_Page_Test">
    <skipped/>
  </testcase> <!-- Test_Case_031 -->
</testsuite> <!-- com.webdriveruniversity.testcases.Actions_Page_Test -->
